#
# There is insufficient memory for the Java Runtime Environment to continue.
# Native memory allocation (mmap) failed to map 92798976 bytes for committing reserved memory.
# Possible reasons:
#   The system is out of physical RAM or swap space
#   In 32 bit mode, the process size limit was hit
# Possible solutions:
#   Reduce memory load on the system
#   Increase physical memory or swap space
#   Check if swap backing store is full
#   Use 64 bit Java on a 64 bit OS
#   Decrease Java heap size (-Xmx/-Xms)
#   Decrease number of Java threads
#   Decrease Java thread stack sizes (-Xss)
#   Set larger code cache with -XX:ReservedCodeCacheSize=
# This output file may be truncated or incomplete.
#
#  Out of Memory Error (os_linux.cpp:2627), pid=5778, tid=0x00007fb368258700
#
# JRE version: OpenJDK Runtime Environment (8.0_92-b14) (build 1.8.0_92-b14)
# Java VM: OpenJDK 64-Bit Server VM (25.92-b14 mixed mode linux-amd64 compressed oops)
# Core dump written. Default location: /home/lifka/Workspace/githubProjects/Servicio-reserva-en-farmacias/Android/SisFarmaApp/core or core.5778
#

---------------  T H R E A D  ---------------

Current thread (0x00007fb37c076000):  VMThread [stack: 0x00007fb368158000,0x00007fb368259000] [id=5786]

Stack: [0x00007fb368158000,0x00007fb368259000],  sp=0x00007fb3682574c0,  free space=1021k
Native frames: (J=compiled Java code, j=interpreted, Vv=VM code, C=native code)
V  [libjvm.so+0xa596cb]
V  [libjvm.so+0x4c344c]
V  [libjvm.so+0x8aa3f0]
V  [libjvm.so+0x8a491e]
V  [libjvm.so+0x91e90b]
V  [libjvm.so+0x91fc43]
V  [libjvm.so+0x91c31b]
V  [libjvm.so+0x91c5cc]
V  [libjvm.so+0x8ce953]
V  [libjvm.so+0xa5b312]
V  [libjvm.so+0xa602e7]
V  [libjvm.so+0xa5db2c]
V  [libjvm.so+0xa5ef0f]
V  [libjvm.so+0xa5f401]
V  [libjvm.so+0x8a7902]

VM_Operation (0x00007fb352175ac0): ParallelGCFailedAllocation, mode: safepoint, requested by thread 0x00007fb32c007800


---------------  P R O C E S S  ---------------

Java Threads: ( => current thread )
  0x00007fb318f05000 JavaThread "File lock request listener" [_thread_in_native, id=5805, stack(0x00007fb3513c4000,0x00007fb3514c5000)]
  0x00007fb318de8000 JavaThread "process reaper" daemon [_thread_blocked, id=5804, stack(0x00007fb3514c5000,0x00007fb3514fe000)]
  0x00007fb31804e800 JavaThread "Stdin handler" [_thread_blocked, id=5802, stack(0x00007fb351f78000,0x00007fb352079000)]
  0x00007fb32c007800 JavaThread "Daemon worker" [_thread_blocked, id=5799, stack(0x00007fb352079000,0x00007fb35217a000)]
  0x00007fb32c006800 JavaThread "Cancel handler" [_thread_blocked, id=5798, stack(0x00007fb35217a000,0x00007fb35227b000)]
  0x00007fb32c003800 JavaThread "Handler for socket connection from /127.0.0.1:45060 to /127.0.0.1:46646" [_thread_in_native, id=5797, stack(0x00007fb35227b000,0x00007fb35237c000)]
  0x00007fb32800f000 JavaThread "Daemon" [_thread_blocked, id=5796, stack(0x00007fb35237c000,0x00007fb35247d000)]
  0x00007fb37cb34000 JavaThread "Incoming local TCP Connector on port 45060" [_thread_in_native, id=5795, stack(0x00007fb35267d000,0x00007fb35277e000)]
  0x00007fb37c0d0800 JavaThread "Service Thread" daemon [_thread_blocked, id=5793, stack(0x00007fb353862000,0x00007fb353963000)]
  0x00007fb37c0bb800 JavaThread "C1 CompilerThread2" daemon [_thread_blocked, id=5792, stack(0x00007fb353963000,0x00007fb353a64000)]
  0x00007fb37c0b9800 JavaThread "C2 CompilerThread1" daemon [_thread_blocked, id=5791, stack(0x00007fb353a64000,0x00007fb353b65000)]
  0x00007fb37c0b6800 JavaThread "C2 CompilerThread0" daemon [_thread_blocked, id=5790, stack(0x00007fb353b65000,0x00007fb353c66000)]
  0x00007fb37c0b5000 JavaThread "Signal Dispatcher" daemon [_thread_blocked, id=5789, stack(0x00007fb353c66000,0x00007fb353d67000)]
  0x00007fb37c082000 JavaThread "Finalizer" daemon [_thread_blocked, id=5788, stack(0x00007fb353eff000,0x00007fb354000000)]
  0x00007fb37c07d800 JavaThread "Reference Handler" daemon [_thread_blocked, id=5787, stack(0x00007fb368057000,0x00007fb368158000)]
  0x00007fb37c008000 JavaThread "main" [_thread_blocked, id=5781, stack(0x00007fb3822ea000,0x00007fb3823eb000)]

Other Threads:
=>0x00007fb37c076000 VMThread [stack: 0x00007fb368158000,0x00007fb368259000] [id=5786]
  0x00007fb37c0db000 WatcherThread [stack: 0x00007fb353761000,0x00007fb353862000] [id=5794]

VM state:at safepoint (normal execution)

VM Mutex/Monitor currently owned by a thread:  ([mutex/lock_event])
[0x00007fb37c006290] Threads_lock - owner thread: 0x00007fb37c076000
[0x00007fb37c006790] Heap_lock - owner thread: 0x00007fb32c007800

Heap:
 PSYoungGen      total 207872K, used 17385K [0x00000000eab00000, 0x00000000f8880000, 0x0000000100000000)
  eden space 190464K, 0% used [0x00000000eab00000,0x00000000eab00000,0x00000000f6500000)
  from space 17408K, 99% used [0x00000000f6500000,0x00000000f75fa7c0,0x00000000f7600000)
  to   space 14336K, 0% used [0x00000000f7600000,0x00000000f7600000,0x00000000f8400000)
 ParOldGen       total 99840K, used 23345K [0x00000000c0000000, 0x00000000c6180000, 0x00000000eab00000)
  object space 99840K, 23% used [0x00000000c0000000,0x00000000c16cc758,0x00000000c6180000)
 Metaspace       used 43204K, capacity 44280K, committed 44544K, reserved 1087488K
  class space    used 5882K, capacity 6131K, committed 6144K, reserved 1048576K

Card table byte_map: [0x00007fb36c1e9000,0x00007fb36c3ea000] byte_map_base: 0x00007fb36bbe9000

Marking Bits: (ParMarkBitMap*) 0x00007fb3815fc540
 Begin Bits: [0x00007fb369de5000, 0x00007fb36ade5000)
 End Bits:   [0x00007fb36ade5000, 0x00007fb36bde5000)

Polling page: 0x00007fb38241f000

CodeCache: size=245760Kb used=18024Kb max_used=18031Kb free=227735Kb
 bounds [0x00007fb36c7aa000, 0x00007fb36d95a000, 0x00007fb37b7aa000]
 total_blobs=5977 nmethods=5291 adapters=599
 compilation: enabled

Compilation events (10 events):
Event: 12.448 Thread 0x00007fb37c0b6800 5556       4       com.google.common.cache.LocalCache$Segment::drainRecencyQueue (45 bytes)
Event: 12.456 Thread 0x00007fb37c0b6800 nmethod 5556 0x00007fb36d94f7d0 code [0x00007fb36d94f980, 0x00007fb36d94fe78]
Event: 12.459 Thread 0x00007fb37c0bb800 5557       3       org.gradle.cache.internal.cacheops.CacheAccessOperationsStack::pushCacheAction (10 bytes)
Event: 12.460 Thread 0x00007fb37c0bb800 nmethod 5557 0x00007fb36d954a90 code [0x00007fb36d954c20, 0x00007fb36d955018]
Event: 12.460 Thread 0x00007fb37c0bb800 5558       3       org.gradle.cache.internal.cacheops.CacheOperationStack::pushCacheAction (21 bytes)
Event: 12.460 Thread 0x00007fb37c0bb800 nmethod 5558 0x00007fb36d94f150 code [0x00007fb36d94f2e0, 0x00007fb36d94f648]
Event: 12.460 Thread 0x00007fb37c0bb800 5559       3       org.gradle.cache.internal.cacheops.CacheOperation::<init> (15 bytes)
Event: 12.461 Thread 0x00007fb37c0bb800 nmethod 5559 0x00007fb36d954690 code [0x00007fb36d954800, 0x00007fb36d9549d0]
Event: 12.461 Thread 0x00007fb37c0bb800 5560       3       com.google.common.collect.MapMakerInternalMap$StrongValueReference::copyFor (2 bytes)
Event: 12.461 Thread 0x00007fb37c0bb800 nmethod 5560 0x00007fb36d954350 code [0x00007fb36d9544a0, 0x00007fb36d9545f0]

GC Heap History (10 events):
Event: 3.172 GC heap after
Heap after GC invocations=4 (full 0):
 PSYoungGen      total 132096K, used 5094K [0x00000000eab00000, 0x00000000f3100000, 0x0000000100000000)
  eden space 126976K, 0% used [0x00000000eab00000,0x00000000eab00000,0x00000000f2700000)
  from space 5120K, 99% used [0x00000000f2c00000,0x00000000f30f9af8,0x00000000f3100000)
  to   space 5120K, 0% used [0x00000000f2700000,0x00000000f2700000,0x00000000f2c00000)
 ParOldGen       total 84992K, used 8967K [0x00000000c0000000, 0x00000000c5300000, 0x00000000eab00000)
  object space 84992K, 10% used [0x00000000c0000000,0x00000000c08c1d50,0x00000000c5300000)
 Metaspace       used 20839K, capacity 21150K, committed 21296K, reserved 1067008K
  class space    used 2788K, capacity 2880K, committed 2944K, reserved 1048576K
}
Event: 3.172 GC heap before
{Heap before GC invocations=5 (full 1):
 PSYoungGen      total 132096K, used 5094K [0x00000000eab00000, 0x00000000f3100000, 0x0000000100000000)
  eden space 126976K, 0% used [0x00000000eab00000,0x00000000eab00000,0x00000000f2700000)
  from space 5120K, 99% used [0x00000000f2c00000,0x00000000f30f9af8,0x00000000f3100000)
  to   space 5120K, 0% used [0x00000000f2700000,0x00000000f2700000,0x00000000f2c00000)
 ParOldGen       total 84992K, used 8967K [0x00000000c0000000, 0x00000000c5300000, 0x00000000eab00000)
  object space 84992K, 10% used [0x00000000c0000000,0x00000000c08c1d50,0x00000000c5300000)
 Metaspace       used 20839K, capacity 21150K, committed 21296K, reserved 1067008K
  class space    used 2788K, capacity 2880K, committed 2944K, reserved 1048576K
Event: 3.307 GC heap after
Heap after GC invocations=5 (full 1):
 PSYoungGen      total 132096K, used 0K [0x00000000eab00000, 0x00000000f3100000, 0x0000000100000000)
  eden space 126976K, 0% used [0x00000000eab00000,0x00000000eab00000,0x00000000f2700000)
  from space 5120K, 0% used [0x00000000f2c00000,0x00000000f2c00000,0x00000000f3100000)
  to   space 5120K, 0% used [0x00000000f2700000,0x00000000f2700000,0x00000000f2c00000)
 ParOldGen       total 60928K, used 8096K [0x00000000c0000000, 0x00000000c3b80000, 0x00000000eab00000)
  object space 60928K, 13% used [0x00000000c0000000,0x00000000c07e8018,0x00000000c3b80000)
 Metaspace       used 20839K, capacity 21150K, committed 21296K, reserved 1067008K
  class space    used 2788K, capacity 2880K, committed 2944K, reserved 1048576K
}
Event: 6.523 GC heap before
{Heap before GC invocations=6 (full 1):
 PSYoungGen      total 132096K, used 126976K [0x00000000eab00000, 0x00000000f3100000, 0x0000000100000000)
  eden space 126976K, 100% used [0x00000000eab00000,0x00000000f2700000,0x00000000f2700000)
  from space 5120K, 0% used [0x00000000f2c00000,0x00000000f2c00000,0x00000000f3100000)
  to   space 5120K, 0% used [0x00000000f2700000,0x00000000f2700000,0x00000000f2c00000)
 ParOldGen       total 60928K, used 8096K [0x00000000c0000000, 0x00000000c3b80000, 0x00000000eab00000)
  object space 60928K, 13% used [0x00000000c0000000,0x00000000c07e8018,0x00000000c3b80000)
 Metaspace       used 29590K, capacity 30082K, committed 30336K, reserved 1075200K
  class space    used 3950K, capacity 4146K, committed 4224K, reserved 1048576K
Event: 6.580 GC heap after
Heap after GC invocations=6 (full 1):
 PSYoungGen      total 132096K, used 5092K [0x00000000eab00000, 0x00000000f8400000, 0x0000000100000000)
  eden space 126976K, 0% used [0x00000000eab00000,0x00000000eab00000,0x00000000f2700000)
  from space 5120K, 99% used [0x00000000f2700000,0x00000000f2bf9030,0x00000000f2c00000)
  to   space 14336K, 0% used [0x00000000f7600000,0x00000000f7600000,0x00000000f8400000)
 ParOldGen       total 60928K, used 14498K [0x00000000c0000000, 0x00000000c3b80000, 0x00000000eab00000)
  object space 60928K, 23% used [0x00000000c0000000,0x00000000c0e28ad0,0x00000000c3b80000)
 Metaspace       used 29590K, capacity 30082K, committed 30336K, reserved 1075200K
  class space    used 3950K, capacity 4146K, committed 4224K, reserved 1048576K
}
Event: 7.855 GC heap before
{Heap before GC invocations=7 (full 1):
 PSYoungGen      total 132096K, used 90096K [0x00000000eab00000, 0x00000000f8400000, 0x0000000100000000)
  eden space 126976K, 66% used [0x00000000eab00000,0x00000000efe03120,0x00000000f2700000)
  from space 5120K, 99% used [0x00000000f2700000,0x00000000f2bf9030,0x00000000f2c00000)
  to   space 14336K, 0% used [0x00000000f7600000,0x00000000f7600000,0x00000000f8400000)
 ParOldGen       total 60928K, used 14498K [0x00000000c0000000, 0x00000000c3b80000, 0x00000000eab00000)
  object space 60928K, 23% used [0x00000000c0000000,0x00000000c0e28ad0,0x00000000c3b80000)
 Metaspace       used 34791K, capacity 35406K, committed 35496K, reserved 1079296K
  class space    used 4683K, capacity 4829K, committed 4864K, reserved 1048576K
Event: 7.902 GC heap after
Heap after GC invocations=7 (full 1):
 PSYoungGen      total 204800K, used 14322K [0x00000000eab00000, 0x00000000f8880000, 0x0000000100000000)
  eden space 190464K, 0% used [0x00000000eab00000,0x00000000eab00000,0x00000000f6500000)
  from space 14336K, 99% used [0x00000000f7600000,0x00000000f83fc9a0,0x00000000f8400000)
  to   space 17408K, 0% used [0x00000000f6500000,0x00000000f6500000,0x00000000f7600000)
 ParOldGen       total 60928K, used 14677K [0x00000000c0000000, 0x00000000c3b80000, 0x00000000eab00000)
  object space 60928K, 24% used [0x00000000c0000000,0x00000000c0e55778,0x00000000c3b80000)
 Metaspace       used 34791K, capacity 35406K, committed 35496K, reserved 1079296K
  class space    used 4683K, capacity 4829K, committed 4864K, reserved 1048576K
}
Event: 7.902 GC heap before
{Heap before GC invocations=8 (full 2):
 PSYoungGen      total 204800K, used 14322K [0x00000000eab00000, 0x00000000f8880000, 0x0000000100000000)
  eden space 190464K, 0% used [0x00000000eab00000,0x00000000eab00000,0x00000000f6500000)
  from space 14336K, 99% used [0x00000000f7600000,0x00000000f83fc9a0,0x00000000f8400000)
  to   space 17408K, 0% used [0x00000000f6500000,0x00000000f6500000,0x00000000f7600000)
 ParOldGen       total 60928K, used 14677K [0x00000000c0000000, 0x00000000c3b80000, 0x00000000eab00000)
  object space 60928K, 24% used [0x00000000c0000000,0x00000000c0e55778,0x00000000c3b80000)
 Metaspace       used 34791K, capacity 35406K, committed 35496K, reserved 1079296K
  class space    used 4683K, capacity 4829K, committed 4864K, reserved 1048576K
Event: 8.107 GC heap after
Heap after GC invocations=8 (full 2):
 PSYoungGen      total 204800K, used 0K [0x00000000eab00000, 0x00000000f8880000, 0x0000000100000000)
  eden space 190464K, 0% used [0x00000000eab00000,0x00000000eab00000,0x00000000f6500000)
  from space 14336K, 0% used [0x00000000f7600000,0x00000000f7600000,0x00000000f8400000)
  to   space 17408K, 0% used [0x00000000f6500000,0x00000000f6500000,0x00000000f7600000)
 ParOldGen       total 99840K, used 22341K [0x00000000c0000000, 0x00000000c6180000, 0x00000000eab00000)
  object space 99840K, 22% used [0x00000000c0000000,0x00000000c15d1600,0x00000000c6180000)
 Metaspace       used 34791K, capacity 35406K, committed 35496K, reserved 1079296K
  class space    used 4683K, capacity 4829K, committed 4864K, reserved 1048576K
}
Event: 12.466 GC heap before
{Heap before GC invocations=9 (full 2):
 PSYoungGen      total 204800K, used 190464K [0x00000000eab00000, 0x00000000f8880000, 0x0000000100000000)
  eden space 190464K, 100% used [0x00000000eab00000,0x00000000f6500000,0x00000000f6500000)
  from space 14336K, 0% used [0x00000000f7600000,0x00000000f7600000,0x00000000f8400000)
  to   space 17408K, 0% used [0x00000000f6500000,0x00000000f6500000,0x00000000f7600000)
 ParOldGen       total 99840K, used 22341K [0x00000000c0000000, 0x00000000c6180000, 0x00000000eab00000)
  object space 99840K, 22% used [0x00000000c0000000,0x00000000c15d1600,0x00000000c6180000)
 Metaspace       used 43204K, capacity 44280K, committed 44544K, reserved 1087488K
  class space    used 5882K, capacity 6131K, committed 6144K, reserved 1048576K

Deoptimization events (10 events):
Event: 11.729 Thread 0x00007fb32c007800 Uncommon trap: reason=unstable_if action=reinterpret pc=0x00007fb36cb010b4 method=java.util.HashMap$HashIterator.<init>(Ljava/util/HashMap;)V @ 45
Event: 11.735 Thread 0x00007fb32c007800 Uncommon trap: reason=unstable_if action=reinterpret pc=0x00007fb36c9d47e4 method=java.util.HashMap$HashIterator.<init>(Ljava/util/HashMap;)V @ 45
Event: 11.987 Thread 0x00007fb32c007800 Uncommon trap: reason=class_check action=maybe_recompile pc=0x00007fb36d884b00 method=java.io.BufferedInputStream.read1([BII)I @ 39
Event: 12.142 Thread 0x00007fb32c007800 Uncommon trap: reason=class_check action=maybe_recompile pc=0x00007fb36d897c68 method=java.io.BufferedInputStream.read1([BII)I @ 39
Event: 12.319 Thread 0x00007fb32c007800 Uncommon trap: reason=unstable_if action=reinterpret pc=0x00007fb36d56139c method=java.util.LinkedHashMap.afterNodeInsertion(Z)V @ 18
Event: 12.319 Thread 0x00007fb32c007800 Uncommon trap: reason=bimorphic action=maybe_recompile pc=0x00007fb36d8a59f0 method=java.util.HashMap.removeNode(ILjava/lang/Object;Ljava/lang/Object;ZZ)Ljava/util/HashMap$Node; @ 283
Event: 12.330 Thread 0x00007fb32c007800 Uncommon trap: reason=bimorphic action=maybe_recompile pc=0x00007fb36d8a59f0 method=java.util.HashMap.removeNode(ILjava/lang/Object;Ljava/lang/Object;ZZ)Ljava/util/HashMap$Node; @ 283
Event: 12.338 Thread 0x00007fb32c007800 Uncommon trap: reason=bimorphic action=maybe_recompile pc=0x00007fb36d8a59f0 method=java.util.HashMap.removeNode(ILjava/lang/Object;Ljava/lang/Object;ZZ)Ljava/util/HashMap$Node; @ 283
Event: 12.413 Thread 0x00007fb32c007800 Uncommon trap: reason=class_check action=maybe_recompile pc=0x00007fb36d897c68 method=java.io.BufferedInputStream.read1([BII)I @ 39
Event: 12.421 Thread 0x00007fb32c007800 Uncommon trap: reason=bimorphic action=maybe_recompile pc=0x00007fb36d8a59f0 method=java.util.HashMap.removeNode(ILjava/lang/Object;Ljava/lang/Object;ZZ)Ljava/util/HashMap$Node; @ 283

Internal exceptions (10 events):
Event: 11.361 Thread 0x00007fb32c007800 Exception <a 'java/lang/ClassNotFoundException': org/gradle/platform/base/BinaryContainer_ImplCustomizer> (0x00000000f3ec2728) thrown at [/build/java8-openjdk/src/jdk8u-jdk8u92-b14/hotspot/src/share/vm/classfile/systemDictionary.cpp, line 210]
Event: 11.385 Thread 0x00007fb32c007800 Exception <a 'java/lang/ClassNotFoundException': java/util/ArrayListBeanInfo> (0x00000000f3fa20a8) thrown at [/build/java8-openjdk/src/jdk8u-jdk8u92-b14/hotspot/src/share/vm/classfile/systemDictionary.cpp, line 210]
Event: 11.386 Thread 0x00007fb32c007800 Exception <a 'java/lang/ClassNotFoundException': java/util/AbstractListBeanInfo> (0x00000000f3fa8010) thrown at [/build/java8-openjdk/src/jdk8u-jdk8u92-b14/hotspot/src/share/vm/classfile/systemDictionary.cpp, line 210]
Event: 11.386 Thread 0x00007fb32c007800 Exception <a 'java/lang/ClassNotFoundException': java/util/AbstractListCustomizer> (0x00000000f3fae2b0) thrown at [/build/java8-openjdk/src/jdk8u-jdk8u92-b14/hotspot/src/share/vm/classfile/systemDictionary.cpp, line 210]
Event: 11.387 Thread 0x00007fb32c007800 Exception <a 'java/lang/ClassNotFoundException': java/util/ArrayListCustomizer> (0x00000000f3fc1510) thrown at [/build/java8-openjdk/src/jdk8u-jdk8u92-b14/hotspot/src/share/vm/classfile/systemDictionary.cpp, line 210]
Event: 11.403 Thread 0x00007fb32c007800 Exception <a 'java/lang/ClassNotFoundException': org/gradle/api/internal/file/collections/DefaultConfigurableFileCollectionBeanInfo> (0x00000000f4025c00) thrown at [/build/java8-openjdk/src/jdk8u-jdk8u92-b14/hotspot/src/share/vm/classfile/systemDictionary
Event: 11.404 Thread 0x00007fb32c007800 Exception <a 'java/lang/ClassNotFoundException': org/gradle/api/internal/file/collections/DefaultConfigurableFileCollectionCustomizer> (0x00000000f403a458) thrown at [/build/java8-openjdk/src/jdk8u-jdk8u92-b14/hotspot/src/share/vm/classfile/systemDictiona
Event: 11.483 Thread 0x00007fb32c007800 Exception <a 'java/lang/SecurityException'> (0x00000000f42ebeb0) thrown at [/build/java8-openjdk/src/jdk8u-jdk8u92-b14/hotspot/src/share/vm/prims/jvm.cpp, line 1390]
Event: 11.485 Thread 0x00007fb32c007800 Exception <a 'java/lang/ClassNotFoundException': java/lang/ClassBeanInfo> (0x00000000f43033b0) thrown at [/build/java8-openjdk/src/jdk8u-jdk8u92-b14/hotspot/src/share/vm/classfile/systemDictionary.cpp, line 210]
Event: 11.485 Thread 0x00007fb32c007800 Exception <a 'java/lang/ClassNotFoundException': java/lang/ClassCustomizer> (0x00000000f4308bd8) thrown at [/build/java8-openjdk/src/jdk8u-jdk8u92-b14/hotspot/src/share/vm/classfile/systemDictionary.cpp, line 210]

Events (10 events):
Event: 12.338 Thread 0x00007fb32c007800 DEOPT UNPACKING pc=0x00007fb36c7aef69 sp=0x00007fb352175dd0 mode 2
Event: 12.413 Thread 0x00007fb32c007800 Uncommon trap: trap_request=0xffffffde fr.pc=0x00007fb36d897c68
Event: 12.413 Executing VM operation: RevokeBias
Event: 12.413 Executing VM operation: RevokeBias done
Event: 12.413 Thread 0x00007fb32c007800 DEOPT PACKING pc=0x00007fb36d897c68 sp=0x00007fb352175990
Event: 12.413 Thread 0x00007fb32c007800 DEOPT UNPACKING pc=0x00007fb36c7aef69 sp=0x00007fb352175880 mode 2
Event: 12.421 Thread 0x00007fb32c007800 Uncommon trap: trap_request=0xffffffc6 fr.pc=0x00007fb36d8a59f0
Event: 12.421 Thread 0x00007fb32c007800 DEOPT PACKING pc=0x00007fb36d8a59f0 sp=0x00007fb352175e50
Event: 12.421 Thread 0x00007fb32c007800 DEOPT UNPACKING pc=0x00007fb36c7aef69 sp=0x00007fb352175dd0 mode 2
Event: 12.465 Executing VM operation: ParallelGCFailedAllocation


Dynamic libraries:
00400000-00401000 r-xp 00000000 08:03 3294483                            /usr/lib/jvm/java-8-openjdk/jre/bin/java
00600000-00601000 rw-p 00000000 08:03 3294483                            /usr/lib/jvm/java-8-openjdk/jre/bin/java
00899000-008ba000 rw-p 00000000 00:00 0                                  [heap]
c0000000-c6180000 rw-p 00000000 00:00 0 
c6180000-eab00000 ---p 00000000 00:00 0 
eab00000-f8880000 rw-p 00000000 00:00 0 
fe100000-100000000 ---p 00000000 00:00 0 
100000000-100600000 rw-p 00000000 00:00 0 
100600000-140000000 ---p 00000000 00:00 0 
7fb30fc00000-7fb30fd80000 rw-p 00000000 00:00 0 
7fb30fd80000-7fb30fe00000 ---p 00000000 00:00 0 
7fb30fe00000-7fb310000000 rw-p 00000000 00:00 0 
7fb310000000-7fb310021000 rw-p 00000000 00:00 0 
7fb310021000-7fb314000000 ---p 00000000 00:00 0 
7fb314000000-7fb314021000 rw-p 00000000 00:00 0 
7fb314021000-7fb318000000 ---p 00000000 00:00 0 
7fb318000000-7fb31931f000 rw-p 00000000 00:00 0 
7fb31931f000-7fb31c000000 ---p 00000000 00:00 0 
7fb31c000000-7fb31c021000 rw-p 00000000 00:00 0 
7fb31c021000-7fb320000000 ---p 00000000 00:00 0 
7fb320000000-7fb320021000 rw-p 00000000 00:00 0 
7fb320021000-7fb324000000 ---p 00000000 00:00 0 
7fb324000000-7fb324021000 rw-p 00000000 00:00 0 
7fb324021000-7fb328000000 ---p 00000000 00:00 0 
7fb328000000-7fb32806e000 rw-p 00000000 00:00 0 
7fb32806e000-7fb32c000000 ---p 00000000 00:00 0 
7fb32c000000-7fb32c021000 rw-p 00000000 00:00 0 
7fb32c021000-7fb330000000 ---p 00000000 00:00 0 
7fb330000000-7fb330021000 rw-p 00000000 00:00 0 
7fb330021000-7fb334000000 ---p 00000000 00:00 0 
7fb334000000-7fb334021000 rw-p 00000000 00:00 0 
7fb334021000-7fb338000000 ---p 00000000 00:00 0 
7fb338000000-7fb339a84000 rw-p 00000000 00:00 0 
7fb339a84000-7fb33c000000 ---p 00000000 00:00 0 
7fb33c000000-7fb33cb4c000 rw-p 00000000 00:00 0 
7fb33cb4c000-7fb340000000 ---p 00000000 00:00 0 
7fb340000000-7fb340021000 rw-p 00000000 00:00 0 
7fb340021000-7fb344000000 ---p 00000000 00:00 0 
7fb344000000-7fb3463ac000 rw-p 00000000 00:00 0 
7fb3463ac000-7fb348000000 ---p 00000000 00:00 0 
7fb348000000-7fb348021000 rw-p 00000000 00:00 0 
7fb348021000-7fb34c000000 ---p 00000000 00:00 0 
7fb34c000000-7fb34c021000 rw-p 00000000 00:00 0 
7fb34c021000-7fb350000000 ---p 00000000 00:00 0 
7fb35018f000-7fb35038f000 rw-p 00000000 00:00 0 
7fb35038f000-7fb35058f000 rw-p 00000000 00:00 0 
7fb35058f000-7fb35078f000 rw-p 00000000 00:00 0 
7fb35078f000-7fb35098f000 rw-p 00000000 00:00 0 
7fb35098f000-7fb350997000 r-xp 00000000 08:03 3294460                    /usr/lib/jvm/java-8-openjdk/jre/lib/amd64/libmanagement.so
7fb350997000-7fb350b97000 ---p 00008000 08:03 3294460                    /usr/lib/jvm/java-8-openjdk/jre/lib/amd64/libmanagement.so
7fb350b97000-7fb350b98000 rw-p 00008000 08:03 3294460                    /usr/lib/jvm/java-8-openjdk/jre/lib/amd64/libmanagement.so
7fb350b98000-7fb350b9a000 r--s 00005000 08:03 6423389                    /home/lifka/.gradle/caches/modules-2/files-2.1/org.abego.treelayout/org.abego.treelayout.core/1.0.1/e31e79cba7a5414cf18fa69f3f0a2cf9ee997b61/org.abego.treelayout.core-1.0.1.jar
7fb350b9a000-7fb350ba2000 r--s 000a8000 08:03 6423387                    /home/lifka/.gradle/caches/modules-2/files-2.1/com.android.tools.external.lombok/lombok-ast/0.2.3/528b6f8bde3157f17530aa366631f2aad2a6cf9/lombok-ast-0.2.3.jar
7fb350ba2000-7fb350ba4000 r--s 0000d000 08:03 6423385                    /home/lifka/.gradle/caches/modules-2/files-2.1/commons-codec/commons-codec/1.4/4216af16d38465bbab0f3dff8efa14204f7a399a/commons-codec-1.4.jar
7fb350ba4000-7fb350ba6000 r--s 0000d000 08:03 6423383                    /home/lifka/.gradle/caches/modules-2/files-2.1/commons-logging/commons-logging/1.1.1/5043bfebc3db072ed80fbd362e7caf00e885d8ae/commons-logging-1.1.1.jar
7fb350ba6000-7fb350bab000 r--s 00028000 08:03 6423381                    /home/lifka/.gradle/caches/modules-2/files-2.1/org.apache.httpcomponents/httpcore/4.1/33fc26c02f8043ab0ede19eadc8c9885386b255c/httpcore-4.1.jar
7fb350bab000-7fb350bac000 r--s 00004000 08:03 6423379                    /home/lifka/.gradle/caches/modules-2/files-2.1/com.intellij/annotations/12.0/bbcf6448f6d40abe506e2c83b70a3e8bfd2b4539/annotations-12.0.jar
7fb350bac000-7fb350bad000 r--s 00002000 08:03 6423377                    /home/lifka/.gradle/caches/modules-2/files-2.1/com.tunnelvisionlabs/antlr4-annotations/4.5/2c5996120a0ac690de575bd8ac36250e6720a6b8/antlr4-annotations-4.5.jar
7fb350bad000-7fb350bb4000 r--s 00062000 08:03 6423375                    /home/lifka/.gradle/caches/modules-2/files-2.1/com.tunnelvisionlabs/antlr4-runtime/4.5/5067478827a98f5ab77d9fc577903edc57af3da4/antlr4-runtime-4.5.jar
7fb350bb4000-7fb350bb5000 r--s 00004000 08:03 6423373                    /home/lifka/.gradle/caches/modules-2/files-2.1/org.ow2.asm/asm-analysis/5.0.3/c7126aded0e8e13fed5f913559a0dd7b770a10f3/asm-analysis-5.0.3.jar
7fb350bb5000-7fb350bb8000 r--s 00030000 08:03 7738860                    /home/lifka/.gradle/caches/modules-2/files-2.1/com.android.tools.lint/lint-api/25.0.0/8712c42021225c49bf0ebfb201fd7decefe6f29d/lint-api-25.0.0.jar
7fb350bb8000-7fb350bb9000 r--s 0000a000 08:03 6423367                    /home/lifka/.gradle/caches/modules-2/files-2.1/net.sf.kxml/kxml2/2.3.0/ccbc77a5fd907ef863c29f3596c6f54ffa4e9442/kxml2-2.3.0.jar
7fb350bb9000-7fb350bbb000 r--s 00005000 08:03 6423365                    /home/lifka/.gradle/caches/modules-2/files-2.1/org.apache.httpcomponents/httpmime/4.1/9ba2dcdf94ce35c8a8e9bff242db0618ca932e92/httpmime-4.1.jar
7fb350bbb000-7fb350bc3000 r--s 0004e000 08:03 6423363                    /home/lifka/.gradle/caches/modules-2/files-2.1/org.apache.httpcomponents/httpclient/4.1.1/3d1d918f32709e33ba7ddb2c4e8d1c543ebe713e/httpclient-4.1.1.jar
7fb350bc3000-7fb350bca000 r--s 00053000 08:03 6423361                    /home/lifka/.gradle/caches/modules-2/files-2.1/org.apache.commons/commons-compress/1.8.1/a698750c16740fd5b3871425f4cb3bbaa87f529d/commons-compress-1.8.1.jar
7fb350bca000-7fb350bcf000 r--s 0002a000 08:03 6423359                    /home/lifka/.gradle/caches/modules-2/files-2.1/com.google.code.gson/gson/2.2.4/a60a5e993c98c864010053cb901b7eab25306568/gson-2.2.4.jar
7fb350bcf000-7fb350bd3000 r--s 00026000 08:03 7738858                    /home/lifka/.gradle/caches/modules-2/files-2.1/com.android.tools/repository/25.0.0/d2d79f4624784eecff37a36c466b80e016cc7355/repository-25.0.0.jar
7fb350bd3000-7fb350bd4000 r--s 00005000 08:03 7738856                    /home/lifka/.gradle/caches/modules-2/files-2.1/com.android.tools/dvlib/25.0.0/8f6be7b762e6701a317de7cc255ebb781903c757/dvlib-25.0.0.jar
7fb350bd4000-7fb350bd7000 r--s 00013000 08:03 7738854                    /home/lifka/.gradle/caches/modules-2/files-2.1/com.android.tools.layoutlib/layoutlib-api/25.0.0/ceb1cb910307d8e4e832d74019876b0e0eaae0b7/layoutlib-api-25.0.0.jar
7fb350bd7000-7fb350bdb000 r--s 00037000 08:03 6423369                    /home/lifka/.gradle/caches/modules-2/files-2.1/org.antlr/ST4/4.0.8/a1c55e974f8a94d78e2348fa6ff63f4fa1fae64/ST4-4.0.8.jar
7fb350bdb000-7fb350bde000 r--s 00026000 08:03 6423329                    /home/lifka/.gradle/caches/modules-2/files-2.1/org.antlr/antlr-runtime/3.5.2/cd9cd41361c155f3af0f653009dcecb08d8b4afd/antlr-runtime-3.5.2.jar
7fb350bde000-7fb350be3000 r--s 00058000 08:03 6423353                    /home/lifka/.gradle/caches/modules-2/files-2.1/org.ow2.asm/asm-debug-all/5.0.1/f69b5f7d96cec0d448acf1c1a266584170c9643b/asm-debug-all-5.0.1.jar
7fb350be3000-7fb350bf3000 r--s 000d6000 08:03 6423351                    /home/lifka/.gradle/caches/modules-2/files-2.1/net.sf.proguard/proguard-base/5.2.1/4f61348b4e7c943b85679dcb697f3a5fc3101921/proguard-base-5.2.1.jar
7fb350bf3000-7fb350bf6000 r--s 00033000 08:03 6423349                    /home/lifka/.gradle/caches/modules-2/files-2.1/com.googlecode.juniversalchardet/juniversalchardet/1.0.3/cd49678784c46aa8789c060538e0154013bb421b/juniversalchardet-1.0.3.jar
7fb350bf6000-7fb350bfa000 r--s 0002a000 08:03 6423347                    /home/lifka/.gradle/caches/modules-2/files-2.1/commons-io/commons-io/2.4/b1b6ea3b7e4aa4f492509a4952029cd8e48019ad/commons-io-2.4.jar
7fb350bfa000-7fb350c04000 r--s 00099000 08:03 6423345                    /home/lifka/.gradle/caches/modules-2/files-2.1/com.tunnelvisionlabs/antlr4/4.5/a0e860e317147848e69ac145bc5196901a9993bf/antlr4-4.5.jar
7fb350c04000-7fb350c05000 r--s 00002000 08:03 7738852                    /home/lifka/.gradle/caches/modules-2/files-2.1/com.android.databinding/baseLibrary/2.0.0/b8b808a164595b20caac1c1f342b475d0036ad21/baseLibrary-2.0.0.jar
7fb350c05000-7fb350c30000 r--s 001f9000 08:03 6423339                    /home/lifka/.gradle/caches/modules-2/files-2.1/com.google.guava/guava/17.0/9c6ef172e8de35fd8d4d8783e4821e57cdef7445/guava-17.0.jar
7fb350c30000-7fb350c31000 r--s 00001000 08:03 7738850                    /home/lifka/.gradle/caches/modules-2/files-2.1/com.android.tools/annotations/25.0.0/b6c3d2aeb72bcd7da085563b8050f3b4e8a5d9f6/annotations-25.0.0.jar
7fb350c31000-7fb350c43000 r--s 00223000 08:03 6423335                    /home/lifka/.gradle/caches/modules-2/files-2.1/org.eclipse.jdt.core.compiler/ecj/4.4.2/71d67f5bab9465ec844596ef844f40902ae25392/ecj-4.4.2.jar
7fb350c43000-7fb350c4a000 r--s 000bd000 08:03 7738848                    /home/lifka/.gradle/caches/modules-2/files-2.1/com.android.tools.lint/lint-checks/25.0.0/dee0ae985f8b59713b0959ed81b586baf56aee2b/lint-checks-25.0.0.jar
7fb350c4a000-7fb350c4c000 r--s 00006000 08:03 6423327                    /home/lifka/.gradle/caches/modules-2/files-2.1/org.ow2.asm/asm-tree/5.0.3/287749b48ba7162fb67c93a026d690b29f410bed/asm-tree-5.0.3.jar
7fb350c4c000-7fb350c7f000 r--s 00203000 08:03 6423323                    /home/lifka/.gradle/caches/modules-2/files-2.1/org.bouncycastle/bcprov-jdk15on/1.48/960dea7c9181ba0b17e8bab0c06a43f0a5f04e65/bcprov-jdk15on-1.48.jar
7fb350c7f000-7fb350c8d000 r--s 00081000 08:03 6423321                    /home/lifka/.gradle/caches/modules-2/files-2.1/org.bouncycastle/bcpkix-jdk15on/1.48/28b7614b908a47844bb27e3c94b45b6893656265/bcpkix-jdk15on-1.48.jar
7fb350c8d000-7fb350c8f000 r--s 00002000 08:03 6423319                    /home/lifka/.gradle/caches/modules-2/files-2.1/com.squareup/javawriter/2.5.0/81241ff7078ef14f42ea2a8995fa09c096256e6b/javawriter-2.5.0.jar
7fb350c8f000-7fb350c90000 r--s 00001000 08:03 6423317                    /home/lifka/.gradle/caches/modules-2/files-2.1/com.android.tools.jill/jill-api/0.9.0/9a83e898b15c853f6c92c74791064ca400cd3f3/jill-api-0.9.0.jar
7fb350c90000-7fb350c92000 r--s 00002000 08:03 6423315                    /home/lifka/.gradle/caches/modules-2/files-2.1/com.android.tools.jack/jack-api/0.9.0/6b474acfffc1e9d9e03df4ab3579b5fef852ed23/jack-api-0.9.0.jar
7fb350c92000-7fb350c97000 r--s 0004a000 08:03 7738846                    /home/lifka/.gradle/caches/modules-2/files-2.1/com.android.tools.ddms/ddmlib/25.0.0/d4cb81d2c695ce7c8379ac96b074994cc4e2ad90/ddmlib-25.0.0.jar
7fb350c97000-7fb350c9a000 r--s 00028000 08:03 7738844                    /home/lifka/.gradle/caches/modules-2/files-2.1/com.android.tools.build/manifest-merger/25.0.0/ea47329e8ca610fec2a64859a8b085634d56d127/manifest-merger-25.0.0.jar
7fb350c9a000-7fb350c9c000 r--s 00018000 08:03 7738842                    /home/lifka/.gradle/caches/modules-2/files-2.1/com.android.tools/common/25.0.0/f836bab34da32e94d76aaccf693b893fedd64fe7/common-25.0.0.jar
7fb350c9c000-7fb350ca4000 r--s 0007c000 08:03 7738840                    /home/lifka/.gradle/caches/modules-2/files-2.1/com.android.tools/sdk-common/25.0.0/21f38d097801ba95c44f1387976aa9f7dee86dd4/sdk-common-25.0.0.jar
7fb350ca4000-7fb350cac000 r--s 00078000 08:03 7738838                    /home/lifka/.gradle/caches/modules-2/files-2.1/com.android.tools/sdklib/25.0.0/a7991454e6ab2d31577dd6db2ba8550b699859f8/sdklib-25.0.0.jar
7fb350cac000-7fb350cad000 r--s 00002000 08:03 7738836                    /home/lifka/.gradle/caches/modules-2/files-2.1/com.android.tools.build/builder-test-api/2.0.0/a95598c4632f11536645dd69c2f1d5480b35852f/builder-test-api-2.0.0.jar
7fb350cad000-7fb350caf000 r--s 00005000 08:03 7738834                    /home/lifka/.gradle/caches/modules-2/files-2.1/com.android.tools.build/builder-model/2.0.0/bd45ddd08825b473b77ffca5e971a311949f09dc/builder-model-2.0.0.jar
7fb350caf000-7fb350cb9000 r--s 00110000 08:03 6423331                    /home/lifka/.gradle/caches/modules-2/files-2.1/org.antlr/antlr/3.5.2/c4a65c950bfc3e7d04309c515b2177c00baf7764/antlr-3.5.2.jar
7fb350cb9000-7fb350cbd000 r--s 0001e000 08:03 6423299                    /home/lifka/.gradle/caches/modules-2/files-2.1/org.jacoco/org.jacoco.core/0.7.4.201502262128/31482f50411a3a5769b6c78fa9b97ba731c205e7/org.jacoco.core-0.7.4.201502262128.jar
7fb350cbd000-7fb350cbe000 r--s 00002000 08:03 6423297                    /home/lifka/.gradle/caches/modules-2/files-2.1/net.sf.proguard/proguard-gradle/5.2.1/5e9956c050fd84fa043517e77c4c0ff175a6b002/proguard-gradle-5.2.1.jar
7fb350cbe000-7fb350cc0000 r--s 00009000 08:03 7738832                    /home/lifka/.gradle/caches/modules-2/files-2.1/org.ow2.asm/asm-commons/5.0.3/a7111830132c7f87d08fe48cb0ca07630f8cb91c/asm-commons-5.0.3.jar
7fb350cc0000-7fb350cc1000 r--s 0000c000 08:03 6423325                    /home/lifka/.gradle/caches/modules-2/files-2.1/org.ow2.asm/asm/5.0.3/dcc2193db20e19e1feca8b1240dbbc4e190824fa/asm-5.0.3.jar
7fb350cc1000-7fb350cc5000 r--s 0002a000 08:03 7738830                    /home/lifka/.gradle/caches/modules-2/files-2.1/com.android.databinding/compilerCommon/2.0.0/c7bf348cced552230c599f80b825cddc1daf14c7/compilerCommon-2.0.0.jar
7fb350cc5000-7fb350cc6000 r--s 00002000 08:03 7738828                    /home/lifka/.gradle/caches/modules-2/files-2.1/com.android.tools.build/gradle-api/2.0.0/2368ef3bd07dcd23385a0103e098f4e679cc57b7/gradle-api-2.0.0.jar
7fb350cc6000-7fb350cc7000 r--s 00000000 08:03 7738826                    /home/lifka/.gradle/caches/modules-2/files-2.1/com.android.tools.build/transform-api/2.0.0-deprecated-use-gradle-api/85bee1acea9e27152b920746c68133b30b11431/transform-api-2.0.0-deprecated-use-gradle-api.jar
7fb350cc7000-7fb350cc9000 r--s 00023000 08:03 7738824                    /home/lifka/.gradle/caches/modules-2/files-2.1/com.android.tools.lint/lint/25.0.0/8ea2e717c4defab79da2adedc098e5480d67748e/lint-25.0.0.jar
7fb350cc9000-7fb350ccf000 r--s 00052000 08:03 7738822                    /home/lifka/.gradle/caches/modules-2/files-2.1/com.android.tools.build/builder/2.0.0/1d9282562f95e20b12ada220486f0e30c985b81d/builder-2.0.0.jar
7fb350ccf000-7fb350ceb000 r--s 00175000 08:03 7738820                    /home/lifka/.gradle/caches/modules-2/files-2.1/com.android.tools.build/gradle-core/2.0.0/abe49085e6741d712aa02daac664f028bd4b47a4/gradle-core-2.0.0.jar
7fb350ceb000-7fb350ced000 r--s 0000c000 08:03 7738818                    /home/lifka/.gradle/caches/modules-2/files-2.1/com.android.tools.build/gradle/2.0.0/f6d4112bc7372b021b86125b1f3896ef69dbe9c0/gradle-2.0.0.jar
7fb350d8b000-7fb350db1000 r--p 00000000 08:03 3147837                    /usr/share/locale/es/LC_MESSAGES/libc.mo
7fb350db1000-7fb350dc4000 r--s 00345000 08:03 3286196                    /usr/lib/jvm/java-8-openjdk/jre/lib/resources.jar
7fb350dc4000-7fb350fc4000 rw-p 00000000 00:00 0 
7fb350fc4000-7fb3511c4000 rw-p 00000000 00:00 0 
7fb3511c4000-7fb3513c4000 rw-p 00000000 00:00 0 
7fb3513c4000-7fb3513c7000 ---p 00000000 00:00 0 
7fb3513c7000-7fb3514c5000 rw-p 00000000 00:00 0 
7fb3514c5000-7fb3514c8000 ---p 00000000 00:00 0 
7fb3514c8000-7fb3514fe000 rw-p 00000000 00:00 0 
7fb3514fe000-7fb3514ff000 r--p 00000000 00:00 0 
7fb3514ff000-7fb3516ff000 rw-p 00000000 00:00 0 
7fb3516ff000-7fb3518ff000 rw-p 00000000 00:00 0 
7fb3518ff000-7fb351aff000 rw-p 00000000 00:00 0 
7fb351aff000-7fb351cff000 rw-p 00000000 00:00 0 
7fb351cff000-7fb351eff000 rw-p 00000000 00:00 0 
7fb351eff000-7fb351f78000 r--s 010eb000 08:03 3286372                    /usr/lib/jvm/java-8-openjdk/lib/tools.jar
7fb351f78000-7fb351f7b000 ---p 00000000 00:00 0 
7fb351f7b000-7fb352079000 rw-p 00000000 00:00 0 
7fb352079000-7fb35207c000 ---p 00000000 00:00 0 
7fb35207c000-7fb35217a000 rw-p 00000000 00:00 0 
7fb35217a000-7fb35217d000 ---p 00000000 00:00 0 
7fb35217d000-7fb35227b000 rw-p 00000000 00:00 0 
7fb35227b000-7fb35227e000 ---p 00000000 00:00 0 
7fb35227e000-7fb35237c000 rw-p 00000000 00:00 0 
7fb35237c000-7fb35237f000 ---p 00000000 00:00 0 
7fb35237f000-7fb35267d000 rw-p 00000000 00:00 0 
7fb35267d000-7fb352680000 ---p 00000000 00:00 0 
7fb352680000-7fb35277e000 rw-p 00000000 00:00 0 
7fb35277e000-7fb352782000 r--s 00097000 08:03 3286195                    /usr/lib/jvm/java-8-openjdk/jre/lib/jsse.jar
7fb352782000-7fb352784000 r--s 00005000 08:03 8144710                    /home/lifka/.gradle/wrapper/dists/gradle-2.10-all/a4w5fzrkeut1ox71xslb49gst/gradle-2.10/lib/plugins/gradle-tooling-api-builders-2.10.jar
7fb352784000-7fb352794000 r--s 00088000 08:03 8144742                    /home/lifka/.gradle/wrapper/dists/gradle-2.10-all/a4w5fzrkeut1ox71xslb49gst/gradle-2.10/lib/plugins/joda-time-2.8.2.jar
7fb352794000-7fb3527a5000 r--s 000cf000 08:03 8144741                    /home/lifka/.gradle/wrapper/dists/gradle-2.10-all/a4w5fzrkeut1ox71xslb49gst/gradle-2.10/lib/plugins/jackson-databind-2.3.2.jar
7fb3527a5000-7fb3527a7000 r--s 00007000 08:03 8144740                    /home/lifka/.gradle/wrapper/dists/gradle-2.10-all/a4w5fzrkeut1ox71xslb49gst/gradle-2.10/lib/plugins/jackson-annotations-2.3.2.jar
7fb3527a7000-7fb3527aa000 r--s 0002e000 08:03 8144739                    /home/lifka/.gradle/wrapper/dists/gradle-2.10-all/a4w5fzrkeut1ox71xslb49gst/gradle-2.10/lib/plugins/jackson-core-2.3.2.jar
7fb3527aa000-7fb3527b5000 r--s 0006b000 08:03 8144738                    /home/lifka/.gradle/wrapper/dists/gradle-2.10-all/a4w5fzrkeut1ox71xslb49gst/gradle-2.10/lib/plugins/aws-java-sdk-core-1.9.19.jar
7fb3527b5000-7fb3527bb000 r--s 00036000 08:03 8144737                    /home/lifka/.gradle/wrapper/dists/gradle-2.10-all/a4w5fzrkeut1ox71xslb49gst/gradle-2.10/lib/plugins/aws-java-sdk-kms-1.9.19.jar
7fb3527bb000-7fb3527c6000 r--s 00079000 08:03 8144736                    /home/lifka/.gradle/wrapper/dists/gradle-2.10-all/a4w5fzrkeut1ox71xslb49gst/gradle-2.10/lib/plugins/aws-java-sdk-s3-1.9.19.jar
7fb3527c6000-7fb3527c7000 r--s 00003000 08:03 8144709                    /home/lifka/.gradle/wrapper/dists/gradle-2.10-all/a4w5fzrkeut1ox71xslb49gst/gradle-2.10/lib/plugins/gradle-resources-s3-2.10.jar
7fb3527c7000-7fb3527c8000 r--s 00004000 08:03 8144708                    /home/lifka/.gradle/wrapper/dists/gradle-2.10-all/a4w5fzrkeut1ox71xslb49gst/gradle-2.10/lib/plugins/gradle-resources-sftp-2.10.jar
7fb3527c8000-7fb3527c9000 r--s 00001000 08:03 8144705                    /home/lifka/.gradle/wrapper/dists/gradle-2.10-all/a4w5fzrkeut1ox71xslb49gst/gradle-2.10/lib/plugins/gradle-plugin-development-2.10.jar
7fb3527c9000-7fb3527cb000 r--s 00005000 08:03 8144704                    /home/lifka/.gradle/wrapper/dists/gradle-2.10-all/a4w5fzrkeut1ox71xslb49gst/gradle-2.10/lib/plugins/gradle-testing-native-2.10.jar
7fb3527cb000-7fb3527d0000 r--s 0002b000 08:03 8144703                    /home/lifka/.gradle/wrapper/dists/gradle-2.10-all/a4w5fzrkeut1ox71xslb49gst/gradle-2.10/lib/plugins/gradle-ide-native-2.10.jar
7fb3527d0000-7fb3527d5000 r--s 0001a000 08:03 8144702                    /home/lifka/.gradle/wrapper/dists/gradle-2.10-all/a4w5fzrkeut1ox71xslb49gst/gradle-2.10/lib/plugins/gradle-language-native-2.10.jar
7fb3527d5000-7fb3527da000 r--s 00028000 08:03 8144701                    /home/lifka/.gradle/wrapper/dists/gradle-2.10-all/a4w5fzrkeut1ox71xslb49gst/gradle-2.10/lib/plugins/gradle-platform-play-2.10.jar
7fb3527da000-7fb3527e7000 r--s 0004f000 08:03 8144700                    /home/lifka/.gradle/wrapper/dists/gradle-2.10-all/a4w5fzrkeut1ox71xslb49gst/gradle-2.10/lib/plugins/gradle-platform-native-2.10.jar
7fb3527e7000-7fb3527ea000 r--s 00008000 08:03 8144699                    /home/lifka/.gradle/wrapper/dists/gradle-2.10-all/a4w5fzrkeut1ox71xslb49gst/gradle-2.10/lib/plugins/gradle-language-scala-2.10.jar
7fb3527ea000-7fb3527ec000 r--s 00009000 08:03 8144698                    /home/lifka/.gradle/wrapper/dists/gradle-2.10-all/a4w5fzrkeut1ox71xslb49gst/gradle-2.10/lib/plugins/gradle-language-groovy-2.10.jar
7fb3527ec000-7fb3527f2000 r--s 00023000 08:03 8144697                    /home/lifka/.gradle/wrapper/dists/gradle-2.10-all/a4w5fzrkeut1ox71xslb49gst/gradle-2.10/lib/plugins/gradle-language-java-2.10.jar
7fb3527f2000-7fb3527f4000 r--s 00008000 08:03 8144696                    /home/lifka/.gradle/wrapper/dists/gradle-2.10-all/a4w5fzrkeut1ox71xslb49gst/gradle-2.10/lib/plugins/gradle-language-jvm-2.10.jar
7fb3527f4000-7fb3527f7000 r--s 00015000 08:03 8144695                    /home/lifka/.gradle/wrapper/dists/gradle-2.10-all/a4w5fzrkeut1ox71xslb49gst/gradle-2.10/lib/plugins/gradle-platform-jvm-2.10.jar
7fb3527f7000-7fb3527ff000 r--s 0002b000 08:03 8144694                    /home/lifka/.gradle/wrapper/dists/gradle-2.10-all/a4w5fzrkeut1ox71xslb49gst/gradle-2.10/lib/plugins/gradle-platform-base-2.10.jar
7fb3527ff000-7fb352803000 r--s 00020000 08:03 8144693                    /home/lifka/.gradle/wrapper/dists/gradle-2.10-all/a4w5fzrkeut1ox71xslb49gst/gradle-2.10/lib/plugins/gradle-build-init-2.10.jar
7fb352803000-7fb352806000 r--s 00017000 08:03 8144692                    /home/lifka/.gradle/wrapper/dists/gradle-2.10-all/a4w5fzrkeut1ox71xslb49gst/gradle-2.10/lib/plugins/gradle-jacoco-2.10.jar
7fb352806000-7fb352809000 r--s 0000e000 08:03 8144691                    /home/lifka/.gradle/wrapper/dists/gradle-2.10-all/a4w5fzrkeut1ox71xslb49gst/gradle-2.10/lib/plugins/gradle-ivy-2.10.jar
7fb352809000-7fb35280b000 r--s 00002000 08:03 8144690                    /home/lifka/.gradle/wrapper/dists/gradle-2.10-all/a4w5fzrkeut1ox71xslb49gst/gradle-2.10/lib/plugins/gradle-publish-2.10.jar
7fb35280b000-7fb35280d000 r--s 00005000 08:03 8144732                    /home/lifka/.gradle/wrapper/dists/gradle-2.10-all/a4w5fzrkeut1ox71xslb49gst/gradle-2.10/lib/plugins/jatl-0.2.2.jar
7fb35280d000-7fb35280f000 r--s 0000f000 08:03 8144689                    /home/lifka/.gradle/wrapper/dists/gradle-2.10-all/a4w5fzrkeut1ox71xslb49gst/gradle-2.10/lib/plugins/gradle-reporting-2.10.jar
7fb35280f000-7fb352815000 r--s 00036000 08:03 8144688                    /home/lifka/.gradle/wrapper/dists/gradle-2.10-all/a4w5fzrkeut1ox71xslb49gst/gradle-2.10/lib/plugins/gradle-diagnostics-2.10.jar
7fb352815000-7fb35281c000 r--s 0008f000 08:03 8144687                    /home/lifka/.gradle/wrapper/dists/gradle-2.10-all/a4w5fzrkeut1ox71xslb49gst/gradle-2.10/lib/plugins/gradle-build-comparison-2.10.jar
7fb35281c000-7fb352823000 r--s 00035000 08:03 8144731                    /home/lifka/.gradle/wrapper/dists/gradle-2.10-all/a4w5fzrkeut1ox71xslb49gst/gradle-2.10/lib/plugins/simple-4.1.21.jar
7fb352823000-7fb35282f000 r--s 00100000 08:03 8144729                    /home/lifka/.gradle/wrapper/dists/gradle-2.10-all/a4w5fzrkeut1ox71xslb49gst/gradle-2.10/lib/plugins/rhino-1.7R3.jar
7fb35282f000-7fb352833000 r--s 0001c000 08:03 8144686                    /home/lifka/.gradle/wrapper/dists/gradle-2.10-all/a4w5fzrkeut1ox71xslb49gst/gradle-2.10/lib/plugins/gradle-javascript-2.10.jar
7fb352833000-7fb352835000 r--s 0000b000 08:03 8144685                    /home/lifka/.gradle/wrapper/dists/gradle-2.10-all/a4w5fzrkeut1ox71xslb49gst/gradle-2.10/lib/plugins/gradle-ear-2.10.jar
7fb352835000-7fb35283c000 r--s 00038000 08:03 8144728                    /home/lifka/.gradle/wrapper/dists/gradle-2.10-all/a4w5fzrkeut1ox71xslb49gst/gradle-2.10/lib/plugins/bcpg-jdk15on-1.51.jar
7fb35283c000-7fb35283e000 r--s 00017000 08:03 8144684                    /home/lifka/.gradle/wrapper/dists/gradle-2.10-all/a4w5fzrkeut1ox71xslb49gst/gradle-2.10/lib/plugins/gradle-signing-2.10.jar
7fb35283e000-7fb35283f000 r--s 00002000 08:03 8144727                    /home/lifka/.gradle/wrapper/dists/gradle-2.10-all/a4w5fzrkeut1ox71xslb49gst/gradle-2.10/lib/plugins/sonar-batch-bootstrapper-2.9.jar
7fb35283f000-7fb352842000 r--s 00015000 08:03 8144683                    /home/lifka/.gradle/wrapper/dists/gradle-2.10-all/a4w5fzrkeut1ox71xslb49gst/gradle-2.10/lib/plugins/gradle-sonar-2.10.jar
7fb352842000-7fb352845000 r--s 00010000 08:03 8144682                    /home/lifka/.gradle/wrapper/dists/gradle-2.10-all/a4w5fzrkeut1ox71xslb49gst/gradle-2.10/lib/plugins/gradle-scala-2.10.jar
7fb352845000-7fb352847000 r--s 0000a000 08:03 8144681                    /home/lifka/.gradle/wrapper/dists/gradle-2.10-all/a4w5fzrkeut1ox71xslb49gst/gradle-2.10/lib/plugins/gradle-announce-2.10.jar
7fb352847000-7fb352856000 r--s 0009f000 08:03 8144680                    /home/lifka/.gradle/wrapper/dists/gradle-2.10-all/a4w5fzrkeut1ox71xslb49gst/gradle-2.10/lib/plugins/gradle-ide-2.10.jar
7fb352856000-7fb352859000 r--s 0000c000 08:03 8144726                    /home/lifka/.gradle/wrapper/dists/gradle-2.10-all/a4w5fzrkeut1ox71xslb49gst/gradle-2.10/lib/plugins/pmaven-groovy-0.8-20100325.jar
7fb352859000-7fb35285a000 r--s 00004000 08:03 8144725                    /home/lifka/.gradle/wrapper/dists/gradle-2.10-all/a4w5fzrkeut1ox71xslb49gst/gradle-2.10/lib/plugins/pmaven-common-0.8-20100325.jar
7fb35285a000-7fb352860000 r--s 00022000 08:03 8144679                    /home/lifka/.gradle/wrapper/dists/gradle-2.10-all/a4w5fzrkeut1ox71xslb49gst/gradle-2.10/lib/plugins/gradle-maven-2.10.jar
7fb352860000-7fb352881000 r--s 001c3000 08:03 8144723                    /home/lifka/.gradle/wrapper/dists/gradle-2.10-all/a4w5fzrkeut1ox71xslb49gst/gradle-2.10/lib/plugins/bndlib-2.4.0.jar
7fb352881000-7fb352883000 r--s 00004000 08:03 8144678                    /home/lifka/.gradle/wrapper/dists/gradle-2.10-all/a4w5fzrkeut1ox71xslb49gst/gradle-2.10/lib/plugins/gradle-osgi-2.10.jar
7fb352883000-7fb352885000 r--s 00008000 08:03 8144677                    /home/lifka/.gradle/wrapper/dists/gradle-2.10-all/a4w5fzrkeut1ox71xslb49gst/gradle-2.10/lib/plugins/gradle-antlr-2.10.jar
7fb352885000-7fb352888000 r--s 0001e000 08:03 8144751                    /home/lifka/.gradle/wrapper/dists/gradle-2.10-all/a4w5fzrkeut1ox71xslb49gst/gradle-2.10/lib/plugins/jsp-api-2.1-6.1.14.jar
7fb352888000-7fb3528ab000 r--s 00344000 08:03 8144750                    /home/lifka/.gradle/wrapper/dists/gradle-2.10-all/a4w5fzrkeut1ox71xslb49gst/gradle-2.10/lib/plugins/core-3.1.1.jar
7fb3528ab000-7fb3528ac000 r--s 00006000 08:03 8144749                    /home/lifka/.gradle/wrapper/dists/gradle-2.10-all/a4w5fzrkeut1ox71xslb49gst/gradle-2.10/lib/plugins/jetty-naming-6.1.25.jar
7fb3528ac000-7fb3528ad000 r--s 00002000 08:03 8144722                    /home/lifka/.gradle/wrapper/dists/gradle-2.10-all/a4w5fzrkeut1ox71xslb49gst/gradle-2.10/lib/plugins/geronimo-annotation_1.0_spec-1.0.jar
7fb3528ad000-7fb3528af000 r--s 00002000 08:03 8144721                    /home/lifka/.gradle/wrapper/dists/gradle-2.10-all/a4w5fzrkeut1ox71xslb49gst/gradle-2.10/lib/plugins/jetty-annotations-6.1.25.jar
7fb3528af000-7fb3528c0000 r--s 000ea000 08:03 8144720                    /home/lifka/.gradle/wrapper/dists/gradle-2.10-all/a4w5fzrkeut1ox71xslb49gst/gradle-2.10/lib/plugins/jsp-2.1-6.1.14.jar
7fb3528c0000-7fb3528c2000 r--s 0000d000 08:03 8144719                    /home/lifka/.gradle/wrapper/dists/gradle-2.10-all/a4w5fzrkeut1ox71xslb49gst/gradle-2.10/lib/plugins/jetty-plus-6.1.25.jar
7fb3528c2000-7fb3528c4000 r--s 0001f000 08:03 8144718                    /home/lifka/.gradle/wrapper/dists/gradle-2.10-all/a4w5fzrkeut1ox71xslb49gst/gradle-2.10/lib/plugins/servlet-api-2.5-20081211.jar
7fb3528c4000-7fb3528c8000 r--s 00028000 08:03 8144717                    /home/lifka/.gradle/wrapper/dists/gradle-2.10-all/a4w5fzrkeut1ox71xslb49gst/gradle-2.10/lib/plugins/jetty-util-6.1.25.jar
7fb3528c8000-7fb3528cf000 r--s 0007d000 08:03 8144716                    /home/lifka/.gradle/wrapper/dists/gradle-2.10-all/a4w5fzrkeut1ox71xslb49gst/gradle-2.10/lib/plugins/jetty-6.1.25.jar
7fb3528cf000-7fb3528d1000 r--s 00009000 08:03 8144676                    /home/lifka/.gradle/wrapper/dists/gradle-2.10-all/a4w5fzrkeut1ox71xslb49gst/gradle-2.10/lib/plugins/gradle-jetty-2.10.jar
7fb3528d1000-7fb3528d7000 r--s 00037000 08:03 8144675                    /home/lifka/.gradle/wrapper/dists/gradle-2.10-all/a4w5fzrkeut1ox71xslb49gst/gradle-2.10/lib/plugins/gradle-code-quality-2.10.jar
7fb3528d7000-7fb3528d9000 r--s 00009000 08:03 8144781                    /home/lifka/.gradle/wrapper/dists/gradle-2.10-all/a4w5fzrkeut1ox71xslb49gst/gradle-2.10/lib/plugins/hamcrest-core-1.3.jar
7fb3528d9000-7fb3528df000 r--s 00033000 08:03 8144748                    /home/lifka/.gradle/wrapper/dists/gradle-2.10-all/a4w5fzrkeut1ox71xslb49gst/gradle-2.10/lib/plugins/snakeyaml-1.6.jar
7fb3528df000-7fb3528e1000 r--s 00006000 08:03 8144747                    /home/lifka/.gradle/wrapper/dists/gradle-2.10-all/a4w5fzrkeut1ox71xslb49gst/gradle-2.10/lib/plugins/jcommander-1.12.jar
7fb3528e1000-7fb3528e6000 r--s 00040000 08:03 8144746                    /home/lifka/.gradle/wrapper/dists/gradle-2.10-all/a4w5fzrkeut1ox71xslb49gst/gradle-2.10/lib/plugins/bsh-2.0b4.jar
7fb3528e6000-7fb3528e8000 r--s 00009000 08:03 8144715                    /home/lifka/.gradle/wrapper/dists/gradle-2.10-all/a4w5fzrkeut1ox71xslb49gst/gradle-2.10/lib/plugins/commons-cli-1.2.jar
7fb3528e8000-7fb3528f1000 r--s 00089000 08:03 8144714                    /home/lifka/.gradle/wrapper/dists/gradle-2.10-all/a4w5fzrkeut1ox71xslb49gst/gradle-2.10/lib/plugins/testng-6.3.1.jar
7fb3528f1000-7fb3528f9000 r--s 00045000 08:03 8144713                    /home/lifka/.gradle/wrapper/dists/gradle-2.10-all/a4w5fzrkeut1ox71xslb49gst/gradle-2.10/lib/plugins/junit-4.12.jar
7fb3528f9000-7fb352906000 r--s 00073000 08:03 8144674                    /home/lifka/.gradle/wrapper/dists/gradle-2.10-all/a4w5fzrkeut1ox71xslb49gst/gradle-2.10/lib/plugins/gradle-plugins-2.10.jar
7fb352906000-7fb35291e000 r--s 00115000 08:03 8144779                    /home/lifka/.gradle/wrapper/dists/gradle-2.10-all/a4w5fzrkeut1ox71xslb49gst/gradle-2.10/lib/plugins/xercesImpl-2.9.1.jar
7fb35291e000-7fb352926000 r--s 00028000 08:03 8144780                    /home/lifka/.gradle/wrapper/dists/gradle-2.10-all/a4w5fzrkeut1ox71xslb49gst/gradle-2.10/lib/plugins/xml-apis-1.3.04.jar
7fb352926000-7fb35292c000 r--s 0005b000 08:03 8144778                    /home/lifka/.gradle/wrapper/dists/gradle-2.10-all/a4w5fzrkeut1ox71xslb49gst/gradle-2.10/lib/plugins/jcifs-1.3.17.jar
7fb35292c000-7fb352932000 r--s 00031000 08:03 8144777                    /home/lifka/.gradle/wrapper/dists/gradle-2.10-all/a4w5fzrkeut1ox71xslb49gst/gradle-2.10/lib/plugins/httpcore-4.2.2.jar
7fb352932000-7fb352938000 r--s 00033000 08:03 8144776                    /home/lifka/.gradle/wrapper/dists/gradle-2.10-all/a4w5fzrkeut1ox71xslb49gst/gradle-2.10/lib/plugins/commons-codec-1.6.jar
7fb352938000-7fb35293b000 r--s 0001c000 08:03 8144734                    /home/lifka/.gradle/wrapper/dists/gradle-2.10-all/a4w5fzrkeut1ox71xslb49gst/gradle-2.10/lib/plugins/nekohtml-1.9.14.jar
7fb35293b000-7fb352944000 r--s 00060000 08:03 8144733                    /home/lifka/.gradle/wrapper/dists/gradle-2.10-all/a4w5fzrkeut1ox71xslb49gst/gradle-2.10/lib/plugins/httpclient-4.2.2.jar
7fb352944000-7fb352946000 r--s 00009000 08:03 8144707                    /home/lifka/.gradle/wrapper/dists/gradle-2.10-all/a4w5fzrkeut1ox71xslb49gst/gradle-2.10/lib/plugins/gradle-resources-http-2.10.jar
7fb352946000-7fb352949000 r--s 00011000 08:03 8144706                    /home/lifka/.gradle/wrapper/dists/gradle-2.10-all/a4w5fzrkeut1ox71xslb49gst/gradle-2.10/lib/plugins/gradle-plugin-use-2.10.jar
7fb352949000-7fb35294a000 r--s 00007000 08:03 8144775                    /home/lifka/.gradle/wrapper/dists/gradle-2.10-all/a4w5fzrkeut1ox71xslb49gst/gradle-2.10/lib/plugins/wagon-http-shared4-2.4.jar
7fb35294a000-7fb35294e000 r--s 00033000 08:03 8144774                    /home/lifka/.gradle/wrapper/dists/gradle-2.10-all/a4w5fzrkeut1ox71xslb49gst/gradle-2.10/lib/plugins/plexus-utils-2.0.6.jar
7fb35294e000-7fb352952000 r--s 00021000 08:03 8144773                    /home/lifka/.gradle/wrapper/dists/gradle-2.10-all/a4w5fzrkeut1ox71xslb49gst/gradle-2.10/lib/plugins/maven-model-builder-3.0.4.jar
7fb352952000-7fb352953000 r--s 00002000 08:03 8144772                    /home/lifka/.gradle/wrapper/dists/gradle-2.10-all/a4w5fzrkeut1ox71xslb49gst/gradle-2.10/lib/plugins/wagon-file-2.4.jar
7fb352953000-7fb352955000 r--s 00002000 08:03 8144771                    /home/lifka/.gradle/wrapper/dists/gradle-2.10-all/a4w5fzrkeut1ox71xslb49gst/gradle-2.10/lib/plugins/plexus-cipher-1.7.jar
7fb352955000-7fb352958000 r--s 00013000 08:03 8144770                    /home/lifka/.gradle/wrapper/dists/gradle-2.10-all/a4w5fzrkeut1ox71xslb49gst/gradle-2.10/lib/plugins/aether-api-1.13.1.jar
7fb352958000-7fb35295a000 r--s 0000a000 08:03 8144769                    /home/lifka/.gradle/wrapper/dists/gradle-2.10-all/a4w5fzrkeut1ox71xslb49gst/gradle-2.10/lib/plugins/maven-settings-3.0.4.jar
7fb35295a000-7fb35295c000 r--s 0000d000 08:03 8144768                    /home/lifka/.gradle/wrapper/dists/gradle-2.10-all/a4w5fzrkeut1ox71xslb49gst/gradle-2.10/lib/plugins/plexus-interpolation-1.14.jar
7fb35295c000-7fb35295e000 r--s 0000b000 08:03 8144767                    /home/lifka/.gradle/wrapper/dists/gradle-2.10-all/a4w5fzrkeut1ox71xslb49gst/gradle-2.10/lib/plugins/maven-artifact-3.0.4.jar
7fb35295e000-7fb352965000 r--s 0002e000 08:03 8144766                    /home/lifka/.gradle/wrapper/dists/gradle-2.10-all/a4w5fzrkeut1ox71xslb49gst/gradle-2.10/lib/plugins/plexus-container-default-1.5.5.jar
7fb352965000-7fb352967000 r--s 0000b000 08:03 8144765                    /home/lifka/.gradle/wrapper/dists/gradle-2.10-all/a4w5fzrkeut1ox71xslb49gst/gradle-2.10/lib/plugins/maven-plugin-api-3.0.4.jar
7fb352967000-7fb352969000 r--s 00000000 08:03 8144782                    /home/lifka/.gradle/wrapper/dists/gradle-2.10-all/a4w5fzrkeut1ox71xslb49gst/gradle-2.10/lib/plugins/plexus-component-annotations-1.5.5.jar
7fb352969000-7fb35296f000 r--s 0003f000 08:03 8144764                    /home/lifka/.gradle/wrapper/dists/gradle-2.10-all/a4w5fzrkeut1ox71xslb49gst/gradle-2.10/lib/plugins/maven-compat-3.0.4.jar
7fb35296f000-7fb352972000 r--s 00008000 08:03 8144763                    /home/lifka/.gradle/wrapper/dists/gradle-2.10-all/a4w5fzrkeut1ox71xslb49gst/gradle-2.10/lib/plugins/maven-settings-builder-3.0.4.jar
7fb352972000-7fb352973000 r--s 00002000 08:03 8144762                    /home/lifka/.gradle/wrapper/dists/gradle-2.10-all/a4w5fzrkeut1ox71xslb49gst/gradle-2.10/lib/plugins/wagon-http-2.4.jar
7fb352973000-7fb352975000 r--s 00026000 08:03 8144761                    /home/lifka/.gradle/wrapper/dists/gradle-2.10-all/a4w5fzrkeut1ox71xslb49gst/gradle-2.10/lib/plugins/maven-model-3.0.4.jar
7fb352975000-7fb352977000 r--s 00006000 08:03 8144760                    /home/lifka/.gradle/wrapper/dists/gradle-2.10-all/a4w5fzrkeut1ox71xslb49gst/gradle-2.10/lib/plugins/aether-connector-wagon-1.13.1.jar
7fb352977000-7fb352979000 r--s 0000a000 08:03 8144759                    /home/lifka/.gradle/wrapper/dists/gradle-2.10-all/a4w5fzrkeut1ox71xslb49gst/gradle-2.10/lib/plugins/plexus-classworlds-2.4.jar
7fb352979000-7fb35297b000 r--s 00006000 08:03 8144758                    /home/lifka/.gradle/wrapper/dists/gradle-2.10-all/a4w5fzrkeut1ox71xslb49gst/gradle-2.10/lib/plugins/maven-repository-metadata-3.0.4.jar
7fb35297b000-7fb35297d000 r--s 0000c000 08:03 8144757                    /home/lifka/.gradle/wrapper/dists/gradle-2.10-all/a4w5fzrkeut1ox71xslb49gst/gradle-2.10/lib/plugins/maven-aether-provider-3.0.4.jar
7fb35297d000-7fb35297f000 r--s 0000b000 08:03 8144756                    /home/lifka/.gradle/wrapper/dists/gradle-2.10-all/a4w5fzrkeut1ox71xslb49gst/gradle-2.10/lib/plugins/wagon-provider-api-2.4.jar
7fb35297f000-7fb352980000 r--s 00003000 08:03 8144755                    /home/lifka/.gradle/wrapper/dists/gradle-2.10-all/a4w5fzrkeut1ox71xslb49gst/gradle-2.10/lib/plugins/aether-spi-1.13.1.jar
7fb352980000-7fb352984000 r--s 0001c000 08:03 8144754                    /home/lifka/.gradle/wrapper/dists/gradle-2.10-all/a4w5fzrkeut1ox71xslb49gst/gradle-2.10/lib/plugins/aether-util-1.13.1.jar
7fb352984000-7fb352987000 r--s 0001d000 08:03 8144753                    /home/lifka/.gradle/wrapper/dists/gradle-2.10-all/a4w5fzrkeut1ox71xslb49gst/gradle-2.10/lib/plugins/aether-impl-1.13.1.jar
7fb352987000-7fb35298c000 r--s 00040000 08:03 8144735                    /home/lifka/.gradle/wrapper/dists/gradle-2.10-all/a4w5fzrkeut1ox71xslb49gst/gradle-2.10/lib/plugins/jsch-0.1.53.jar
7fb35298c000-7fb3529cc000 r--s 00277000 08:03 8144745                    /home/lifka/.gradle/wrapper/dists/gradle-2.10-all/a4w5fzrkeut1ox71xslb49gst/gradle-2.10/lib/plugins/bcprov-jdk15on-1.51.jar
7fb3529cc000-7fb3529d0000 r--s 0001d000 08:03 8144744                    /home/lifka/.gradle/wrapper/dists/gradle-2.10-all/a4w5fzrkeut1ox71xslb49gst/gradle-2.10/lib/plugins/xbean-reflect-3.4.jar
7fb3529d0000-7fb3529dc000 r--s 0007d000 08:03 8144724                    /home/lifka/.gradle/wrapper/dists/gradle-2.10-all/a4w5fzrkeut1ox71xslb49gst/gradle-2.10/lib/plugins/maven-core-3.0.4.jar
7fb3529dc000-7fb3529f2000 r-xp 00000000 08:03 3149246                    /usr/lib/libgcc_s.so.1
7fb3529f2000-7fb352bf1000 ---p 00016000 08:03 3149246                    /usr/lib/libgcc_s.so.1
7fb352bf1000-7fb352bf2000 rw-p 00015000 08:03 3149246                    /usr/lib/libgcc_s.so.1
7fb352bf2000-7fb352d6a000 r-xp 00000000 08:03 3149287                    /usr/lib/libstdc++.so.6.0.22
7fb352d6a000-7fb352f69000 ---p 00178000 08:03 3149287                    /usr/lib/libstdc++.so.6.0.22
7fb352f69000-7fb352f73000 r--p 00177000 08:03 3149287                    /usr/lib/libstdc++.so.6.0.22
7fb352f73000-7fb352f75000 rw-p 00181000 08:03 3149287                    /usr/lib/libstdc++.so.6.0.22
7fb352f75000-7fb352f79000 rw-p 00000000 00:00 0 
7fb352f79000-7fb352f7a000 r--s 00006000 08:03 8144752                    /home/lifka/.gradle/wrapper/dists/gradle-2.10-all/a4w5fzrkeut1ox71xslb49gst/gradle-2.10/lib/plugins/plexus-sec-dispatcher-1.3.jar
7fb352f7a000-7fb352f7f000 r--s 0002a000 08:03 8144730                    /home/lifka/.gradle/wrapper/dists/gradle-2.10-all/a4w5fzrkeut1ox71xslb49gst/gradle-2.10/lib/plugins/gson-2.2.4.jar
7fb352f7f000-7fb352f8e000 r--s 000d9000 08:03 8144743                    /home/lifka/.gradle/wrapper/dists/gradle-2.10-all/a4w5fzrkeut1ox71xslb49gst/gradle-2.10/lib/plugins/ivy-2.2.0.jar
7fb352f8e000-7fb352faa000 r--s 000c9000 08:03 8144711                    /home/lifka/.gradle/wrapper/dists/gradle-2.10-all/a4w5fzrkeut1ox71xslb49gst/gradle-2.10/lib/plugins/gradle-dependency-management-2.10.jar
7fb352faa000-7fb352fae000 r-xp 00000000 08:03 5771437                    /home/lifka/.gradle/native/19/linux-amd64/libnative-platform.so
7fb352fae000-7fb3531ad000 ---p 00004000 08:03 5771437                    /home/lifka/.gradle/native/19/linux-amd64/libnative-platform.so
7fb3531ad000-7fb3531ae000 rw-p 00003000 08:03 5771437                    /home/lifka/.gradle/native/19/linux-amd64/libnative-platform.so
7fb3531ae000-7fb3531bf000 r-xp 00000000 08:03 3294464                    /usr/lib/jvm/java-8-openjdk/jre/lib/amd64/libnio.so
7fb3531bf000-7fb3533be000 ---p 00011000 08:03 3294464                    /usr/lib/jvm/java-8-openjdk/jre/lib/amd64/libnio.so
7fb3533be000-7fb3533bf000 rw-p 00010000 08:03 3294464                    /usr/lib/jvm/java-8-openjdk/jre/lib/amd64/libnio.so
7fb3533bf000-7fb3533f0000 rw-p 00000000 00:00 0 
7fb3533f0000-7fb353406000 r-xp 00000000 08:03 3286439                    /usr/lib/jvm/java-8-openjdk/jre/lib/amd64/libnet.so
7fb353406000-7fb353606000 ---p 00016000 08:03 3286439                    /usr/lib/jvm/java-8-openjdk/jre/lib/amd64/libnet.so
7fb353606000-7fb353607000 rw-p 00016000 08:03 3286439                    /usr/lib/jvm/java-8-openjdk/jre/lib/amd64/libnet.so
7fb353607000-7fb353608000 r--s 00006000 08:03 8010937                    /home/lifka/.gradle/wrapper/dists/gradle-2.10-all/a4w5fzrkeut1ox71xslb49gst/gradle-2.10/lib/gradle-wrapper-2.10.jar
7fb353608000-7fb353613000 r--s 0003b000 08:03 8010955                    /home/lifka/.gradle/wrapper/dists/gradle-2.10-all/a4w5fzrkeut1ox71xslb49gst/gradle-2.10/lib/gradle-tooling-api-2.10.jar
7fb353613000-7fb353615000 r--s 00002000 08:03 8010989                    /home/lifka/.gradle/wrapper/dists/gradle-2.10-all/a4w5fzrkeut1ox71xslb49gst/gradle-2.10/lib/gradle-open-api-2.10.jar
7fb353615000-7fb35361b000 r--s 00032000 08:03 8010991                    /home/lifka/.gradle/wrapper/dists/gradle-2.10-all/a4w5fzrkeut1ox71xslb49gst/gradle-2.10/lib/jaxen-1.1.jar
7fb35361b000-7fb353620000 r--s 00048000 08:03 8010990                    /home/lifka/.gradle/wrapper/dists/gradle-2.10-all/a4w5fzrkeut1ox71xslb49gst/gradle-2.10/lib/dom4j-1.6.1.jar
7fb353620000-7fb35362b000 r--s 00059000 08:03 8010947                    /home/lifka/.gradle/wrapper/dists/gradle-2.10-all/a4w5fzrkeut1ox71xslb49gst/gradle-2.10/lib/gradle-ui-2.10.jar
7fb35362b000-7fb35362e000 r--s 00008000 08:03 8010985                    /home/lifka/.gradle/wrapper/dists/gradle-2.10-all/a4w5fzrkeut1ox71xslb49gst/gradle-2.10/lib/gradle-resources-2.10.jar
7fb35362e000-7fb353630000 r--s 00007000 08:03 8011007                    /home/lifka/.gradle/wrapper/dists/gradle-2.10-all/a4w5fzrkeut1ox71xslb49gst/gradle-2.10/lib/objenesis-1.2.jar
7fb353630000-7fb353632000 r--s 00000000 08:03 8011006                    /home/lifka/.gradle/wrapper/dists/gradle-2.10-all/a4w5fzrkeut1ox71xslb49gst/gradle-2.10/lib/minlog-1.2.jar
7fb353632000-7fb353634000 r--s 0000f000 08:03 8011005                    /home/lifka/.gradle/wrapper/dists/gradle-2.10-all/a4w5fzrkeut1ox71xslb49gst/gradle-2.10/lib/reflectasm-1.07-shaded.jar
7fb353634000-7fb353638000 r--s 00026000 08:03 8010996                    /home/lifka/.gradle/wrapper/dists/gradle-2.10-all/a4w5fzrkeut1ox71xslb49gst/gradle-2.10/lib/kryo-2.20.jar
7fb353638000-7fb353641000 r--s 0003f000 08:03 8010984                    /home/lifka/.gradle/wrapper/dists/gradle-2.10-all/a4w5fzrkeut1ox71xslb49gst/gradle-2.10/lib/gradle-messaging-2.10.jar
7fb353641000-7fb353642000 r--s 00003000 08:03 8011004                    /home/lifka/.gradle/wrapper/dists/gradle-2.10-all/a4w5fzrkeut1ox71xslb49gst/gradle-2.10/lib/native-platform-freebsd-amd64-0.10.jar
7fb353642000-7fb353643000 r--s 00003000 08:03 8011003                    /home/lifka/.gradle/wrapper/dists/gradle-2.10-all/a4w5fzrkeut1ox71xslb49gst/gradle-2.10/lib/native-platform-freebsd-i386-0.10.jar
7fb353643000-7fb353644000 r--s 00005000 08:03 8011002                    /home/lifka/.gradle/wrapper/dists/gradle-2.10-all/a4w5fzrkeut1ox71xslb49gst/gradle-2.10/lib/native-platform-windows-i386-0.10.jar
7fb353644000-7fb353645000 r--s 00005000 08:03 8011001                    /home/lifka/.gradle/wrapper/dists/gradle-2.10-all/a4w5fzrkeut1ox71xslb49gst/gradle-2.10/lib/native-platform-windows-amd64-0.10.jar
7fb353645000-7fb353646000 r--s 00003000 08:03 8011000                    /home/lifka/.gradle/wrapper/dists/gradle-2.10-all/a4w5fzrkeut1ox71xslb49gst/gradle-2.10/lib/native-platform-linux-i386-0.10.jar
7fb353646000-7fb353647000 r--s 00003000 08:03 8010999                    /home/lifka/.gradle/wrapper/dists/gradle-2.10-all/a4w5fzrkeut1ox71xslb49gst/gradle-2.10/lib/native-platform-linux-amd64-0.10.jar
7fb353647000-7fb353648000 r--s 00002000 08:03 8010998                    /home/lifka/.gradle/wrapper/dists/gradle-2.10-all/a4w5fzrkeut1ox71xslb49gst/gradle-2.10/lib/native-platform-osx-amd64-0.10.jar
7fb353648000-7fb353649000 r--s 00002000 08:03 8010997                    /home/lifka/.gradle/wrapper/dists/gradle-2.10-all/a4w5fzrkeut1ox71xslb49gst/gradle-2.10/lib/native-platform-osx-i386-0.10.jar
7fb353649000-7fb35364b000 r--s 00008000 08:03 8010994                    /home/lifka/.gradle/wrapper/dists/gradle-2.10-all/a4w5fzrkeut1ox71xslb49gst/gradle-2.10/lib/jansi-1.2.1.jar
7fb35364b000-7fb35364e000 r--s 0000d000 08:03 8010993                    /home/lifka/.gradle/wrapper/dists/gradle-2.10-all/a4w5fzrkeut1ox71xslb49gst/gradle-2.10/lib/native-platform-0.10.jar
7fb35364e000-7fb353652000 r--s 000e4000 08:03 8010992                    /home/lifka/.gradle/wrapper/dists/gradle-2.10-all/a4w5fzrkeut1ox71xslb49gst/gradle-2.10/lib/jna-3.2.7.jar
7fb353652000-7fb353654000 r--s 00008000 08:03 8010960                    /home/lifka/.gradle/wrapper/dists/gradle-2.10-all/a4w5fzrkeut1ox71xslb49gst/gradle-2.10/lib/gradle-native-2.10.jar
7fb353654000-7fb353656000 r--s 00005000 08:03 8010946                    /home/lifka/.gradle/wrapper/dists/gradle-2.10-all/a4w5fzrkeut1ox71xslb49gst/gradle-2.10/lib/gradle-cli-2.10.jar
7fb353656000-7fb353657000 r--s 00007000 08:03 8010969                    /home/lifka/.gradle/wrapper/dists/gradle-2.10-all/a4w5fzrkeut1ox71xslb49gst/gradle-2.10/lib/gradle-model-groovy-2.10.jar
7fb353657000-7fb353659000 r--s 00005000 08:03 8010983                    /home/lifka/.gradle/wrapper/dists/gradle-2.10-all/a4w5fzrkeut1ox71xslb49gst/gradle-2.10/lib/gradle-base-services-groovy-2.10.jar
7fb353659000-7fb353666000 r--s 00073000 08:03 8010966                    /home/lifka/.gradle/wrapper/dists/gradle-2.10-all/a4w5fzrkeut1ox71xslb49gst/gradle-2.10/lib/gradle-model-core-2.10.jar
7fb353666000-7fb353667000 r--s 00000000 08:03 8010986                    /home/lifka/.gradle/wrapper/dists/gradle-2.10-all/a4w5fzrkeut1ox71xslb49gst/gradle-2.10/lib/gradle-docs-2.10.jar
7fb353667000-7fb353669000 r--s 00003000 08:03 8010988                    /home/lifka/.gradle/wrapper/dists/gradle-2.10-all/a4w5fzrkeut1ox71xslb49gst/gradle-2.10/lib/jcl-over-slf4j-1.7.10.jar
7fb353669000-7fb35366a000 r--s 00005000 08:03 8010987                    /home/lifka/.gradle/wrapper/dists/gradle-2.10-all/a4w5fzrkeut1ox71xslb49gst/gradle-2.10/lib/log4j-over-slf4j-1.7.10.jar
7fb35366a000-7fb35366d000 r--s 0001b000 08:03 8010981                    /home/lifka/.gradle/wrapper/dists/gradle-2.10-all/a4w5fzrkeut1ox71xslb49gst/gradle-2.10/lib/jarjar-1.3.jar
7fb35366d000-7fb35367b000 r--s 0007f000 08:03 8010977                    /home/lifka/.gradle/wrapper/dists/gradle-2.10-all/a4w5fzrkeut1ox71xslb49gst/gradle-2.10/lib/commons-collections-3.2.1.jar
7fb35367b000-7fb353680000 r--s 00036000 08:03 8010970                    /home/lifka/.gradle/wrapper/dists/gradle-2.10-all/a4w5fzrkeut1ox71xslb49gst/gradle-2.10/lib/asm-all-5.0.3.jar
7fb353680000-7fb3536ef000 r--s 0063e000 08:03 8010964                    /home/lifka/.gradle/wrapper/dists/gradle-2.10-all/a4w5fzrkeut1ox71xslb49gst/gradle-2.10/lib/groovy-all-2.4.4.jar
7fb3536ef000-7fb3536f4000 r--s 00041000 08:03 8010963                    /home/lifka/.gradle/wrapper/dists/gradle-2.10-all/a4w5fzrkeut1ox71xslb49gst/gradle-2.10/lib/commons-lang-2.6.jar
7fb3536f4000-7fb35371c000 r--s 001cf000 08:03 8010962                    /home/lifka/.gradle/wrapper/dists/gradle-2.10-all/a4w5fzrkeut1ox71xslb49gst/gradle-2.10/lib/guava-jdk5-17.0.jar
7fb35371c000-7fb35373b000 r--s 001cc000 08:03 8010976                    /home/lifka/.gradle/wrapper/dists/gradle-2.10-all/a4w5fzrkeut1ox71xslb49gst/gradle-2.10/lib/ant-1.9.3.jar
7fb35373b000-7fb353745000 r--s 00116000 08:03 3286228                    /usr/lib/jvm/java-8-openjdk/jre/lib/ext/localedata.jar
7fb353745000-7fb353761000 r--s 00393000 08:03 3286229                    /usr/lib/jvm/java-8-openjdk/jre/lib/ext/cldrdata.jar
7fb353761000-7fb353762000 ---p 00000000 00:00 0 
7fb353762000-7fb353862000 rw-p 00000000 00:00 0 
7fb353862000-7fb353865000 ---p 00000000 00:00 0 
7fb353865000-7fb353963000 rw-p 00000000 00:00 0 
7fb353963000-7fb353966000 ---p 00000000 00:00 0 
7fb353966000-7fb353a64000 rw-p 00000000 00:00 0 
7fb353a64000-7fb353a67000 ---p 00000000 00:00 0 
7fb353a67000-7fb353b65000 rw-p 00000000 00:00 0 
7fb353b65000-7fb353b68000 ---p 00000000 00:00 0 
7fb353b68000-7fb353c66000 rw-p 00000000 00:00 0 
7fb353c66000-7fb353c69000 ---p 00000000 00:00 0 
7fb353c69000-7fb353d67000 rw-p 00000000 00:00 0 
7fb353d67000-7fb353eff000 r--p 00000000 08:03 3184904                    /usr/lib/locale/locale-archive
7fb353eff000-7fb353f02000 ---p 00000000 00:00 0 
7fb353f02000-7fb354000000 rw-p 00000000 00:00 0 
7fb354000000-7fb354021000 rw-p 00000000 00:00 0 
7fb354021000-7fb358000000 ---p 00000000 00:00 0 
7fb358000000-7fb358021000 rw-p 00000000 00:00 0 
7fb358021000-7fb35c000000 ---p 00000000 00:00 0 
7fb35c000000-7fb35c021000 rw-p 00000000 00:00 0 
7fb35c021000-7fb360000000 ---p 00000000 00:00 0 
7fb360000000-7fb360021000 rw-p 00000000 00:00 0 
7fb360021000-7fb364000000 ---p 00000000 00:00 0 
7fb364000000-7fb364021000 rw-p 00000000 00:00 0 
7fb364021000-7fb368000000 ---p 00000000 00:00 0 
7fb368000000-7fb368001000 r--s 00000000 08:03 8010982                    /home/lifka/.gradle/wrapper/dists/gradle-2.10-all/a4w5fzrkeut1ox71xslb49gst/gradle-2.10/lib/javax.inject-1.jar
7fb368001000-7fb368008000 r--s 00034000 08:03 8010943                    /home/lifka/.gradle/wrapper/dists/gradle-2.10-all/a4w5fzrkeut1ox71xslb49gst/gradle-2.10/lib/gradle-base-services-2.10.jar
7fb368008000-7fb36803f000 r--s 001bc000 08:03 8010945                    /home/lifka/.gradle/wrapper/dists/gradle-2.10-all/a4w5fzrkeut1ox71xslb49gst/gradle-2.10/lib/gradle-core-2.10.jar
7fb36803f000-7fb368049000 r--s 0004a000 08:03 8010936                    /home/lifka/.gradle/wrapper/dists/gradle-2.10-all/a4w5fzrkeut1ox71xslb49gst/gradle-2.10/lib/gradle-launcher-2.10.jar
7fb368049000-7fb368057000 r--s 00193000 08:03 3289265                    /usr/lib/jvm/java-8-openjdk/jre/lib/ext/j3dutils.jar
7fb368057000-7fb36805a000 ---p 00000000 00:00 0 
7fb36805a000-7fb368158000 rw-p 00000000 00:00 0 
7fb368158000-7fb368159000 ---p 00000000 00:00 0 
7fb368159000-7fb369218000 rw-p 00000000 00:00 0 
7fb369218000-7fb3693e5000 r--s 03bec000 08:03 3286197                    /usr/lib/jvm/java-8-openjdk/jre/lib/rt.jar
7fb3693e5000-7fb36bde5000 rw-p 00000000 00:00 0 
7fb36bde5000-7fb36bde6000 ---p 00000000 00:00 0 
7fb36bde6000-7fb36bee6000 rw-p 00000000 00:00 0 
7fb36bee6000-7fb36bee7000 ---p 00000000 00:00 0 
7fb36bee7000-7fb36bfe7000 rw-p 00000000 00:00 0 
7fb36bfe7000-7fb36bfe8000 ---p 00000000 00:00 0 
7fb36bfe8000-7fb36c0e8000 rw-p 00000000 00:00 0 
7fb36c0e8000-7fb36c0e9000 ---p 00000000 00:00 0 
7fb36c0e9000-7fb36c21a000 rw-p 00000000 00:00 0 
7fb36c21a000-7fb36c33e000 ---p 00000000 00:00 0 
7fb36c33e000-7fb36c3ae000 rw-p 00000000 00:00 0 
7fb36c3ae000-7fb36c3e9000 ---p 00000000 00:00 0 
7fb36c3e9000-7fb36c431000 rw-p 00000000 00:00 0 
7fb36c431000-7fb36c7aa000 ---p 00000000 00:00 0 
7fb36c7aa000-7fb36d95a000 rwxp 00000000 00:00 0 
7fb36d95a000-7fb37b7aa000 ---p 00000000 00:00 0 
7fb37b7aa000-7fb37b7b2000 r-xp 00000000 08:03 3286437                    /usr/lib/jvm/java-8-openjdk/jre/lib/amd64/libzip.so
7fb37b7b2000-7fb37b9b1000 ---p 00008000 08:03 3286437                    /usr/lib/jvm/java-8-openjdk/jre/lib/amd64/libzip.so
7fb37b9b1000-7fb37b9b2000 rw-p 00007000 08:03 3286437                    /usr/lib/jvm/java-8-openjdk/jre/lib/amd64/libzip.so
7fb37b9b2000-7fb37b9bd000 r-xp 00000000 08:03 3149002                    /usr/lib/libnss_files-2.23.so
7fb37b9bd000-7fb37bbbc000 ---p 0000b000 08:03 3149002                    /usr/lib/libnss_files-2.23.so
7fb37bbbc000-7fb37bbbd000 r--p 0000a000 08:03 3149002                    /usr/lib/libnss_files-2.23.so
7fb37bbbd000-7fb37bbbe000 rw-p 0000b000 08:03 3149002                    /usr/lib/libnss_files-2.23.so
7fb37bbbe000-7fb37bbc4000 rw-p 00000000 00:00 0 
7fb37bbc4000-7fb37bbf0000 r-xp 00000000 08:03 3286436                    /usr/lib/jvm/java-8-openjdk/jre/lib/amd64/libjava.so
7fb37bbf0000-7fb37bdf0000 ---p 0002c000 08:03 3286436                    /usr/lib/jvm/java-8-openjdk/jre/lib/amd64/libjava.so
7fb37bdf0000-7fb37bdf2000 rw-p 0002c000 08:03 3286436                    /usr/lib/jvm/java-8-openjdk/jre/lib/amd64/libjava.so
7fb37bdf2000-7fb37bdff000 r-xp 00000000 08:03 3286425                    /usr/lib/jvm/java-8-openjdk/jre/lib/amd64/libverify.so
7fb37bdff000-7fb37bffe000 ---p 0000d000 08:03 3286425                    /usr/lib/jvm/java-8-openjdk/jre/lib/amd64/libverify.so
7fb37bffe000-7fb37c000000 rw-p 0000c000 08:03 3286425                    /usr/lib/jvm/java-8-openjdk/jre/lib/amd64/libverify.so
7fb37c000000-7fb37cb7c000 rw-p 00000000 00:00 0 
7fb37cb7c000-7fb380000000 ---p 00000000 00:00 0 
7fb380000000-7fb3800a7000 rw-p 00000000 00:00 0 
7fb3800a7000-7fb3801cc000 ---p 00000000 00:00 0 
7fb3801cc000-7fb3801d3000 r-xp 00000000 08:03 3149010                    /usr/lib/librt-2.23.so
7fb3801d3000-7fb3803d2000 ---p 00007000 08:03 3149010                    /usr/lib/librt-2.23.so
7fb3803d2000-7fb3803d3000 r--p 00006000 08:03 3149010                    /usr/lib/librt-2.23.so
7fb3803d3000-7fb3803d4000 rw-p 00007000 08:03 3149010                    /usr/lib/librt-2.23.so
7fb3803d4000-7fb3804d7000 r-xp 00000000 08:03 3149007                    /usr/lib/libm-2.23.so
7fb3804d7000-7fb3806d6000 ---p 00103000 08:03 3149007                    /usr/lib/libm-2.23.so
7fb3806d6000-7fb3806d7000 r--p 00102000 08:03 3149007                    /usr/lib/libm-2.23.so
7fb3806d7000-7fb3806d8000 rw-p 00103000 08:03 3149007                    /usr/lib/libm-2.23.so
7fb3806d8000-7fb38132d000 r-xp 00000000 08:03 3294474                    /usr/lib/jvm/java-8-openjdk/jre/lib/amd64/server/libjvm.so
7fb38132d000-7fb38152d000 ---p 00c55000 08:03 3294474                    /usr/lib/jvm/java-8-openjdk/jre/lib/amd64/server/libjvm.so
7fb38152d000-7fb3815e9000 rw-p 00c55000 08:03 3294474                    /usr/lib/jvm/java-8-openjdk/jre/lib/amd64/server/libjvm.so
7fb3815e9000-7fb381619000 rw-p 00000000 00:00 0 
7fb381619000-7fb3817b0000 r-xp 00000000 08:03 3148931                    /usr/lib/libc-2.23.so
7fb3817b0000-7fb3819b0000 ---p 00197000 08:03 3148931                    /usr/lib/libc-2.23.so
7fb3819b0000-7fb3819b4000 r--p 00197000 08:03 3148931                    /usr/lib/libc-2.23.so
7fb3819b4000-7fb3819b6000 rw-p 0019b000 08:03 3148931                    /usr/lib/libc-2.23.so
7fb3819b6000-7fb3819ba000 rw-p 00000000 00:00 0 
7fb3819ba000-7fb3819bc000 r-xp 00000000 08:03 3149006                    /usr/lib/libdl-2.23.so
7fb3819bc000-7fb381bbc000 ---p 00002000 08:03 3149006                    /usr/lib/libdl-2.23.so
7fb381bbc000-7fb381bbd000 r--p 00002000 08:03 3149006                    /usr/lib/libdl-2.23.so
7fb381bbd000-7fb381bbe000 rw-p 00003000 08:03 3149006                    /usr/lib/libdl-2.23.so
7fb381bbe000-7fb381bcb000 r-xp 00000000 08:03 3294471                    /usr/lib/jvm/java-8-openjdk/jre/lib/amd64/jli/libjli.so
7fb381bcb000-7fb381dca000 ---p 0000d000 08:03 3294471                    /usr/lib/jvm/java-8-openjdk/jre/lib/amd64/jli/libjli.so
7fb381dca000-7fb381dcb000 rw-p 0000c000 08:03 3294471                    /usr/lib/jvm/java-8-openjdk/jre/lib/amd64/jli/libjli.so
7fb381dcb000-7fb381de0000 r-xp 00000000 08:03 3152232                    /usr/lib/libz.so.1.2.8
7fb381de0000-7fb381fdf000 ---p 00015000 08:03 3152232                    /usr/lib/libz.so.1.2.8
7fb381fdf000-7fb381fe0000 r--p 00014000 08:03 3152232                    /usr/lib/libz.so.1.2.8
7fb381fe0000-7fb381fe1000 rw-p 00015000 08:03 3152232                    /usr/lib/libz.so.1.2.8
7fb381fe1000-7fb381ff9000 r-xp 00000000 08:03 3148907                    /usr/lib/libpthread-2.23.so
7fb381ff9000-7fb3821f8000 ---p 00018000 08:03 3148907                    /usr/lib/libpthread-2.23.so
7fb3821f8000-7fb3821f9000 r--p 00017000 08:03 3148907                    /usr/lib/libpthread-2.23.so
7fb3821f9000-7fb3821fa000 rw-p 00018000 08:03 3148907                    /usr/lib/libpthread-2.23.so
7fb3821fa000-7fb3821fe000 rw-p 00000000 00:00 0 
7fb3821fe000-7fb382221000 r-xp 00000000 08:03 3148930                    /usr/lib/ld-2.23.so
7fb382221000-7fb382225000 r--s 00027000 08:03 8010978                    /home/lifka/.gradle/wrapper/dists/gradle-2.10-all/a4w5fzrkeut1ox71xslb49gst/gradle-2.10/lib/commons-io-2.2.jar
7fb382225000-7fb3822ea000 rw-p 00000000 00:00 0 
7fb3822ea000-7fb3822ed000 ---p 00000000 00:00 0 
7fb3822ed000-7fb3823ef000 rw-p 00000000 00:00 0 
7fb3823ef000-7fb3823f1000 r--s 00000000 08:03 8010980                    /home/lifka/.gradle/wrapper/dists/gradle-2.10-all/a4w5fzrkeut1ox71xslb49gst/gradle-2.10/lib/jul-to-slf4j-1.7.10.jar
7fb3823f1000-7fb3823f2000 r--s 00000000 08:03 8010979                    /home/lifka/.gradle/wrapper/dists/gradle-2.10-all/a4w5fzrkeut1ox71xslb49gst/gradle-2.10/lib/jcip-annotations-1.0.jar
7fb3823f2000-7fb3823f3000 r--s 00007000 08:03 8010961                    /home/lifka/.gradle/wrapper/dists/gradle-2.10-all/a4w5fzrkeut1ox71xslb49gst/gradle-2.10/lib/slf4j-api-1.7.10.jar
7fb3823f3000-7fb3823f4000 r--s 00004000 08:03 8010995                    /home/lifka/.gradle/wrapper/dists/gradle-2.10-all/a4w5fzrkeut1ox71xslb49gst/gradle-2.10/lib/ant-launcher-1.9.3.jar
7fb3823f4000-7fb3823f6000 r--s 0004c000 08:03 3289264                    /usr/lib/jvm/java-8-openjdk/jre/lib/ext/vecmath.jar
7fb3823f6000-7fb382402000 r--s 002c7000 08:03 3289266                    /usr/lib/jvm/java-8-openjdk/jre/lib/ext/j3dcore.jar
7fb382402000-7fb382416000 rw-p 00000000 00:00 0 
7fb382416000-7fb38241e000 rw-s 00000000 00:22 141962                     /tmp/hsperfdata_lifka/5778
7fb38241e000-7fb38241f000 rw-p 00000000 00:00 0 
7fb38241f000-7fb382420000 ---p 00000000 00:00 0 
7fb382420000-7fb382421000 rw-p 00000000 00:00 0 
7fb382421000-7fb382422000 r--p 00023000 08:03 3148930                    /usr/lib/ld-2.23.so
7fb382422000-7fb382423000 rw-p 00024000 08:03 3148930                    /usr/lib/ld-2.23.so
7fb382423000-7fb382424000 rw-p 00000000 00:00 0 
7ffdfd9e8000-7ffdfda09000 rw-p 00000000 00:00 0                          [stack]
7ffdfdb12000-7ffdfdb15000 r--p 00000000 00:00 0                          [vvar]
7ffdfdb15000-7ffdfdb17000 r-xp 00000000 00:00 0                          [vdso]
ffffffffff600000-ffffffffff601000 r-xp 00000000 00:00 0                  [vsyscall]

VM Arguments:
jvm_args: -XX:MaxPermSize=256m -XX:+HeapDumpOnOutOfMemoryError -Xmx1024m -Dfile.encoding=UTF-8 -Duser.country=ES -Duser.language=es -Duser.variant 
java_command: org.gradle.launcher.daemon.bootstrap.GradleDaemon 2.10
java_class_path (initial): /home/lifka/.gradle/wrapper/dists/gradle-2.10-all/a4w5fzrkeut1ox71xslb49gst/gradle-2.10/lib/gradle-launcher-2.10.jar
Launcher Type: SUN_STANDARD

Environment Variables:
PATH=/usr/local/sbin:/usr/local/bin:/usr/bin:/opt/android-sdk/tools:/usr/lib/jvm/default/bin:/usr/bin/site_perl:/usr/bin/vendor_perl:/usr/bin/core_perl
USERNAME=lifka
LD_LIBRARY_PATH=/opt/android-studio/bin:
SHELL=/bin/bash
DISPLAY=:0

Signal Handlers:
SIGSEGV: [libjvm.so+0xa5a220], sa_mask[0]=11111111011111111101111111111110, sa_flags=SA_RESTART|SA_SIGINFO
SIGBUS: [libjvm.so+0xa5a220], sa_mask[0]=11111111011111111101111111111110, sa_flags=SA_RESTART|SA_SIGINFO
SIGFPE: [libjvm.so+0x8a5a90], sa_mask[0]=11111111011111111101111111111110, sa_flags=SA_RESTART|SA_SIGINFO
SIGPIPE: [libjvm.so+0x8a5a90], sa_mask[0]=11111111011111111101111111111110, sa_flags=SA_RESTART|SA_SIGINFO
SIGXFSZ: [libjvm.so+0x8a5a90], sa_mask[0]=11111111011111111101111111111110, sa_flags=SA_RESTART|SA_SIGINFO
SIGILL: [libjvm.so+0x8a5a90], sa_mask[0]=11111111011111111101111111111110, sa_flags=SA_RESTART|SA_SIGINFO
SIGUSR1: SIG_DFL, sa_mask[0]=00000000000000000000000000000000, sa_flags=none
SIGUSR2: [libjvm.so+0x8a5940], sa_mask[0]=00100000000000000000000000000000, sa_flags=SA_RESTART|SA_SIGINFO
SIGHUP: [libjvm.so+0x8a5e10], sa_mask[0]=11111111011111111101111111111110, sa_flags=SA_RESTART|SA_SIGINFO
SIGINT: [libjvm.so+0x8a5e10], sa_mask[0]=11111111011111111101111111111110, sa_flags=SA_RESTART|SA_SIGINFO
SIGTERM: [libjvm.so+0x8a5e10], sa_mask[0]=11111111011111111101111111111110, sa_flags=SA_RESTART|SA_SIGINFO
SIGQUIT: [libjvm.so+0x8a5e10], sa_mask[0]=11111111011111111101111111111110, sa_flags=SA_RESTART|SA_SIGINFO


---------------  S Y S T E M  ---------------

OS:NAME="Arch Linux"
ID=arch
PRETTY_NAME="Arch Linux"
ANSI_COLOR="0;36"
HOME_URL="https://www.archlinux.org/"
SUPPORT_URL="https://bbs.archlinux.org/"
BUG_REPORT_URL="https://bugs.archlinux.org/"


uname:Linux 4.5.4-1-ARCH #1 SMP PREEMPT Wed May 11 22:21:28 CEST 2016 x86_64
libc:glibc 2.23 NPTL 2.23 
rlimit: STACK 8192k, CORE infinity, NPROC 31439, NOFILE 4096, AS infinity
load average:2.13 1.88 1.45

/proc/meminfo:
MemTotal:        8110396 kB
MemFree:          119584 kB
MemAvailable:      10728 kB
Buffers:            2360 kB
Cached:           304780 kB
SwapCached:         9340 kB
Active:          6518036 kB
Inactive:        1192120 kB
Active(anon):    6501808 kB
Inactive(anon):  1184832 kB
Active(file):      16228 kB
Inactive(file):     7288 kB
Unevictable:         632 kB
Mlocked:             632 kB
SwapTotal:       2097148 kB
SwapFree:              0 kB
Dirty:               292 kB
Writeback:             0 kB
AnonPages:       7396640 kB
Mapped:           192388 kB
Shmem:            283256 kB
Slab:              84136 kB
SReclaimable:      36664 kB
SUnreclaim:        47472 kB
KernelStack:       14144 kB
PageTables:        84784 kB
NFS_Unstable:          0 kB
Bounce:                0 kB
WritebackTmp:          0 kB
CommitLimit:     6152344 kB
Committed_AS:   19402368 kB
VmallocTotal:   34359738367 kB
VmallocUsed:           0 kB
VmallocChunk:          0 kB
HardwareCorrupted:     0 kB
AnonHugePages:   1916928 kB
HugePages_Total:       0
HugePages_Free:        0
HugePages_Rsvd:        0
HugePages_Surp:        0
Hugepagesize:       2048 kB
DirectMap4k:      201024 kB
DirectMap2M:     7069696 kB
DirectMap1G:     2097152 kB


CPU:total 4 (2 cores per cpu, 2 threads per core) family 6 model 69 stepping 1, cmov, cx8, fxsr, mmx, sse, sse2, sse3, ssse3, sse4.1, sse4.2, popcnt, avx, avx2, aes, clmul, erms, lzcnt, ht, tsc, tscinvbit, bmi1, bmi2

/proc/cpuinfo:
processor	: 0
vendor_id	: GenuineIntel
cpu family	: 6
model		: 69
model name	: Intel(R) Core(TM) i5-4210U CPU @ 1.70GHz
stepping	: 1
microcode	: 0x1d
cpu MHz		: 2400.000
cache size	: 3072 KB
physical id	: 0
siblings	: 4
core id		: 0
cpu cores	: 2
apicid		: 0
initial apicid	: 0
fpu		: yes
fpu_exception	: yes
cpuid level	: 13
wp		: yes
flags		: fpu vme de pse tsc msr pae mce cx8 apic sep mtrr pge mca cmov pat pse36 clflush dts acpi mmx fxsr sse sse2 ss ht tm pbe syscall nx pdpe1gb rdtscp lm constant_tsc arch_perfmon pebs bts rep_good nopl xtopology nonstop_tsc aperfmperf eagerfpu pni pclmulqdq dtes64 monitor ds_cpl vmx est tm2 ssse3 sdbg fma cx16 xtpr pdcm pcid sse4_1 sse4_2 movbe popcnt tsc_deadline_timer aes xsave avx f16c rdrand lahf_lm abm epb tpr_shadow vnmi flexpriority ept vpid fsgsbase tsc_adjust bmi1 avx2 smep bmi2 erms invpcid xsaveopt dtherm ida arat pln pts
bugs		:
bogomips	: 4791.80
clflush size	: 64
cache_alignment	: 64
address sizes	: 39 bits physical, 48 bits virtual
power management:

processor	: 1
vendor_id	: GenuineIntel
cpu family	: 6
model		: 69
model name	: Intel(R) Core(TM) i5-4210U CPU @ 1.70GHz
stepping	: 1
microcode	: 0x1d
cpu MHz		: 2400.000
cache size	: 3072 KB
physical id	: 0
siblings	: 4
core id		: 0
cpu cores	: 2
apicid		: 1
initial apicid	: 1
fpu		: yes
fpu_exception	: yes
cpuid level	: 13
wp		: yes
flags		: fpu vme de pse tsc msr pae mce cx8 apic sep mtrr pge mca cmov pat pse36 clflush dts acpi mmx fxsr sse sse2 ss ht tm pbe syscall nx pdpe1gb rdtscp lm constant_tsc arch_perfmon pebs bts rep_good nopl xtopology nonstop_tsc aperfmperf eagerfpu pni pclmulqdq dtes64 monitor ds_cpl vmx est tm2 ssse3 sdbg fma cx16 xtpr pdcm pcid sse4_1 sse4_2 movbe popcnt tsc_deadline_timer aes xsave avx f16c rdrand lahf_lm abm epb tpr_shadow vnmi flexpriority ept vpid fsgsbase tsc_adjust bmi1 avx2 smep bmi2 erms invpcid xsaveopt dtherm ida arat pln pts
bugs		:
bogomips	: 4791.80
clflush size	: 64
cache_alignment	: 64
address sizes	: 39 bits physical, 48 bits virtual
power management:

processor	: 2
vendor_id	: GenuineIntel
cpu family	: 6
model		: 69
model name	: Intel(R) Core(TM) i5-4210U CPU @ 1.70GHz
stepping	: 1
microcode	: 0x1d
cpu MHz		: 2399.906
cache size	: 3072 KB
physical id	: 0
siblings	: 4
core id		: 1
cpu cores	: 2
apicid		: 2
initial apicid	: 2
fpu		: yes
fpu_exception	: yes
cpuid level	: 13
wp		: yes
flags		: fpu vme de pse tsc msr pae mce cx8 apic sep mtrr pge mca cmov pat pse36 clflush dts acpi mmx fxsr sse sse2 ss ht tm pbe syscall nx pdpe1gb rdtscp lm constant_tsc arch_perfmon pebs bts rep_good nopl xtopology nonstop_tsc aperfmperf eagerfpu pni pclmulqdq dtes64 monitor ds_cpl vmx est tm2 ssse3 sdbg fma cx16 xtpr pdcm pcid sse4_1 sse4_2 movbe popcnt tsc_deadline_timer aes xsave avx f16c rdrand lahf_lm abm epb tpr_shadow vnmi flexpriority ept vpid fsgsbase tsc_adjust bmi1 avx2 smep bmi2 erms invpcid xsaveopt dtherm ida arat pln pts
bugs		:
bogomips	: 4791.80
clflush size	: 64
cache_alignment	: 64
address sizes	: 39 bits physical, 48 bits virtual
power management:

processor	: 3
vendor_id	: GenuineIntel
cpu family	: 6
model		: 69
model name	: Intel(R) Core(TM) i5-4210U CPU @ 1.70GHz
stepping	: 1
microcode	: 0x1d
cpu MHz		: 2399.906
cache size	: 3072 KB
physical id	: 0
siblings	: 4
core id		: 1
cpu cores	: 2
apicid		: 3
initial apicid	: 3
fpu		: yes
fpu_exception	: yes
cpuid level	: 13
wp		: yes
flags		: fpu vme de pse tsc msr pae mce cx8 apic sep mtrr pge mca cmov pat pse36 clflush dts acpi mmx fxsr sse sse2 ss ht tm pbe syscall nx pdpe1gb rdtscp lm constant_tsc arch_perfmon pebs bts rep_good nopl xtopology nonstop_tsc aperfmperf eagerfpu pni pclmulqdq dtes64 monitor ds_cpl vmx est tm2 ssse3 sdbg fma cx16 xtpr pdcm pcid sse4_1 sse4_2 movbe popcnt tsc_deadline_timer aes xsave avx f16c rdrand lahf_lm abm epb tpr_shadow vnmi flexpriority ept vpid fsgsbase tsc_adjust bmi1 avx2 smep bmi2 erms invpcid xsaveopt dtherm ida arat pln pts
bugs		:
bogomips	: 4791.80
clflush size	: 64
cache_alignment	: 64
address sizes	: 39 bits physical, 48 bits virtual
power management:



Memory: 4k page, physical 8110396k(119584k free), swap 2097148k(0k free)

vm_info: OpenJDK 64-Bit Server VM (25.92-b14) for linux-amd64 JRE (1.8.0_92-b14), built on Apr 24 2016 15:02:36 by "builduser" with gcc 5.3.0

time: Tue May 17 13:34:30 2016
elapsed time: 12 seconds (0d 0h 0m 12s)

