#
# There is insufficient memory for the Java Runtime Environment to continue.
# Native memory allocation (mmap) failed to map 70778880 bytes for committing reserved memory.
# Possible reasons:
#   The system is out of physical RAM or swap space
#   In 32 bit mode, the process size limit was hit
# Possible solutions:
#   Reduce memory load on the system
#   Increase physical memory or swap space
#   Check if swap backing store is full
#   Use 64 bit Java on a 64 bit OS
#   Decrease Java heap size (-Xmx/-Xms)
#   Decrease number of Java threads
#   Decrease Java thread stack sizes (-Xss)
#   Set larger code cache with -XX:ReservedCodeCacheSize=
# This output file may be truncated or incomplete.
#
#  Out of Memory Error (os_linux.cpp:2627), pid=5834, tid=0x00007f7fb0f02700
#
# JRE version: OpenJDK Runtime Environment (8.0_92-b14) (build 1.8.0_92-b14)
# Java VM: OpenJDK 64-Bit Server VM (25.92-b14 mixed mode linux-amd64 compressed oops)
# Core dump written. Default location: /home/lifka/Workspace/githubProjects/Servicio-reserva-en-farmacias/Android/SisFarmaApp/core or core.5834
#

---------------  T H R E A D  ---------------

Current thread (0x00007f7fd0076000):  VMThread [stack: 0x00007f7fb0e02000,0x00007f7fb0f03000] [id=5842]

Stack: [0x00007f7fb0e02000,0x00007f7fb0f03000],  sp=0x00007f7fb0f014c0,  free space=1021k
Native frames: (J=compiled Java code, j=interpreted, Vv=VM code, C=native code)
V  [libjvm.so+0xa596cb]
V  [libjvm.so+0x4c344c]
V  [libjvm.so+0x8aa3f0]
V  [libjvm.so+0x8a491e]
V  [libjvm.so+0x91e90b]
V  [libjvm.so+0x91fc43]
V  [libjvm.so+0x91c31b]
V  [libjvm.so+0x91c5cc]
V  [libjvm.so+0x8ce953]
V  [libjvm.so+0xa5b312]
V  [libjvm.so+0xa602e7]
V  [libjvm.so+0xa5db2c]
V  [libjvm.so+0xa5ef0f]
V  [libjvm.so+0xa5f401]
V  [libjvm.so+0x8a7902]

VM_Operation (0x00007f7f86e374a0): ParallelGCFailedAllocation, mode: safepoint, requested by thread 0x00007f7f7800c000


---------------  P R O C E S S  ---------------

Java Threads: ( => current thread )
  0x00007f7f74596000 JavaThread "pool-1-thread-1" [_thread_blocked, id=5869, stack(0x00007f7f84816000,0x00007f7f84917000)]
  0x00007f7f74ce5000 JavaThread "File lock request listener" [_thread_in_native, id=5862, stack(0x00007f7f86088000,0x00007f7f86189000)]
  0x00007f7f74c4a800 JavaThread "process reaper" daemon [_thread_blocked, id=5861, stack(0x00007f7f86189000,0x00007f7f861c2000)]
  0x00007f7f7800c000 JavaThread "Daemon worker" [_thread_blocked, id=5855, stack(0x00007f7f86d3d000,0x00007f7f86e3e000)]
  0x00007f7f78006800 JavaThread "Cancel handler" [_thread_blocked, id=5854, stack(0x00007f7f86e3e000,0x00007f7f86f3f000)]
  0x00007f7f78003800 JavaThread "Handler for socket connection from /127.0.0.1:34833 to /127.0.0.1:60440" [_thread_in_native, id=5853, stack(0x00007f7f86f3f000,0x00007f7f87040000)]
  0x00007f7f80033000 JavaThread "Daemon" [_thread_blocked, id=5852, stack(0x00007f7f87040000,0x00007f7f87141000)]
  0x00007f7fd0b4d000 JavaThread "Incoming local TCP Connector on port 34833" [_thread_in_native, id=5851, stack(0x00007f7f87341000,0x00007f7f87442000)]
  0x00007f7fd00be000 JavaThread "Service Thread" daemon [_thread_blocked, id=5849, stack(0x00007f7fb0563000,0x00007f7fb0664000)]
  0x00007f7fd00bb800 JavaThread "C1 CompilerThread2" daemon [_thread_blocked, id=5848, stack(0x00007f7fb0664000,0x00007f7fb0765000)]
  0x00007f7fd00b9800 JavaThread "C2 CompilerThread1" daemon [_thread_blocked, id=5847, stack(0x00007f7fb0765000,0x00007f7fb0866000)]
  0x00007f7fd00b6800 JavaThread "C2 CompilerThread0" daemon [_thread_blocked, id=5846, stack(0x00007f7fb0866000,0x00007f7fb0967000)]
  0x00007f7fd00b5000 JavaThread "Signal Dispatcher" daemon [_thread_blocked, id=5845, stack(0x00007f7fb0967000,0x00007f7fb0a68000)]
  0x00007f7fd0082000 JavaThread "Finalizer" daemon [_thread_blocked, id=5844, stack(0x00007f7fb0c00000,0x00007f7fb0d01000)]
  0x00007f7fd007d800 JavaThread "Reference Handler" daemon [_thread_blocked, id=5843, stack(0x00007f7fb0d01000,0x00007f7fb0e02000)]
  0x00007f7fd0008000 JavaThread "main" [_thread_blocked, id=5837, stack(0x00007f7fd6fae000,0x00007f7fd70af000)]

Other Threads:
=>0x00007f7fd0076000 VMThread [stack: 0x00007f7fb0e02000,0x00007f7fb0f03000] [id=5842]
  0x00007f7fd00c0800 WatcherThread [stack: 0x00007f7fb0462000,0x00007f7fb0563000] [id=5850]

VM state:at safepoint (normal execution)

VM Mutex/Monitor currently owned by a thread:  ([mutex/lock_event])
[0x00007f7fd0006290] Threads_lock - owner thread: 0x00007f7fd0076000
[0x00007f7fd0006790] Heap_lock - owner thread: 0x00007f7f7800c000

Heap:
 PSYoungGen      total 209408K, used 8310K [0x00000000eab00000, 0x00000000f8a80000, 0x0000000100000000)
  eden space 189952K, 0% used [0x00000000eab00000,0x00000000eab00000,0x00000000f6480000)
  from space 19456K, 42% used [0x00000000f6480000,0x00000000f6c9dae8,0x00000000f7780000)
  to   space 16384K, 0% used [0x00000000f7980000,0x00000000f7980000,0x00000000f8980000)
 ParOldGen       total 91648K, used 39092K [0x00000000c0000000, 0x00000000c5980000, 0x00000000eab00000)
  object space 91648K, 42% used [0x00000000c0000000,0x00000000c262d080,0x00000000c5980000)
 Metaspace       used 52453K, capacity 53762K, committed 54144K, reserved 1095680K
  class space    used 6903K, capacity 7200K, committed 7296K, reserved 1048576K

Card table byte_map: [0x00007f7fd4079000,0x00007f7fd427a000] byte_map_base: 0x00007f7fd3a79000

Marking Bits: (ParMarkBitMap*) 0x00007f7fd62c0540
 Begin Bits: [0x00007f7fb2000000, 0x00007f7fb3000000)
 End Bits:   [0x00007f7fb3000000, 0x00007f7fb4000000)

Polling page: 0x00007f7fd70e3000

CodeCache: size=245760Kb used=25641Kb max_used=25677Kb free=220118Kb
 bounds [0x00007f7fc1000000, 0x00007f7fc2940000, 0x00007f7fd0000000]
 total_blobs=8202 nmethods=7486 adapters=629
 compilation: enabled

Compilation events (10 events):
Event: 229.514 Thread 0x00007f7fd00b6800 nmethod 8685 0x00007f7fc2909a90 code [0x00007f7fc2909be0, 0x00007f7fc2909cb8]
Event: 229.517 Thread 0x00007f7fd00bb800 8692       3       org.objectweb.asm.tree.MethodInsnNode::<init> (28 bytes)
Event: 229.517 Thread 0x00007f7fd00bb800 nmethod 8692 0x00007f7fc290bed0 code [0x00007f7fc290c040, 0x00007f7fc290c2b0]
Event: 229.528 Thread 0x00007f7fd00b9800 nmethod 8681 0x00007f7fc290e510 code [0x00007f7fc290e720, 0x00007f7fc290ee88]
Event: 229.606 Thread 0x00007f7fd00bb800 8693       3       org.objectweb.asm.Label::<init> (5 bytes)
Event: 229.649 Thread 0x00007f7fd00bb800 nmethod 8693 0x00007f7fc1fda1d0 code [0x00007f7fc1fda340, 0x00007f7fc1fda4f0]
Event: 229.670 Thread 0x00007f7fd00bb800 8695       3       org.objectweb.asm.ClassReader::readLabel (20 bytes)
Event: 229.775 Thread 0x00007f7fd00bb800 nmethod 8695 0x00007f7fc290b710 code [0x00007f7fc290b8a0, 0x00007f7fc290bcd0]
Event: 229.814 Thread 0x00007f7fd00bb800 8694       3       org.objectweb.asm.tree.MethodNode::visitLabel (13 bytes)
Event: 229.935 Thread 0x00007f7fd00bb800 nmethod 8694 0x00007f7fc205b950 code [0x00007f7fc205bb00, 0x00007f7fc205c0c8]

GC Heap History (10 events):
Event: 6.920 GC heap after
Heap after GC invocations=8 (full 1):
 PSYoungGen      total 133632K, used 10228K [0x00000000eab00000, 0x00000000f5980000, 0x0000000100000000)
  eden space 123392K, 0% used [0x00000000eab00000,0x00000000eab00000,0x00000000f2380000)
  from space 10240K, 99% used [0x00000000f2380000,0x00000000f2d7d198,0x00000000f2d80000)
  to   space 12288K, 0% used [0x00000000f4d80000,0x00000000f4d80000,0x00000000f5980000)
 ParOldGen       total 58368K, used 9426K [0x00000000c0000000, 0x00000000c3900000, 0x00000000eab00000)
  object space 58368K, 16% used [0x00000000c0000000,0x00000000c0934858,0x00000000c3900000)
 Metaspace       used 32092K, capacity 32654K, committed 32896K, reserved 1077248K
  class space    used 4265K, capacity 4456K, committed 4480K, reserved 1048576K
}
Event: 7.700 GC heap before
{Heap before GC invocations=9 (full 1):
 PSYoungGen      total 133632K, used 60019K [0x00000000eab00000, 0x00000000f5980000, 0x0000000100000000)
  eden space 123392K, 40% used [0x00000000eab00000,0x00000000edb9fcf8,0x00000000f2380000)
  from space 10240K, 99% used [0x00000000f2380000,0x00000000f2d7d198,0x00000000f2d80000)
  to   space 12288K, 0% used [0x00000000f4d80000,0x00000000f4d80000,0x00000000f5980000)
 ParOldGen       total 58368K, used 9426K [0x00000000c0000000, 0x00000000c3900000, 0x00000000eab00000)
  object space 58368K, 16% used [0x00000000c0000000,0x00000000c0934858,0x00000000c3900000)
 Metaspace       used 34903K, capacity 35462K, committed 35496K, reserved 1079296K
  class space    used 4702K, capacity 4863K, committed 4864K, reserved 1048576K
Event: 7.761 GC heap after
Heap after GC invocations=9 (full 1):
 PSYoungGen      total 164352K, used 12265K [0x00000000eab00000, 0x00000000f8b00000, 0x0000000100000000)
  eden space 152064K, 0% used [0x00000000eab00000,0x00000000eab00000,0x00000000f3f80000)
  from space 12288K, 99% used [0x00000000f4d80000,0x00000000f597a5b0,0x00000000f5980000)
  to   space 14336K, 0% used [0x00000000f3f80000,0x00000000f3f80000,0x00000000f4d80000)
 ParOldGen       total 58368K, used 10208K [0x00000000c0000000, 0x00000000c3900000, 0x00000000eab00000)
  object space 58368K, 17% used [0x00000000c0000000,0x00000000c09f8228,0x00000000c3900000)
 Metaspace       used 34903K, capacity 35462K, committed 35496K, reserved 1079296K
  class space    used 4702K, capacity 4863K, committed 4864K, reserved 1048576K
}
Event: 7.761 GC heap before
{Heap before GC invocations=10 (full 2):
 PSYoungGen      total 164352K, used 12265K [0x00000000eab00000, 0x00000000f8b00000, 0x0000000100000000)
  eden space 152064K, 0% used [0x00000000eab00000,0x00000000eab00000,0x00000000f3f80000)
  from space 12288K, 99% used [0x00000000f4d80000,0x00000000f597a5b0,0x00000000f5980000)
  to   space 14336K, 0% used [0x00000000f3f80000,0x00000000f3f80000,0x00000000f4d80000)
 ParOldGen       total 58368K, used 10208K [0x00000000c0000000, 0x00000000c3900000, 0x00000000eab00000)
  object space 58368K, 17% used [0x00000000c0000000,0x00000000c09f8228,0x00000000c3900000)
 Metaspace       used 34903K, capacity 35462K, committed 35496K, reserved 1079296K
  class space    used 4702K, capacity 4863K, committed 4864K, reserved 1048576K
Event: 8.001 GC heap after
Heap after GC invocations=10 (full 2):
 PSYoungGen      total 164352K, used 0K [0x00000000eab00000, 0x00000000f8b00000, 0x0000000100000000)
  eden space 152064K, 0% used [0x00000000eab00000,0x00000000eab00000,0x00000000f3f80000)
  from space 12288K, 0% used [0x00000000f4d80000,0x00000000f4d80000,0x00000000f5980000)
  to   space 14336K, 0% used [0x00000000f3f80000,0x00000000f3f80000,0x00000000f4d80000)
 ParOldGen       total 91648K, used 20390K [0x00000000c0000000, 0x00000000c5980000, 0x00000000eab00000)
  object space 91648K, 22% used [0x00000000c0000000,0x00000000c13e9a08,0x00000000c5980000)
 Metaspace       used 34903K, capacity 35462K, committed 35496K, reserved 1079296K
  class space    used 4702K, capacity 4863K, committed 4864K, reserved 1048576K
}
Event: 10.841 GC heap before
{Heap before GC invocations=11 (full 2):
 PSYoungGen      total 164352K, used 152064K [0x00000000eab00000, 0x00000000f8b00000, 0x0000000100000000)
  eden space 152064K, 100% used [0x00000000eab00000,0x00000000f3f80000,0x00000000f3f80000)
  from space 12288K, 0% used [0x00000000f4d80000,0x00000000f4d80000,0x00000000f5980000)
  to   space 14336K, 0% used [0x00000000f3f80000,0x00000000f3f80000,0x00000000f4d80000)
 ParOldGen       total 91648K, used 20390K [0x00000000c0000000, 0x00000000c5980000, 0x00000000eab00000)
  object space 91648K, 22% used [0x00000000c0000000,0x00000000c13e9a08,0x00000000c5980000)
 Metaspace       used 42298K, capacity 43380K, committed 43776K, reserved 1087488K
  class space    used 5753K, capacity 6023K, committed 6144K, reserved 1048576K
Event: 10.878 GC heap after
Heap after GC invocations=11 (full 2):
 PSYoungGen      total 166400K, used 14326K [0x00000000eab00000, 0x00000000f8980000, 0x0000000100000000)
  eden space 152064K, 0% used [0x00000000eab00000,0x00000000eab00000,0x00000000f3f80000)
  from space 14336K, 99% used [0x00000000f3f80000,0x00000000f4d7d8f0,0x00000000f4d80000)
  to   space 16384K, 0% used [0x00000000f7980000,0x00000000f7980000,0x00000000f8980000)
 ParOldGen       total 91648K, used 21395K [0x00000000c0000000, 0x00000000c5980000, 0x00000000eab00000)
  object space 91648K, 23% used [0x00000000c0000000,0x00000000c14e4e90,0x00000000c5980000)
 Metaspace       used 42298K, capacity 43380K, committed 43776K, reserved 1087488K
  class space    used 5753K, capacity 6023K, committed 6144K, reserved 1048576K
}
Event: 19.743 GC heap before
{Heap before GC invocations=12 (full 2):
 PSYoungGen      total 166400K, used 166390K [0x00000000eab00000, 0x00000000f8980000, 0x0000000100000000)
  eden space 152064K, 100% used [0x00000000eab00000,0x00000000f3f80000,0x00000000f3f80000)
  from space 14336K, 99% used [0x00000000f3f80000,0x00000000f4d7d8f0,0x00000000f4d80000)
  to   space 16384K, 0% used [0x00000000f7980000,0x00000000f7980000,0x00000000f8980000)
 ParOldGen       total 91648K, used 21395K [0x00000000c0000000, 0x00000000c5980000, 0x00000000eab00000)
  object space 91648K, 23% used [0x00000000c0000000,0x00000000c14e4e90,0x00000000c5980000)
 Metaspace       used 45679K, capacity 46888K, committed 46976K, reserved 1089536K
  class space    used 6178K, capacity 6490K, committed 6528K, reserved 1048576K
Event: 19.822 GC heap after
Heap after GC invocations=12 (full 2):
 PSYoungGen      total 206336K, used 16358K [0x00000000eab00000, 0x00000000f8a80000, 0x0000000100000000)
  eden space 189952K, 0% used [0x00000000eab00000,0x00000000eab00000,0x00000000f6480000)
  from space 16384K, 99% used [0x00000000f7980000,0x00000000f8979818,0x00000000f8980000)
  to   space 19456K, 0% used [0x00000000f6480000,0x00000000f6480000,0x00000000f7780000)
 ParOldGen       total 91648K, used 23233K [0x00000000c0000000, 0x00000000c5980000, 0x00000000eab00000)
  object space 91648K, 25% used [0x00000000c0000000,0x00000000c16b06f8,0x00000000c5980000)
 Metaspace       used 45679K, capacity 46888K, committed 46976K, reserved 1089536K
  class space    used 6178K, capacity 6490K, committed 6528K, reserved 1048576K
}
Event: 230.053 GC heap before
{Heap before GC invocations=13 (full 2):
 PSYoungGen      total 206336K, used 206310K [0x00000000eab00000, 0x00000000f8a80000, 0x0000000100000000)
  eden space 189952K, 100% used [0x00000000eab00000,0x00000000f6480000,0x00000000f6480000)
  from space 16384K, 99% used [0x00000000f7980000,0x00000000f8979818,0x00000000f8980000)
  to   space 19456K, 0% used [0x00000000f6480000,0x00000000f6480000,0x00000000f7780000)
 ParOldGen       total 91648K, used 23233K [0x00000000c0000000, 0x00000000c5980000, 0x00000000eab00000)
  object space 91648K, 25% used [0x00000000c0000000,0x00000000c16b06f8,0x00000000c5980000)
 Metaspace       used 52453K, capacity 53762K, committed 54144K, reserved 1095680K
  class space    used 6903K, capacity 7200K, committed 7296K, reserved 1048576K

Deoptimization events (10 events):
Event: 223.961 Thread 0x00007f7f7800c000 Uncommon trap: reason=bimorphic action=maybe_recompile pc=0x00007f7fc27276b0 method=com.sun.tools.javac.code.Type.isCompound()Z @ 14
Event: 223.961 Thread 0x00007f7f7800c000 Uncommon trap: reason=bimorphic action=maybe_recompile pc=0x00007f7fc27276b0 method=com.sun.tools.javac.code.Type.isCompound()Z @ 14
Event: 225.742 Thread 0x00007f7f7800c000 Uncommon trap: reason=class_check action=maybe_recompile pc=0x00007f7fc1bb38a4 method=com.sun.org.apache.xerces.internal.dom.ElementImpl.getAttributes()Lorg/w3c/dom/NamedNodeMap; @ 8
Event: 225.742 Thread 0x00007f7f7800c000 Uncommon trap: reason=bimorphic action=maybe_recompile pc=0x00007f7fc16e8e14 method=com.sun.org.apache.xerces.internal.dom.AttributeMap.setNamedItem(Lorg/w3c/dom/Node;)Lorg/w3c/dom/Node; @ 4
Event: 225.742 Thread 0x00007f7f7800c000 Uncommon trap: reason=unstable_if action=reinterpret pc=0x00007f7fc21e5e08 method=com.sun.org.apache.xerces.internal.dom.AttrImpl.getNodeName()Ljava/lang/String; @ 4
Event: 225.742 Thread 0x00007f7f7800c000 Uncommon trap: reason=bimorphic action=maybe_recompile pc=0x00007f7fc16e8e14 method=com.sun.org.apache.xerces.internal.dom.AttributeMap.setNamedItem(Lorg/w3c/dom/Node;)Lorg/w3c/dom/Node; @ 4
Event: 225.742 Thread 0x00007f7f7800c000 Uncommon trap: reason=bimorphic action=maybe_recompile pc=0x00007f7fc16e8e14 method=com.sun.org.apache.xerces.internal.dom.AttributeMap.setNamedItem(Lorg/w3c/dom/Node;)Lorg/w3c/dom/Node; @ 4
Event: 225.742 Thread 0x00007f7f7800c000 Uncommon trap: reason=bimorphic action=maybe_recompile pc=0x00007f7fc16e8e14 method=com.sun.org.apache.xerces.internal.dom.AttributeMap.setNamedItem(Lorg/w3c/dom/Node;)Lorg/w3c/dom/Node; @ 4
Event: 225.783 Thread 0x00007f7f7800c000 Uncommon trap: reason=class_check action=maybe_recompile pc=0x00007f7fc1bb38a4 method=com.sun.org.apache.xerces.internal.dom.ElementImpl.getAttributes()Lorg/w3c/dom/NamedNodeMap; @ 8
Event: 227.087 Thread 0x00007f7f7800c000 Uncommon trap: reason=speculate_class_check action=maybe_recompile pc=0x00007f7fc1317810 method=java.nio.charset.CharsetDecoder.replaceWith(Ljava/lang/String;)Ljava/nio/charset/CharsetDecoder; @ 63

Internal exceptions (10 events):
Event: 12.784 Thread 0x00007f7f7800c000 Exception <a 'java/lang/ClassNotFoundException': java/lang/NumberBeanInfo> (0x00000000eddab210) thrown at [/build/java8-openjdk/src/jdk8u-jdk8u92-b14/hotspot/src/share/vm/classfile/systemDictionary.cpp, line 210]
Event: 12.784 Thread 0x00007f7f7800c000 Exception <a 'java/lang/ClassNotFoundException': java/lang/NumberCustomizer> (0x00000000eddb0a38) thrown at [/build/java8-openjdk/src/jdk8u-jdk8u92-b14/hotspot/src/share/vm/classfile/systemDictionary.cpp, line 210]
Event: 12.785 Thread 0x00007f7f7800c000 Exception <a 'java/lang/ClassNotFoundException': java/lang/IntegerCustomizer> (0x00000000eddb9b08) thrown at [/build/java8-openjdk/src/jdk8u-jdk8u92-b14/hotspot/src/share/vm/classfile/systemDictionary.cpp, line 210]
Event: 12.825 Thread 0x00007f7f7800c000 Exception <a 'java/lang/ClassNotFoundException': com/google/common/collect/ListsBeanInfo> (0x00000000ede22bd8) thrown at [/build/java8-openjdk/src/jdk8u-jdk8u92-b14/hotspot/src/share/vm/classfile/systemDictionary.cpp, line 210]
Event: 12.826 Thread 0x00007f7f7800c000 Exception <a 'java/lang/ClassNotFoundException': com/google/common/collect/ListsCustomizer> (0x00000000ede30e28) thrown at [/build/java8-openjdk/src/jdk8u-jdk8u92-b14/hotspot/src/share/vm/classfile/systemDictionary.cpp, line 210]
Event: 16.512 Thread 0x00007f7f7800c000 Implicit null exception at 0x00007f7fc11ff0fd to 0x00007f7fc11ff29d
Event: 18.132 Thread 0x00007f7f7800c000 Implicit null exception at 0x00007f7fc21e8d73 to 0x00007f7fc21e8e01
Event: 18.267 Thread 0x00007f7f7800c000 Implicit null exception at 0x00007f7fc21a1abc to 0x00007f7fc21a1c9d
Event: 18.269 Thread 0x00007f7f7800c000 Implicit null exception at 0x00007f7fc1190f19 to 0x00007f7fc1190f79
Event: 177.190 Thread 0x00007f7f7800c000 Implicit null exception at 0x00007f7fc1583afa to 0x00007f7fc158424d

Events (10 events):
Event: 229.846 loading class com/android/build/gradle/internal/incremental/InstantRunVerifier$3 done
Event: 229.953 loading class com/android/build/gradle/internal/incremental/InstantRunMethodVerifier
Event: 229.956 loading class com/android/build/gradle/internal/incremental/InstantRunMethodVerifier done
Event: 230.014 loading class com/android/build/gradle/internal/incremental/InstantRunMethodVerifier$VerifierMethodVisitor
Event: 230.018 loading class com/android/build/gradle/internal/incremental/InstantRunMethodVerifier$VerifierMethodVisitor done
Event: 230.025 Executing VM operation: Deoptimize
Event: 230.034 Executing VM operation: Deoptimize done
Event: 230.045 loading class com/google/common/collect/ImmutableMultimap
Event: 230.045 loading class com/google/common/collect/ImmutableMultimap done
Event: 230.050 Executing VM operation: ParallelGCFailedAllocation


Dynamic libraries:
00400000-00401000 r-xp 00000000 08:03 3294483                            /usr/lib/jvm/java-8-openjdk/jre/bin/java
00600000-00601000 rw-p 00000000 08:03 3294483                            /usr/lib/jvm/java-8-openjdk/jre/bin/java
01185000-011a6000 rw-p 00000000 00:00 0                                  [heap]
c0000000-c5980000 rw-p 00000000 00:00 0 
c5980000-eab00000 ---p 00000000 00:00 0 
eab00000-f8a80000 rw-p 00000000 00:00 0 
fce00000-100000000 ---p 00000000 00:00 0 
100000000-100720000 rw-p 00000000 00:00 0 
100720000-140000000 ---p 00000000 00:00 0 
7f7f4fd30000-7f7f4fef0000 rw-p 00000000 00:00 0 
7f7f4fef0000-7f7f4ff30000 ---p 00000000 00:00 0 
7f7f4ffda000-7f7f50000000 r--p 00000000 08:03 3147837                    /usr/share/locale/es/LC_MESSAGES/libc.mo
7f7f50000000-7f7f50021000 rw-p 00000000 00:00 0 
7f7f50021000-7f7f54000000 ---p 00000000 00:00 0 
7f7f54000000-7f7f54021000 rw-p 00000000 00:00 0 
7f7f54021000-7f7f58000000 ---p 00000000 00:00 0 
7f7f58000000-7f7f58021000 rw-p 00000000 00:00 0 
7f7f58021000-7f7f5c000000 ---p 00000000 00:00 0 
7f7f5c000000-7f7f5c021000 rw-p 00000000 00:00 0 
7f7f5c021000-7f7f60000000 ---p 00000000 00:00 0 
7f7f60000000-7f7f60021000 rw-p 00000000 00:00 0 
7f7f60021000-7f7f64000000 ---p 00000000 00:00 0 
7f7f64000000-7f7f64021000 rw-p 00000000 00:00 0 
7f7f64021000-7f7f68000000 ---p 00000000 00:00 0 
7f7f68000000-7f7f68021000 rw-p 00000000 00:00 0 
7f7f68021000-7f7f6c000000 ---p 00000000 00:00 0 
7f7f6c000000-7f7f6c021000 rw-p 00000000 00:00 0 
7f7f6c021000-7f7f70000000 ---p 00000000 00:00 0 
7f7f70000000-7f7f70021000 rw-p 00000000 00:00 0 
7f7f70021000-7f7f74000000 ---p 00000000 00:00 0 
7f7f74000000-7f7f75594000 rw-p 00000000 00:00 0 
7f7f75594000-7f7f78000000 ---p 00000000 00:00 0 
7f7f78000000-7f7f78021000 rw-p 00000000 00:00 0 
7f7f78021000-7f7f7c000000 ---p 00000000 00:00 0 
7f7f7c000000-7f7f7c021000 rw-p 00000000 00:00 0 
7f7f7c021000-7f7f80000000 ---p 00000000 00:00 0 
7f7f80000000-7f7f8006e000 rw-p 00000000 00:00 0 
7f7f8006e000-7f7f84000000 ---p 00000000 00:00 0 
7f7f84012000-7f7f84212000 rw-p 00000000 00:00 0 
7f7f84212000-7f7f84412000 rw-p 00000000 00:00 0 
7f7f84412000-7f7f84415000 ---p 00000000 00:00 0 
7f7f84415000-7f7f84513000 rw-p 00000000 00:00 0 
7f7f84513000-7f7f84516000 ---p 00000000 00:00 0 
7f7f84516000-7f7f84614000 rw-p 00000000 00:00 0 
7f7f84614000-7f7f84617000 ---p 00000000 00:00 0 
7f7f84617000-7f7f84715000 rw-p 00000000 00:00 0 
7f7f84715000-7f7f84718000 ---p 00000000 00:00 0 
7f7f84718000-7f7f84816000 rw-p 00000000 00:00 0 
7f7f84816000-7f7f84819000 ---p 00000000 00:00 0 
7f7f84819000-7f7f84b17000 rw-p 00000000 00:00 0 
7f7f84b17000-7f7f84d17000 rw-p 00000000 00:00 0 
7f7f84d17000-7f7f84f17000 rw-p 00000000 00:00 0 
7f7f84f17000-7f7f85117000 rw-p 00000000 00:00 0 
7f7f85117000-7f7f85317000 rw-p 00000000 00:00 0 
7f7f85317000-7f7f8532a000 r--s 00345000 08:03 3286196                    /usr/lib/jvm/java-8-openjdk/jre/lib/resources.jar
7f7f8532a000-7f7f8552a000 rw-p 00000000 00:00 0 
7f7f8552a000-7f7f8572a000 rw-p 00000000 00:00 0 
7f7f8572a000-7f7f8592a000 rw-p 00000000 00:00 0 
7f7f8592a000-7f7f85932000 r-xp 00000000 08:03 3294460                    /usr/lib/jvm/java-8-openjdk/jre/lib/amd64/libmanagement.so
7f7f85932000-7f7f85b32000 ---p 00008000 08:03 3294460                    /usr/lib/jvm/java-8-openjdk/jre/lib/amd64/libmanagement.so
7f7f85b32000-7f7f85b33000 rw-p 00008000 08:03 3294460                    /usr/lib/jvm/java-8-openjdk/jre/lib/amd64/libmanagement.so
7f7f85b33000-7f7f85b35000 r--s 00005000 08:03 6423389                    /home/lifka/.gradle/caches/modules-2/files-2.1/org.abego.treelayout/org.abego.treelayout.core/1.0.1/e31e79cba7a5414cf18fa69f3f0a2cf9ee997b61/org.abego.treelayout.core-1.0.1.jar
7f7f85b35000-7f7f85b3d000 r--s 000a8000 08:03 6423387                    /home/lifka/.gradle/caches/modules-2/files-2.1/com.android.tools.external.lombok/lombok-ast/0.2.3/528b6f8bde3157f17530aa366631f2aad2a6cf9/lombok-ast-0.2.3.jar
7f7f85b3d000-7f7f85b3f000 r--s 0000d000 08:03 6423385                    /home/lifka/.gradle/caches/modules-2/files-2.1/commons-codec/commons-codec/1.4/4216af16d38465bbab0f3dff8efa14204f7a399a/commons-codec-1.4.jar
7f7f85b3f000-7f7f85b41000 r--s 0000d000 08:03 6423383                    /home/lifka/.gradle/caches/modules-2/files-2.1/commons-logging/commons-logging/1.1.1/5043bfebc3db072ed80fbd362e7caf00e885d8ae/commons-logging-1.1.1.jar
7f7f85b41000-7f7f85b46000 r--s 00028000 08:03 6423381                    /home/lifka/.gradle/caches/modules-2/files-2.1/org.apache.httpcomponents/httpcore/4.1/33fc26c02f8043ab0ede19eadc8c9885386b255c/httpcore-4.1.jar
7f7f85b46000-7f7f85b47000 r--s 00004000 08:03 6423379                    /home/lifka/.gradle/caches/modules-2/files-2.1/com.intellij/annotations/12.0/bbcf6448f6d40abe506e2c83b70a3e8bfd2b4539/annotations-12.0.jar
7f7f85b47000-7f7f85b48000 r--s 00002000 08:03 6423377                    /home/lifka/.gradle/caches/modules-2/files-2.1/com.tunnelvisionlabs/antlr4-annotations/4.5/2c5996120a0ac690de575bd8ac36250e6720a6b8/antlr4-annotations-4.5.jar
7f7f85b48000-7f7f85b4f000 r--s 00062000 08:03 6423375                    /home/lifka/.gradle/caches/modules-2/files-2.1/com.tunnelvisionlabs/antlr4-runtime/4.5/5067478827a98f5ab77d9fc577903edc57af3da4/antlr4-runtime-4.5.jar
7f7f85b4f000-7f7f85b50000 r--s 00004000 08:03 6423373                    /home/lifka/.gradle/caches/modules-2/files-2.1/org.ow2.asm/asm-analysis/5.0.3/c7126aded0e8e13fed5f913559a0dd7b770a10f3/asm-analysis-5.0.3.jar
7f7f85b50000-7f7f85b53000 r--s 00030000 08:03 7738860                    /home/lifka/.gradle/caches/modules-2/files-2.1/com.android.tools.lint/lint-api/25.0.0/8712c42021225c49bf0ebfb201fd7decefe6f29d/lint-api-25.0.0.jar
7f7f85b53000-7f7f85b54000 r--s 0000a000 08:03 6423367                    /home/lifka/.gradle/caches/modules-2/files-2.1/net.sf.kxml/kxml2/2.3.0/ccbc77a5fd907ef863c29f3596c6f54ffa4e9442/kxml2-2.3.0.jar
7f7f85b54000-7f7f85b56000 r--s 00005000 08:03 6423365                    /home/lifka/.gradle/caches/modules-2/files-2.1/org.apache.httpcomponents/httpmime/4.1/9ba2dcdf94ce35c8a8e9bff242db0618ca932e92/httpmime-4.1.jar
7f7f85b56000-7f7f85b5e000 r--s 0004e000 08:03 6423363                    /home/lifka/.gradle/caches/modules-2/files-2.1/org.apache.httpcomponents/httpclient/4.1.1/3d1d918f32709e33ba7ddb2c4e8d1c543ebe713e/httpclient-4.1.1.jar
7f7f85b5e000-7f7f85b65000 r--s 00053000 08:03 6423361                    /home/lifka/.gradle/caches/modules-2/files-2.1/org.apache.commons/commons-compress/1.8.1/a698750c16740fd5b3871425f4cb3bbaa87f529d/commons-compress-1.8.1.jar
7f7f85b65000-7f7f85b6a000 r--s 0002a000 08:03 6423359                    /home/lifka/.gradle/caches/modules-2/files-2.1/com.google.code.gson/gson/2.2.4/a60a5e993c98c864010053cb901b7eab25306568/gson-2.2.4.jar
7f7f85b6a000-7f7f85b6e000 r--s 00026000 08:03 7738858                    /home/lifka/.gradle/caches/modules-2/files-2.1/com.android.tools/repository/25.0.0/d2d79f4624784eecff37a36c466b80e016cc7355/repository-25.0.0.jar
7f7f85b6e000-7f7f85b6f000 r--s 00005000 08:03 7738856                    /home/lifka/.gradle/caches/modules-2/files-2.1/com.android.tools/dvlib/25.0.0/8f6be7b762e6701a317de7cc255ebb781903c757/dvlib-25.0.0.jar
7f7f85b6f000-7f7f85b72000 r--s 00013000 08:03 7738854                    /home/lifka/.gradle/caches/modules-2/files-2.1/com.android.tools.layoutlib/layoutlib-api/25.0.0/ceb1cb910307d8e4e832d74019876b0e0eaae0b7/layoutlib-api-25.0.0.jar
7f7f85b72000-7f7f85b76000 r--s 00037000 08:03 6423369                    /home/lifka/.gradle/caches/modules-2/files-2.1/org.antlr/ST4/4.0.8/a1c55e974f8a94d78e2348fa6ff63f4fa1fae64/ST4-4.0.8.jar
7f7f85b76000-7f7f85b79000 r--s 00026000 08:03 6423329                    /home/lifka/.gradle/caches/modules-2/files-2.1/org.antlr/antlr-runtime/3.5.2/cd9cd41361c155f3af0f653009dcecb08d8b4afd/antlr-runtime-3.5.2.jar
7f7f85b79000-7f7f85b7e000 r--s 00058000 08:03 6423353                    /home/lifka/.gradle/caches/modules-2/files-2.1/org.ow2.asm/asm-debug-all/5.0.1/f69b5f7d96cec0d448acf1c1a266584170c9643b/asm-debug-all-5.0.1.jar
7f7f85b7e000-7f7f85b8e000 r--s 000d6000 08:03 6423351                    /home/lifka/.gradle/caches/modules-2/files-2.1/net.sf.proguard/proguard-base/5.2.1/4f61348b4e7c943b85679dcb697f3a5fc3101921/proguard-base-5.2.1.jar
7f7f85b8e000-7f7f85b91000 r--s 00033000 08:03 6423349                    /home/lifka/.gradle/caches/modules-2/files-2.1/com.googlecode.juniversalchardet/juniversalchardet/1.0.3/cd49678784c46aa8789c060538e0154013bb421b/juniversalchardet-1.0.3.jar
7f7f85b91000-7f7f85b95000 r--s 0002a000 08:03 6423347                    /home/lifka/.gradle/caches/modules-2/files-2.1/commons-io/commons-io/2.4/b1b6ea3b7e4aa4f492509a4952029cd8e48019ad/commons-io-2.4.jar
7f7f85b95000-7f7f85b9f000 r--s 00099000 08:03 6423345                    /home/lifka/.gradle/caches/modules-2/files-2.1/com.tunnelvisionlabs/antlr4/4.5/a0e860e317147848e69ac145bc5196901a9993bf/antlr4-4.5.jar
7f7f85b9f000-7f7f85ba0000 r--s 00002000 08:03 7738852                    /home/lifka/.gradle/caches/modules-2/files-2.1/com.android.databinding/baseLibrary/2.0.0/b8b808a164595b20caac1c1f342b475d0036ad21/baseLibrary-2.0.0.jar
7f7f85ba0000-7f7f85bcb000 r--s 001f9000 08:03 6423339                    /home/lifka/.gradle/caches/modules-2/files-2.1/com.google.guava/guava/17.0/9c6ef172e8de35fd8d4d8783e4821e57cdef7445/guava-17.0.jar
7f7f85bcb000-7f7f85bcc000 r--s 00001000 08:03 7738850                    /home/lifka/.gradle/caches/modules-2/files-2.1/com.android.tools/annotations/25.0.0/b6c3d2aeb72bcd7da085563b8050f3b4e8a5d9f6/annotations-25.0.0.jar
7f7f85bcc000-7f7f85bde000 r--s 00223000 08:03 6423335                    /home/lifka/.gradle/caches/modules-2/files-2.1/org.eclipse.jdt.core.compiler/ecj/4.4.2/71d67f5bab9465ec844596ef844f40902ae25392/ecj-4.4.2.jar
7f7f85bde000-7f7f85be5000 r--s 000bd000 08:03 7738848                    /home/lifka/.gradle/caches/modules-2/files-2.1/com.android.tools.lint/lint-checks/25.0.0/dee0ae985f8b59713b0959ed81b586baf56aee2b/lint-checks-25.0.0.jar
7f7f85be5000-7f7f85be7000 r--s 00006000 08:03 6423327                    /home/lifka/.gradle/caches/modules-2/files-2.1/org.ow2.asm/asm-tree/5.0.3/287749b48ba7162fb67c93a026d690b29f410bed/asm-tree-5.0.3.jar
7f7f85be7000-7f7f85c1a000 r--s 00203000 08:03 6423323                    /home/lifka/.gradle/caches/modules-2/files-2.1/org.bouncycastle/bcprov-jdk15on/1.48/960dea7c9181ba0b17e8bab0c06a43f0a5f04e65/bcprov-jdk15on-1.48.jar
7f7f85c1a000-7f7f85c28000 r--s 00081000 08:03 6423321                    /home/lifka/.gradle/caches/modules-2/files-2.1/org.bouncycastle/bcpkix-jdk15on/1.48/28b7614b908a47844bb27e3c94b45b6893656265/bcpkix-jdk15on-1.48.jar
7f7f85c28000-7f7f85c2a000 r--s 00002000 08:03 6423319                    /home/lifka/.gradle/caches/modules-2/files-2.1/com.squareup/javawriter/2.5.0/81241ff7078ef14f42ea2a8995fa09c096256e6b/javawriter-2.5.0.jar
7f7f85c2a000-7f7f85c2b000 r--s 00001000 08:03 6423317                    /home/lifka/.gradle/caches/modules-2/files-2.1/com.android.tools.jill/jill-api/0.9.0/9a83e898b15c853f6c92c74791064ca400cd3f3/jill-api-0.9.0.jar
7f7f85c2b000-7f7f85c2d000 r--s 00002000 08:03 6423315                    /home/lifka/.gradle/caches/modules-2/files-2.1/com.android.tools.jack/jack-api/0.9.0/6b474acfffc1e9d9e03df4ab3579b5fef852ed23/jack-api-0.9.0.jar
7f7f85c2d000-7f7f85c32000 r--s 0004a000 08:03 7738846                    /home/lifka/.gradle/caches/modules-2/files-2.1/com.android.tools.ddms/ddmlib/25.0.0/d4cb81d2c695ce7c8379ac96b074994cc4e2ad90/ddmlib-25.0.0.jar
7f7f85c32000-7f7f85c35000 r--s 00028000 08:03 7738844                    /home/lifka/.gradle/caches/modules-2/files-2.1/com.android.tools.build/manifest-merger/25.0.0/ea47329e8ca610fec2a64859a8b085634d56d127/manifest-merger-25.0.0.jar
7f7f85c35000-7f7f85c37000 r--s 00018000 08:03 7738842                    /home/lifka/.gradle/caches/modules-2/files-2.1/com.android.tools/common/25.0.0/f836bab34da32e94d76aaccf693b893fedd64fe7/common-25.0.0.jar
7f7f85c37000-7f7f85c3f000 r--s 0007c000 08:03 7738840                    /home/lifka/.gradle/caches/modules-2/files-2.1/com.android.tools/sdk-common/25.0.0/21f38d097801ba95c44f1387976aa9f7dee86dd4/sdk-common-25.0.0.jar
7f7f85c3f000-7f7f85c47000 r--s 00078000 08:03 7738838                    /home/lifka/.gradle/caches/modules-2/files-2.1/com.android.tools/sdklib/25.0.0/a7991454e6ab2d31577dd6db2ba8550b699859f8/sdklib-25.0.0.jar
7f7f85c47000-7f7f85c48000 r--s 00002000 08:03 7738836                    /home/lifka/.gradle/caches/modules-2/files-2.1/com.android.tools.build/builder-test-api/2.0.0/a95598c4632f11536645dd69c2f1d5480b35852f/builder-test-api-2.0.0.jar
7f7f85c48000-7f7f85c4a000 r--s 00005000 08:03 7738834                    /home/lifka/.gradle/caches/modules-2/files-2.1/com.android.tools.build/builder-model/2.0.0/bd45ddd08825b473b77ffca5e971a311949f09dc/builder-model-2.0.0.jar
7f7f85c4a000-7f7f85c54000 r--s 00110000 08:03 6423331                    /home/lifka/.gradle/caches/modules-2/files-2.1/org.antlr/antlr/3.5.2/c4a65c950bfc3e7d04309c515b2177c00baf7764/antlr-3.5.2.jar
7f7f85c54000-7f7f85c58000 r--s 0001e000 08:03 6423299                    /home/lifka/.gradle/caches/modules-2/files-2.1/org.jacoco/org.jacoco.core/0.7.4.201502262128/31482f50411a3a5769b6c78fa9b97ba731c205e7/org.jacoco.core-0.7.4.201502262128.jar
7f7f85c58000-7f7f85c59000 r--s 00002000 08:03 6423297                    /home/lifka/.gradle/caches/modules-2/files-2.1/net.sf.proguard/proguard-gradle/5.2.1/5e9956c050fd84fa043517e77c4c0ff175a6b002/proguard-gradle-5.2.1.jar
7f7f85c59000-7f7f85c5b000 r--s 00009000 08:03 7738832                    /home/lifka/.gradle/caches/modules-2/files-2.1/org.ow2.asm/asm-commons/5.0.3/a7111830132c7f87d08fe48cb0ca07630f8cb91c/asm-commons-5.0.3.jar
7f7f85c5b000-7f7f85c5c000 r--s 0000c000 08:03 6423325                    /home/lifka/.gradle/caches/modules-2/files-2.1/org.ow2.asm/asm/5.0.3/dcc2193db20e19e1feca8b1240dbbc4e190824fa/asm-5.0.3.jar
7f7f85c5c000-7f7f85c60000 r--s 0002a000 08:03 7738830                    /home/lifka/.gradle/caches/modules-2/files-2.1/com.android.databinding/compilerCommon/2.0.0/c7bf348cced552230c599f80b825cddc1daf14c7/compilerCommon-2.0.0.jar
7f7f85c60000-7f7f85c61000 r--s 00002000 08:03 7738828                    /home/lifka/.gradle/caches/modules-2/files-2.1/com.android.tools.build/gradle-api/2.0.0/2368ef3bd07dcd23385a0103e098f4e679cc57b7/gradle-api-2.0.0.jar
7f7f85c61000-7f7f85c62000 r--s 00000000 08:03 7738826                    /home/lifka/.gradle/caches/modules-2/files-2.1/com.android.tools.build/transform-api/2.0.0-deprecated-use-gradle-api/85bee1acea9e27152b920746c68133b30b11431/transform-api-2.0.0-deprecated-use-gradle-api.jar
7f7f85c62000-7f7f85c64000 r--s 00023000 08:03 7738824                    /home/lifka/.gradle/caches/modules-2/files-2.1/com.android.tools.lint/lint/25.0.0/8ea2e717c4defab79da2adedc098e5480d67748e/lint-25.0.0.jar
7f7f85c64000-7f7f85c6a000 r--s 00052000 08:03 7738822                    /home/lifka/.gradle/caches/modules-2/files-2.1/com.android.tools.build/builder/2.0.0/1d9282562f95e20b12ada220486f0e30c985b81d/builder-2.0.0.jar
7f7f85c6a000-7f7f85c86000 r--s 00175000 08:03 7738820                    /home/lifka/.gradle/caches/modules-2/files-2.1/com.android.tools.build/gradle-core/2.0.0/abe49085e6741d712aa02daac664f028bd4b47a4/gradle-core-2.0.0.jar
7f7f85c86000-7f7f85c88000 r--s 0000c000 08:03 7738818                    /home/lifka/.gradle/caches/modules-2/files-2.1/com.android.tools.build/gradle/2.0.0/f6d4112bc7372b021b86125b1f3896ef69dbe9c0/gradle-2.0.0.jar
7f7f85c88000-7f7f85e88000 rw-p 00000000 00:00 0 
7f7f85e88000-7f7f86088000 rw-p 00000000 00:00 0 
7f7f86088000-7f7f8608b000 ---p 00000000 00:00 0 
7f7f8608b000-7f7f86189000 rw-p 00000000 00:00 0 
7f7f86189000-7f7f8618c000 ---p 00000000 00:00 0 
7f7f8618c000-7f7f861c2000 rw-p 00000000 00:00 0 
7f7f861c2000-7f7f861c3000 r--p 00000000 00:00 0 
7f7f861c3000-7f7f863c3000 rw-p 00000000 00:00 0 
7f7f863c3000-7f7f865c3000 rw-p 00000000 00:00 0 
7f7f865c3000-7f7f867c3000 rw-p 00000000 00:00 0 
7f7f867c3000-7f7f869c3000 rw-p 00000000 00:00 0 
7f7f869c3000-7f7f86a3c000 r--s 010eb000 08:03 3286372                    /usr/lib/jvm/java-8-openjdk/lib/tools.jar
7f7f86a3c000-7f7f86c3c000 rw-p 00000000 00:00 0 
7f7f86c3c000-7f7f86c3f000 ---p 00000000 00:00 0 
7f7f86c3f000-7f7f86d3d000 rw-p 00000000 00:00 0 
7f7f86d3d000-7f7f86d40000 ---p 00000000 00:00 0 
7f7f86d40000-7f7f86e3e000 rw-p 00000000 00:00 0 
7f7f86e3e000-7f7f86e41000 ---p 00000000 00:00 0 
7f7f86e41000-7f7f86f3f000 rw-p 00000000 00:00 0 
7f7f86f3f000-7f7f86f42000 ---p 00000000 00:00 0 
7f7f86f42000-7f7f87040000 rw-p 00000000 00:00 0 
7f7f87040000-7f7f87043000 ---p 00000000 00:00 0 
7f7f87043000-7f7f87341000 rw-p 00000000 00:00 0 
7f7f87341000-7f7f87344000 ---p 00000000 00:00 0 
7f7f87344000-7f7f87442000 rw-p 00000000 00:00 0 
7f7f87442000-7f7f87446000 r--s 00097000 08:03 3286195                    /usr/lib/jvm/java-8-openjdk/jre/lib/jsse.jar
7f7f87446000-7f7f87448000 r--s 00005000 08:03 8144710                    /home/lifka/.gradle/wrapper/dists/gradle-2.10-all/a4w5fzrkeut1ox71xslb49gst/gradle-2.10/lib/plugins/gradle-tooling-api-builders-2.10.jar
7f7f87448000-7f7f87458000 r--s 00088000 08:03 8144742                    /home/lifka/.gradle/wrapper/dists/gradle-2.10-all/a4w5fzrkeut1ox71xslb49gst/gradle-2.10/lib/plugins/joda-time-2.8.2.jar
7f7f87458000-7f7f87469000 r--s 000cf000 08:03 8144741                    /home/lifka/.gradle/wrapper/dists/gradle-2.10-all/a4w5fzrkeut1ox71xslb49gst/gradle-2.10/lib/plugins/jackson-databind-2.3.2.jar
7f7f87469000-7f7f8746b000 r--s 00007000 08:03 8144740                    /home/lifka/.gradle/wrapper/dists/gradle-2.10-all/a4w5fzrkeut1ox71xslb49gst/gradle-2.10/lib/plugins/jackson-annotations-2.3.2.jar
7f7f8746b000-7f7f8746e000 r--s 0002e000 08:03 8144739                    /home/lifka/.gradle/wrapper/dists/gradle-2.10-all/a4w5fzrkeut1ox71xslb49gst/gradle-2.10/lib/plugins/jackson-core-2.3.2.jar
7f7f8746e000-7f7f87479000 r--s 0006b000 08:03 8144738                    /home/lifka/.gradle/wrapper/dists/gradle-2.10-all/a4w5fzrkeut1ox71xslb49gst/gradle-2.10/lib/plugins/aws-java-sdk-core-1.9.19.jar
7f7f87479000-7f7f8747f000 r--s 00036000 08:03 8144737                    /home/lifka/.gradle/wrapper/dists/gradle-2.10-all/a4w5fzrkeut1ox71xslb49gst/gradle-2.10/lib/plugins/aws-java-sdk-kms-1.9.19.jar
7f7f8747f000-7f7f8748a000 r--s 00079000 08:03 8144736                    /home/lifka/.gradle/wrapper/dists/gradle-2.10-all/a4w5fzrkeut1ox71xslb49gst/gradle-2.10/lib/plugins/aws-java-sdk-s3-1.9.19.jar
7f7f8748a000-7f7f8748b000 r--s 00003000 08:03 8144709                    /home/lifka/.gradle/wrapper/dists/gradle-2.10-all/a4w5fzrkeut1ox71xslb49gst/gradle-2.10/lib/plugins/gradle-resources-s3-2.10.jar
7f7f8748b000-7f7f8748c000 r--s 00004000 08:03 8144708                    /home/lifka/.gradle/wrapper/dists/gradle-2.10-all/a4w5fzrkeut1ox71xslb49gst/gradle-2.10/lib/plugins/gradle-resources-sftp-2.10.jar
7f7f8748c000-7f7f8748d000 r--s 00001000 08:03 8144705                    /home/lifka/.gradle/wrapper/dists/gradle-2.10-all/a4w5fzrkeut1ox71xslb49gst/gradle-2.10/lib/plugins/gradle-plugin-development-2.10.jar
7f7f8748d000-7f7f8748f000 r--s 00005000 08:03 8144704                    /home/lifka/.gradle/wrapper/dists/gradle-2.10-all/a4w5fzrkeut1ox71xslb49gst/gradle-2.10/lib/plugins/gradle-testing-native-2.10.jar
7f7f8748f000-7f7f87494000 r--s 0002b000 08:03 8144703                    /home/lifka/.gradle/wrapper/dists/gradle-2.10-all/a4w5fzrkeut1ox71xslb49gst/gradle-2.10/lib/plugins/gradle-ide-native-2.10.jar
7f7f87494000-7f7f87499000 r--s 0001a000 08:03 8144702                    /home/lifka/.gradle/wrapper/dists/gradle-2.10-all/a4w5fzrkeut1ox71xslb49gst/gradle-2.10/lib/plugins/gradle-language-native-2.10.jar
7f7f87499000-7f7f8749e000 r--s 00028000 08:03 8144701                    /home/lifka/.gradle/wrapper/dists/gradle-2.10-all/a4w5fzrkeut1ox71xslb49gst/gradle-2.10/lib/plugins/gradle-platform-play-2.10.jar
7f7f8749e000-7f7f874ab000 r--s 0004f000 08:03 8144700                    /home/lifka/.gradle/wrapper/dists/gradle-2.10-all/a4w5fzrkeut1ox71xslb49gst/gradle-2.10/lib/plugins/gradle-platform-native-2.10.jar
7f7f874ab000-7f7f874ae000 r--s 00008000 08:03 8144699                    /home/lifka/.gradle/wrapper/dists/gradle-2.10-all/a4w5fzrkeut1ox71xslb49gst/gradle-2.10/lib/plugins/gradle-language-scala-2.10.jar
7f7f874ae000-7f7f874b0000 r--s 00009000 08:03 8144698                    /home/lifka/.gradle/wrapper/dists/gradle-2.10-all/a4w5fzrkeut1ox71xslb49gst/gradle-2.10/lib/plugins/gradle-language-groovy-2.10.jar
7f7f874b0000-7f7f874b6000 r--s 00023000 08:03 8144697                    /home/lifka/.gradle/wrapper/dists/gradle-2.10-all/a4w5fzrkeut1ox71xslb49gst/gradle-2.10/lib/plugins/gradle-language-java-2.10.jar
7f7f874b6000-7f7f874b8000 r--s 00008000 08:03 8144696                    /home/lifka/.gradle/wrapper/dists/gradle-2.10-all/a4w5fzrkeut1ox71xslb49gst/gradle-2.10/lib/plugins/gradle-language-jvm-2.10.jar
7f7f874b8000-7f7f874bb000 r--s 00015000 08:03 8144695                    /home/lifka/.gradle/wrapper/dists/gradle-2.10-all/a4w5fzrkeut1ox71xslb49gst/gradle-2.10/lib/plugins/gradle-platform-jvm-2.10.jar
7f7f874bb000-7f7f874c3000 r--s 0002b000 08:03 8144694                    /home/lifka/.gradle/wrapper/dists/gradle-2.10-all/a4w5fzrkeut1ox71xslb49gst/gradle-2.10/lib/plugins/gradle-platform-base-2.10.jar
7f7f874c3000-7f7f874c7000 r--s 00020000 08:03 8144693                    /home/lifka/.gradle/wrapper/dists/gradle-2.10-all/a4w5fzrkeut1ox71xslb49gst/gradle-2.10/lib/plugins/gradle-build-init-2.10.jar
7f7f874c7000-7f7f874ca000 r--s 00017000 08:03 8144692                    /home/lifka/.gradle/wrapper/dists/gradle-2.10-all/a4w5fzrkeut1ox71xslb49gst/gradle-2.10/lib/plugins/gradle-jacoco-2.10.jar
7f7f874ca000-7f7f874cd000 r--s 0000e000 08:03 8144691                    /home/lifka/.gradle/wrapper/dists/gradle-2.10-all/a4w5fzrkeut1ox71xslb49gst/gradle-2.10/lib/plugins/gradle-ivy-2.10.jar
7f7f874cd000-7f7f874cf000 r--s 00002000 08:03 8144690                    /home/lifka/.gradle/wrapper/dists/gradle-2.10-all/a4w5fzrkeut1ox71xslb49gst/gradle-2.10/lib/plugins/gradle-publish-2.10.jar
7f7f874cf000-7f7f874d1000 r--s 00005000 08:03 8144732                    /home/lifka/.gradle/wrapper/dists/gradle-2.10-all/a4w5fzrkeut1ox71xslb49gst/gradle-2.10/lib/plugins/jatl-0.2.2.jar
7f7f874d1000-7f7f874d3000 r--s 0000f000 08:03 8144689                    /home/lifka/.gradle/wrapper/dists/gradle-2.10-all/a4w5fzrkeut1ox71xslb49gst/gradle-2.10/lib/plugins/gradle-reporting-2.10.jar
7f7f874d3000-7f7f874d9000 r--s 00036000 08:03 8144688                    /home/lifka/.gradle/wrapper/dists/gradle-2.10-all/a4w5fzrkeut1ox71xslb49gst/gradle-2.10/lib/plugins/gradle-diagnostics-2.10.jar
7f7f874d9000-7f7f874e0000 r--s 0008f000 08:03 8144687                    /home/lifka/.gradle/wrapper/dists/gradle-2.10-all/a4w5fzrkeut1ox71xslb49gst/gradle-2.10/lib/plugins/gradle-build-comparison-2.10.jar
7f7f874e0000-7f7f874e7000 r--s 00035000 08:03 8144731                    /home/lifka/.gradle/wrapper/dists/gradle-2.10-all/a4w5fzrkeut1ox71xslb49gst/gradle-2.10/lib/plugins/simple-4.1.21.jar
7f7f874e7000-7f7f874f3000 r--s 00100000 08:03 8144729                    /home/lifka/.gradle/wrapper/dists/gradle-2.10-all/a4w5fzrkeut1ox71xslb49gst/gradle-2.10/lib/plugins/rhino-1.7R3.jar
7f7f874f3000-7f7f874f7000 r--s 0001c000 08:03 8144686                    /home/lifka/.gradle/wrapper/dists/gradle-2.10-all/a4w5fzrkeut1ox71xslb49gst/gradle-2.10/lib/plugins/gradle-javascript-2.10.jar
7f7f874f7000-7f7f874f9000 r--s 0000b000 08:03 8144685                    /home/lifka/.gradle/wrapper/dists/gradle-2.10-all/a4w5fzrkeut1ox71xslb49gst/gradle-2.10/lib/plugins/gradle-ear-2.10.jar
7f7f874f9000-7f7f87500000 r--s 00038000 08:03 8144728                    /home/lifka/.gradle/wrapper/dists/gradle-2.10-all/a4w5fzrkeut1ox71xslb49gst/gradle-2.10/lib/plugins/bcpg-jdk15on-1.51.jar
7f7f87500000-7f7f87502000 r--s 00017000 08:03 8144684                    /home/lifka/.gradle/wrapper/dists/gradle-2.10-all/a4w5fzrkeut1ox71xslb49gst/gradle-2.10/lib/plugins/gradle-signing-2.10.jar
7f7f87502000-7f7f87503000 r--s 00002000 08:03 8144727                    /home/lifka/.gradle/wrapper/dists/gradle-2.10-all/a4w5fzrkeut1ox71xslb49gst/gradle-2.10/lib/plugins/sonar-batch-bootstrapper-2.9.jar
7f7f87503000-7f7f87506000 r--s 00015000 08:03 8144683                    /home/lifka/.gradle/wrapper/dists/gradle-2.10-all/a4w5fzrkeut1ox71xslb49gst/gradle-2.10/lib/plugins/gradle-sonar-2.10.jar
7f7f87506000-7f7f87509000 r--s 00010000 08:03 8144682                    /home/lifka/.gradle/wrapper/dists/gradle-2.10-all/a4w5fzrkeut1ox71xslb49gst/gradle-2.10/lib/plugins/gradle-scala-2.10.jar
7f7f87509000-7f7f8750b000 r--s 0000a000 08:03 8144681                    /home/lifka/.gradle/wrapper/dists/gradle-2.10-all/a4w5fzrkeut1ox71xslb49gst/gradle-2.10/lib/plugins/gradle-announce-2.10.jar
7f7f8750b000-7f7f8751a000 r--s 0009f000 08:03 8144680                    /home/lifka/.gradle/wrapper/dists/gradle-2.10-all/a4w5fzrkeut1ox71xslb49gst/gradle-2.10/lib/plugins/gradle-ide-2.10.jar
7f7f8751a000-7f7f8751d000 r--s 0000c000 08:03 8144726                    /home/lifka/.gradle/wrapper/dists/gradle-2.10-all/a4w5fzrkeut1ox71xslb49gst/gradle-2.10/lib/plugins/pmaven-groovy-0.8-20100325.jar
7f7f8751d000-7f7f8751e000 r--s 00004000 08:03 8144725                    /home/lifka/.gradle/wrapper/dists/gradle-2.10-all/a4w5fzrkeut1ox71xslb49gst/gradle-2.10/lib/plugins/pmaven-common-0.8-20100325.jar
7f7f8751e000-7f7f87524000 r--s 00022000 08:03 8144679                    /home/lifka/.gradle/wrapper/dists/gradle-2.10-all/a4w5fzrkeut1ox71xslb49gst/gradle-2.10/lib/plugins/gradle-maven-2.10.jar
7f7f87524000-7f7f87545000 r--s 001c3000 08:03 8144723                    /home/lifka/.gradle/wrapper/dists/gradle-2.10-all/a4w5fzrkeut1ox71xslb49gst/gradle-2.10/lib/plugins/bndlib-2.4.0.jar
7f7f87545000-7f7f87547000 r--s 00004000 08:03 8144678                    /home/lifka/.gradle/wrapper/dists/gradle-2.10-all/a4w5fzrkeut1ox71xslb49gst/gradle-2.10/lib/plugins/gradle-osgi-2.10.jar
7f7f87547000-7f7f87549000 r--s 00008000 08:03 8144677                    /home/lifka/.gradle/wrapper/dists/gradle-2.10-all/a4w5fzrkeut1ox71xslb49gst/gradle-2.10/lib/plugins/gradle-antlr-2.10.jar
7f7f87549000-7f7f8754c000 r--s 0001e000 08:03 8144751                    /home/lifka/.gradle/wrapper/dists/gradle-2.10-all/a4w5fzrkeut1ox71xslb49gst/gradle-2.10/lib/plugins/jsp-api-2.1-6.1.14.jar
7f7f8754c000-7f7f8756f000 r--s 00344000 08:03 8144750                    /home/lifka/.gradle/wrapper/dists/gradle-2.10-all/a4w5fzrkeut1ox71xslb49gst/gradle-2.10/lib/plugins/core-3.1.1.jar
7f7f8756f000-7f7f87570000 r--s 00006000 08:03 8144749                    /home/lifka/.gradle/wrapper/dists/gradle-2.10-all/a4w5fzrkeut1ox71xslb49gst/gradle-2.10/lib/plugins/jetty-naming-6.1.25.jar
7f7f87570000-7f7f87571000 r--s 00002000 08:03 8144722                    /home/lifka/.gradle/wrapper/dists/gradle-2.10-all/a4w5fzrkeut1ox71xslb49gst/gradle-2.10/lib/plugins/geronimo-annotation_1.0_spec-1.0.jar
7f7f87571000-7f7f87573000 r--s 00002000 08:03 8144721                    /home/lifka/.gradle/wrapper/dists/gradle-2.10-all/a4w5fzrkeut1ox71xslb49gst/gradle-2.10/lib/plugins/jetty-annotations-6.1.25.jar
7f7f87573000-7f7f87584000 r--s 000ea000 08:03 8144720                    /home/lifka/.gradle/wrapper/dists/gradle-2.10-all/a4w5fzrkeut1ox71xslb49gst/gradle-2.10/lib/plugins/jsp-2.1-6.1.14.jar
7f7f87584000-7f7f87586000 r--s 0000d000 08:03 8144719                    /home/lifka/.gradle/wrapper/dists/gradle-2.10-all/a4w5fzrkeut1ox71xslb49gst/gradle-2.10/lib/plugins/jetty-plus-6.1.25.jar
7f7f87586000-7f7f87588000 r--s 0001f000 08:03 8144718                    /home/lifka/.gradle/wrapper/dists/gradle-2.10-all/a4w5fzrkeut1ox71xslb49gst/gradle-2.10/lib/plugins/servlet-api-2.5-20081211.jar
7f7f87588000-7f7f8758c000 r--s 00028000 08:03 8144717                    /home/lifka/.gradle/wrapper/dists/gradle-2.10-all/a4w5fzrkeut1ox71xslb49gst/gradle-2.10/lib/plugins/jetty-util-6.1.25.jar
7f7f8758c000-7f7f87593000 r--s 0007d000 08:03 8144716                    /home/lifka/.gradle/wrapper/dists/gradle-2.10-all/a4w5fzrkeut1ox71xslb49gst/gradle-2.10/lib/plugins/jetty-6.1.25.jar
7f7f87593000-7f7f87595000 r--s 00009000 08:03 8144676                    /home/lifka/.gradle/wrapper/dists/gradle-2.10-all/a4w5fzrkeut1ox71xslb49gst/gradle-2.10/lib/plugins/gradle-jetty-2.10.jar
7f7f87595000-7f7f8759b000 r--s 00037000 08:03 8144675                    /home/lifka/.gradle/wrapper/dists/gradle-2.10-all/a4w5fzrkeut1ox71xslb49gst/gradle-2.10/lib/plugins/gradle-code-quality-2.10.jar
7f7f8759b000-7f7f8759d000 r--s 00009000 08:03 8144781                    /home/lifka/.gradle/wrapper/dists/gradle-2.10-all/a4w5fzrkeut1ox71xslb49gst/gradle-2.10/lib/plugins/hamcrest-core-1.3.jar
7f7f8759d000-7f7f875a3000 r--s 00033000 08:03 8144748                    /home/lifka/.gradle/wrapper/dists/gradle-2.10-all/a4w5fzrkeut1ox71xslb49gst/gradle-2.10/lib/plugins/snakeyaml-1.6.jar
7f7f875a3000-7f7f875a5000 r--s 00006000 08:03 8144747                    /home/lifka/.gradle/wrapper/dists/gradle-2.10-all/a4w5fzrkeut1ox71xslb49gst/gradle-2.10/lib/plugins/jcommander-1.12.jar
7f7f875a5000-7f7f875aa000 r--s 00040000 08:03 8144746                    /home/lifka/.gradle/wrapper/dists/gradle-2.10-all/a4w5fzrkeut1ox71xslb49gst/gradle-2.10/lib/plugins/bsh-2.0b4.jar
7f7f875aa000-7f7f875ac000 r--s 00009000 08:03 8144715                    /home/lifka/.gradle/wrapper/dists/gradle-2.10-all/a4w5fzrkeut1ox71xslb49gst/gradle-2.10/lib/plugins/commons-cli-1.2.jar
7f7f875ac000-7f7f875b5000 r--s 00089000 08:03 8144714                    /home/lifka/.gradle/wrapper/dists/gradle-2.10-all/a4w5fzrkeut1ox71xslb49gst/gradle-2.10/lib/plugins/testng-6.3.1.jar
7f7f875b5000-7f7f875bd000 r--s 00045000 08:03 8144713                    /home/lifka/.gradle/wrapper/dists/gradle-2.10-all/a4w5fzrkeut1ox71xslb49gst/gradle-2.10/lib/plugins/junit-4.12.jar
7f7f875bd000-7f7f875ca000 r--s 00073000 08:03 8144674                    /home/lifka/.gradle/wrapper/dists/gradle-2.10-all/a4w5fzrkeut1ox71xslb49gst/gradle-2.10/lib/plugins/gradle-plugins-2.10.jar
7f7f875ca000-7f7f875e2000 r--s 00115000 08:03 8144779                    /home/lifka/.gradle/wrapper/dists/gradle-2.10-all/a4w5fzrkeut1ox71xslb49gst/gradle-2.10/lib/plugins/xercesImpl-2.9.1.jar
7f7f875e2000-7f7f875ea000 r--s 00028000 08:03 8144780                    /home/lifka/.gradle/wrapper/dists/gradle-2.10-all/a4w5fzrkeut1ox71xslb49gst/gradle-2.10/lib/plugins/xml-apis-1.3.04.jar
7f7f875ea000-7f7f875f0000 r--s 0005b000 08:03 8144778                    /home/lifka/.gradle/wrapper/dists/gradle-2.10-all/a4w5fzrkeut1ox71xslb49gst/gradle-2.10/lib/plugins/jcifs-1.3.17.jar
7f7f875f0000-7f7f875f6000 r--s 00031000 08:03 8144777                    /home/lifka/.gradle/wrapper/dists/gradle-2.10-all/a4w5fzrkeut1ox71xslb49gst/gradle-2.10/lib/plugins/httpcore-4.2.2.jar
7f7f875f6000-7f7f875fc000 r--s 00033000 08:03 8144776                    /home/lifka/.gradle/wrapper/dists/gradle-2.10-all/a4w5fzrkeut1ox71xslb49gst/gradle-2.10/lib/plugins/commons-codec-1.6.jar
7f7f875fc000-7f7f875ff000 r--s 0001c000 08:03 8144734                    /home/lifka/.gradle/wrapper/dists/gradle-2.10-all/a4w5fzrkeut1ox71xslb49gst/gradle-2.10/lib/plugins/nekohtml-1.9.14.jar
7f7f875ff000-7f7f87608000 r--s 00060000 08:03 8144733                    /home/lifka/.gradle/wrapper/dists/gradle-2.10-all/a4w5fzrkeut1ox71xslb49gst/gradle-2.10/lib/plugins/httpclient-4.2.2.jar
7f7f87608000-7f7f8760a000 r--s 00009000 08:03 8144707                    /home/lifka/.gradle/wrapper/dists/gradle-2.10-all/a4w5fzrkeut1ox71xslb49gst/gradle-2.10/lib/plugins/gradle-resources-http-2.10.jar
7f7f8760a000-7f7f8760d000 r--s 00011000 08:03 8144706                    /home/lifka/.gradle/wrapper/dists/gradle-2.10-all/a4w5fzrkeut1ox71xslb49gst/gradle-2.10/lib/plugins/gradle-plugin-use-2.10.jar
7f7f8760d000-7f7f8760e000 r--s 00007000 08:03 8144775                    /home/lifka/.gradle/wrapper/dists/gradle-2.10-all/a4w5fzrkeut1ox71xslb49gst/gradle-2.10/lib/plugins/wagon-http-shared4-2.4.jar
7f7f8760e000-7f7f87612000 r--s 00033000 08:03 8144774                    /home/lifka/.gradle/wrapper/dists/gradle-2.10-all/a4w5fzrkeut1ox71xslb49gst/gradle-2.10/lib/plugins/plexus-utils-2.0.6.jar
7f7f87612000-7f7f87616000 r--s 00021000 08:03 8144773                    /home/lifka/.gradle/wrapper/dists/gradle-2.10-all/a4w5fzrkeut1ox71xslb49gst/gradle-2.10/lib/plugins/maven-model-builder-3.0.4.jar
7f7f87616000-7f7f87617000 r--s 00002000 08:03 8144772                    /home/lifka/.gradle/wrapper/dists/gradle-2.10-all/a4w5fzrkeut1ox71xslb49gst/gradle-2.10/lib/plugins/wagon-file-2.4.jar
7f7f87617000-7f7f87619000 r--s 00002000 08:03 8144771                    /home/lifka/.gradle/wrapper/dists/gradle-2.10-all/a4w5fzrkeut1ox71xslb49gst/gradle-2.10/lib/plugins/plexus-cipher-1.7.jar
7f7f87619000-7f7f8761c000 r--s 00013000 08:03 8144770                    /home/lifka/.gradle/wrapper/dists/gradle-2.10-all/a4w5fzrkeut1ox71xslb49gst/gradle-2.10/lib/plugins/aether-api-1.13.1.jar
7f7f8761c000-7f7f8761e000 r--s 0000a000 08:03 8144769                    /home/lifka/.gradle/wrapper/dists/gradle-2.10-all/a4w5fzrkeut1ox71xslb49gst/gradle-2.10/lib/plugins/maven-settings-3.0.4.jar
7f7f8761e000-7f7f87620000 r--s 0000d000 08:03 8144768                    /home/lifka/.gradle/wrapper/dists/gradle-2.10-all/a4w5fzrkeut1ox71xslb49gst/gradle-2.10/lib/plugins/plexus-interpolation-1.14.jar
7f7f87620000-7f7f87622000 r--s 0000b000 08:03 8144767                    /home/lifka/.gradle/wrapper/dists/gradle-2.10-all/a4w5fzrkeut1ox71xslb49gst/gradle-2.10/lib/plugins/maven-artifact-3.0.4.jar
7f7f87622000-7f7f87629000 r--s 0002e000 08:03 8144766                    /home/lifka/.gradle/wrapper/dists/gradle-2.10-all/a4w5fzrkeut1ox71xslb49gst/gradle-2.10/lib/plugins/plexus-container-default-1.5.5.jar
7f7f87629000-7f7f8762b000 r--s 0000b000 08:03 8144765                    /home/lifka/.gradle/wrapper/dists/gradle-2.10-all/a4w5fzrkeut1ox71xslb49gst/gradle-2.10/lib/plugins/maven-plugin-api-3.0.4.jar
7f7f8762b000-7f7f8762d000 r--s 00000000 08:03 8144782                    /home/lifka/.gradle/wrapper/dists/gradle-2.10-all/a4w5fzrkeut1ox71xslb49gst/gradle-2.10/lib/plugins/plexus-component-annotations-1.5.5.jar
7f7f8762d000-7f7f87633000 r--s 0003f000 08:03 8144764                    /home/lifka/.gradle/wrapper/dists/gradle-2.10-all/a4w5fzrkeut1ox71xslb49gst/gradle-2.10/lib/plugins/maven-compat-3.0.4.jar
7f7f87633000-7f7f87636000 r--s 00008000 08:03 8144763                    /home/lifka/.gradle/wrapper/dists/gradle-2.10-all/a4w5fzrkeut1ox71xslb49gst/gradle-2.10/lib/plugins/maven-settings-builder-3.0.4.jar
7f7f87636000-7f7f87638000 r--s 00026000 08:03 8144761                    /home/lifka/.gradle/wrapper/dists/gradle-2.10-all/a4w5fzrkeut1ox71xslb49gst/gradle-2.10/lib/plugins/maven-model-3.0.4.jar
7f7f87638000-7f7f8763a000 r--s 00006000 08:03 8144760                    /home/lifka/.gradle/wrapper/dists/gradle-2.10-all/a4w5fzrkeut1ox71xslb49gst/gradle-2.10/lib/plugins/aether-connector-wagon-1.13.1.jar
7f7f8763a000-7f7f8763c000 r--s 0000a000 08:03 8144759                    /home/lifka/.gradle/wrapper/dists/gradle-2.10-all/a4w5fzrkeut1ox71xslb49gst/gradle-2.10/lib/plugins/plexus-classworlds-2.4.jar
7f7f8763c000-7f7f8763e000 r--s 00006000 08:03 8144758                    /home/lifka/.gradle/wrapper/dists/gradle-2.10-all/a4w5fzrkeut1ox71xslb49gst/gradle-2.10/lib/plugins/maven-repository-metadata-3.0.4.jar
7f7f8763e000-7f7f87640000 r--s 0000c000 08:03 8144757                    /home/lifka/.gradle/wrapper/dists/gradle-2.10-all/a4w5fzrkeut1ox71xslb49gst/gradle-2.10/lib/plugins/maven-aether-provider-3.0.4.jar
7f7f87640000-7f7f87642000 r--s 0000b000 08:03 8144756                    /home/lifka/.gradle/wrapper/dists/gradle-2.10-all/a4w5fzrkeut1ox71xslb49gst/gradle-2.10/lib/plugins/wagon-provider-api-2.4.jar
7f7f87642000-7f7f87646000 r--s 0001c000 08:03 8144754                    /home/lifka/.gradle/wrapper/dists/gradle-2.10-all/a4w5fzrkeut1ox71xslb49gst/gradle-2.10/lib/plugins/aether-util-1.13.1.jar
7f7f87646000-7f7f87649000 r--s 0001d000 08:03 8144753                    /home/lifka/.gradle/wrapper/dists/gradle-2.10-all/a4w5fzrkeut1ox71xslb49gst/gradle-2.10/lib/plugins/aether-impl-1.13.1.jar
7f7f87649000-7f7f8764e000 r--s 00040000 08:03 8144735                    /home/lifka/.gradle/wrapper/dists/gradle-2.10-all/a4w5fzrkeut1ox71xslb49gst/gradle-2.10/lib/plugins/jsch-0.1.53.jar
7f7f8764e000-7f7f87664000 r-xp 00000000 08:03 3149246                    /usr/lib/libgcc_s.so.1
7f7f87664000-7f7f87863000 ---p 00016000 08:03 3149246                    /usr/lib/libgcc_s.so.1
7f7f87863000-7f7f87864000 rw-p 00015000 08:03 3149246                    /usr/lib/libgcc_s.so.1
7f7f87864000-7f7f879dc000 r-xp 00000000 08:03 3149287                    /usr/lib/libstdc++.so.6.0.22
7f7f879dc000-7f7f87bdb000 ---p 00178000 08:03 3149287                    /usr/lib/libstdc++.so.6.0.22
7f7f87bdb000-7f7f87be5000 r--p 00177000 08:03 3149287                    /usr/lib/libstdc++.so.6.0.22
7f7f87be5000-7f7f87be7000 rw-p 00181000 08:03 3149287                    /usr/lib/libstdc++.so.6.0.22
7f7f87be7000-7f7f87beb000 rw-p 00000000 00:00 0 
7f7f87beb000-7f7f87bef000 r-xp 00000000 08:03 5771437                    /home/lifka/.gradle/native/19/linux-amd64/libnative-platform.so
7f7f87bef000-7f7f87dee000 ---p 00004000 08:03 5771437                    /home/lifka/.gradle/native/19/linux-amd64/libnative-platform.so
7f7f87dee000-7f7f87def000 rw-p 00003000 08:03 5771437                    /home/lifka/.gradle/native/19/linux-amd64/libnative-platform.so
7f7f87def000-7f7f87e00000 r-xp 00000000 08:03 3294464                    /usr/lib/jvm/java-8-openjdk/jre/lib/amd64/libnio.so
7f7f87e00000-7f7f87fff000 ---p 00011000 08:03 3294464                    /usr/lib/jvm/java-8-openjdk/jre/lib/amd64/libnio.so
7f7f87fff000-7f7f88000000 rw-p 00010000 08:03 3294464                    /usr/lib/jvm/java-8-openjdk/jre/lib/amd64/libnio.so
7f7f88000000-7f7f88021000 rw-p 00000000 00:00 0 
7f7f88021000-7f7f8c000000 ---p 00000000 00:00 0 
7f7f8c000000-7f7f8c021000 rw-p 00000000 00:00 0 
7f7f8c021000-7f7f90000000 ---p 00000000 00:00 0 
7f7f90000000-7f7f92042000 rw-p 00000000 00:00 0 
7f7f92042000-7f7f94000000 ---p 00000000 00:00 0 
7f7f94000000-7f7f94e78000 rw-p 00000000 00:00 0 
7f7f94e78000-7f7f98000000 ---p 00000000 00:00 0 
7f7f98000000-7f7f98021000 rw-p 00000000 00:00 0 
7f7f98021000-7f7f9c000000 ---p 00000000 00:00 0 
7f7f9c000000-7f7f9db64000 rw-p 00000000 00:00 0 
7f7f9db64000-7f7fa0000000 ---p 00000000 00:00 0 
7f7fa0000000-7f7fa0021000 rw-p 00000000 00:00 0 
7f7fa0021000-7f7fa4000000 ---p 00000000 00:00 0 
7f7fa4000000-7f7fa4021000 rw-p 00000000 00:00 0 
7f7fa4021000-7f7fa8000000 ---p 00000000 00:00 0 
7f7fa8000000-7f7fa8044000 rw-p 00000000 00:00 0 
7f7fa8044000-7f7fac000000 ---p 00000000 00:00 0 
7f7fac000000-7f7fac021000 rw-p 00000000 00:00 0 
7f7fac021000-7f7fb0000000 ---p 00000000 00:00 0 
7f7fb0000000-7f7fb0001000 r--s 00002000 08:03 8144762                    /home/lifka/.gradle/wrapper/dists/gradle-2.10-all/a4w5fzrkeut1ox71xslb49gst/gradle-2.10/lib/plugins/wagon-http-2.4.jar
7f7fb0001000-7f7fb0002000 r--s 00003000 08:03 8144755                    /home/lifka/.gradle/wrapper/dists/gradle-2.10-all/a4w5fzrkeut1ox71xslb49gst/gradle-2.10/lib/plugins/aether-spi-1.13.1.jar
7f7fb0002000-7f7fb0003000 r--s 00006000 08:03 8144752                    /home/lifka/.gradle/wrapper/dists/gradle-2.10-all/a4w5fzrkeut1ox71xslb49gst/gradle-2.10/lib/plugins/plexus-sec-dispatcher-1.3.jar
7f7fb0003000-7f7fb0043000 r--s 00277000 08:03 8144745                    /home/lifka/.gradle/wrapper/dists/gradle-2.10-all/a4w5fzrkeut1ox71xslb49gst/gradle-2.10/lib/plugins/bcprov-jdk15on-1.51.jar
7f7fb0043000-7f7fb0047000 r--s 0001d000 08:03 8144744                    /home/lifka/.gradle/wrapper/dists/gradle-2.10-all/a4w5fzrkeut1ox71xslb49gst/gradle-2.10/lib/plugins/xbean-reflect-3.4.jar
7f7fb0047000-7f7fb0053000 r--s 0007d000 08:03 8144724                    /home/lifka/.gradle/wrapper/dists/gradle-2.10-all/a4w5fzrkeut1ox71xslb49gst/gradle-2.10/lib/plugins/maven-core-3.0.4.jar
7f7fb0053000-7f7fb0058000 r--s 0002a000 08:03 8144730                    /home/lifka/.gradle/wrapper/dists/gradle-2.10-all/a4w5fzrkeut1ox71xslb49gst/gradle-2.10/lib/plugins/gson-2.2.4.jar
7f7fb0058000-7f7fb0067000 r--s 000d9000 08:03 8144743                    /home/lifka/.gradle/wrapper/dists/gradle-2.10-all/a4w5fzrkeut1ox71xslb49gst/gradle-2.10/lib/plugins/ivy-2.2.0.jar
7f7fb0067000-7f7fb0083000 r--s 000c9000 08:03 8144711                    /home/lifka/.gradle/wrapper/dists/gradle-2.10-all/a4w5fzrkeut1ox71xslb49gst/gradle-2.10/lib/plugins/gradle-dependency-management-2.10.jar
7f7fb0083000-7f7fb00b4000 rw-p 00000000 00:00 0 
7f7fb00b4000-7f7fb00ca000 r-xp 00000000 08:03 3286439                    /usr/lib/jvm/java-8-openjdk/jre/lib/amd64/libnet.so
7f7fb00ca000-7f7fb02ca000 ---p 00016000 08:03 3286439                    /usr/lib/jvm/java-8-openjdk/jre/lib/amd64/libnet.so
7f7fb02ca000-7f7fb02cb000 rw-p 00016000 08:03 3286439                    /usr/lib/jvm/java-8-openjdk/jre/lib/amd64/libnet.so
7f7fb02cb000-7f7fb02cc000 r--s 00006000 08:03 8010937                    /home/lifka/.gradle/wrapper/dists/gradle-2.10-all/a4w5fzrkeut1ox71xslb49gst/gradle-2.10/lib/gradle-wrapper-2.10.jar
7f7fb02cc000-7f7fb02d7000 r--s 0003b000 08:03 8010955                    /home/lifka/.gradle/wrapper/dists/gradle-2.10-all/a4w5fzrkeut1ox71xslb49gst/gradle-2.10/lib/gradle-tooling-api-2.10.jar
7f7fb02d7000-7f7fb02d9000 r--s 00002000 08:03 8010989                    /home/lifka/.gradle/wrapper/dists/gradle-2.10-all/a4w5fzrkeut1ox71xslb49gst/gradle-2.10/lib/gradle-open-api-2.10.jar
7f7fb02d9000-7f7fb02df000 r--s 00032000 08:03 8010991                    /home/lifka/.gradle/wrapper/dists/gradle-2.10-all/a4w5fzrkeut1ox71xslb49gst/gradle-2.10/lib/jaxen-1.1.jar
7f7fb02df000-7f7fb02e4000 r--s 00048000 08:03 8010990                    /home/lifka/.gradle/wrapper/dists/gradle-2.10-all/a4w5fzrkeut1ox71xslb49gst/gradle-2.10/lib/dom4j-1.6.1.jar
7f7fb02e4000-7f7fb02ef000 r--s 00059000 08:03 8010947                    /home/lifka/.gradle/wrapper/dists/gradle-2.10-all/a4w5fzrkeut1ox71xslb49gst/gradle-2.10/lib/gradle-ui-2.10.jar
7f7fb02ef000-7f7fb02f2000 r--s 00008000 08:03 8010985                    /home/lifka/.gradle/wrapper/dists/gradle-2.10-all/a4w5fzrkeut1ox71xslb49gst/gradle-2.10/lib/gradle-resources-2.10.jar
7f7fb02f2000-7f7fb02f4000 r--s 00007000 08:03 8011007                    /home/lifka/.gradle/wrapper/dists/gradle-2.10-all/a4w5fzrkeut1ox71xslb49gst/gradle-2.10/lib/objenesis-1.2.jar
7f7fb02f4000-7f7fb02f6000 r--s 00000000 08:03 8011006                    /home/lifka/.gradle/wrapper/dists/gradle-2.10-all/a4w5fzrkeut1ox71xslb49gst/gradle-2.10/lib/minlog-1.2.jar
7f7fb02f6000-7f7fb02f8000 r--s 0000f000 08:03 8011005                    /home/lifka/.gradle/wrapper/dists/gradle-2.10-all/a4w5fzrkeut1ox71xslb49gst/gradle-2.10/lib/reflectasm-1.07-shaded.jar
7f7fb02f8000-7f7fb02fc000 r--s 00026000 08:03 8010996                    /home/lifka/.gradle/wrapper/dists/gradle-2.10-all/a4w5fzrkeut1ox71xslb49gst/gradle-2.10/lib/kryo-2.20.jar
7f7fb02fc000-7f7fb0305000 r--s 0003f000 08:03 8010984                    /home/lifka/.gradle/wrapper/dists/gradle-2.10-all/a4w5fzrkeut1ox71xslb49gst/gradle-2.10/lib/gradle-messaging-2.10.jar
7f7fb0305000-7f7fb0306000 r--s 00003000 08:03 8011004                    /home/lifka/.gradle/wrapper/dists/gradle-2.10-all/a4w5fzrkeut1ox71xslb49gst/gradle-2.10/lib/native-platform-freebsd-amd64-0.10.jar
7f7fb0306000-7f7fb0307000 r--s 00003000 08:03 8011003                    /home/lifka/.gradle/wrapper/dists/gradle-2.10-all/a4w5fzrkeut1ox71xslb49gst/gradle-2.10/lib/native-platform-freebsd-i386-0.10.jar
7f7fb0307000-7f7fb0308000 r--s 00005000 08:03 8011002                    /home/lifka/.gradle/wrapper/dists/gradle-2.10-all/a4w5fzrkeut1ox71xslb49gst/gradle-2.10/lib/native-platform-windows-i386-0.10.jar
7f7fb0308000-7f7fb0309000 r--s 00005000 08:03 8011001                    /home/lifka/.gradle/wrapper/dists/gradle-2.10-all/a4w5fzrkeut1ox71xslb49gst/gradle-2.10/lib/native-platform-windows-amd64-0.10.jar
7f7fb0309000-7f7fb030a000 r--s 00003000 08:03 8011000                    /home/lifka/.gradle/wrapper/dists/gradle-2.10-all/a4w5fzrkeut1ox71xslb49gst/gradle-2.10/lib/native-platform-linux-i386-0.10.jar
7f7fb030a000-7f7fb030b000 r--s 00003000 08:03 8010999                    /home/lifka/.gradle/wrapper/dists/gradle-2.10-all/a4w5fzrkeut1ox71xslb49gst/gradle-2.10/lib/native-platform-linux-amd64-0.10.jar
7f7fb030b000-7f7fb030c000 r--s 00002000 08:03 8010998                    /home/lifka/.gradle/wrapper/dists/gradle-2.10-all/a4w5fzrkeut1ox71xslb49gst/gradle-2.10/lib/native-platform-osx-amd64-0.10.jar
7f7fb030c000-7f7fb030d000 r--s 00002000 08:03 8010997                    /home/lifka/.gradle/wrapper/dists/gradle-2.10-all/a4w5fzrkeut1ox71xslb49gst/gradle-2.10/lib/native-platform-osx-i386-0.10.jar
7f7fb030d000-7f7fb030f000 r--s 00008000 08:03 8010994                    /home/lifka/.gradle/wrapper/dists/gradle-2.10-all/a4w5fzrkeut1ox71xslb49gst/gradle-2.10/lib/jansi-1.2.1.jar
7f7fb030f000-7f7fb0312000 r--s 0000d000 08:03 8010993                    /home/lifka/.gradle/wrapper/dists/gradle-2.10-all/a4w5fzrkeut1ox71xslb49gst/gradle-2.10/lib/native-platform-0.10.jar
7f7fb0312000-7f7fb0316000 r--s 000e4000 08:03 8010992                    /home/lifka/.gradle/wrapper/dists/gradle-2.10-all/a4w5fzrkeut1ox71xslb49gst/gradle-2.10/lib/jna-3.2.7.jar
7f7fb0316000-7f7fb0318000 r--s 00008000 08:03 8010960                    /home/lifka/.gradle/wrapper/dists/gradle-2.10-all/a4w5fzrkeut1ox71xslb49gst/gradle-2.10/lib/gradle-native-2.10.jar
7f7fb0318000-7f7fb031a000 r--s 00005000 08:03 8010946                    /home/lifka/.gradle/wrapper/dists/gradle-2.10-all/a4w5fzrkeut1ox71xslb49gst/gradle-2.10/lib/gradle-cli-2.10.jar
7f7fb031a000-7f7fb031b000 r--s 00007000 08:03 8010969                    /home/lifka/.gradle/wrapper/dists/gradle-2.10-all/a4w5fzrkeut1ox71xslb49gst/gradle-2.10/lib/gradle-model-groovy-2.10.jar
7f7fb031b000-7f7fb031d000 r--s 00005000 08:03 8010983                    /home/lifka/.gradle/wrapper/dists/gradle-2.10-all/a4w5fzrkeut1ox71xslb49gst/gradle-2.10/lib/gradle-base-services-groovy-2.10.jar
7f7fb031d000-7f7fb032a000 r--s 00073000 08:03 8010966                    /home/lifka/.gradle/wrapper/dists/gradle-2.10-all/a4w5fzrkeut1ox71xslb49gst/gradle-2.10/lib/gradle-model-core-2.10.jar
7f7fb032a000-7f7fb032b000 r--s 00000000 08:03 8010986                    /home/lifka/.gradle/wrapper/dists/gradle-2.10-all/a4w5fzrkeut1ox71xslb49gst/gradle-2.10/lib/gradle-docs-2.10.jar
7f7fb032b000-7f7fb032d000 r--s 00003000 08:03 8010988                    /home/lifka/.gradle/wrapper/dists/gradle-2.10-all/a4w5fzrkeut1ox71xslb49gst/gradle-2.10/lib/jcl-over-slf4j-1.7.10.jar
7f7fb032d000-7f7fb033b000 r--s 0007f000 08:03 8010977                    /home/lifka/.gradle/wrapper/dists/gradle-2.10-all/a4w5fzrkeut1ox71xslb49gst/gradle-2.10/lib/commons-collections-3.2.1.jar
7f7fb033b000-7f7fb0340000 r--s 00036000 08:03 8010970                    /home/lifka/.gradle/wrapper/dists/gradle-2.10-all/a4w5fzrkeut1ox71xslb49gst/gradle-2.10/lib/asm-all-5.0.3.jar
7f7fb0340000-7f7fb03af000 r--s 0063e000 08:03 8010964                    /home/lifka/.gradle/wrapper/dists/gradle-2.10-all/a4w5fzrkeut1ox71xslb49gst/gradle-2.10/lib/groovy-all-2.4.4.jar
7f7fb03af000-7f7fb03b4000 r--s 00041000 08:03 8010963                    /home/lifka/.gradle/wrapper/dists/gradle-2.10-all/a4w5fzrkeut1ox71xslb49gst/gradle-2.10/lib/commons-lang-2.6.jar
7f7fb03b4000-7f7fb03dc000 r--s 001cf000 08:03 8010962                    /home/lifka/.gradle/wrapper/dists/gradle-2.10-all/a4w5fzrkeut1ox71xslb49gst/gradle-2.10/lib/guava-jdk5-17.0.jar
7f7fb03dc000-7f7fb03fb000 r--s 001cc000 08:03 8010976                    /home/lifka/.gradle/wrapper/dists/gradle-2.10-all/a4w5fzrkeut1ox71xslb49gst/gradle-2.10/lib/ant-1.9.3.jar
7f7fb03fb000-7f7fb0405000 r--s 00116000 08:03 3286228                    /usr/lib/jvm/java-8-openjdk/jre/lib/ext/localedata.jar
7f7fb0405000-7f7fb0421000 r--s 00393000 08:03 3286229                    /usr/lib/jvm/java-8-openjdk/jre/lib/ext/cldrdata.jar
7f7fb0421000-7f7fb0458000 r--s 001bc000 08:03 8010945                    /home/lifka/.gradle/wrapper/dists/gradle-2.10-all/a4w5fzrkeut1ox71xslb49gst/gradle-2.10/lib/gradle-core-2.10.jar
7f7fb0458000-7f7fb0462000 r--s 0004a000 08:03 8010936                    /home/lifka/.gradle/wrapper/dists/gradle-2.10-all/a4w5fzrkeut1ox71xslb49gst/gradle-2.10/lib/gradle-launcher-2.10.jar
7f7fb0462000-7f7fb0463000 ---p 00000000 00:00 0 
7f7fb0463000-7f7fb0563000 rw-p 00000000 00:00 0 
7f7fb0563000-7f7fb0566000 ---p 00000000 00:00 0 
7f7fb0566000-7f7fb0664000 rw-p 00000000 00:00 0 
7f7fb0664000-7f7fb0667000 ---p 00000000 00:00 0 
7f7fb0667000-7f7fb0765000 rw-p 00000000 00:00 0 
7f7fb0765000-7f7fb0768000 ---p 00000000 00:00 0 
7f7fb0768000-7f7fb0866000 rw-p 00000000 00:00 0 
7f7fb0866000-7f7fb0869000 ---p 00000000 00:00 0 
7f7fb0869000-7f7fb0967000 rw-p 00000000 00:00 0 
7f7fb0967000-7f7fb096a000 ---p 00000000 00:00 0 
7f7fb096a000-7f7fb0a68000 rw-p 00000000 00:00 0 
7f7fb0a68000-7f7fb0c00000 r--p 00000000 08:03 3184904                    /usr/lib/locale/locale-archive
7f7fb0c00000-7f7fb0c03000 ---p 00000000 00:00 0 
7f7fb0c03000-7f7fb0d01000 rw-p 00000000 00:00 0 
7f7fb0d01000-7f7fb0d04000 ---p 00000000 00:00 0 
7f7fb0d04000-7f7fb0e02000 rw-p 00000000 00:00 0 
7f7fb0e02000-7f7fb0e03000 ---p 00000000 00:00 0 
7f7fb0e03000-7f7fb1e33000 rw-p 00000000 00:00 0 
7f7fb1e33000-7f7fb2000000 r--s 03bec000 08:03 3286197                    /usr/lib/jvm/java-8-openjdk/jre/lib/rt.jar
7f7fb2000000-7f7fb4000000 rw-p 00000000 00:00 0 
7f7fb4000000-7f7fb4021000 rw-p 00000000 00:00 0 
7f7fb4021000-7f7fb8000000 ---p 00000000 00:00 0 
7f7fb8000000-7f7fb8021000 rw-p 00000000 00:00 0 
7f7fb8021000-7f7fbc000000 ---p 00000000 00:00 0 
7f7fbc000000-7f7fbc02b000 rw-p 00000000 00:00 0 
7f7fbc02b000-7f7fc0000000 ---p 00000000 00:00 0 
7f7fc0000000-7f7fc0001000 r--s 00005000 08:03 8010987                    /home/lifka/.gradle/wrapper/dists/gradle-2.10-all/a4w5fzrkeut1ox71xslb49gst/gradle-2.10/lib/log4j-over-slf4j-1.7.10.jar
7f7fc0001000-7f7fc0002000 r--s 00000000 08:03 8010982                    /home/lifka/.gradle/wrapper/dists/gradle-2.10-all/a4w5fzrkeut1ox71xslb49gst/gradle-2.10/lib/javax.inject-1.jar
7f7fc0002000-7f7fc0009000 r--s 00034000 08:03 8010943                    /home/lifka/.gradle/wrapper/dists/gradle-2.10-all/a4w5fzrkeut1ox71xslb49gst/gradle-2.10/lib/gradle-base-services-2.10.jar
7f7fc0009000-7f7fc0017000 r--s 00193000 08:03 3289265                    /usr/lib/jvm/java-8-openjdk/jre/lib/ext/j3dutils.jar
7f7fc0017000-7f7fc0aa6000 rw-p 00000000 00:00 0 
7f7fc0aa6000-7f7fc0aa7000 ---p 00000000 00:00 0 
7f7fc0aa7000-7f7fc0ba7000 rw-p 00000000 00:00 0 
7f7fc0ba7000-7f7fc0ba8000 ---p 00000000 00:00 0 
7f7fc0ba8000-7f7fc0ca8000 rw-p 00000000 00:00 0 
7f7fc0ca8000-7f7fc0ca9000 ---p 00000000 00:00 0 
7f7fc0ca9000-7f7fc0da9000 rw-p 00000000 00:00 0 
7f7fc0da9000-7f7fc0daa000 ---p 00000000 00:00 0 
7f7fc0daa000-7f7fc0ed7000 rw-p 00000000 00:00 0 
7f7fc0ed7000-7f7fc1000000 ---p 00000000 00:00 0 
7f7fc1000000-7f7fc2940000 rwxp 00000000 00:00 0 
7f7fc2940000-7f7fd0000000 ---p 00000000 00:00 0 
7f7fd0000000-7f7fd0b93000 rw-p 00000000 00:00 0 
7f7fd0b93000-7f7fd4000000 ---p 00000000 00:00 0 
7f7fd4000000-7f7fd4003000 r--s 0001b000 08:03 8010981                    /home/lifka/.gradle/wrapper/dists/gradle-2.10-all/a4w5fzrkeut1ox71xslb49gst/gradle-2.10/lib/jarjar-1.3.jar
7f7fd4003000-7f7fd40a6000 rw-p 00000000 00:00 0 
7f7fd40a6000-7f7fd41ce000 ---p 00000000 00:00 0 
7f7fd41ce000-7f7fd423f000 rw-p 00000000 00:00 0 
7f7fd423f000-7f7fd4279000 ---p 00000000 00:00 0 
7f7fd4279000-7f7fd42df000 rw-p 00000000 00:00 0 
7f7fd42df000-7f7fd463a000 ---p 00000000 00:00 0 
7f7fd463a000-7f7fd4642000 r-xp 00000000 08:03 3286437                    /usr/lib/jvm/java-8-openjdk/jre/lib/amd64/libzip.so
7f7fd4642000-7f7fd4841000 ---p 00008000 08:03 3286437                    /usr/lib/jvm/java-8-openjdk/jre/lib/amd64/libzip.so
7f7fd4841000-7f7fd4842000 rw-p 00007000 08:03 3286437                    /usr/lib/jvm/java-8-openjdk/jre/lib/amd64/libzip.so
7f7fd4842000-7f7fd484d000 r-xp 00000000 08:03 3149002                    /usr/lib/libnss_files-2.23.so
7f7fd484d000-7f7fd4a4c000 ---p 0000b000 08:03 3149002                    /usr/lib/libnss_files-2.23.so
7f7fd4a4c000-7f7fd4a4d000 r--p 0000a000 08:03 3149002                    /usr/lib/libnss_files-2.23.so
7f7fd4a4d000-7f7fd4a4e000 rw-p 0000b000 08:03 3149002                    /usr/lib/libnss_files-2.23.so
7f7fd4a4e000-7f7fd4a54000 rw-p 00000000 00:00 0 
7f7fd4a54000-7f7fd4a80000 r-xp 00000000 08:03 3286436                    /usr/lib/jvm/java-8-openjdk/jre/lib/amd64/libjava.so
7f7fd4a80000-7f7fd4c80000 ---p 0002c000 08:03 3286436                    /usr/lib/jvm/java-8-openjdk/jre/lib/amd64/libjava.so
7f7fd4c80000-7f7fd4c82000 rw-p 0002c000 08:03 3286436                    /usr/lib/jvm/java-8-openjdk/jre/lib/amd64/libjava.so
7f7fd4c82000-7f7fd4c8f000 r-xp 00000000 08:03 3286425                    /usr/lib/jvm/java-8-openjdk/jre/lib/amd64/libverify.so
7f7fd4c8f000-7f7fd4e8e000 ---p 0000d000 08:03 3286425                    /usr/lib/jvm/java-8-openjdk/jre/lib/amd64/libverify.so
7f7fd4e8e000-7f7fd4e90000 rw-p 0000c000 08:03 3286425                    /usr/lib/jvm/java-8-openjdk/jre/lib/amd64/libverify.so
7f7fd4e90000-7f7fd4e97000 r-xp 00000000 08:03 3149010                    /usr/lib/librt-2.23.so
7f7fd4e97000-7f7fd5096000 ---p 00007000 08:03 3149010                    /usr/lib/librt-2.23.so
7f7fd5096000-7f7fd5097000 r--p 00006000 08:03 3149010                    /usr/lib/librt-2.23.so
7f7fd5097000-7f7fd5098000 rw-p 00007000 08:03 3149010                    /usr/lib/librt-2.23.so
7f7fd5098000-7f7fd519b000 r-xp 00000000 08:03 3149007                    /usr/lib/libm-2.23.so
7f7fd519b000-7f7fd539a000 ---p 00103000 08:03 3149007                    /usr/lib/libm-2.23.so
7f7fd539a000-7f7fd539b000 r--p 00102000 08:03 3149007                    /usr/lib/libm-2.23.so
7f7fd539b000-7f7fd539c000 rw-p 00103000 08:03 3149007                    /usr/lib/libm-2.23.so
7f7fd539c000-7f7fd5ff1000 r-xp 00000000 08:03 3294474                    /usr/lib/jvm/java-8-openjdk/jre/lib/amd64/server/libjvm.so
7f7fd5ff1000-7f7fd61f1000 ---p 00c55000 08:03 3294474                    /usr/lib/jvm/java-8-openjdk/jre/lib/amd64/server/libjvm.so
7f7fd61f1000-7f7fd62ad000 rw-p 00c55000 08:03 3294474                    /usr/lib/jvm/java-8-openjdk/jre/lib/amd64/server/libjvm.so
7f7fd62ad000-7f7fd62dd000 rw-p 00000000 00:00 0 
7f7fd62dd000-7f7fd6474000 r-xp 00000000 08:03 3148931                    /usr/lib/libc-2.23.so
7f7fd6474000-7f7fd6674000 ---p 00197000 08:03 3148931                    /usr/lib/libc-2.23.so
7f7fd6674000-7f7fd6678000 r--p 00197000 08:03 3148931                    /usr/lib/libc-2.23.so
7f7fd6678000-7f7fd667a000 rw-p 0019b000 08:03 3148931                    /usr/lib/libc-2.23.so
7f7fd667a000-7f7fd667e000 rw-p 00000000 00:00 0 
7f7fd667e000-7f7fd6680000 r-xp 00000000 08:03 3149006                    /usr/lib/libdl-2.23.so
7f7fd6680000-7f7fd6880000 ---p 00002000 08:03 3149006                    /usr/lib/libdl-2.23.so
7f7fd6880000-7f7fd6881000 r--p 00002000 08:03 3149006                    /usr/lib/libdl-2.23.so
7f7fd6881000-7f7fd6882000 rw-p 00003000 08:03 3149006                    /usr/lib/libdl-2.23.so
7f7fd6882000-7f7fd688f000 r-xp 00000000 08:03 3294471                    /usr/lib/jvm/java-8-openjdk/jre/lib/amd64/jli/libjli.so
7f7fd688f000-7f7fd6a8e000 ---p 0000d000 08:03 3294471                    /usr/lib/jvm/java-8-openjdk/jre/lib/amd64/jli/libjli.so
7f7fd6a8e000-7f7fd6a8f000 rw-p 0000c000 08:03 3294471                    /usr/lib/jvm/java-8-openjdk/jre/lib/amd64/jli/libjli.so
7f7fd6a8f000-7f7fd6aa4000 r-xp 00000000 08:03 3152232                    /usr/lib/libz.so.1.2.8
7f7fd6aa4000-7f7fd6ca3000 ---p 00015000 08:03 3152232                    /usr/lib/libz.so.1.2.8
7f7fd6ca3000-7f7fd6ca4000 r--p 00014000 08:03 3152232                    /usr/lib/libz.so.1.2.8
7f7fd6ca4000-7f7fd6ca5000 rw-p 00015000 08:03 3152232                    /usr/lib/libz.so.1.2.8
7f7fd6ca5000-7f7fd6cbd000 r-xp 00000000 08:03 3148907                    /usr/lib/libpthread-2.23.so
7f7fd6cbd000-7f7fd6ebc000 ---p 00018000 08:03 3148907                    /usr/lib/libpthread-2.23.so
7f7fd6ebc000-7f7fd6ebd000 r--p 00017000 08:03 3148907                    /usr/lib/libpthread-2.23.so
7f7fd6ebd000-7f7fd6ebe000 rw-p 00018000 08:03 3148907                    /usr/lib/libpthread-2.23.so
7f7fd6ebe000-7f7fd6ec2000 rw-p 00000000 00:00 0 
7f7fd6ec2000-7f7fd6ee5000 r-xp 00000000 08:03 3148930                    /usr/lib/ld-2.23.so
7f7fd6ee5000-7f7fd6ee9000 r--s 00027000 08:03 8010978                    /home/lifka/.gradle/wrapper/dists/gradle-2.10-all/a4w5fzrkeut1ox71xslb49gst/gradle-2.10/lib/commons-io-2.2.jar
7f7fd6ee9000-7f7fd6fae000 rw-p 00000000 00:00 0 
7f7fd6fae000-7f7fd6fb1000 ---p 00000000 00:00 0 
7f7fd6fb1000-7f7fd70b3000 rw-p 00000000 00:00 0 
7f7fd70b3000-7f7fd70b5000 r--s 00000000 08:03 8010980                    /home/lifka/.gradle/wrapper/dists/gradle-2.10-all/a4w5fzrkeut1ox71xslb49gst/gradle-2.10/lib/jul-to-slf4j-1.7.10.jar
7f7fd70b5000-7f7fd70b6000 r--s 00000000 08:03 8010979                    /home/lifka/.gradle/wrapper/dists/gradle-2.10-all/a4w5fzrkeut1ox71xslb49gst/gradle-2.10/lib/jcip-annotations-1.0.jar
7f7fd70b6000-7f7fd70b7000 r--s 00007000 08:03 8010961                    /home/lifka/.gradle/wrapper/dists/gradle-2.10-all/a4w5fzrkeut1ox71xslb49gst/gradle-2.10/lib/slf4j-api-1.7.10.jar
7f7fd70b7000-7f7fd70b8000 r--s 00004000 08:03 8010995                    /home/lifka/.gradle/wrapper/dists/gradle-2.10-all/a4w5fzrkeut1ox71xslb49gst/gradle-2.10/lib/ant-launcher-1.9.3.jar
7f7fd70b8000-7f7fd70ba000 r--s 0004c000 08:03 3289264                    /usr/lib/jvm/java-8-openjdk/jre/lib/ext/vecmath.jar
7f7fd70ba000-7f7fd70c6000 r--s 002c7000 08:03 3289266                    /usr/lib/jvm/java-8-openjdk/jre/lib/ext/j3dcore.jar
7f7fd70c6000-7f7fd70da000 rw-p 00000000 00:00 0 
7f7fd70da000-7f7fd70e2000 rw-s 00000000 00:22 147835                     /tmp/hsperfdata_lifka/5834
7f7fd70e2000-7f7fd70e3000 rw-p 00000000 00:00 0 
7f7fd70e3000-7f7fd70e4000 ---p 00000000 00:00 0 
7f7fd70e4000-7f7fd70e5000 rw-p 00000000 00:00 0 
7f7fd70e5000-7f7fd70e6000 r--p 00023000 08:03 3148930                    /usr/lib/ld-2.23.so
7f7fd70e6000-7f7fd70e7000 rw-p 00024000 08:03 3148930                    /usr/lib/ld-2.23.so
7f7fd70e7000-7f7fd70e8000 rw-p 00000000 00:00 0 
7ffde541f000-7ffde5440000 rw-p 00000000 00:00 0                          [stack]
7ffde5563000-7ffde5566000 r--p 00000000 00:00 0                          [vvar]
7ffde5566000-7ffde5568000 r-xp 00000000 00:00 0                          [vdso]
ffffffffff600000-ffffffffff601000 r-xp 00000000 00:00 0                  [vsyscall]

VM Arguments:
jvm_args: -XX:MaxPermSize=256m -XX:+HeapDumpOnOutOfMemoryError -Xmx1024m -Dfile.encoding=UTF-8 -Duser.country=ES -Duser.language=es -Duser.variant 
java_command: org.gradle.launcher.daemon.bootstrap.GradleDaemon 2.10
java_class_path (initial): /home/lifka/.gradle/wrapper/dists/gradle-2.10-all/a4w5fzrkeut1ox71xslb49gst/gradle-2.10/lib/gradle-launcher-2.10.jar
Launcher Type: SUN_STANDARD

Environment Variables:
PATH=/usr/local/sbin:/usr/local/bin:/usr/bin:/opt/android-sdk/tools:/usr/lib/jvm/default/bin:/usr/bin/site_perl:/usr/bin/vendor_perl:/usr/bin/core_perl
USERNAME=lifka
LD_LIBRARY_PATH=/opt/android-studio/bin:
SHELL=/bin/bash
DISPLAY=:0

Signal Handlers:
SIGSEGV: [libjvm.so+0xa5a220], sa_mask[0]=11111111011111111101111111111110, sa_flags=SA_RESTART|SA_SIGINFO
SIGBUS: [libjvm.so+0xa5a220], sa_mask[0]=11111111011111111101111111111110, sa_flags=SA_RESTART|SA_SIGINFO
SIGFPE: [libjvm.so+0x8a5a90], sa_mask[0]=11111111011111111101111111111110, sa_flags=SA_RESTART|SA_SIGINFO
SIGPIPE: [libjvm.so+0x8a5a90], sa_mask[0]=11111111011111111101111111111110, sa_flags=SA_RESTART|SA_SIGINFO
SIGXFSZ: [libjvm.so+0x8a5a90], sa_mask[0]=11111111011111111101111111111110, sa_flags=SA_RESTART|SA_SIGINFO
SIGILL: [libjvm.so+0x8a5a90], sa_mask[0]=11111111011111111101111111111110, sa_flags=SA_RESTART|SA_SIGINFO
SIGUSR1: SIG_DFL, sa_mask[0]=00000000000000000000000000000000, sa_flags=none
SIGUSR2: [libjvm.so+0x8a5940], sa_mask[0]=00100000000000000000000000000000, sa_flags=SA_RESTART|SA_SIGINFO
SIGHUP: [libjvm.so+0x8a5e10], sa_mask[0]=11111111011111111101111111111110, sa_flags=SA_RESTART|SA_SIGINFO
SIGINT: [libjvm.so+0x8a5e10], sa_mask[0]=11111111011111111101111111111110, sa_flags=SA_RESTART|SA_SIGINFO
SIGTERM: [libjvm.so+0x8a5e10], sa_mask[0]=11111111011111111101111111111110, sa_flags=SA_RESTART|SA_SIGINFO
SIGQUIT: [libjvm.so+0x8a5e10], sa_mask[0]=11111111011111111101111111111110, sa_flags=SA_RESTART|SA_SIGINFO


---------------  S Y S T E M  ---------------

OS:NAME="Arch Linux"
ID=arch
PRETTY_NAME="Arch Linux"
ANSI_COLOR="0;36"
HOME_URL="https://www.archlinux.org/"
SUPPORT_URL="https://bbs.archlinux.org/"
BUG_REPORT_URL="https://bugs.archlinux.org/"


uname:Linux 4.5.4-1-ARCH #1 SMP PREEMPT Wed May 11 22:21:28 CEST 2016 x86_64
libc:glibc 2.23 NPTL 2.23 
rlimit: STACK 8192k, CORE infinity, NPROC 31439, NOFILE 4096, AS infinity
load average:43.53 23.84 10.62

/proc/meminfo:
MemTotal:        8110396 kB
MemFree:          114008 kB
MemAvailable:          0 kB
Buffers:             616 kB
Cached:           288680 kB
SwapCached:          788 kB
Active:          6574504 kB
Inactive:        1141972 kB
Active(anon):    6572084 kB
Inactive(anon):  1139832 kB
Active(file):       2420 kB
Inactive(file):     2140 kB
Unevictable:         632 kB
Mlocked:             632 kB
SwapTotal:       2097148 kB
SwapFree:              0 kB
Dirty:                 4 kB
Writeback:             0 kB
AnonPages:       7427892 kB
Mapped:            50348 kB
Shmem:            283988 kB
Slab:              83964 kB
SReclaimable:      36172 kB
SUnreclaim:        47792 kB
KernelStack:       13920 kB
PageTables:        84948 kB
NFS_Unstable:          0 kB
Bounce:                0 kB
WritebackTmp:          0 kB
CommitLimit:     6152344 kB
Committed_AS:   19374296 kB
VmallocTotal:   34359738367 kB
VmallocUsed:           0 kB
VmallocChunk:          0 kB
HardwareCorrupted:     0 kB
AnonHugePages:   1939456 kB
HugePages_Total:       0
HugePages_Free:        0
HugePages_Rsvd:        0
HugePages_Surp:        0
Hugepagesize:       2048 kB
DirectMap4k:      201024 kB
DirectMap2M:     7069696 kB
DirectMap1G:     2097152 kB


CPU:total 4 (2 cores per cpu, 2 threads per core) family 6 model 69 stepping 1, cmov, cx8, fxsr, mmx, sse, sse2, sse3, ssse3, sse4.1, sse4.2, popcnt, avx, avx2, aes, clmul, erms, lzcnt, ht, tsc, tscinvbit, bmi1, bmi2

/proc/cpuinfo:
processor	: 0
vendor_id	: GenuineIntel
cpu family	: 6
model		: 69
model name	: Intel(R) Core(TM) i5-4210U CPU @ 1.70GHz
stepping	: 1
microcode	: 0x1d
cpu MHz		: 2399.906
cache size	: 3072 KB
physical id	: 0
siblings	: 4
core id		: 0
cpu cores	: 2
apicid		: 0
initial apicid	: 0
fpu		: yes
fpu_exception	: yes
cpuid level	: 13
wp		: yes
flags		: fpu vme de pse tsc msr pae mce cx8 apic sep mtrr pge mca cmov pat pse36 clflush dts acpi mmx fxsr sse sse2 ss ht tm pbe syscall nx pdpe1gb rdtscp lm constant_tsc arch_perfmon pebs bts rep_good nopl xtopology nonstop_tsc aperfmperf eagerfpu pni pclmulqdq dtes64 monitor ds_cpl vmx est tm2 ssse3 sdbg fma cx16 xtpr pdcm pcid sse4_1 sse4_2 movbe popcnt tsc_deadline_timer aes xsave avx f16c rdrand lahf_lm abm epb tpr_shadow vnmi flexpriority ept vpid fsgsbase tsc_adjust bmi1 avx2 smep bmi2 erms invpcid xsaveopt dtherm ida arat pln pts
bugs		:
bogomips	: 4791.80
clflush size	: 64
cache_alignment	: 64
address sizes	: 39 bits physical, 48 bits virtual
power management:

processor	: 1
vendor_id	: GenuineIntel
cpu family	: 6
model		: 69
model name	: Intel(R) Core(TM) i5-4210U CPU @ 1.70GHz
stepping	: 1
microcode	: 0x1d
cpu MHz		: 2399.906
cache size	: 3072 KB
physical id	: 0
siblings	: 4
core id		: 0
cpu cores	: 2
apicid		: 1
initial apicid	: 1
fpu		: yes
fpu_exception	: yes
cpuid level	: 13
wp		: yes
flags		: fpu vme de pse tsc msr pae mce cx8 apic sep mtrr pge mca cmov pat pse36 clflush dts acpi mmx fxsr sse sse2 ss ht tm pbe syscall nx pdpe1gb rdtscp lm constant_tsc arch_perfmon pebs bts rep_good nopl xtopology nonstop_tsc aperfmperf eagerfpu pni pclmulqdq dtes64 monitor ds_cpl vmx est tm2 ssse3 sdbg fma cx16 xtpr pdcm pcid sse4_1 sse4_2 movbe popcnt tsc_deadline_timer aes xsave avx f16c rdrand lahf_lm abm epb tpr_shadow vnmi flexpriority ept vpid fsgsbase tsc_adjust bmi1 avx2 smep bmi2 erms invpcid xsaveopt dtherm ida arat pln pts
bugs		:
bogomips	: 4791.80
clflush size	: 64
cache_alignment	: 64
address sizes	: 39 bits physical, 48 bits virtual
power management:

processor	: 2
vendor_id	: GenuineIntel
cpu family	: 6
model		: 69
model name	: Intel(R) Core(TM) i5-4210U CPU @ 1.70GHz
stepping	: 1
microcode	: 0x1d
cpu MHz		: 2400.000
cache size	: 3072 KB
physical id	: 0
siblings	: 4
core id		: 1
cpu cores	: 2
apicid		: 2
initial apicid	: 2
fpu		: yes
fpu_exception	: yes
cpuid level	: 13
wp		: yes
flags		: fpu vme de pse tsc msr pae mce cx8 apic sep mtrr pge mca cmov pat pse36 clflush dts acpi mmx fxsr sse sse2 ss ht tm pbe syscall nx pdpe1gb rdtscp lm constant_tsc arch_perfmon pebs bts rep_good nopl xtopology nonstop_tsc aperfmperf eagerfpu pni pclmulqdq dtes64 monitor ds_cpl vmx est tm2 ssse3 sdbg fma cx16 xtpr pdcm pcid sse4_1 sse4_2 movbe popcnt tsc_deadline_timer aes xsave avx f16c rdrand lahf_lm abm epb tpr_shadow vnmi flexpriority ept vpid fsgsbase tsc_adjust bmi1 avx2 smep bmi2 erms invpcid xsaveopt dtherm ida arat pln pts
bugs		:
bogomips	: 4791.80
clflush size	: 64
cache_alignment	: 64
address sizes	: 39 bits physical, 48 bits virtual
power management:

processor	: 3
vendor_id	: GenuineIntel
cpu family	: 6
model		: 69
model name	: Intel(R) Core(TM) i5-4210U CPU @ 1.70GHz
stepping	: 1
microcode	: 0x1d
cpu MHz		: 2400.000
cache size	: 3072 KB
physical id	: 0
siblings	: 4
core id		: 1
cpu cores	: 2
apicid		: 3
initial apicid	: 3
fpu		: yes
fpu_exception	: yes
cpuid level	: 13
wp		: yes
flags		: fpu vme de pse tsc msr pae mce cx8 apic sep mtrr pge mca cmov pat pse36 clflush dts acpi mmx fxsr sse sse2 ss ht tm pbe syscall nx pdpe1gb rdtscp lm constant_tsc arch_perfmon pebs bts rep_good nopl xtopology nonstop_tsc aperfmperf eagerfpu pni pclmulqdq dtes64 monitor ds_cpl vmx est tm2 ssse3 sdbg fma cx16 xtpr pdcm pcid sse4_1 sse4_2 movbe popcnt tsc_deadline_timer aes xsave avx f16c rdrand lahf_lm abm epb tpr_shadow vnmi flexpriority ept vpid fsgsbase tsc_adjust bmi1 avx2 smep bmi2 erms invpcid xsaveopt dtherm ida arat pln pts
bugs		:
bogomips	: 4791.80
clflush size	: 64
cache_alignment	: 64
address sizes	: 39 bits physical, 48 bits virtual
power management:



Memory: 4k page, physical 8110396k(114180k free), swap 2097148k(0k free)

vm_info: OpenJDK 64-Bit Server VM (25.92-b14) for linux-amd64 JRE (1.8.0_92-b14), built on Apr 24 2016 15:02:36 by "builduser" with gcc 5.3.0

time: Tue May 17 13:39:51 2016
elapsed time: 285 seconds (0d 0h 4m 45s)

