#
# There is insufficient memory for the Java Runtime Environment to continue.
# Native memory allocation (mmap) failed to map 169869312 bytes for committing reserved memory.
# Possible reasons:
#   The system is out of physical RAM or swap space
#   In 32 bit mode, the process size limit was hit
# Possible solutions:
#   Reduce memory load on the system
#   Increase physical memory or swap space
#   Check if swap backing store is full
#   Use 64 bit Java on a 64 bit OS
#   Decrease Java heap size (-Xmx/-Xms)
#   Decrease number of Java threads
#   Decrease Java thread stack sizes (-Xss)
#   Set larger code cache with -XX:ReservedCodeCacheSize=
# This output file may be truncated or incomplete.
#
#  Out of Memory Error (os_linux.cpp:2627), pid=22665, tid=0x00007fac98248700
#
# JRE version: OpenJDK Runtime Environment (8.0_92-b14) (build 1.8.0_92-b14)
# Java VM: OpenJDK 64-Bit Server VM (25.92-b14 mixed mode linux-amd64 compressed oops)
# Core dump written. Default location: /home/lifka/Workspace/githubProjects/Servicio-reserva-en-farmacias/Android/SisFarmaApp/app/core or core.22665
#

---------------  T H R E A D  ---------------

Current thread (0x00007fac94076000):  VMThread [stack: 0x00007fac98148000,0x00007fac98249000] [id=22693]

Stack: [0x00007fac98148000,0x00007fac98249000],  sp=0x00007fac982474c0,  free space=1021k
Native frames: (J=compiled Java code, j=interpreted, Vv=VM code, C=native code)
V  [libjvm.so+0xa596cb]
V  [libjvm.so+0x4c344c]
V  [libjvm.so+0x8aa3f0]
V  [libjvm.so+0x8a491e]
V  [libjvm.so+0x91e90b]
V  [libjvm.so+0x91fc43]
V  [libjvm.so+0x91c31b]
V  [libjvm.so+0x91c5cc]
V  [libjvm.so+0x8ce953]
V  [libjvm.so+0xa5b312]
V  [libjvm.so+0xa602e7]
V  [libjvm.so+0xa5db2c]
V  [libjvm.so+0xa5ef0f]
V  [libjvm.so+0xa5f401]
V  [libjvm.so+0x8a7902]

VM_Operation (0x00007fac8435afe0): ParallelGCFailedAllocation, mode: safepoint, requested by thread 0x00007fac941b0800


---------------  P R O C E S S  ---------------

Java Threads: ( => current thread )
  0x00007fac941b0800 JavaThread "pool-2-thread-4" [_thread_blocked, id=22747, stack(0x00007fac8425c000,0x00007fac8435d000)]
  0x00007fac941af000 JavaThread "pool-2-thread-3" [_thread_blocked, id=22746, stack(0x00007fac8435d000,0x00007fac8445e000)]
  0x00007fac941ad800 JavaThread "pool-2-thread-2" [_thread_blocked, id=22745, stack(0x00007fac8445e000,0x00007fac8455f000)]
  0x00007fac941ac000 JavaThread "pool-3-thread-1" [_thread_blocked, id=22744, stack(0x00007fac8455f000,0x00007fac84660000)]
  0x00007fac941a9800 JavaThread "pool-2-thread-1" [_thread_blocked, id=22741, stack(0x00007fac84660000,0x00007fac84761000)]
  0x00007fac940c8800 JavaThread "Service Thread" daemon [_thread_blocked, id=22720, stack(0x00007fac84862000,0x00007fac84963000)]
  0x00007fac940bb800 JavaThread "C1 CompilerThread2" daemon [_thread_blocked, id=22718, stack(0x00007fac84963000,0x00007fac84a64000)]
  0x00007fac940b9800 JavaThread "C2 CompilerThread1" daemon [_thread_in_native, id=22717, stack(0x00007fac84a64000,0x00007fac84b65000)]
  0x00007fac940b7000 JavaThread "C2 CompilerThread0" daemon [_thread_in_native, id=22708, stack(0x00007fac84b65000,0x00007fac84c66000)]
  0x00007fac940b5800 JavaThread "Signal Dispatcher" daemon [_thread_blocked, id=22706, stack(0x00007fac84c66000,0x00007fac84d67000)]
  0x00007fac94082800 JavaThread "Finalizer" daemon [_thread_blocked, id=22701, stack(0x00007fac84eff000,0x00007fac85000000)]
  0x00007fac9407e000 JavaThread "Reference Handler" daemon [_thread_blocked, id=22698, stack(0x00007fac98047000,0x00007fac98148000)]
  0x00007fac94008800 JavaThread "main" [_thread_blocked, id=22681, stack(0x00007fac9d2dc000,0x00007fac9d3dd000)]

Other Threads:
=>0x00007fac94076000 VMThread [stack: 0x00007fac98148000,0x00007fac98249000] [id=22693]
  0x00007fac940cb000 WatcherThread [stack: 0x00007fac84761000,0x00007fac84862000] [id=22724]

VM state:at safepoint (normal execution)

VM Mutex/Monitor currently owned by a thread:  ([mutex/lock_event])
[0x00007fac94006640] Threads_lock - owner thread: 0x00007fac94076000
[0x00007fac94006b40] Heap_lock - owner thread: 0x00007fac941b0800

Heap:
 PSYoungGen      total 132096K, used 5094K [0x00000000eab00000, 0x00000000f3100000, 0x0000000100000000)
  eden space 126976K, 0% used [0x00000000eab00000,0x00000000eab00000,0x00000000f2700000)
  from space 5120K, 99% used [0x00000000f2700000,0x00000000f2bf9800,0x00000000f2c00000)
  to   space 5120K, 0% used [0x00000000f2c00000,0x00000000f2c00000,0x00000000f3100000)
 ParOldGen       total 84992K, used 39385K [0x00000000c0000000, 0x00000000c5300000, 0x00000000eab00000)
  object space 84992K, 46% used [0x00000000c0000000,0x00000000c26764a0,0x00000000c5300000)
 Metaspace       used 6308K, capacity 7152K, committed 7296K, reserved 1056768K
  class space    used 592K, capacity 616K, committed 640K, reserved 1048576K

Card table byte_map: [0x00007fac9a3a5000,0x00007fac9a5a6000] byte_map_base: 0x00007fac99da5000

Marking Bits: (ParMarkBitMap*) 0x00007fac9c5ed540
 Begin Bits: [0x00007fac76000000, 0x00007fac77000000)
 End Bits:   [0x00007fac77000000, 0x00007fac78000000)

Polling page: 0x00007fac9d410000

CodeCache: size=245760Kb used=6492Kb max_used=6492Kb free=239268Kb
 bounds [0x00007fac85000000, 0x00007fac85660000, 0x00007fac94000000]
 total_blobs=2085 nmethods=1818 adapters=182
 compilation: enabled

Compilation events (10 events):
Event: 5.160 Thread 0x00007fac940bb800 1961 %     3       com.android.dx.ssa.SsaBasicBlock::replaceSuccessor @ 37 (125 bytes)
Event: 5.161 Thread 0x00007fac940bb800 nmethod 1961% 0x00007fac85656110 code [0x00007fac856563a0, 0x00007fac856572b8]
Event: 5.161 Thread 0x00007fac940bb800 1962       3       com.android.dx.ssa.SsaBasicBlock::replaceSuccessor (125 bytes)
Event: 5.163 Thread 0x00007fac940bb800 nmethod 1962 0x00007fac85657c10 code [0x00007fac85657ea0, 0x00007fac85658cb8]
Event: 5.170 Thread 0x00007fac940bb800 1963   !   2       com.android.dx.rop.cst.CstType::intern (48 bytes)
Event: 5.171 Thread 0x00007fac940bb800 nmethod 1963 0x00007fac85659590 code [0x00007fac85659740, 0x00007fac85659c48]
Event: 5.192 Thread 0x00007fac940bb800 1964   !   2       java.util.concurrent.ArrayBlockingQueue::take (46 bytes)
Event: 5.193 Thread 0x00007fac940bb800 nmethod 1964 0x00007fac8565a190 code [0x00007fac8565a360, 0x00007fac8565a778]
Event: 5.193 Thread 0x00007fac940bb800 1965       2       java.util.concurrent.ArrayBlockingQueue::dequeue (75 bytes)
Event: 5.193 Thread 0x00007fac940bb800 nmethod 1965 0x00007fac8565ac10 code [0x00007fac8565adc0, 0x00007fac8565b0f8]

GC Heap History (9 events):
Event: 2.119 GC heap before
{Heap before GC invocations=1 (full 0):
 PSYoungGen      total 36864K, used 31744K [0x00000000eab00000, 0x00000000ed400000, 0x0000000100000000)
  eden space 31744K, 100% used [0x00000000eab00000,0x00000000eca00000,0x00000000eca00000)
  from space 5120K, 0% used [0x00000000ecf00000,0x00000000ecf00000,0x00000000ed400000)
  to   space 5120K, 0% used [0x00000000eca00000,0x00000000eca00000,0x00000000ecf00000)
 ParOldGen       total 84992K, used 0K [0x00000000c0000000, 0x00000000c5300000, 0x00000000eab00000)
  object space 84992K, 0% used [0x00000000c0000000,0x00000000c0000000,0x00000000c5300000)
 Metaspace       used 5744K, capacity 6768K, committed 7040K, reserved 1056768K
  class space    used 573K, capacity 616K, committed 640K, reserved 1048576K
Event: 2.203 GC heap after
Heap after GC invocations=1 (full 0):
 PSYoungGen      total 36864K, used 5096K [0x00000000eab00000, 0x00000000ef300000, 0x0000000100000000)
  eden space 31744K, 0% used [0x00000000eab00000,0x00000000eab00000,0x00000000eca00000)
  from space 5120K, 99% used [0x00000000eca00000,0x00000000ecefa1b8,0x00000000ecf00000)
  to   space 5120K, 0% used [0x00000000eee00000,0x00000000eee00000,0x00000000ef300000)
 ParOldGen       total 84992K, used 602K [0x00000000c0000000, 0x00000000c5300000, 0x00000000eab00000)
  object space 84992K, 0% used [0x00000000c0000000,0x00000000c0096810,0x00000000c5300000)
 Metaspace       used 5744K, capacity 6768K, committed 7040K, reserved 1056768K
  class space    used 573K, capacity 616K, committed 640K, reserved 1048576K
}
Event: 3.077 GC heap before
{Heap before GC invocations=2 (full 0):
 PSYoungGen      total 36864K, used 36840K [0x00000000eab00000, 0x00000000ef300000, 0x0000000100000000)
  eden space 31744K, 100% used [0x00000000eab00000,0x00000000eca00000,0x00000000eca00000)
  from space 5120K, 99% used [0x00000000eca00000,0x00000000ecefa1b8,0x00000000ecf00000)
  to   space 5120K, 0% used [0x00000000eee00000,0x00000000eee00000,0x00000000ef300000)
 ParOldGen       total 84992K, used 602K [0x00000000c0000000, 0x00000000c5300000, 0x00000000eab00000)
  object space 84992K, 0% used [0x00000000c0000000,0x00000000c0096810,0x00000000c5300000)
 Metaspace       used 5885K, capacity 6896K, committed 7040K, reserved 1056768K
  class space    used 574K, capacity 616K, committed 640K, reserved 1048576K
Event: 3.114 GC heap after
Heap after GC invocations=2 (full 0):
 PSYoungGen      total 68608K, used 5090K [0x00000000eab00000, 0x00000000ef300000, 0x0000000100000000)
  eden space 63488K, 0% used [0x00000000eab00000,0x00000000eab00000,0x00000000ee900000)
  from space 5120K, 99% used [0x00000000eee00000,0x00000000ef2f8b90,0x00000000ef300000)
  to   space 5120K, 0% used [0x00000000ee900000,0x00000000ee900000,0x00000000eee00000)
 ParOldGen       total 84992K, used 4391K [0x00000000c0000000, 0x00000000c5300000, 0x00000000eab00000)
  object space 84992K, 5% used [0x00000000c0000000,0x00000000c0449e10,0x00000000c5300000)
 Metaspace       used 5885K, capacity 6896K, committed 7040K, reserved 1056768K
  class space    used 574K, capacity 616K, committed 640K, reserved 1048576K
}
Event: 3.894 GC heap before
{Heap before GC invocations=3 (full 0):
 PSYoungGen      total 68608K, used 68578K [0x00000000eab00000, 0x00000000ef300000, 0x0000000100000000)
  eden space 63488K, 100% used [0x00000000eab00000,0x00000000ee900000,0x00000000ee900000)
  from space 5120K, 99% used [0x00000000eee00000,0x00000000ef2f8b90,0x00000000ef300000)
  to   space 5120K, 0% used [0x00000000ee900000,0x00000000ee900000,0x00000000eee00000)
 ParOldGen       total 84992K, used 4391K [0x00000000c0000000, 0x00000000c5300000, 0x00000000eab00000)
  object space 84992K, 5% used [0x00000000c0000000,0x00000000c0449e10,0x00000000c5300000)
 Metaspace       used 6054K, capacity 6960K, committed 7040K, reserved 1056768K
  class space    used 592K, capacity 616K, committed 640K, reserved 1048576K
Event: 3.935 GC heap after
Heap after GC invocations=3 (full 0):
 PSYoungGen      total 68608K, used 5099K [0x00000000eab00000, 0x00000000f3100000, 0x0000000100000000)
  eden space 63488K, 0% used [0x00000000eab00000,0x00000000eab00000,0x00000000ee900000)
  from space 5120K, 99% used [0x00000000ee900000,0x00000000eedfaf78,0x00000000eee00000)
  to   space 5120K, 0% used [0x00000000f2c00000,0x00000000f2c00000,0x00000000f3100000)
 ParOldGen       total 84992K, used 13756K [0x00000000c0000000, 0x00000000c5300000, 0x00000000eab00000)
  object space 84992K, 16% used [0x00000000c0000000,0x00000000c0d6f3b8,0x00000000c5300000)
 Metaspace       used 6054K, capacity 6960K, committed 7040K, reserved 1056768K
  class space    used 592K, capacity 616K, committed 640K, reserved 1048576K
}
Event: 4.387 GC heap before
{Heap before GC invocations=4 (full 0):
 PSYoungGen      total 68608K, used 68587K [0x00000000eab00000, 0x00000000f3100000, 0x0000000100000000)
  eden space 63488K, 100% used [0x00000000eab00000,0x00000000ee900000,0x00000000ee900000)
  from space 5120K, 99% used [0x00000000ee900000,0x00000000eedfaf78,0x00000000eee00000)
  to   space 5120K, 0% used [0x00000000f2c00000,0x00000000f2c00000,0x00000000f3100000)
 ParOldGen       total 84992K, used 13756K [0x00000000c0000000, 0x00000000c5300000, 0x00000000eab00000)
  object space 84992K, 16% used [0x00000000c0000000,0x00000000c0d6f3b8,0x00000000c5300000)
 Metaspace       used 6228K, capacity 7088K, committed 7296K, reserved 1056768K
  class space    used 592K, capacity 616K, committed 640K, reserved 1048576K
Event: 4.440 GC heap after
Heap after GC invocations=4 (full 0):
 PSYoungGen      total 132096K, used 5115K [0x00000000eab00000, 0x00000000f3100000, 0x0000000100000000)
  eden space 126976K, 0% used [0x00000000eab00000,0x00000000eab00000,0x00000000f2700000)
  from space 5120K, 99% used [0x00000000f2c00000,0x00000000f30fed28,0x00000000f3100000)
  to   space 5120K, 0% used [0x00000000f2700000,0x00000000f2700000,0x00000000f2c00000)
 ParOldGen       total 84992K, used 22346K [0x00000000c0000000, 0x00000000c5300000, 0x00000000eab00000)
  object space 84992K, 26% used [0x00000000c0000000,0x00000000c15d2920,0x00000000c5300000)
 Metaspace       used 6228K, capacity 7088K, committed 7296K, reserved 1056768K
  class space    used 592K, capacity 616K, committed 640K, reserved 1048576K
}
Event: 5.200 GC heap before
{Heap before GC invocations=5 (full 0):
 PSYoungGen      total 132096K, used 132091K [0x00000000eab00000, 0x00000000f3100000, 0x0000000100000000)
  eden space 126976K, 100% used [0x00000000eab00000,0x00000000f2700000,0x00000000f2700000)
  from space 5120K, 99% used [0x00000000f2c00000,0x00000000f30fed28,0x00000000f3100000)
  to   space 5120K, 0% used [0x00000000f2700000,0x00000000f2700000,0x00000000f2c00000)
 ParOldGen       total 84992K, used 22346K [0x00000000c0000000, 0x00000000c5300000, 0x00000000eab00000)
  object space 84992K, 26% used [0x00000000c0000000,0x00000000c15d2920,0x00000000c5300000)
 Metaspace       used 6308K, capacity 7152K, committed 7296K, reserved 1056768K
  class space    used 592K, capacity 616K, committed 640K, reserved 1048576K

Deoptimization events (10 events):
Event: 4.186 Thread 0x00007fac94008800 Uncommon trap: reason=bimorphic action=maybe_recompile pc=0x00007fac8537e464 method=java.util.HashMap.putVal(ILjava/lang/Object;Ljava/lang/Object;ZZ)Ljava/lang/Object; @ 203
Event: 4.186 Thread 0x00007fac94008800 Uncommon trap: reason=bimorphic action=maybe_recompile pc=0x00007fac8537e464 method=java.util.HashMap.putVal(ILjava/lang/Object;Ljava/lang/Object;ZZ)Ljava/lang/Object; @ 203
Event: 4.204 Thread 0x00007fac94008800 Uncommon trap: reason=unstable_if action=reinterpret pc=0x00007fac8537dfe4 method=java.util.HashMap.putVal(ILjava/lang/Object;Ljava/lang/Object;ZZ)Ljava/lang/Object; @ 162
Event: 4.601 Thread 0x00007fac941af000 Uncommon trap: reason=unstable_if action=reinterpret pc=0x00007fac855866e4 method=com.android.dx.rop.code.RegisterSpec.intersect(Lcom/android/dx/rop/code/RegisterSpec;Z)Lcom/android/dx/rop/code/RegisterSpec; @ 42
Event: 4.657 Thread 0x00007fac941a9800 Uncommon trap: reason=bimorphic action=maybe_recompile pc=0x00007fac855df90c method=com.android.dx.cf.code.BytecodeArray.parseInstruction(ILcom/android/dx/cf/code/BytecodeArray$Visitor;)I @ 987
Event: 4.657 Thread 0x00007fac941a9800 Uncommon trap: reason=bimorphic action=maybe_recompile pc=0x00007fac855df804 method=com.android.dx.cf.code.BytecodeArray.parseInstruction(ILcom/android/dx/cf/code/BytecodeArray$Visitor;)I @ 955
Event: 4.657 Thread 0x00007fac941a9800 Uncommon trap: reason=bimorphic action=maybe_recompile pc=0x00007fac855df888 method=com.android.dx.cf.code.BytecodeArray.parseInstruction(ILcom/android/dx/cf/code/BytecodeArray$Visitor;)I @ 971
Event: 4.657 Thread 0x00007fac941a9800 Uncommon trap: reason=bimorphic action=maybe_recompile pc=0x00007fac855df90c method=com.android.dx.cf.code.BytecodeArray.parseInstruction(ILcom/android/dx/cf/code/BytecodeArray$Visitor;)I @ 987
Event: 4.891 Thread 0x00007fac941a9800 Uncommon trap: reason=unstable_if action=reinterpret pc=0x00007fac85327fc8 method=com.android.dx.dex.code.OutputFinisher.hasLocalInfo(Lcom/android/dx/dex/code/DalvInsn;)Z @ 24
Event: 4.971 Thread 0x00007fac941ad800 Uncommon trap: reason=unstable_if action=reinterpret pc=0x00007fac85579b1c method=com.android.dx.ssa.SCCP.simulateBranch(Lcom/android/dx/ssa/SsaInsn;)V @ 548

Internal exceptions (5 events):
Event: 0.040 Thread 0x00007fac94008800 Exception <a 'java/lang/NoSuchMethodError': Method sun.misc.Unsafe.defineClass(Ljava/lang/String;[BII)Ljava/lang/Class; name or signature does not match> (0x00000000eab07cc0) thrown at [/build/java8-openjdk/src/jdk8u-jdk8u92-b14/hotspot/src/share/vm/prims
Event: 0.040 Thread 0x00007fac94008800 Exception <a 'java/lang/NoSuchMethodError': Method sun.misc.Unsafe.prefetchRead(Ljava/lang/Object;J)V name or signature does not match> (0x00000000eab07fa8) thrown at [/build/java8-openjdk/src/jdk8u-jdk8u92-b14/hotspot/src/share/vm/prims/jni.cpp, line 401
Event: 3.761 Thread 0x00007fac94008800 Exception <a 'java/lang/ArrayIndexOutOfBoundsException': 18> (0x00000000ed9192d0) thrown at [/build/java8-openjdk/src/jdk8u-jdk8u92-b14/hotspot/src/share/vm/interpreter/interpreterRuntime.cpp, line 366]
Event: 3.762 Thread 0x00007fac94008800 Exception <a 'java/lang/ArrayIndexOutOfBoundsException': 145> (0x00000000ed91ae50) thrown at [/build/java8-openjdk/src/jdk8u-jdk8u92-b14/hotspot/src/share/vm/interpreter/interpreterRuntime.cpp, line 366]
Event: 3.763 Thread 0x00007fac94008800 Exception <a 'java/lang/ArrayIndexOutOfBoundsException': 40> (0x00000000ed91c138) thrown at [/build/java8-openjdk/src/jdk8u-jdk8u92-b14/hotspot/src/share/vm/interpreter/interpreterRuntime.cpp, line 366]

Events (10 events):
Event: 5.114 Thread 0x00007fac941a9800 DEOPT UNPACKING pc=0x00007fac85047373 sp=0x00007fac8475e520 mode 0
Event: 5.122 Thread 0x00007fac941b0800 DEOPT PACKING pc=0x00007fac852a28e8 sp=0x00007fac8435a700
Event: 5.122 Thread 0x00007fac941b0800 DEOPT UNPACKING pc=0x00007fac85047373 sp=0x00007fac8435a440 mode 0
Event: 5.125 Thread 0x00007fac941ad800 DEOPT PACKING pc=0x00007fac853b50ac sp=0x00007fac8455d080
Event: 5.125 Thread 0x00007fac941ad800 DEOPT UNPACKING pc=0x00007fac85047373 sp=0x00007fac8455cd80 mode 0
Event: 5.163 Thread 0x00007fac941b0800 DEOPT PACKING pc=0x00007fac853d3966 sp=0x00007fac8435ae90
Event: 5.163 Thread 0x00007fac941b0800 DEOPT UNPACKING pc=0x00007fac85047373 sp=0x00007fac8435ac30 mode 0
Event: 5.188 Thread 0x00007fac94008800 DEOPT PACKING pc=0x00007fac852a28e8 sp=0x00007fac9d3d9ec0
Event: 5.188 Thread 0x00007fac94008800 DEOPT UNPACKING pc=0x00007fac85047373 sp=0x00007fac9d3d9c00 mode 0
Event: 5.193 Executing VM operation: ParallelGCFailedAllocation


Dynamic libraries:
00400000-00401000 r-xp 00000000 08:03 3294483                            /usr/lib/jvm/java-8-openjdk/jre/bin/java
00600000-00601000 rw-p 00000000 08:03 3294483                            /usr/lib/jvm/java-8-openjdk/jre/bin/java
00826000-00847000 rw-p 00000000 00:00 0                                  [heap]
c0000000-c5300000 rw-p 00000000 00:00 0 
c5300000-eab00000 ---p 00000000 00:00 0 
eab00000-f3100000 rw-p 00000000 00:00 0 
fd300000-100000000 ---p 00000000 00:00 0 
100000000-1000a0000 rw-p 00000000 00:00 0 
1000a0000-140000000 ---p 00000000 00:00 0 
7fac38000000-7fac38023000 rw-p 00000000 00:00 0 
7fac38023000-7fac3c000000 ---p 00000000 00:00 0 
7fac3c000000-7fac3c025000 rw-p 00000000 00:00 0 
7fac3c025000-7fac40000000 ---p 00000000 00:00 0 
7fac40000000-7fac40021000 rw-p 00000000 00:00 0 
7fac40021000-7fac44000000 ---p 00000000 00:00 0 
7fac44000000-7fac44021000 rw-p 00000000 00:00 0 
7fac44021000-7fac48000000 ---p 00000000 00:00 0 
7fac48000000-7fac48021000 rw-p 00000000 00:00 0 
7fac48021000-7fac4c000000 ---p 00000000 00:00 0 
7fac4c000000-7fac4c042000 rw-p 00000000 00:00 0 
7fac4c042000-7fac50000000 ---p 00000000 00:00 0 
7fac50000000-7fac510d0000 rw-p 00000000 00:00 0 
7fac510d0000-7fac54000000 ---p 00000000 00:00 0 
7fac54000000-7fac54021000 rw-p 00000000 00:00 0 
7fac54021000-7fac58000000 ---p 00000000 00:00 0 
7fac58000000-7fac58f1a000 rw-p 00000000 00:00 0 
7fac58f1a000-7fac5c000000 ---p 00000000 00:00 0 
7fac5c000000-7fac5ca54000 rw-p 00000000 00:00 0 
7fac5ca54000-7fac60000000 ---p 00000000 00:00 0 
7fac60000000-7fac60021000 rw-p 00000000 00:00 0 
7fac60021000-7fac64000000 ---p 00000000 00:00 0 
7fac64000000-7fac64021000 rw-p 00000000 00:00 0 
7fac64021000-7fac68000000 ---p 00000000 00:00 0 
7fac68000000-7fac68039000 rw-p 00000000 00:00 0 
7fac68039000-7fac6c000000 ---p 00000000 00:00 0 
7fac6c000000-7fac6c021000 rw-p 00000000 00:00 0 
7fac6c021000-7fac70000000 ---p 00000000 00:00 0 
7fac70000000-7fac70021000 rw-p 00000000 00:00 0 
7fac70021000-7fac74000000 ---p 00000000 00:00 0 
7fac76000000-7fac78000000 rw-p 00000000 00:00 0 
7fac78000000-7fac78021000 rw-p 00000000 00:00 0 
7fac78021000-7fac7c000000 ---p 00000000 00:00 0 
7fac7c000000-7fac7c021000 rw-p 00000000 00:00 0 
7fac7c021000-7fac80000000 ---p 00000000 00:00 0 
7fac80000000-7fac80021000 rw-p 00000000 00:00 0 
7fac80021000-7fac84000000 ---p 00000000 00:00 0 
7fac84098000-7fac840be000 r--p 00000000 08:03 3147835                    /usr/share/locale/es/LC_MESSAGES/libc.mo
7fac8425c000-7fac8425f000 ---p 00000000 00:00 0 
7fac8425f000-7fac8435d000 rw-p 00000000 00:00 0 
7fac8435d000-7fac84360000 ---p 00000000 00:00 0 
7fac84360000-7fac8445e000 rw-p 00000000 00:00 0 
7fac8445e000-7fac84461000 ---p 00000000 00:00 0 
7fac84461000-7fac8455f000 rw-p 00000000 00:00 0 
7fac8455f000-7fac84562000 ---p 00000000 00:00 0 
7fac84562000-7fac84660000 rw-p 00000000 00:00 0 
7fac84660000-7fac84663000 ---p 00000000 00:00 0 
7fac84663000-7fac84761000 rw-p 00000000 00:00 0 
7fac84761000-7fac84762000 ---p 00000000 00:00 0 
7fac84762000-7fac84862000 rw-p 00000000 00:00 0 
7fac84862000-7fac84865000 ---p 00000000 00:00 0 
7fac84865000-7fac84963000 rw-p 00000000 00:00 0 
7fac84963000-7fac84966000 ---p 00000000 00:00 0 
7fac84966000-7fac84a64000 rw-p 00000000 00:00 0 
7fac84a64000-7fac84a67000 ---p 00000000 00:00 0 
7fac84a67000-7fac84b65000 rw-p 00000000 00:00 0 
7fac84b65000-7fac84b68000 ---p 00000000 00:00 0 
7fac84b68000-7fac84c66000 rw-p 00000000 00:00 0 
7fac84c66000-7fac84c69000 ---p 00000000 00:00 0 
7fac84c69000-7fac84d67000 rw-p 00000000 00:00 0 
7fac84d67000-7fac84eff000 r--p 00000000 08:03 3182868                    /usr/lib/locale/locale-archive
7fac84eff000-7fac84f02000 ---p 00000000 00:00 0 
7fac84f02000-7fac85000000 rw-p 00000000 00:00 0 
7fac85000000-7fac85660000 rwxp 00000000 00:00 0 
7fac85660000-7fac94000000 ---p 00000000 00:00 0 
7fac94000000-7fac94207000 rw-p 00000000 00:00 0 
7fac94207000-7fac98000000 ---p 00000000 00:00 0 
7fac98020000-7fac9802a000 r--s 0008b000 08:03 11144518                   /home/lifka/Workspace/githubProjects/Servicio-reserva-en-farmacias/Android/SisFarmaApp/app/build/intermediates/exploded-aar/com.android.support/appcompat-v7/23.3.0/jars/classes.jar
7fac9802a000-7fac98039000 r--s 000df000 08:03 7079310                    /home/lifka/Android/Sdk/build-tools/23.0.2/lib/dx.jar
7fac98039000-7fac98047000 r--s 00193000 08:03 3289265                    /usr/lib/jvm/java-8-openjdk/jre/lib/ext/j3dutils.jar
7fac98047000-7fac9804a000 ---p 00000000 00:00 0 
7fac9804a000-7fac98148000 rw-p 00000000 00:00 0 
7fac98148000-7fac98149000 ---p 00000000 00:00 0 
7fac98149000-7fac99208000 rw-p 00000000 00:00 0 
7fac99208000-7fac993d5000 r--s 03bec000 08:03 3286197                    /usr/lib/jvm/java-8-openjdk/jre/lib/rt.jar
7fac993d5000-7fac99acb000 rw-p 00000000 00:00 0 
7fac99acb000-7fac99c4b000 ---p 00000000 00:00 0 
7fac99c4b000-7fac99e4b000 rw-p 00000000 00:00 0 
7fac99e4b000-7fac99e4c000 ---p 00000000 00:00 0 
7fac99e4c000-7fac99f4c000 rw-p 00000000 00:00 0 
7fac99f4c000-7fac99f4d000 ---p 00000000 00:00 0 
7fac99f4d000-7fac9a04d000 rw-p 00000000 00:00 0 
7fac9a04d000-7fac9a04e000 ---p 00000000 00:00 0 
7fac9a04e000-7fac9a14e000 rw-p 00000000 00:00 0 
7fac9a14e000-7fac9a14f000 ---p 00000000 00:00 0 
7fac9a14f000-7fac9a279000 rw-p 00000000 00:00 0 
7fac9a279000-7fac9a3a5000 ---p 00000000 00:00 0 
7fac9a3a5000-7fac9a3cf000 rw-p 00000000 00:00 0 
7fac9a3cf000-7fac9a4fa000 ---p 00000000 00:00 0 
7fac9a4fa000-7fac9a53e000 rw-p 00000000 00:00 0 
7fac9a53e000-7fac9a5a5000 ---p 00000000 00:00 0 
7fac9a5a5000-7fac9a5c0000 rw-p 00000000 00:00 0 
7fac9a5c0000-7fac9a966000 ---p 00000000 00:00 0 
7fac9a966000-7fac9a96e000 r-xp 00000000 08:03 3286437                    /usr/lib/jvm/java-8-openjdk/jre/lib/amd64/libzip.so
7fac9a96e000-7fac9ab6d000 ---p 00008000 08:03 3286437                    /usr/lib/jvm/java-8-openjdk/jre/lib/amd64/libzip.so
7fac9ab6d000-7fac9ab6e000 rw-p 00007000 08:03 3286437                    /usr/lib/jvm/java-8-openjdk/jre/lib/amd64/libzip.so
7fac9ab6e000-7fac9ab79000 r-xp 00000000 08:03 3148989                    /usr/lib/libnss_files-2.23.so
7fac9ab79000-7fac9ad78000 ---p 0000b000 08:03 3148989                    /usr/lib/libnss_files-2.23.so
7fac9ad78000-7fac9ad79000 r--p 0000a000 08:03 3148989                    /usr/lib/libnss_files-2.23.so
7fac9ad79000-7fac9ad7a000 rw-p 0000b000 08:03 3148989                    /usr/lib/libnss_files-2.23.so
7fac9ad7a000-7fac9ad80000 rw-p 00000000 00:00 0 
7fac9ad80000-7fac9adac000 r-xp 00000000 08:03 3286436                    /usr/lib/jvm/java-8-openjdk/jre/lib/amd64/libjava.so
7fac9adac000-7fac9afac000 ---p 0002c000 08:03 3286436                    /usr/lib/jvm/java-8-openjdk/jre/lib/amd64/libjava.so
7fac9afac000-7fac9afae000 rw-p 0002c000 08:03 3286436                    /usr/lib/jvm/java-8-openjdk/jre/lib/amd64/libjava.so
7fac9afae000-7fac9afbb000 r-xp 00000000 08:03 3286425                    /usr/lib/jvm/java-8-openjdk/jre/lib/amd64/libverify.so
7fac9afbb000-7fac9b1ba000 ---p 0000d000 08:03 3286425                    /usr/lib/jvm/java-8-openjdk/jre/lib/amd64/libverify.so
7fac9b1ba000-7fac9b1bc000 rw-p 0000c000 08:03 3286425                    /usr/lib/jvm/java-8-openjdk/jre/lib/amd64/libverify.so
7fac9b1bc000-7fac9b1c3000 r-xp 00000000 08:03 3148997                    /usr/lib/librt-2.23.so
7fac9b1c3000-7fac9b3c2000 ---p 00007000 08:03 3148997                    /usr/lib/librt-2.23.so
7fac9b3c2000-7fac9b3c3000 r--p 00006000 08:03 3148997                    /usr/lib/librt-2.23.so
7fac9b3c3000-7fac9b3c4000 rw-p 00007000 08:03 3148997                    /usr/lib/librt-2.23.so
7fac9b3c4000-7fac9b4c7000 r-xp 00000000 08:03 3148994                    /usr/lib/libm-2.23.so
7fac9b4c7000-7fac9b6c7000 ---p 00103000 08:03 3148994                    /usr/lib/libm-2.23.so
7fac9b6c7000-7fac9b6c8000 r--p 00103000 08:03 3148994                    /usr/lib/libm-2.23.so
7fac9b6c8000-7fac9b6c9000 rw-p 00104000 08:03 3148994                    /usr/lib/libm-2.23.so
7fac9b6c9000-7fac9c31e000 r-xp 00000000 08:03 3294474                    /usr/lib/jvm/java-8-openjdk/jre/lib/amd64/server/libjvm.so
7fac9c31e000-7fac9c51e000 ---p 00c55000 08:03 3294474                    /usr/lib/jvm/java-8-openjdk/jre/lib/amd64/server/libjvm.so
7fac9c51e000-7fac9c5da000 rw-p 00c55000 08:03 3294474                    /usr/lib/jvm/java-8-openjdk/jre/lib/amd64/server/libjvm.so
7fac9c5da000-7fac9c60a000 rw-p 00000000 00:00 0 
7fac9c60a000-7fac9c7a2000 r-xp 00000000 08:03 3148927                    /usr/lib/libc-2.23.so
7fac9c7a2000-7fac9c9a1000 ---p 00198000 08:03 3148927                    /usr/lib/libc-2.23.so
7fac9c9a1000-7fac9c9a5000 r--p 00197000 08:03 3148927                    /usr/lib/libc-2.23.so
7fac9c9a5000-7fac9c9a7000 rw-p 0019b000 08:03 3148927                    /usr/lib/libc-2.23.so
7fac9c9a7000-7fac9c9ab000 rw-p 00000000 00:00 0 
7fac9c9ab000-7fac9c9ad000 r-xp 00000000 08:03 3148993                    /usr/lib/libdl-2.23.so
7fac9c9ad000-7fac9cbad000 ---p 00002000 08:03 3148993                    /usr/lib/libdl-2.23.so
7fac9cbad000-7fac9cbae000 r--p 00002000 08:03 3148993                    /usr/lib/libdl-2.23.so
7fac9cbae000-7fac9cbaf000 rw-p 00003000 08:03 3148993                    /usr/lib/libdl-2.23.so
7fac9cbaf000-7fac9cbbc000 r-xp 00000000 08:03 3294471                    /usr/lib/jvm/java-8-openjdk/jre/lib/amd64/jli/libjli.so
7fac9cbbc000-7fac9cdbb000 ---p 0000d000 08:03 3294471                    /usr/lib/jvm/java-8-openjdk/jre/lib/amd64/jli/libjli.so
7fac9cdbb000-7fac9cdbc000 rw-p 0000c000 08:03 3294471                    /usr/lib/jvm/java-8-openjdk/jre/lib/amd64/jli/libjli.so
7fac9cdbc000-7fac9cdd1000 r-xp 00000000 08:03 3152232                    /usr/lib/libz.so.1.2.8
7fac9cdd1000-7fac9cfd0000 ---p 00015000 08:03 3152232                    /usr/lib/libz.so.1.2.8
7fac9cfd0000-7fac9cfd1000 r--p 00014000 08:03 3152232                    /usr/lib/libz.so.1.2.8
7fac9cfd1000-7fac9cfd2000 rw-p 00015000 08:03 3152232                    /usr/lib/libz.so.1.2.8
7fac9cfd2000-7fac9cfea000 r-xp 00000000 08:03 3148904                    /usr/lib/libpthread-2.23.so
7fac9cfea000-7fac9d1e9000 ---p 00018000 08:03 3148904                    /usr/lib/libpthread-2.23.so
7fac9d1e9000-7fac9d1ea000 r--p 00017000 08:03 3148904                    /usr/lib/libpthread-2.23.so
7fac9d1ea000-7fac9d1eb000 rw-p 00018000 08:03 3148904                    /usr/lib/libpthread-2.23.so
7fac9d1eb000-7fac9d1ef000 rw-p 00000000 00:00 0 
7fac9d1ef000-7fac9d212000 r-xp 00000000 08:03 3148926                    /usr/lib/ld-2.23.so
7fac9d217000-7fac9d2dc000 rw-p 00000000 00:00 0 
7fac9d2dc000-7fac9d2df000 ---p 00000000 00:00 0 
7fac9d2df000-7fac9d3e1000 rw-p 00000000 00:00 0 
7fac9d3e5000-7fac9d3e7000 r--s 0004c000 08:03 3289264                    /usr/lib/jvm/java-8-openjdk/jre/lib/ext/vecmath.jar
7fac9d3e7000-7fac9d3f3000 r--s 002c7000 08:03 3289266                    /usr/lib/jvm/java-8-openjdk/jre/lib/ext/j3dcore.jar
7fac9d3f3000-7fac9d407000 rw-p 00000000 00:00 0 
7fac9d407000-7fac9d40f000 rw-s 00000000 00:22 2483654                    /tmp/hsperfdata_lifka/22665
7fac9d40f000-7fac9d410000 rw-p 00000000 00:00 0 
7fac9d410000-7fac9d411000 ---p 00000000 00:00 0 
7fac9d411000-7fac9d412000 rw-p 00000000 00:00 0 
7fac9d412000-7fac9d413000 r--p 00023000 08:03 3148926                    /usr/lib/ld-2.23.so
7fac9d413000-7fac9d414000 rw-p 00024000 08:03 3148926                    /usr/lib/ld-2.23.so
7fac9d414000-7fac9d415000 rw-p 00000000 00:00 0 
7ffc996a8000-7ffc996c9000 rw-p 00000000 00:00 0                          [stack]
7ffc9971a000-7ffc9971d000 r--p 00000000 00:00 0                          [vvar]
7ffc9971d000-7ffc9971f000 r-xp 00000000 00:00 0                          [vdso]
ffffffffff600000-ffffffffff601000 r-xp 00000000 00:00 0                  [vsyscall]

VM Arguments:
jvm_args: -Djava.awt.headless=true -Xmx1024M -Dfile.encoding=UTF-8 -Duser.country=ES -Duser.language=es -Duser.variant 
java_command: com.android.dx.command.Main --dex --force-jumbo --num-threads=4 --multi-dex --output /home/lifka/Workspace/githubProjects/Servicio-reserva-en-farmacias/Android/SisFarmaApp/app/build/intermediates/transforms/dex/debug/folders/1000/10/com.android.support-appcompat-v7-23.3.0_bb6be1bdcda295375449bb8069525c1f58952549 /home/lifka/Workspace/githubProjects/Servicio-reserva-en-farmacias/Android/SisFarmaApp/app/build/intermediates/exploded-aar/com.android.support/appcompat-v7/23.3.0/jars/classes.jar
java_class_path (initial): /home/lifka/Android/Sdk/build-tools/23.0.2/lib/dx.jar
Launcher Type: SUN_STANDARD

Environment Variables:
PATH=/usr/local/sbin:/usr/local/bin:/usr/bin:/opt/android-sdk/tools:/usr/lib/jvm/default/bin:/usr/bin/site_perl:/usr/bin/vendor_perl:/usr/bin/core_perl
USERNAME=lifka
LD_LIBRARY_PATH=/opt/android-studio/bin:
SHELL=/bin/bash
DISPLAY=:0

Signal Handlers:
SIGSEGV: [libjvm.so+0xa5a220], sa_mask[0]=11111111011111111101111111111110, sa_flags=SA_RESTART|SA_SIGINFO
SIGBUS: [libjvm.so+0xa5a220], sa_mask[0]=11111111011111111101111111111110, sa_flags=SA_RESTART|SA_SIGINFO
SIGFPE: [libjvm.so+0x8a5a90], sa_mask[0]=11111111011111111101111111111110, sa_flags=SA_RESTART|SA_SIGINFO
SIGPIPE: [libjvm.so+0x8a5a90], sa_mask[0]=11111111011111111101111111111110, sa_flags=SA_RESTART|SA_SIGINFO
SIGXFSZ: [libjvm.so+0x8a5a90], sa_mask[0]=11111111011111111101111111111110, sa_flags=SA_RESTART|SA_SIGINFO
SIGILL: [libjvm.so+0x8a5a90], sa_mask[0]=11111111011111111101111111111110, sa_flags=SA_RESTART|SA_SIGINFO
SIGUSR1: SIG_DFL, sa_mask[0]=00000000000000000000000000000000, sa_flags=none
SIGUSR2: [libjvm.so+0x8a5940], sa_mask[0]=00100000000000000000000000000000, sa_flags=SA_RESTART|SA_SIGINFO
SIGHUP: [libjvm.so+0x8a5e10], sa_mask[0]=11111111011111111101111111111110, sa_flags=SA_RESTART|SA_SIGINFO
SIGINT: [libjvm.so+0x8a5e10], sa_mask[0]=11111111011111111101111111111110, sa_flags=SA_RESTART|SA_SIGINFO
SIGTERM: [libjvm.so+0x8a5e10], sa_mask[0]=11111111011111111101111111111110, sa_flags=SA_RESTART|SA_SIGINFO
SIGQUIT: [libjvm.so+0x8a5e10], sa_mask[0]=11111111011111111101111111111110, sa_flags=SA_RESTART|SA_SIGINFO


---------------  S Y S T E M  ---------------

OS:NAME="Arch Linux"
ID=arch
PRETTY_NAME="Arch Linux"
ANSI_COLOR="0;36"
HOME_URL="https://www.archlinux.org/"
SUPPORT_URL="https://bbs.archlinux.org/"
BUG_REPORT_URL="https://bugs.archlinux.org/"


uname:Linux 4.5.1-1-ARCH #1 SMP PREEMPT Thu Apr 14 19:19:32 CEST 2016 x86_64
libc:glibc 2.23 NPTL 2.23 
rlimit: STACK 8192k, CORE infinity, NPROC 31439, NOFILE 4096, AS infinity
load average:38.14 28.62 12.95

/proc/meminfo:
MemTotal:        8110432 kB
MemFree:           58736 kB
MemAvailable:      62256 kB
Buffers:            1164 kB
Cached:          1401000 kB
SwapCached:        10764 kB
Active:          6614340 kB
Inactive:        1157272 kB
Active(anon):    6592596 kB
Inactive(anon):  1136628 kB
Active(file):      21744 kB
Inactive(file):    20644 kB
Unevictable:         784 kB
Mlocked:             784 kB
SwapTotal:       2097148 kB
SwapFree:              0 kB
Dirty:                72 kB
Writeback:            32 kB
AnonPages:       6360424 kB
Mapped:           438944 kB
Shmem:           1358832 kB
Slab:              94224 kB
SReclaimable:      44116 kB
SUnreclaim:        50108 kB
KernelStack:       15760 kB
PageTables:        70396 kB
NFS_Unstable:          0 kB
Bounce:                0 kB
WritebackTmp:          0 kB
CommitLimit:     6152364 kB
Committed_AS:   17161312 kB
VmallocTotal:   34359738367 kB
VmallocUsed:           0 kB
VmallocChunk:          0 kB
HardwareCorrupted:     0 kB
AnonHugePages:   2471936 kB
HugePages_Total:       0
HugePages_Free:        0
HugePages_Rsvd:        0
HugePages_Surp:        0
Hugepagesize:       2048 kB
DirectMap4k:      196928 kB
DirectMap2M:     7073792 kB
DirectMap1G:     2097152 kB


CPU:total 4 (2 cores per cpu, 2 threads per core) family 6 model 69 stepping 1, cmov, cx8, fxsr, mmx, sse, sse2, sse3, ssse3, sse4.1, sse4.2, popcnt, avx, avx2, aes, clmul, erms, lzcnt, ht, tsc, tscinvbit, bmi1, bmi2

/proc/cpuinfo:
processor	: 0
vendor_id	: GenuineIntel
cpu family	: 6
model		: 69
model name	: Intel(R) Core(TM) i5-4210U CPU @ 1.70GHz
stepping	: 1
microcode	: 0x1d
cpu MHz		: 2400.000
cache size	: 3072 KB
physical id	: 0
siblings	: 4
core id		: 0
cpu cores	: 2
apicid		: 0
initial apicid	: 0
fpu		: yes
fpu_exception	: yes
cpuid level	: 13
wp		: yes
flags		: fpu vme de pse tsc msr pae mce cx8 apic sep mtrr pge mca cmov pat pse36 clflush dts acpi mmx fxsr sse sse2 ss ht tm pbe syscall nx pdpe1gb rdtscp lm constant_tsc arch_perfmon pebs bts rep_good nopl xtopology nonstop_tsc aperfmperf eagerfpu pni pclmulqdq dtes64 monitor ds_cpl vmx est tm2 ssse3 sdbg fma cx16 xtpr pdcm pcid sse4_1 sse4_2 movbe popcnt tsc_deadline_timer aes xsave avx f16c rdrand lahf_lm abm epb tpr_shadow vnmi flexpriority ept vpid fsgsbase tsc_adjust bmi1 avx2 smep bmi2 erms invpcid xsaveopt dtherm ida arat pln pts
bugs		:
bogomips	: 4790.45
clflush size	: 64
cache_alignment	: 64
address sizes	: 39 bits physical, 48 bits virtual
power management:

processor	: 1
vendor_id	: GenuineIntel
cpu family	: 6
model		: 69
model name	: Intel(R) Core(TM) i5-4210U CPU @ 1.70GHz
stepping	: 1
microcode	: 0x1d
cpu MHz		: 2399.906
cache size	: 3072 KB
physical id	: 0
siblings	: 4
core id		: 0
cpu cores	: 2
apicid		: 1
initial apicid	: 1
fpu		: yes
fpu_exception	: yes
cpuid level	: 13
wp		: yes
flags		: fpu vme de pse tsc msr pae mce cx8 apic sep mtrr pge mca cmov pat pse36 clflush dts acpi mmx fxsr sse sse2 ss ht tm pbe syscall nx pdpe1gb rdtscp lm constant_tsc arch_perfmon pebs bts rep_good nopl xtopology nonstop_tsc aperfmperf eagerfpu pni pclmulqdq dtes64 monitor ds_cpl vmx est tm2 ssse3 sdbg fma cx16 xtpr pdcm pcid sse4_1 sse4_2 movbe popcnt tsc_deadline_timer aes xsave avx f16c rdrand lahf_lm abm epb tpr_shadow vnmi flexpriority ept vpid fsgsbase tsc_adjust bmi1 avx2 smep bmi2 erms invpcid xsaveopt dtherm ida arat pln pts
bugs		:
bogomips	: 4790.45
clflush size	: 64
cache_alignment	: 64
address sizes	: 39 bits physical, 48 bits virtual
power management:

processor	: 2
vendor_id	: GenuineIntel
cpu family	: 6
model		: 69
model name	: Intel(R) Core(TM) i5-4210U CPU @ 1.70GHz
stepping	: 1
microcode	: 0x1d
cpu MHz		: 2400.000
cache size	: 3072 KB
physical id	: 0
siblings	: 4
core id		: 1
cpu cores	: 2
apicid		: 2
initial apicid	: 2
fpu		: yes
fpu_exception	: yes
cpuid level	: 13
wp		: yes
flags		: fpu vme de pse tsc msr pae mce cx8 apic sep mtrr pge mca cmov pat pse36 clflush dts acpi mmx fxsr sse sse2 ss ht tm pbe syscall nx pdpe1gb rdtscp lm constant_tsc arch_perfmon pebs bts rep_good nopl xtopology nonstop_tsc aperfmperf eagerfpu pni pclmulqdq dtes64 monitor ds_cpl vmx est tm2 ssse3 sdbg fma cx16 xtpr pdcm pcid sse4_1 sse4_2 movbe popcnt tsc_deadline_timer aes xsave avx f16c rdrand lahf_lm abm epb tpr_shadow vnmi flexpriority ept vpid fsgsbase tsc_adjust bmi1 avx2 smep bmi2 erms invpcid xsaveopt dtherm ida arat pln pts
bugs		:
bogomips	: 4790.45
clflush size	: 64
cache_alignment	: 64
address sizes	: 39 bits physical, 48 bits virtual
power management:

processor	: 3
vendor_id	: GenuineIntel
cpu family	: 6
model		: 69
model name	: Intel(R) Core(TM) i5-4210U CPU @ 1.70GHz
stepping	: 1
microcode	: 0x1d
cpu MHz		: 2400.000
cache size	: 3072 KB
physical id	: 0
siblings	: 4
core id		: 1
cpu cores	: 2
apicid		: 3
initial apicid	: 3
fpu		: yes
fpu_exception	: yes
cpuid level	: 13
wp		: yes
flags		: fpu vme de pse tsc msr pae mce cx8 apic sep mtrr pge mca cmov pat pse36 clflush dts acpi mmx fxsr sse sse2 ss ht tm pbe syscall nx pdpe1gb rdtscp lm constant_tsc arch_perfmon pebs bts rep_good nopl xtopology nonstop_tsc aperfmperf eagerfpu pni pclmulqdq dtes64 monitor ds_cpl vmx est tm2 ssse3 sdbg fma cx16 xtpr pdcm pcid sse4_1 sse4_2 movbe popcnt tsc_deadline_timer aes xsave avx f16c rdrand lahf_lm abm epb tpr_shadow vnmi flexpriority ept vpid fsgsbase tsc_adjust bmi1 avx2 smep bmi2 erms invpcid xsaveopt dtherm ida arat pln pts
bugs		:
bogomips	: 4790.45
clflush size	: 64
cache_alignment	: 64
address sizes	: 39 bits physical, 48 bits virtual
power management:



Memory: 4k page, physical 8110432k(58908k free), swap 2097148k(0k free)

vm_info: OpenJDK 64-Bit Server VM (25.92-b14) for linux-amd64 JRE (1.8.0_92-b14), built on Apr 24 2016 15:02:36 by "builduser" with gcc 5.3.0

time: Sun May  8 02:51:35 2016
elapsed time: 5 seconds (0d 0h 0m 5s)

