#
# There is insufficient memory for the Java Runtime Environment to continue.
# Native memory allocation (mmap) failed to map 168820736 bytes for committing reserved memory.
# Possible reasons:
#   The system is out of physical RAM or swap space
#   In 32 bit mode, the process size limit was hit
# Possible solutions:
#   Reduce memory load on the system
#   Increase physical memory or swap space
#   Check if swap backing store is full
#   Use 64 bit Java on a 64 bit OS
#   Decrease Java heap size (-Xmx/-Xms)
#   Decrease number of Java threads
#   Decrease Java thread stack sizes (-Xss)
#   Set larger code cache with -XX:ReservedCodeCacheSize=
# This output file may be truncated or incomplete.
#
#  Out of Memory Error (os_linux.cpp:2627), pid=27281, tid=0x00007fbddc1e8700
#
# JRE version: OpenJDK Runtime Environment (8.0_92-b14) (build 1.8.0_92-b14)
# Java VM: OpenJDK 64-Bit Server VM (25.92-b14 mixed mode linux-amd64 compressed oops)
# Core dump written. Default location: /home/lifka/Workspace/githubProjects/Servicio-reserva-en-farmacias/Android/SisFarmaApp/app/core or core.27281
#

---------------  T H R E A D  ---------------

Current thread (0x00007fbdd8076000):  VMThread [stack: 0x00007fbddc0e8000,0x00007fbddc1e9000] [id=27309]

Stack: [0x00007fbddc0e8000,0x00007fbddc1e9000],  sp=0x00007fbddc1e74c0,  free space=1021k
Native frames: (J=compiled Java code, j=interpreted, Vv=VM code, C=native code)
V  [libjvm.so+0xa596cb]
V  [libjvm.so+0x4c344c]
V  [libjvm.so+0x8aa3f0]
V  [libjvm.so+0x8a491e]
V  [libjvm.so+0x91e90b]
V  [libjvm.so+0x91fc43]
V  [libjvm.so+0x91c31b]
V  [libjvm.so+0x91c5cc]
V  [libjvm.so+0x8ce953]
V  [libjvm.so+0xa5b312]
V  [libjvm.so+0xa602e7]
V  [libjvm.so+0xa5db2c]
V  [libjvm.so+0xa5ef0f]
V  [libjvm.so+0xa5f401]
V  [libjvm.so+0x8a7902]

VM_Operation (0x00007fbdc845bef0): ParallelGCFailedAllocation, mode: safepoint, requested by thread 0x00007fbdd81d6000


---------------  P R O C E S S  ---------------

Java Threads: ( => current thread )
  0x00007fbdd81d8800 JavaThread "pool-2-thread-4" [_thread_blocked, id=27358, stack(0x00007fbdc815b000,0x00007fbdc825c000)]
  0x00007fbdd81d7000 JavaThread "pool-2-thread-3" [_thread_blocked, id=27357, stack(0x00007fbdc825c000,0x00007fbdc835d000)]
  0x00007fbdd81d6000 JavaThread "pool-2-thread-2" [_thread_blocked, id=27356, stack(0x00007fbdc835d000,0x00007fbdc845e000)]
  0x00007fbdd81d4000 JavaThread "pool-3-thread-1" [_thread_blocked, id=27355, stack(0x00007fbdc845e000,0x00007fbdc855f000)]
  0x00007fbdd81d1800 JavaThread "pool-2-thread-1" [_thread_blocked, id=27354, stack(0x00007fbdc855f000,0x00007fbdc8660000)]
  0x00007fbdd80d8800 JavaThread "Service Thread" daemon [_thread_blocked, id=27339, stack(0x00007fbdc8761000,0x00007fbdc8862000)]
  0x00007fbdd80bb800 JavaThread "C1 CompilerThread2" daemon [_thread_blocked, id=27337, stack(0x00007fbdc8862000,0x00007fbdc8963000)]
  0x00007fbdd80b9800 JavaThread "C2 CompilerThread1" daemon [_thread_blocked, id=27335, stack(0x00007fbdc8963000,0x00007fbdc8a64000)]
  0x00007fbdd80b7000 JavaThread "C2 CompilerThread0" daemon [_thread_blocked, id=27334, stack(0x00007fbdc8a64000,0x00007fbdc8b65000)]
  0x00007fbdd80b5800 JavaThread "Signal Dispatcher" daemon [_thread_blocked, id=27333, stack(0x00007fbdc8b65000,0x00007fbdc8c66000)]
  0x00007fbdd8082800 JavaThread "Finalizer" daemon [_thread_blocked, id=27316, stack(0x00007fbdc8dfe000,0x00007fbdc8eff000)]
  0x00007fbdd807e000 JavaThread "Reference Handler" daemon [_thread_blocked, id=27314, stack(0x00007fbdc8eff000,0x00007fbdc9000000)]
  0x00007fbdd8008800 JavaThread "main" [_thread_blocked, id=27289, stack(0x00007fbde127c000,0x00007fbde137d000)]

Other Threads:
=>0x00007fbdd8076000 VMThread [stack: 0x00007fbddc0e8000,0x00007fbddc1e9000] [id=27309]
  0x00007fbdd80db800 WatcherThread [stack: 0x00007fbdc8660000,0x00007fbdc8761000] [id=27341]

VM state:at safepoint (normal execution)

VM Mutex/Monitor currently owned by a thread:  ([mutex/lock_event])
[0x00007fbdd8006640] Threads_lock - owner thread: 0x00007fbdd8076000
[0x00007fbdd8006b40] Heap_lock - owner thread: 0x00007fbdd81d6000

Heap:
 PSYoungGen      total 132096K, used 5105K [0x00000000eab00000, 0x00000000f3100000, 0x0000000100000000)
  eden space 126976K, 0% used [0x00000000eab00000,0x00000000eab00000,0x00000000f2700000)
  from space 5120K, 99% used [0x00000000f2700000,0x00000000f2bfc538,0x00000000f2c00000)
  to   space 5120K, 0% used [0x00000000f2c00000,0x00000000f2c00000,0x00000000f3100000)
 ParOldGen       total 84992K, used 39880K [0x00000000c0000000, 0x00000000c5300000, 0x00000000eab00000)
  object space 84992K, 46% used [0x00000000c0000000,0x00000000c26f20c8,0x00000000c5300000)
 Metaspace       used 6289K, capacity 7152K, committed 7296K, reserved 1056768K
  class space    used 594K, capacity 616K, committed 640K, reserved 1048576K

Card table byte_map: [0x00007fbdde345000,0x00007fbdde546000] byte_map_base: 0x00007fbdddd45000

Marking Bits: (ParMarkBitMap*) 0x00007fbde058d540
 Begin Bits: [0x00007fbdba000000, 0x00007fbdbb000000)
 End Bits:   [0x00007fbdbb000000, 0x00007fbdbc000000)

Polling page: 0x00007fbde13b0000

CodeCache: size=245760Kb used=6599Kb max_used=6606Kb free=239160Kb
 bounds [0x00007fbdc9000000, 0x00007fbdc9680000, 0x00007fbdd8000000]
 total_blobs=2028 nmethods=1761 adapters=182
 compilation: enabled

Compilation events (10 events):
Event: 201.755 Thread 0x00007fbdd80b7000 2410       4       com.android.dx.ssa.SsaMethod::bitSetFromLabelList (47 bytes)
Event: 201.756 Thread 0x00007fbdd80b9800 2363       4       com.android.dx.ssa.back.LivenessAnalyzer::run (231 bytes)
Event: 201.759 Thread 0x00007fbdd80bb800 2414       3       com.android.dx.ssa.SsaMethod::removeFromUseList (57 bytes)
Event: 201.760 Thread 0x00007fbdd80bb800 nmethod 2414 0x00007fbdc9668e90 code [0x00007fbdc9669060, 0x00007fbdc9669828]
Event: 201.781 Thread 0x00007fbdd80bb800 2415       2       com.android.dx.util.MutabilityControl::isImmutable (13 bytes)
Event: 201.782 Thread 0x00007fbdd80bb800 nmethod 2415 0x00007fbdc9668b50 code [0x00007fbdc9668ca0, 0x00007fbdc9668e10]
Event: 201.782 Thread 0x00007fbdd80bb800 2416       2       com.android.dx.dex.file.AnnotationSetItem::<init> (83 bytes)
Event: 201.783 Thread 0x00007fbdd80bb800 nmethod 2416 0x00007fbdc966b410 code [0x00007fbdc966b600, 0x00007fbdc966be08]
Event: 201.801 Thread 0x00007fbdd80bb800 2417 %     3       com.android.dx.ssa.SsaRenamer::<init> @ 65 (100 bytes)
Event: 201.802 Thread 0x00007fbdd80bb800 nmethod 2417% 0x00007fbdc9673050 code [0x00007fbdc9673240, 0x00007fbdc9673de8]

GC Heap History (9 events):
Event: 2.110 GC heap before
{Heap before GC invocations=1 (full 0):
 PSYoungGen      total 36864K, used 31744K [0x00000000eab00000, 0x00000000ed400000, 0x0000000100000000)
  eden space 31744K, 100% used [0x00000000eab00000,0x00000000eca00000,0x00000000eca00000)
  from space 5120K, 0% used [0x00000000ecf00000,0x00000000ecf00000,0x00000000ed400000)
  to   space 5120K, 0% used [0x00000000eca00000,0x00000000eca00000,0x00000000ecf00000)
 ParOldGen       total 84992K, used 0K [0x00000000c0000000, 0x00000000c5300000, 0x00000000eab00000)
  object space 84992K, 0% used [0x00000000c0000000,0x00000000c0000000,0x00000000c5300000)
 Metaspace       used 5744K, capacity 6768K, committed 7040K, reserved 1056768K
  class space    used 574K, capacity 616K, committed 640K, reserved 1048576K
Event: 2.151 GC heap after
Heap after GC invocations=1 (full 0):
 PSYoungGen      total 36864K, used 5107K [0x00000000eab00000, 0x00000000ef300000, 0x0000000100000000)
  eden space 31744K, 0% used [0x00000000eab00000,0x00000000eab00000,0x00000000eca00000)
  from space 5120K, 99% used [0x00000000eca00000,0x00000000ecefcd28,0x00000000ecf00000)
  to   space 5120K, 0% used [0x00000000eee00000,0x00000000eee00000,0x00000000ef300000)
 ParOldGen       total 84992K, used 966K [0x00000000c0000000, 0x00000000c5300000, 0x00000000eab00000)
  object space 84992K, 1% used [0x00000000c0000000,0x00000000c00f1990,0x00000000c5300000)
 Metaspace       used 5744K, capacity 6768K, committed 7040K, reserved 1056768K
  class space    used 574K, capacity 616K, committed 640K, reserved 1048576K
}
Event: 7.608 GC heap before
{Heap before GC invocations=2 (full 0):
 PSYoungGen      total 36864K, used 36851K [0x00000000eab00000, 0x00000000ef300000, 0x0000000100000000)
  eden space 31744K, 100% used [0x00000000eab00000,0x00000000eca00000,0x00000000eca00000)
  from space 5120K, 99% used [0x00000000eca00000,0x00000000ecefcd28,0x00000000ecf00000)
  to   space 5120K, 0% used [0x00000000eee00000,0x00000000eee00000,0x00000000ef300000)
 ParOldGen       total 84992K, used 966K [0x00000000c0000000, 0x00000000c5300000, 0x00000000eab00000)
  object space 84992K, 1% used [0x00000000c0000000,0x00000000c00f1990,0x00000000c5300000)
 Metaspace       used 5814K, capacity 6832K, committed 7040K, reserved 1056768K
  class space    used 574K, capacity 616K, committed 640K, reserved 1048576K
Event: 8.088 GC heap after
Heap after GC invocations=2 (full 0):
 PSYoungGen      total 68608K, used 5105K [0x00000000eab00000, 0x00000000ef300000, 0x0000000100000000)
  eden space 63488K, 0% used [0x00000000eab00000,0x00000000eab00000,0x00000000ee900000)
  from space 5120K, 99% used [0x00000000eee00000,0x00000000ef2fc680,0x00000000ef300000)
  to   space 5120K, 0% used [0x00000000ee900000,0x00000000ee900000,0x00000000eee00000)
 ParOldGen       total 84992K, used 4598K [0x00000000c0000000, 0x00000000c5300000, 0x00000000eab00000)
  object space 84992K, 5% used [0x00000000c0000000,0x00000000c047d890,0x00000000c5300000)
 Metaspace       used 5814K, capacity 6832K, committed 7040K, reserved 1056768K
  class space    used 574K, capacity 616K, committed 640K, reserved 1048576K
}
Event: 198.327 GC heap before
{Heap before GC invocations=3 (full 0):
 PSYoungGen      total 68608K, used 68593K [0x00000000eab00000, 0x00000000ef300000, 0x0000000100000000)
  eden space 63488K, 100% used [0x00000000eab00000,0x00000000ee900000,0x00000000ee900000)
  from space 5120K, 99% used [0x00000000eee00000,0x00000000ef2fc680,0x00000000ef300000)
  to   space 5120K, 0% used [0x00000000ee900000,0x00000000ee900000,0x00000000eee00000)
 ParOldGen       total 84992K, used 4598K [0x00000000c0000000, 0x00000000c5300000, 0x00000000eab00000)
  object space 84992K, 5% used [0x00000000c0000000,0x00000000c047d890,0x00000000c5300000)
 Metaspace       used 5915K, capacity 6832K, committed 7040K, reserved 1056768K
  class space    used 593K, capacity 616K, committed 640K, reserved 1048576K
Event: 198.614 GC heap after
Heap after GC invocations=3 (full 0):
 PSYoungGen      total 68608K, used 5109K [0x00000000eab00000, 0x00000000f3100000, 0x0000000100000000)
  eden space 63488K, 0% used [0x00000000eab00000,0x00000000eab00000,0x00000000ee900000)
  from space 5120K, 99% used [0x00000000ee900000,0x00000000eedfd568,0x00000000eee00000)
  to   space 5120K, 0% used [0x00000000f2c00000,0x00000000f2c00000,0x00000000f3100000)
 ParOldGen       total 84992K, used 14019K [0x00000000c0000000, 0x00000000c5300000, 0x00000000eab00000)
  object space 84992K, 16% used [0x00000000c0000000,0x00000000c0db0e38,0x00000000c5300000)
 Metaspace       used 5915K, capacity 6832K, committed 7040K, reserved 1056768K
  class space    used 593K, capacity 616K, committed 640K, reserved 1048576K
}
Event: 199.927 GC heap before
{Heap before GC invocations=4 (full 0):
 PSYoungGen      total 68608K, used 68597K [0x00000000eab00000, 0x00000000f3100000, 0x0000000100000000)
  eden space 63488K, 100% used [0x00000000eab00000,0x00000000ee900000,0x00000000ee900000)
  from space 5120K, 99% used [0x00000000ee900000,0x00000000eedfd568,0x00000000eee00000)
  to   space 5120K, 0% used [0x00000000f2c00000,0x00000000f2c00000,0x00000000f3100000)
 ParOldGen       total 84992K, used 14019K [0x00000000c0000000, 0x00000000c5300000, 0x00000000eab00000)
  object space 84992K, 16% used [0x00000000c0000000,0x00000000c0db0e38,0x00000000c5300000)
 Metaspace       used 6072K, capacity 6960K, committed 7040K, reserved 1056768K
  class space    used 594K, capacity 616K, committed 640K, reserved 1048576K
Event: 200.046 GC heap after
Heap after GC invocations=4 (full 0):
 PSYoungGen      total 132096K, used 5116K [0x00000000eab00000, 0x00000000f3100000, 0x0000000100000000)
  eden space 126976K, 0% used [0x00000000eab00000,0x00000000eab00000,0x00000000f2700000)
  from space 5120K, 99% used [0x00000000f2c00000,0x00000000f30ff3f0,0x00000000f3100000)
  to   space 5120K, 0% used [0x00000000f2700000,0x00000000f2700000,0x00000000f2c00000)
 ParOldGen       total 84992K, used 22708K [0x00000000c0000000, 0x00000000c5300000, 0x00000000eab00000)
  object space 84992K, 26% used [0x00000000c0000000,0x00000000c162d178,0x00000000c5300000)
 Metaspace       used 6072K, capacity 6960K, committed 7040K, reserved 1056768K
  class space    used 594K, capacity 616K, committed 640K, reserved 1048576K
}
Event: 201.810 GC heap before
{Heap before GC invocations=5 (full 0):
 PSYoungGen      total 132096K, used 132092K [0x00000000eab00000, 0x00000000f3100000, 0x0000000100000000)
  eden space 126976K, 100% used [0x00000000eab00000,0x00000000f2700000,0x00000000f2700000)
  from space 5120K, 99% used [0x00000000f2c00000,0x00000000f30ff3f0,0x00000000f3100000)
  to   space 5120K, 0% used [0x00000000f2700000,0x00000000f2700000,0x00000000f2c00000)
 ParOldGen       total 84992K, used 22708K [0x00000000c0000000, 0x00000000c5300000, 0x00000000eab00000)
  object space 84992K, 26% used [0x00000000c0000000,0x00000000c162d178,0x00000000c5300000)
 Metaspace       used 6289K, capacity 7152K, committed 7296K, reserved 1056768K
  class space    used 594K, capacity 616K, committed 640K, reserved 1048576K

Deoptimization events (10 events):
Event: 119.075 Thread 0x00007fbdd81d1800 Uncommon trap: reason=unstable_if action=reinterpret pc=0x00007fbdc937ae38 method=com.android.dx.ssa.SsaRenamer$BlockRenamer.visitMoveInsn(Lcom/android/dx/ssa/NormalSsaInsn;)V @ 104
Event: 195.022 Thread 0x00007fbdd8008800 Uncommon trap: reason=unstable_if action=reinterpret pc=0x00007fbdc92c7b24 method=java.util.HashMap.putVal(ILjava/lang/Object;Ljava/lang/Object;ZZ)Ljava/lang/Object; @ 162
Event: 195.263 Thread 0x00007fbdd8008800 Uncommon trap: reason=unstable_if action=reinterpret pc=0x00007fbdc91f116c method=java.util.HashMap.getNode(ILjava/lang/Object;)Ljava/util/HashMap$Node; @ 84
Event: 195.511 Thread 0x00007fbdd81d1800 Uncommon trap: reason=unstable_if action=reinterpret pc=0x00007fbdc922bbf4 method=java.util.HashMap.getNode(ILjava/lang/Object;)Ljava/util/HashMap$Node; @ 84
Event: 198.980 Thread 0x00007fbdd81d6000 Uncommon trap: reason=unstable_if action=reinterpret pc=0x00007fbdc93c9800 method=java.util.HashMap.getNode(ILjava/lang/Object;)Ljava/util/HashMap$Node; @ 84
Event: 200.429 Thread 0x00007fbdd81d1800 Uncommon trap: reason=unstable_if action=reinterpret pc=0x00007fbdc93ed540 method=com.android.dx.ssa.MoveParamCombiner$1.visitNonMoveInsn(Lcom/android/dx/ssa/NormalSsaInsn;)V @ 27
Event: 200.717 Thread 0x00007fbdd8008800 Uncommon trap: reason=bimorphic action=maybe_recompile pc=0x00007fbdc9564364 method=com.android.dx.ssa.SCCP.simulatePhi(Lcom/android/dx/ssa/PhiInsn;)V @ 124
Event: 200.783 Thread 0x00007fbdd8008800 Uncommon trap: reason=bimorphic action=maybe_recompile pc=0x00007fbdc9564364 method=com.android.dx.ssa.SCCP.simulatePhi(Lcom/android/dx/ssa/PhiInsn;)V @ 124
Event: 201.391 Thread 0x00007fbdd81d1800 Uncommon trap: reason=unstable_if action=reinterpret pc=0x00007fbdc9418a48 method=com.android.dx.dex.code.OutputFinisher.hasLocalInfo(Lcom/android/dx/dex/code/DalvInsn;)Z @ 24
Event: 201.750 Thread 0x00007fbdd81d6000 Uncommon trap: reason=bimorphic action=maybe_recompile pc=0x00007fbdc9564364 method=com.android.dx.ssa.SCCP.simulatePhi(Lcom/android/dx/ssa/PhiInsn;)V @ 124

Internal exceptions (6 events):
Event: 0.091 Thread 0x00007fbdd8008800 Exception <a 'java/lang/NoSuchMethodError': Method sun.misc.Unsafe.defineClass(Ljava/lang/String;[BII)Ljava/lang/Class; name or signature does not match> (0x00000000eab07cc0) thrown at [/build/java8-openjdk/src/jdk8u-jdk8u92-b14/hotspot/src/share/vm/prims
Event: 0.091 Thread 0x00007fbdd8008800 Exception <a 'java/lang/NoSuchMethodError': Method sun.misc.Unsafe.prefetchRead(Ljava/lang/Object;J)V name or signature does not match> (0x00000000eab07fa8) thrown at [/build/java8-openjdk/src/jdk8u-jdk8u92-b14/hotspot/src/share/vm/prims/jni.cpp, line 401
Event: 2.411 Thread 0x00007fbdd81d7000 Implicit null exception at 0x00007fbdc92cba9d to 0x00007fbdc92cea79
Event: 195.127 Thread 0x00007fbdd8008800 Exception <a 'java/lang/ArrayIndexOutOfBoundsException': 18> (0x00000000ed9857d8) thrown at [/build/java8-openjdk/src/jdk8u-jdk8u92-b14/hotspot/src/share/vm/interpreter/interpreterRuntime.cpp, line 366]
Event: 195.144 Thread 0x00007fbdd8008800 Exception <a 'java/lang/ArrayIndexOutOfBoundsException': 145> (0x00000000ed987358) thrown at [/build/java8-openjdk/src/jdk8u-jdk8u92-b14/hotspot/src/share/vm/interpreter/interpreterRuntime.cpp, line 366]
Event: 195.167 Thread 0x00007fbdd8008800 Exception <a 'java/lang/ArrayIndexOutOfBoundsException'> (0x00000000ed988640) thrown at [/build/java8-openjdk/src/jdk8u-jdk8u92-b14/hotspot/src/share/vm/runtime/sharedRuntime.cpp, line 605]

Events (10 events):
Event: 201.710 Thread 0x00007fbdd81d7000 DEOPT PACKING pc=0x00007fbdc9496341 sp=0x00007fbdc835b0b0
Event: 201.710 Thread 0x00007fbdd81d7000 DEOPT UNPACKING pc=0x00007fbdc9047373 sp=0x00007fbdc835ae90 mode 0
Event: 201.724 Thread 0x00007fbdd81d6000 DEOPT PACKING pc=0x00007fbdc949721f sp=0x00007fbdc845c0c0
Event: 201.724 Thread 0x00007fbdd81d6000 DEOPT UNPACKING pc=0x00007fbdc9047373 sp=0x00007fbdc845be58 mode 0
Event: 201.750 Thread 0x00007fbdd81d6000 Uncommon trap: trap_request=0xffffffc6 fr.pc=0x00007fbdc9564364
Event: 201.750 Thread 0x00007fbdd81d6000 DEOPT PACKING pc=0x00007fbdc9564364 sp=0x00007fbdc845bff0
Event: 201.750 Thread 0x00007fbdd81d6000 DEOPT UNPACKING pc=0x00007fbdc9004f69 sp=0x00007fbdc845bf68 mode 2
Event: 201.784 Thread 0x00007fbdd8008800 DEOPT PACKING pc=0x00007fbdc9325119 sp=0x00007fbde137a820
Event: 201.784 Thread 0x00007fbdd8008800 DEOPT UNPACKING pc=0x00007fbdc9047373 sp=0x00007fbde137a558 mode 0
Event: 201.806 Executing VM operation: ParallelGCFailedAllocation


Dynamic libraries:
00400000-00401000 r-xp 00000000 08:03 3294483                            /usr/lib/jvm/java-8-openjdk/jre/bin/java
00600000-00601000 rw-p 00000000 08:03 3294483                            /usr/lib/jvm/java-8-openjdk/jre/bin/java
014a5000-014c6000 rw-p 00000000 00:00 0                                  [heap]
c0000000-c5300000 rw-p 00000000 00:00 0 
c5300000-eab00000 ---p 00000000 00:00 0 
eab00000-f3100000 rw-p 00000000 00:00 0 
fd200000-100000000 ---p 00000000 00:00 0 
100000000-1000a0000 rw-p 00000000 00:00 0 
1000a0000-140000000 ---p 00000000 00:00 0 
7fbd78000000-7fbd78021000 rw-p 00000000 00:00 0 
7fbd78021000-7fbd7c000000 ---p 00000000 00:00 0 
7fbd80000000-7fbd80027000 rw-p 00000000 00:00 0 
7fbd80027000-7fbd84000000 ---p 00000000 00:00 0 
7fbd84000000-7fbd84024000 rw-p 00000000 00:00 0 
7fbd84024000-7fbd88000000 ---p 00000000 00:00 0 
7fbd88000000-7fbd8804b000 rw-p 00000000 00:00 0 
7fbd8804b000-7fbd8c000000 ---p 00000000 00:00 0 
7fbd8c000000-7fbd8c021000 rw-p 00000000 00:00 0 
7fbd8c021000-7fbd90000000 ---p 00000000 00:00 0 
7fbd90000000-7fbd90021000 rw-p 00000000 00:00 0 
7fbd90021000-7fbd94000000 ---p 00000000 00:00 0 
7fbd94000000-7fbd94021000 rw-p 00000000 00:00 0 
7fbd94021000-7fbd98000000 ---p 00000000 00:00 0 
7fbd98000000-7fbd987ef000 rw-p 00000000 00:00 0 
7fbd987ef000-7fbd9c000000 ---p 00000000 00:00 0 
7fbd9c000000-7fbd9c6f7000 rw-p 00000000 00:00 0 
7fbd9c6f7000-7fbda0000000 ---p 00000000 00:00 0 
7fbda0000000-7fbda0021000 rw-p 00000000 00:00 0 
7fbda0021000-7fbda4000000 ---p 00000000 00:00 0 
7fbda4000000-7fbda4cae000 rw-p 00000000 00:00 0 
7fbda4cae000-7fbda8000000 ---p 00000000 00:00 0 
7fbda8000000-7fbda8021000 rw-p 00000000 00:00 0 
7fbda8021000-7fbdac000000 ---p 00000000 00:00 0 
7fbdac000000-7fbdac021000 rw-p 00000000 00:00 0 
7fbdac021000-7fbdb0000000 ---p 00000000 00:00 0 
7fbdb0000000-7fbdb0031000 rw-p 00000000 00:00 0 
7fbdb0031000-7fbdb4000000 ---p 00000000 00:00 0 
7fbdb4000000-7fbdb4021000 rw-p 00000000 00:00 0 
7fbdb4021000-7fbdb8000000 ---p 00000000 00:00 0 
7fbdba000000-7fbdbc000000 rw-p 00000000 00:00 0 
7fbdbc000000-7fbdbc021000 rw-p 00000000 00:00 0 
7fbdbc021000-7fbdc0000000 ---p 00000000 00:00 0 
7fbdc0000000-7fbdc0021000 rw-p 00000000 00:00 0 
7fbdc0021000-7fbdc4000000 ---p 00000000 00:00 0 
7fbdc4000000-7fbdc4021000 rw-p 00000000 00:00 0 
7fbdc4021000-7fbdc8000000 ---p 00000000 00:00 0 
7fbdc815b000-7fbdc815e000 ---p 00000000 00:00 0 
7fbdc815e000-7fbdc825c000 rw-p 00000000 00:00 0 
7fbdc825c000-7fbdc825f000 ---p 00000000 00:00 0 
7fbdc825f000-7fbdc835d000 rw-p 00000000 00:00 0 
7fbdc835d000-7fbdc8360000 ---p 00000000 00:00 0 
7fbdc8360000-7fbdc845e000 rw-p 00000000 00:00 0 
7fbdc845e000-7fbdc8461000 ---p 00000000 00:00 0 
7fbdc8461000-7fbdc855f000 rw-p 00000000 00:00 0 
7fbdc855f000-7fbdc8562000 ---p 00000000 00:00 0 
7fbdc8562000-7fbdc8660000 rw-p 00000000 00:00 0 
7fbdc8660000-7fbdc8661000 ---p 00000000 00:00 0 
7fbdc8661000-7fbdc8761000 rw-p 00000000 00:00 0 
7fbdc8761000-7fbdc8764000 ---p 00000000 00:00 0 
7fbdc8764000-7fbdc8862000 rw-p 00000000 00:00 0 
7fbdc8862000-7fbdc8865000 ---p 00000000 00:00 0 
7fbdc8865000-7fbdc8963000 rw-p 00000000 00:00 0 
7fbdc8963000-7fbdc8966000 ---p 00000000 00:00 0 
7fbdc8966000-7fbdc8a64000 rw-p 00000000 00:00 0 
7fbdc8a64000-7fbdc8a67000 ---p 00000000 00:00 0 
7fbdc8a67000-7fbdc8b65000 rw-p 00000000 00:00 0 
7fbdc8b65000-7fbdc8b68000 ---p 00000000 00:00 0 
7fbdc8b68000-7fbdc8c66000 rw-p 00000000 00:00 0 
7fbdc8c66000-7fbdc8dfe000 r--p 00000000 08:03 3182868                    /usr/lib/locale/locale-archive
7fbdc8dfe000-7fbdc8e01000 ---p 00000000 00:00 0 
7fbdc8e01000-7fbdc8eff000 rw-p 00000000 00:00 0 
7fbdc8eff000-7fbdc8f02000 ---p 00000000 00:00 0 
7fbdc8f02000-7fbdc9000000 rw-p 00000000 00:00 0 
7fbdc9000000-7fbdc9680000 rwxp 00000000 00:00 0 
7fbdc9680000-7fbdd8000000 ---p 00000000 00:00 0 
7fbdd8000000-7fbdd81ec000 rw-p 00000000 00:00 0 
7fbdd81ec000-7fbddc000000 ---p 00000000 00:00 0 
7fbddc09b000-7fbddc0c1000 r--p 00000000 08:03 3147835                    /usr/share/locale/es/LC_MESSAGES/libc.mo
7fbddc0c1000-7fbddc0cb000 r--s 0008b000 08:03 11144578                   /home/lifka/Workspace/githubProjects/Servicio-reserva-en-farmacias/Android/SisFarmaApp/app/build/intermediates/exploded-aar/com.android.support/appcompat-v7/23.3.0/jars/classes.jar
7fbddc0cb000-7fbddc0da000 r--s 000df000 08:03 7079310                    /home/lifka/Android/Sdk/build-tools/23.0.2/lib/dx.jar
7fbddc0da000-7fbddc0e8000 r--s 00193000 08:03 3289265                    /usr/lib/jvm/java-8-openjdk/jre/lib/ext/j3dutils.jar
7fbddc0e8000-7fbddc0e9000 ---p 00000000 00:00 0 
7fbddc0e9000-7fbddd1a8000 rw-p 00000000 00:00 0 
7fbddd1a8000-7fbddd375000 r--s 03bec000 08:03 3286197                    /usr/lib/jvm/java-8-openjdk/jre/lib/rt.jar
7fbddd375000-7fbddda6b000 rw-p 00000000 00:00 0 
7fbddda6b000-7fbdddbeb000 ---p 00000000 00:00 0 
7fbdddbeb000-7fbddddeb000 rw-p 00000000 00:00 0 
7fbddddeb000-7fbddddec000 ---p 00000000 00:00 0 
7fbddddec000-7fbdddeec000 rw-p 00000000 00:00 0 
7fbdddeec000-7fbdddeed000 ---p 00000000 00:00 0 
7fbdddeed000-7fbdddfed000 rw-p 00000000 00:00 0 
7fbdddfed000-7fbdddfee000 ---p 00000000 00:00 0 
7fbdddfee000-7fbdde0ee000 rw-p 00000000 00:00 0 
7fbdde0ee000-7fbdde0ef000 ---p 00000000 00:00 0 
7fbdde0ef000-7fbdde219000 rw-p 00000000 00:00 0 
7fbdde219000-7fbdde345000 ---p 00000000 00:00 0 
7fbdde345000-7fbdde36f000 rw-p 00000000 00:00 0 
7fbdde36f000-7fbdde49a000 ---p 00000000 00:00 0 
7fbdde49a000-7fbdde4de000 rw-p 00000000 00:00 0 
7fbdde4de000-7fbdde545000 ---p 00000000 00:00 0 
7fbdde545000-7fbdde560000 rw-p 00000000 00:00 0 
7fbdde560000-7fbdde906000 ---p 00000000 00:00 0 
7fbdde906000-7fbdde90e000 r-xp 00000000 08:03 3286437                    /usr/lib/jvm/java-8-openjdk/jre/lib/amd64/libzip.so
7fbdde90e000-7fbddeb0d000 ---p 00008000 08:03 3286437                    /usr/lib/jvm/java-8-openjdk/jre/lib/amd64/libzip.so
7fbddeb0d000-7fbddeb0e000 rw-p 00007000 08:03 3286437                    /usr/lib/jvm/java-8-openjdk/jre/lib/amd64/libzip.so
7fbddeb0e000-7fbddeb19000 r-xp 00000000 08:03 3148989                    /usr/lib/libnss_files-2.23.so
7fbddeb19000-7fbdded18000 ---p 0000b000 08:03 3148989                    /usr/lib/libnss_files-2.23.so
7fbdded18000-7fbdded19000 r--p 0000a000 08:03 3148989                    /usr/lib/libnss_files-2.23.so
7fbdded19000-7fbdded1a000 rw-p 0000b000 08:03 3148989                    /usr/lib/libnss_files-2.23.so
7fbdded1a000-7fbdded20000 rw-p 00000000 00:00 0 
7fbdded20000-7fbdded4c000 r-xp 00000000 08:03 3286436                    /usr/lib/jvm/java-8-openjdk/jre/lib/amd64/libjava.so
7fbdded4c000-7fbddef4c000 ---p 0002c000 08:03 3286436                    /usr/lib/jvm/java-8-openjdk/jre/lib/amd64/libjava.so
7fbddef4c000-7fbddef4e000 rw-p 0002c000 08:03 3286436                    /usr/lib/jvm/java-8-openjdk/jre/lib/amd64/libjava.so
7fbddef4e000-7fbddef5b000 r-xp 00000000 08:03 3286425                    /usr/lib/jvm/java-8-openjdk/jre/lib/amd64/libverify.so
7fbddef5b000-7fbddf15a000 ---p 0000d000 08:03 3286425                    /usr/lib/jvm/java-8-openjdk/jre/lib/amd64/libverify.so
7fbddf15a000-7fbddf15c000 rw-p 0000c000 08:03 3286425                    /usr/lib/jvm/java-8-openjdk/jre/lib/amd64/libverify.so
7fbddf15c000-7fbddf163000 r-xp 00000000 08:03 3148997                    /usr/lib/librt-2.23.so
7fbddf163000-7fbddf362000 ---p 00007000 08:03 3148997                    /usr/lib/librt-2.23.so
7fbddf362000-7fbddf363000 r--p 00006000 08:03 3148997                    /usr/lib/librt-2.23.so
7fbddf363000-7fbddf364000 rw-p 00007000 08:03 3148997                    /usr/lib/librt-2.23.so
7fbddf364000-7fbddf467000 r-xp 00000000 08:03 3148994                    /usr/lib/libm-2.23.so
7fbddf467000-7fbddf667000 ---p 00103000 08:03 3148994                    /usr/lib/libm-2.23.so
7fbddf667000-7fbddf668000 r--p 00103000 08:03 3148994                    /usr/lib/libm-2.23.so
7fbddf668000-7fbddf669000 rw-p 00104000 08:03 3148994                    /usr/lib/libm-2.23.so
7fbddf669000-7fbde02be000 r-xp 00000000 08:03 3294474                    /usr/lib/jvm/java-8-openjdk/jre/lib/amd64/server/libjvm.so
7fbde02be000-7fbde04be000 ---p 00c55000 08:03 3294474                    /usr/lib/jvm/java-8-openjdk/jre/lib/amd64/server/libjvm.so
7fbde04be000-7fbde057a000 rw-p 00c55000 08:03 3294474                    /usr/lib/jvm/java-8-openjdk/jre/lib/amd64/server/libjvm.so
7fbde057a000-7fbde05aa000 rw-p 00000000 00:00 0 
7fbde05aa000-7fbde0742000 r-xp 00000000 08:03 3148927                    /usr/lib/libc-2.23.so
7fbde0742000-7fbde0941000 ---p 00198000 08:03 3148927                    /usr/lib/libc-2.23.so
7fbde0941000-7fbde0945000 r--p 00197000 08:03 3148927                    /usr/lib/libc-2.23.so
7fbde0945000-7fbde0947000 rw-p 0019b000 08:03 3148927                    /usr/lib/libc-2.23.so
7fbde0947000-7fbde094b000 rw-p 00000000 00:00 0 
7fbde094b000-7fbde094d000 r-xp 00000000 08:03 3148993                    /usr/lib/libdl-2.23.so
7fbde094d000-7fbde0b4d000 ---p 00002000 08:03 3148993                    /usr/lib/libdl-2.23.so
7fbde0b4d000-7fbde0b4e000 r--p 00002000 08:03 3148993                    /usr/lib/libdl-2.23.so
7fbde0b4e000-7fbde0b4f000 rw-p 00003000 08:03 3148993                    /usr/lib/libdl-2.23.so
7fbde0b4f000-7fbde0b5c000 r-xp 00000000 08:03 3294471                    /usr/lib/jvm/java-8-openjdk/jre/lib/amd64/jli/libjli.so
7fbde0b5c000-7fbde0d5b000 ---p 0000d000 08:03 3294471                    /usr/lib/jvm/java-8-openjdk/jre/lib/amd64/jli/libjli.so
7fbde0d5b000-7fbde0d5c000 rw-p 0000c000 08:03 3294471                    /usr/lib/jvm/java-8-openjdk/jre/lib/amd64/jli/libjli.so
7fbde0d5c000-7fbde0d71000 r-xp 00000000 08:03 3152232                    /usr/lib/libz.so.1.2.8
7fbde0d71000-7fbde0f70000 ---p 00015000 08:03 3152232                    /usr/lib/libz.so.1.2.8
7fbde0f70000-7fbde0f71000 r--p 00014000 08:03 3152232                    /usr/lib/libz.so.1.2.8
7fbde0f71000-7fbde0f72000 rw-p 00015000 08:03 3152232                    /usr/lib/libz.so.1.2.8
7fbde0f72000-7fbde0f8a000 r-xp 00000000 08:03 3148904                    /usr/lib/libpthread-2.23.so
7fbde0f8a000-7fbde1189000 ---p 00018000 08:03 3148904                    /usr/lib/libpthread-2.23.so
7fbde1189000-7fbde118a000 r--p 00017000 08:03 3148904                    /usr/lib/libpthread-2.23.so
7fbde118a000-7fbde118b000 rw-p 00018000 08:03 3148904                    /usr/lib/libpthread-2.23.so
7fbde118b000-7fbde118f000 rw-p 00000000 00:00 0 
7fbde118f000-7fbde11b2000 r-xp 00000000 08:03 3148926                    /usr/lib/ld-2.23.so
7fbde11b7000-7fbde127c000 rw-p 00000000 00:00 0 
7fbde127c000-7fbde127f000 ---p 00000000 00:00 0 
7fbde127f000-7fbde1381000 rw-p 00000000 00:00 0 
7fbde1385000-7fbde1387000 r--s 0004c000 08:03 3289264                    /usr/lib/jvm/java-8-openjdk/jre/lib/ext/vecmath.jar
7fbde1387000-7fbde1393000 r--s 002c7000 08:03 3289266                    /usr/lib/jvm/java-8-openjdk/jre/lib/ext/j3dcore.jar
7fbde1393000-7fbde13a7000 rw-p 00000000 00:00 0 
7fbde13a7000-7fbde13af000 rw-s 00000000 00:21 1758655                    /tmp/hsperfdata_lifka/27281
7fbde13af000-7fbde13b0000 rw-p 00000000 00:00 0 
7fbde13b0000-7fbde13b1000 ---p 00000000 00:00 0 
7fbde13b1000-7fbde13b2000 rw-p 00000000 00:00 0 
7fbde13b2000-7fbde13b3000 r--p 00023000 08:03 3148926                    /usr/lib/ld-2.23.so
7fbde13b3000-7fbde13b4000 rw-p 00024000 08:03 3148926                    /usr/lib/ld-2.23.so
7fbde13b4000-7fbde13b5000 rw-p 00000000 00:00 0 
7ffcf1a50000-7ffcf1a71000 rw-p 00000000 00:00 0                          [stack]
7ffcf1bd5000-7ffcf1bd8000 r--p 00000000 00:00 0                          [vvar]
7ffcf1bd8000-7ffcf1bda000 r-xp 00000000 00:00 0                          [vdso]
ffffffffff600000-ffffffffff601000 r-xp 00000000 00:00 0                  [vsyscall]

VM Arguments:
jvm_args: -Djava.awt.headless=true -Xmx1024M -Dfile.encoding=UTF-8 -Duser.country=ES -Duser.language=es -Duser.variant 
java_command: com.android.dx.command.Main --dex --force-jumbo --num-threads=4 --multi-dex --output /home/lifka/Workspace/githubProjects/Servicio-reserva-en-farmacias/Android/SisFarmaApp/app/build/intermediates/transforms/dex/debug/folders/1000/10/com.android.support-appcompat-v7-23.3.0_bb6be1bdcda295375449bb8069525c1f58952549 /home/lifka/Workspace/githubProjects/Servicio-reserva-en-farmacias/Android/SisFarmaApp/app/build/intermediates/exploded-aar/com.android.support/appcompat-v7/23.3.0/jars/classes.jar
java_class_path (initial): /home/lifka/Android/Sdk/build-tools/23.0.2/lib/dx.jar
Launcher Type: SUN_STANDARD

Environment Variables:
PATH=/usr/local/sbin:/usr/local/bin:/usr/bin:/opt/android-sdk/tools:/usr/lib/jvm/default/bin:/usr/bin/site_perl:/usr/bin/vendor_perl:/usr/bin/core_perl
USERNAME=lifka
LD_LIBRARY_PATH=/opt/android-studio/bin:
SHELL=/bin/bash
DISPLAY=:0

Signal Handlers:
SIGSEGV: [libjvm.so+0xa5a220], sa_mask[0]=11111111011111111101111111111110, sa_flags=SA_RESTART|SA_SIGINFO
SIGBUS: [libjvm.so+0xa5a220], sa_mask[0]=11111111011111111101111111111110, sa_flags=SA_RESTART|SA_SIGINFO
SIGFPE: [libjvm.so+0x8a5a90], sa_mask[0]=11111111011111111101111111111110, sa_flags=SA_RESTART|SA_SIGINFO
SIGPIPE: [libjvm.so+0x8a5a90], sa_mask[0]=11111111011111111101111111111110, sa_flags=SA_RESTART|SA_SIGINFO
SIGXFSZ: [libjvm.so+0x8a5a90], sa_mask[0]=11111111011111111101111111111110, sa_flags=SA_RESTART|SA_SIGINFO
SIGILL: [libjvm.so+0x8a5a90], sa_mask[0]=11111111011111111101111111111110, sa_flags=SA_RESTART|SA_SIGINFO
SIGUSR1: SIG_DFL, sa_mask[0]=00000000000000000000000000000000, sa_flags=none
SIGUSR2: [libjvm.so+0x8a5940], sa_mask[0]=00100000000000000000000000000000, sa_flags=SA_RESTART|SA_SIGINFO
SIGHUP: [libjvm.so+0x8a5e10], sa_mask[0]=11111111011111111101111111111110, sa_flags=SA_RESTART|SA_SIGINFO
SIGINT: [libjvm.so+0x8a5e10], sa_mask[0]=11111111011111111101111111111110, sa_flags=SA_RESTART|SA_SIGINFO
SIGTERM: [libjvm.so+0x8a5e10], sa_mask[0]=11111111011111111101111111111110, sa_flags=SA_RESTART|SA_SIGINFO
SIGQUIT: [libjvm.so+0x8a5e10], sa_mask[0]=11111111011111111101111111111110, sa_flags=SA_RESTART|SA_SIGINFO


---------------  S Y S T E M  ---------------

OS:NAME="Arch Linux"
ID=arch
PRETTY_NAME="Arch Linux"
ANSI_COLOR="0;36"
HOME_URL="https://www.archlinux.org/"
SUPPORT_URL="https://bbs.archlinux.org/"
BUG_REPORT_URL="https://bugs.archlinux.org/"


uname:Linux 4.5.1-1-ARCH #1 SMP PREEMPT Thu Apr 14 19:19:32 CEST 2016 x86_64
libc:glibc 2.23 NPTL 2.23 
rlimit: STACK 8192k, CORE infinity, NPROC 31439, NOFILE 4096, AS infinity
load average:61.15 34.87 16.48

/proc/meminfo:
MemTotal:        8110432 kB
MemFree:           52320 kB
MemAvailable:      40796 kB
Buffers:             944 kB
Cached:          2082604 kB
SwapCached:         3772 kB
Active:          6644400 kB
Inactive:        1158452 kB
Active(anon):    6635308 kB
Inactive(anon):  1152292 kB
Active(file):       9092 kB
Inactive(file):     6160 kB
Unevictable:         556 kB
Mlocked:             556 kB
SwapTotal:       2097148 kB
SwapFree:              0 kB
Dirty:                 0 kB
Writeback:           112 kB
AnonPages:       5717316 kB
Mapped:           200400 kB
Shmem:           2067328 kB
Slab:              98000 kB
SReclaimable:      49696 kB
SUnreclaim:        48304 kB
KernelStack:       13296 kB
PageTables:        51536 kB
NFS_Unstable:          0 kB
Bounce:                0 kB
WritebackTmp:          0 kB
CommitLimit:     6152364 kB
Committed_AS:   15167892 kB
VmallocTotal:   34359738367 kB
VmallocUsed:           0 kB
VmallocChunk:          0 kB
HardwareCorrupted:     0 kB
AnonHugePages:   3461120 kB
HugePages_Total:       0
HugePages_Free:        0
HugePages_Rsvd:        0
HugePages_Surp:        0
Hugepagesize:       2048 kB
DirectMap4k:      196928 kB
DirectMap2M:     7073792 kB
DirectMap1G:     2097152 kB


CPU:total 4 (2 cores per cpu, 2 threads per core) family 6 model 69 stepping 1, cmov, cx8, fxsr, mmx, sse, sse2, sse3, ssse3, sse4.1, sse4.2, popcnt, avx, avx2, aes, clmul, erms, lzcnt, ht, tsc, tscinvbit, bmi1, bmi2

/proc/cpuinfo:
processor	: 0
vendor_id	: GenuineIntel
cpu family	: 6
model		: 69
model name	: Intel(R) Core(TM) i5-4210U CPU @ 1.70GHz
stepping	: 1
microcode	: 0x1d
cpu MHz		: 2399.906
cache size	: 3072 KB
physical id	: 0
siblings	: 4
core id		: 0
cpu cores	: 2
apicid		: 0
initial apicid	: 0
fpu		: yes
fpu_exception	: yes
cpuid level	: 13
wp		: yes
flags		: fpu vme de pse tsc msr pae mce cx8 apic sep mtrr pge mca cmov pat pse36 clflush dts acpi mmx fxsr sse sse2 ss ht tm pbe syscall nx pdpe1gb rdtscp lm constant_tsc arch_perfmon pebs bts rep_good nopl xtopology nonstop_tsc aperfmperf eagerfpu pni pclmulqdq dtes64 monitor ds_cpl vmx est tm2 ssse3 sdbg fma cx16 xtpr pdcm pcid sse4_1 sse4_2 movbe popcnt tsc_deadline_timer aes xsave avx f16c rdrand lahf_lm abm epb tpr_shadow vnmi flexpriority ept vpid fsgsbase tsc_adjust bmi1 avx2 smep bmi2 erms invpcid xsaveopt dtherm ida arat pln pts
bugs		:
bogomips	: 4790.40
clflush size	: 64
cache_alignment	: 64
address sizes	: 39 bits physical, 48 bits virtual
power management:

processor	: 1
vendor_id	: GenuineIntel
cpu family	: 6
model		: 69
model name	: Intel(R) Core(TM) i5-4210U CPU @ 1.70GHz
stepping	: 1
microcode	: 0x1d
cpu MHz		: 2400.000
cache size	: 3072 KB
physical id	: 0
siblings	: 4
core id		: 0
cpu cores	: 2
apicid		: 1
initial apicid	: 1
fpu		: yes
fpu_exception	: yes
cpuid level	: 13
wp		: yes
flags		: fpu vme de pse tsc msr pae mce cx8 apic sep mtrr pge mca cmov pat pse36 clflush dts acpi mmx fxsr sse sse2 ss ht tm pbe syscall nx pdpe1gb rdtscp lm constant_tsc arch_perfmon pebs bts rep_good nopl xtopology nonstop_tsc aperfmperf eagerfpu pni pclmulqdq dtes64 monitor ds_cpl vmx est tm2 ssse3 sdbg fma cx16 xtpr pdcm pcid sse4_1 sse4_2 movbe popcnt tsc_deadline_timer aes xsave avx f16c rdrand lahf_lm abm epb tpr_shadow vnmi flexpriority ept vpid fsgsbase tsc_adjust bmi1 avx2 smep bmi2 erms invpcid xsaveopt dtherm ida arat pln pts
bugs		:
bogomips	: 4790.40
clflush size	: 64
cache_alignment	: 64
address sizes	: 39 bits physical, 48 bits virtual
power management:

processor	: 2
vendor_id	: GenuineIntel
cpu family	: 6
model		: 69
model name	: Intel(R) Core(TM) i5-4210U CPU @ 1.70GHz
stepping	: 1
microcode	: 0x1d
cpu MHz		: 2400.000
cache size	: 3072 KB
physical id	: 0
siblings	: 4
core id		: 1
cpu cores	: 2
apicid		: 2
initial apicid	: 2
fpu		: yes
fpu_exception	: yes
cpuid level	: 13
wp		: yes
flags		: fpu vme de pse tsc msr pae mce cx8 apic sep mtrr pge mca cmov pat pse36 clflush dts acpi mmx fxsr sse sse2 ss ht tm pbe syscall nx pdpe1gb rdtscp lm constant_tsc arch_perfmon pebs bts rep_good nopl xtopology nonstop_tsc aperfmperf eagerfpu pni pclmulqdq dtes64 monitor ds_cpl vmx est tm2 ssse3 sdbg fma cx16 xtpr pdcm pcid sse4_1 sse4_2 movbe popcnt tsc_deadline_timer aes xsave avx f16c rdrand lahf_lm abm epb tpr_shadow vnmi flexpriority ept vpid fsgsbase tsc_adjust bmi1 avx2 smep bmi2 erms invpcid xsaveopt dtherm ida arat pln pts
bugs		:
bogomips	: 4790.40
clflush size	: 64
cache_alignment	: 64
address sizes	: 39 bits physical, 48 bits virtual
power management:

processor	: 3
vendor_id	: GenuineIntel
cpu family	: 6
model		: 69
model name	: Intel(R) Core(TM) i5-4210U CPU @ 1.70GHz
stepping	: 1
microcode	: 0x1d
cpu MHz		: 2399.906
cache size	: 3072 KB
physical id	: 0
siblings	: 4
core id		: 1
cpu cores	: 2
apicid		: 3
initial apicid	: 3
fpu		: yes
fpu_exception	: yes
cpuid level	: 13
wp		: yes
flags		: fpu vme de pse tsc msr pae mce cx8 apic sep mtrr pge mca cmov pat pse36 clflush dts acpi mmx fxsr sse sse2 ss ht tm pbe syscall nx pdpe1gb rdtscp lm constant_tsc arch_perfmon pebs bts rep_good nopl xtopology nonstop_tsc aperfmperf eagerfpu pni pclmulqdq dtes64 monitor ds_cpl vmx est tm2 ssse3 sdbg fma cx16 xtpr pdcm pcid sse4_1 sse4_2 movbe popcnt tsc_deadline_timer aes xsave avx f16c rdrand lahf_lm abm epb tpr_shadow vnmi flexpriority ept vpid fsgsbase tsc_adjust bmi1 avx2 smep bmi2 erms invpcid xsaveopt dtherm ida arat pln pts
bugs		:
bogomips	: 4790.40
clflush size	: 64
cache_alignment	: 64
address sizes	: 39 bits physical, 48 bits virtual
power management:



Memory: 4k page, physical 8110432k(52044k free), swap 2097148k(0k free)

vm_info: OpenJDK 64-Bit Server VM (25.92-b14) for linux-amd64 JRE (1.8.0_92-b14), built on Apr 24 2016 15:02:36 by "builduser" with gcc 5.3.0

time: Tue May 10 19:06:25 2016
elapsed time: 202 seconds (0d 0h 3m 22s)

