#
# There is insufficient memory for the Java Runtime Environment to continue.
# Native memory allocation (mmap) failed to map 87031808 bytes for committing reserved memory.
# Possible reasons:
#   The system is out of physical RAM or swap space
#   In 32 bit mode, the process size limit was hit
# Possible solutions:
#   Reduce memory load on the system
#   Increase physical memory or swap space
#   Check if swap backing store is full
#   Use 64 bit Java on a 64 bit OS
#   Decrease Java heap size (-Xmx/-Xms)
#   Decrease number of Java threads
#   Decrease Java thread stack sizes (-Xss)
#   Set larger code cache with -XX:ReservedCodeCacheSize=
# This output file may be truncated or incomplete.
#
#  Out of Memory Error (os_linux.cpp:2627), pid=22443, tid=0x00007f572deaa700
#
# JRE version:  (8.0_92-b14) (build )
# Java VM: OpenJDK 64-Bit Server VM (25.92-b14 mixed mode linux-amd64 compressed oops)
# Core dump written. Default location: /home/lifka/Workspace/githubProjects/Servicio-reserva-en-farmacias/Android/SisFarmaApp/app/core or core.22443
#

---------------  T H R E A D  ---------------

Current thread (0x00007f5724008800):  JavaThread "Unknown thread" [_thread_in_vm, id=22452, stack(0x00007f572ddaa000,0x00007f572deab000)]

Stack: [0x00007f572ddaa000,0x00007f572deab000],  sp=0x00007f572dea9650,  free space=1021k
Native frames: (J=compiled Java code, j=interpreted, Vv=VM code, C=native code)
V  [libjvm.so+0xa596cb]
V  [libjvm.so+0x4c344c]
V  [libjvm.so+0x8aa3f0]
V  [libjvm.so+0x8a491e]
V  [libjvm.so+0x91e90b]
V  [libjvm.so+0x90f413]
V  [libjvm.so+0x2ae931]
V  [libjvm.so+0x8cf3e9]
V  [libjvm.so+0xa1d199]
V  [libjvm.so+0xa1d3e2]
V  [libjvm.so+0x60cc5f]
V  [libjvm.so+0xa02b2a]
V  [libjvm.so+0x681e1f]  JNI_CreateJavaVM+0x5f
C  [libjli.so+0x2d1f]
C  [libpthread.so.0+0x7424]  start_thread+0xc4


---------------  P R O C E S S  ---------------

Java Threads: ( => current thread )

Other Threads:

=>0x00007f5724008800 (exited) JavaThread "Unknown thread" [_thread_in_vm, id=22452, stack(0x00007f572ddaa000,0x00007f572deab000)]

VM state:not at safepoint (not fully initialized)

VM Mutex/Monitor currently owned by a thread: None

GC Heap History (0 events):
No events

Deoptimization events (0 events):
No events

Internal exceptions (0 events):
No events

Events (0 events):
No events


Dynamic libraries:
00400000-00401000 r-xp 00000000 08:03 3294483                            /usr/lib/jvm/java-8-openjdk/jre/bin/java
00600000-00601000 rw-p 00000000 08:03 3294483                            /usr/lib/jvm/java-8-openjdk/jre/bin/java
017ea000-0180b000 rw-p 00000000 00:00 0                                  [heap]
c5300000-eab00000 ---p 00000000 00:00 0 
eab00000-ed400000 rw-p 00000000 00:00 0 
ed400000-100000000 ---p 00000000 00:00 0 
7f5715000000-7f5715270000 rwxp 00000000 00:00 0 
7f5715270000-7f5724000000 ---p 00000000 00:00 0 
7f5724000000-7f5724032000 rw-p 00000000 00:00 0 
7f5724032000-7f5728000000 ---p 00000000 00:00 0 
7f572ae73000-7f572afc8000 ---p 00000000 00:00 0 
7f572afc8000-7f572afdd000 rw-p 00000000 00:00 0 
7f572afdd000-7f572b073000 ---p 00000000 00:00 0 
7f572b073000-7f572b07e000 rw-p 00000000 00:00 0 
7f572b07e000-7f572b434000 ---p 00000000 00:00 0 
7f572b434000-7f572b43c000 r-xp 00000000 08:03 3286437                    /usr/lib/jvm/java-8-openjdk/jre/lib/amd64/libzip.so
7f572b43c000-7f572b63b000 ---p 00008000 08:03 3286437                    /usr/lib/jvm/java-8-openjdk/jre/lib/amd64/libzip.so
7f572b63b000-7f572b63c000 rw-p 00007000 08:03 3286437                    /usr/lib/jvm/java-8-openjdk/jre/lib/amd64/libzip.so
7f572b63c000-7f572b647000 r-xp 00000000 08:03 3148989                    /usr/lib/libnss_files-2.23.so
7f572b647000-7f572b846000 ---p 0000b000 08:03 3148989                    /usr/lib/libnss_files-2.23.so
7f572b846000-7f572b847000 r--p 0000a000 08:03 3148989                    /usr/lib/libnss_files-2.23.so
7f572b847000-7f572b848000 rw-p 0000b000 08:03 3148989                    /usr/lib/libnss_files-2.23.so
7f572b848000-7f572b84e000 rw-p 00000000 00:00 0 
7f572b84e000-7f572b87a000 r-xp 00000000 08:03 3286436                    /usr/lib/jvm/java-8-openjdk/jre/lib/amd64/libjava.so
7f572b87a000-7f572ba7a000 ---p 0002c000 08:03 3286436                    /usr/lib/jvm/java-8-openjdk/jre/lib/amd64/libjava.so
7f572ba7a000-7f572ba7c000 rw-p 0002c000 08:03 3286436                    /usr/lib/jvm/java-8-openjdk/jre/lib/amd64/libjava.so
7f572ba7c000-7f572ba89000 r-xp 00000000 08:03 3286425                    /usr/lib/jvm/java-8-openjdk/jre/lib/amd64/libverify.so
7f572ba89000-7f572bc88000 ---p 0000d000 08:03 3286425                    /usr/lib/jvm/java-8-openjdk/jre/lib/amd64/libverify.so
7f572bc88000-7f572bc8a000 rw-p 0000c000 08:03 3286425                    /usr/lib/jvm/java-8-openjdk/jre/lib/amd64/libverify.so
7f572bc8a000-7f572bc91000 r-xp 00000000 08:03 3148997                    /usr/lib/librt-2.23.so
7f572bc91000-7f572be90000 ---p 00007000 08:03 3148997                    /usr/lib/librt-2.23.so
7f572be90000-7f572be91000 r--p 00006000 08:03 3148997                    /usr/lib/librt-2.23.so
7f572be91000-7f572be92000 rw-p 00007000 08:03 3148997                    /usr/lib/librt-2.23.so
7f572be92000-7f572bf95000 r-xp 00000000 08:03 3148994                    /usr/lib/libm-2.23.so
7f572bf95000-7f572c195000 ---p 00103000 08:03 3148994                    /usr/lib/libm-2.23.so
7f572c195000-7f572c196000 r--p 00103000 08:03 3148994                    /usr/lib/libm-2.23.so
7f572c196000-7f572c197000 rw-p 00104000 08:03 3148994                    /usr/lib/libm-2.23.so
7f572c197000-7f572cdec000 r-xp 00000000 08:03 3294474                    /usr/lib/jvm/java-8-openjdk/jre/lib/amd64/server/libjvm.so
7f572cdec000-7f572cfec000 ---p 00c55000 08:03 3294474                    /usr/lib/jvm/java-8-openjdk/jre/lib/amd64/server/libjvm.so
7f572cfec000-7f572d0a8000 rw-p 00c55000 08:03 3294474                    /usr/lib/jvm/java-8-openjdk/jre/lib/amd64/server/libjvm.so
7f572d0a8000-7f572d0d8000 rw-p 00000000 00:00 0 
7f572d0d8000-7f572d270000 r-xp 00000000 08:03 3148927                    /usr/lib/libc-2.23.so
7f572d270000-7f572d46f000 ---p 00198000 08:03 3148927                    /usr/lib/libc-2.23.so
7f572d46f000-7f572d473000 r--p 00197000 08:03 3148927                    /usr/lib/libc-2.23.so
7f572d473000-7f572d475000 rw-p 0019b000 08:03 3148927                    /usr/lib/libc-2.23.so
7f572d475000-7f572d479000 rw-p 00000000 00:00 0 
7f572d479000-7f572d47b000 r-xp 00000000 08:03 3148993                    /usr/lib/libdl-2.23.so
7f572d47b000-7f572d67b000 ---p 00002000 08:03 3148993                    /usr/lib/libdl-2.23.so
7f572d67b000-7f572d67c000 r--p 00002000 08:03 3148993                    /usr/lib/libdl-2.23.so
7f572d67c000-7f572d67d000 rw-p 00003000 08:03 3148993                    /usr/lib/libdl-2.23.so
7f572d67d000-7f572d68a000 r-xp 00000000 08:03 3294471                    /usr/lib/jvm/java-8-openjdk/jre/lib/amd64/jli/libjli.so
7f572d68a000-7f572d889000 ---p 0000d000 08:03 3294471                    /usr/lib/jvm/java-8-openjdk/jre/lib/amd64/jli/libjli.so
7f572d889000-7f572d88a000 rw-p 0000c000 08:03 3294471                    /usr/lib/jvm/java-8-openjdk/jre/lib/amd64/jli/libjli.so
7f572d88a000-7f572d89f000 r-xp 00000000 08:03 3152232                    /usr/lib/libz.so.1.2.8
7f572d89f000-7f572da9e000 ---p 00015000 08:03 3152232                    /usr/lib/libz.so.1.2.8
7f572da9e000-7f572da9f000 r--p 00014000 08:03 3152232                    /usr/lib/libz.so.1.2.8
7f572da9f000-7f572daa0000 rw-p 00015000 08:03 3152232                    /usr/lib/libz.so.1.2.8
7f572daa0000-7f572dab8000 r-xp 00000000 08:03 3148904                    /usr/lib/libpthread-2.23.so
7f572dab8000-7f572dcb7000 ---p 00018000 08:03 3148904                    /usr/lib/libpthread-2.23.so
7f572dcb7000-7f572dcb8000 r--p 00017000 08:03 3148904                    /usr/lib/libpthread-2.23.so
7f572dcb8000-7f572dcb9000 rw-p 00018000 08:03 3148904                    /usr/lib/libpthread-2.23.so
7f572dcb9000-7f572dcbd000 rw-p 00000000 00:00 0 
7f572dcbd000-7f572dce0000 r-xp 00000000 08:03 3148926                    /usr/lib/ld-2.23.so
7f572ddaa000-7f572ddad000 ---p 00000000 00:00 0 
7f572ddad000-7f572deaf000 rw-p 00000000 00:00 0 
7f572ded5000-7f572dedd000 rw-s 00000000 00:22 2469136                    /tmp/hsperfdata_lifka/22443
7f572dedd000-7f572dede000 rw-p 00000000 00:00 0 
7f572dede000-7f572dedf000 r--p 00000000 00:00 0 
7f572dedf000-7f572dee0000 rw-p 00000000 00:00 0 
7f572dee0000-7f572dee1000 r--p 00023000 08:03 3148926                    /usr/lib/ld-2.23.so
7f572dee1000-7f572dee2000 rw-p 00024000 08:03 3148926                    /usr/lib/ld-2.23.so
7f572dee2000-7f572dee3000 rw-p 00000000 00:00 0 
7ffd0af6d000-7ffd0af8e000 rw-p 00000000 00:00 0                          [stack]
7ffd0aff4000-7ffd0aff7000 r--p 00000000 00:00 0                          [vvar]
7ffd0aff7000-7ffd0aff9000 r-xp 00000000 00:00 0                          [vdso]
ffffffffff600000-ffffffffff601000 r-xp 00000000 00:00 0                  [vsyscall]

VM Arguments:
jvm_args: -Djava.awt.headless=true -Xmx1024M -Dfile.encoding=UTF-8 -Duser.country=ES -Duser.language=es -Duser.variant 
java_command: com.android.dx.command.Main --dex --force-jumbo --num-threads=4 --multi-dex --output /home/lifka/Workspace/githubProjects/Servicio-reserva-en-farmacias/Android/SisFarmaApp/app/build/intermediates/transforms/dex/debug/folders/1000/5/slice_4 /home/lifka/Workspace/githubProjects/Servicio-reserva-en-farmacias/Android/SisFarmaApp/app/build/intermediates/transforms/instantRunSlicer/debug/folders/1/5/slice_4
java_class_path (initial): /home/lifka/Android/Sdk/build-tools/23.0.2/lib/dx.jar
Launcher Type: SUN_STANDARD

Environment Variables:
PATH=/usr/local/sbin:/usr/local/bin:/usr/bin:/opt/android-sdk/tools:/usr/lib/jvm/default/bin:/usr/bin/site_perl:/usr/bin/vendor_perl:/usr/bin/core_perl
USERNAME=lifka
LD_LIBRARY_PATH=/opt/android-studio/bin:
SHELL=/bin/bash
DISPLAY=:0

Signal Handlers:
SIGSEGV: [libjvm.so+0xa5a220], sa_mask[0]=11111111011111111101111111111110, sa_flags=SA_RESTART|SA_SIGINFO
SIGBUS: [libjvm.so+0xa5a220], sa_mask[0]=11111111011111111101111111111110, sa_flags=SA_RESTART|SA_SIGINFO
SIGFPE: [libjvm.so+0x8a5a90], sa_mask[0]=11111111011111111101111111111110, sa_flags=SA_RESTART|SA_SIGINFO
SIGPIPE: [libjvm.so+0x8a5a90], sa_mask[0]=11111111011111111101111111111110, sa_flags=SA_RESTART|SA_SIGINFO
SIGXFSZ: [libjvm.so+0x8a5a90], sa_mask[0]=11111111011111111101111111111110, sa_flags=SA_RESTART|SA_SIGINFO
SIGILL: [libjvm.so+0x8a5a90], sa_mask[0]=11111111011111111101111111111110, sa_flags=SA_RESTART|SA_SIGINFO
SIGUSR1: SIG_DFL, sa_mask[0]=00000000000000000000000000000000, sa_flags=none
SIGUSR2: [libjvm.so+0x8a5940], sa_mask[0]=00100000000000000000000000000000, sa_flags=SA_RESTART|SA_SIGINFO
SIGHUP: SIG_DFL, sa_mask[0]=00000000000000000000000000000000, sa_flags=none
SIGINT: SIG_DFL, sa_mask[0]=00000000000000000000000000000000, sa_flags=none
SIGTERM: SIG_DFL, sa_mask[0]=00000000000000000000000000000000, sa_flags=none
SIGQUIT: SIG_DFL, sa_mask[0]=00000000000000000000000000000000, sa_flags=none


---------------  S Y S T E M  ---------------

OS:NAME="Arch Linux"
ID=arch
PRETTY_NAME="Arch Linux"
ANSI_COLOR="0;36"
HOME_URL="https://www.archlinux.org/"
SUPPORT_URL="https://bbs.archlinux.org/"
BUG_REPORT_URL="https://bugs.archlinux.org/"


uname:Linux 4.5.1-1-ARCH #1 SMP PREEMPT Thu Apr 14 19:19:32 CEST 2016 x86_64
libc:glibc 2.23 NPTL 2.23 
rlimit: STACK 8192k, CORE infinity, NPROC 31439, NOFILE 4096, AS infinity
load average:4.24 3.57 2.16

/proc/meminfo:
MemTotal:        8110432 kB
MemFree:           53292 kB
MemAvailable:      51540 kB
Buffers:            1244 kB
Cached:          1391576 kB
SwapCached:         2640 kB
Active:          6610264 kB
Inactive:        1161920 kB
Active(anon):    6592432 kB
Inactive(anon):  1145620 kB
Active(file):      17832 kB
Inactive(file):    16300 kB
Unevictable:         784 kB
Mlocked:             784 kB
SwapTotal:       2097148 kB
SwapFree:              0 kB
Dirty:                 8 kB
Writeback:             0 kB
AnonPages:       6375836 kB
Mapped:           463148 kB
Shmem:           1358508 kB
Slab:              96972 kB
SReclaimable:      47100 kB
SUnreclaim:        49872 kB
KernelStack:       15584 kB
PageTables:        72388 kB
NFS_Unstable:          0 kB
Bounce:                0 kB
WritebackTmp:          0 kB
CommitLimit:     6152364 kB
Committed_AS:   17743484 kB
VmallocTotal:   34359738367 kB
VmallocUsed:           0 kB
VmallocChunk:          0 kB
HardwareCorrupted:     0 kB
AnonHugePages:   2467840 kB
HugePages_Total:       0
HugePages_Free:        0
HugePages_Rsvd:        0
HugePages_Surp:        0
Hugepagesize:       2048 kB
DirectMap4k:      196928 kB
DirectMap2M:     7073792 kB
DirectMap1G:     2097152 kB


CPU:total 4 (2 cores per cpu, 2 threads per core) family 6 model 69 stepping 1, cmov, cx8, fxsr, mmx, sse, sse2, sse3, ssse3, sse4.1, sse4.2, popcnt, avx, avx2, aes, clmul, erms, lzcnt, ht, tsc, tscinvbit, bmi1, bmi2

/proc/cpuinfo:
processor	: 0
vendor_id	: GenuineIntel
cpu family	: 6
model		: 69
model name	: Intel(R) Core(TM) i5-4210U CPU @ 1.70GHz
stepping	: 1
microcode	: 0x1d
cpu MHz		: 2399.906
cache size	: 3072 KB
physical id	: 0
siblings	: 4
core id		: 0
cpu cores	: 2
apicid		: 0
initial apicid	: 0
fpu		: yes
fpu_exception	: yes
cpuid level	: 13
wp		: yes
flags		: fpu vme de pse tsc msr pae mce cx8 apic sep mtrr pge mca cmov pat pse36 clflush dts acpi mmx fxsr sse sse2 ss ht tm pbe syscall nx pdpe1gb rdtscp lm constant_tsc arch_perfmon pebs bts rep_good nopl xtopology nonstop_tsc aperfmperf eagerfpu pni pclmulqdq dtes64 monitor ds_cpl vmx est tm2 ssse3 sdbg fma cx16 xtpr pdcm pcid sse4_1 sse4_2 movbe popcnt tsc_deadline_timer aes xsave avx f16c rdrand lahf_lm abm epb tpr_shadow vnmi flexpriority ept vpid fsgsbase tsc_adjust bmi1 avx2 smep bmi2 erms invpcid xsaveopt dtherm ida arat pln pts
bugs		:
bogomips	: 4790.45
clflush size	: 64
cache_alignment	: 64
address sizes	: 39 bits physical, 48 bits virtual
power management:

processor	: 1
vendor_id	: GenuineIntel
cpu family	: 6
model		: 69
model name	: Intel(R) Core(TM) i5-4210U CPU @ 1.70GHz
stepping	: 1
microcode	: 0x1d
cpu MHz		: 2399.906
cache size	: 3072 KB
physical id	: 0
siblings	: 4
core id		: 0
cpu cores	: 2
apicid		: 1
initial apicid	: 1
fpu		: yes
fpu_exception	: yes
cpuid level	: 13
wp		: yes
flags		: fpu vme de pse tsc msr pae mce cx8 apic sep mtrr pge mca cmov pat pse36 clflush dts acpi mmx fxsr sse sse2 ss ht tm pbe syscall nx pdpe1gb rdtscp lm constant_tsc arch_perfmon pebs bts rep_good nopl xtopology nonstop_tsc aperfmperf eagerfpu pni pclmulqdq dtes64 monitor ds_cpl vmx est tm2 ssse3 sdbg fma cx16 xtpr pdcm pcid sse4_1 sse4_2 movbe popcnt tsc_deadline_timer aes xsave avx f16c rdrand lahf_lm abm epb tpr_shadow vnmi flexpriority ept vpid fsgsbase tsc_adjust bmi1 avx2 smep bmi2 erms invpcid xsaveopt dtherm ida arat pln pts
bugs		:
bogomips	: 4790.45
clflush size	: 64
cache_alignment	: 64
address sizes	: 39 bits physical, 48 bits virtual
power management:

processor	: 2
vendor_id	: GenuineIntel
cpu family	: 6
model		: 69
model name	: Intel(R) Core(TM) i5-4210U CPU @ 1.70GHz
stepping	: 1
microcode	: 0x1d
cpu MHz		: 2400.000
cache size	: 3072 KB
physical id	: 0
siblings	: 4
core id		: 1
cpu cores	: 2
apicid		: 2
initial apicid	: 2
fpu		: yes
fpu_exception	: yes
cpuid level	: 13
wp		: yes
flags		: fpu vme de pse tsc msr pae mce cx8 apic sep mtrr pge mca cmov pat pse36 clflush dts acpi mmx fxsr sse sse2 ss ht tm pbe syscall nx pdpe1gb rdtscp lm constant_tsc arch_perfmon pebs bts rep_good nopl xtopology nonstop_tsc aperfmperf eagerfpu pni pclmulqdq dtes64 monitor ds_cpl vmx est tm2 ssse3 sdbg fma cx16 xtpr pdcm pcid sse4_1 sse4_2 movbe popcnt tsc_deadline_timer aes xsave avx f16c rdrand lahf_lm abm epb tpr_shadow vnmi flexpriority ept vpid fsgsbase tsc_adjust bmi1 avx2 smep bmi2 erms invpcid xsaveopt dtherm ida arat pln pts
bugs		:
bogomips	: 4790.45
clflush size	: 64
cache_alignment	: 64
address sizes	: 39 bits physical, 48 bits virtual
power management:

processor	: 3
vendor_id	: GenuineIntel
cpu family	: 6
model		: 69
model name	: Intel(R) Core(TM) i5-4210U CPU @ 1.70GHz
stepping	: 1
microcode	: 0x1d
cpu MHz		: 2399.906
cache size	: 3072 KB
physical id	: 0
siblings	: 4
core id		: 1
cpu cores	: 2
apicid		: 3
initial apicid	: 3
fpu		: yes
fpu_exception	: yes
cpuid level	: 13
wp		: yes
flags		: fpu vme de pse tsc msr pae mce cx8 apic sep mtrr pge mca cmov pat pse36 clflush dts acpi mmx fxsr sse sse2 ss ht tm pbe syscall nx pdpe1gb rdtscp lm constant_tsc arch_perfmon pebs bts rep_good nopl xtopology nonstop_tsc aperfmperf eagerfpu pni pclmulqdq dtes64 monitor ds_cpl vmx est tm2 ssse3 sdbg fma cx16 xtpr pdcm pcid sse4_1 sse4_2 movbe popcnt tsc_deadline_timer aes xsave avx f16c rdrand lahf_lm abm epb tpr_shadow vnmi flexpriority ept vpid fsgsbase tsc_adjust bmi1 avx2 smep bmi2 erms invpcid xsaveopt dtherm ida arat pln pts
bugs		:
bogomips	: 4790.45
clflush size	: 64
cache_alignment	: 64
address sizes	: 39 bits physical, 48 bits virtual
power management:



Memory: 4k page, physical 8110432k(53488k free), swap 2097148k(0k free)

vm_info: OpenJDK 64-Bit Server VM (25.92-b14) for linux-amd64 JRE (1.8.0_92-b14), built on Apr 24 2016 15:02:36 by "builduser" with gcc 5.3.0

time: Sun May  8 02:47:54 2016
elapsed time: 0 seconds (0d 0h 0m 0s)

