#
# There is insufficient memory for the Java Runtime Environment to continue.
# Native memory allocation (mmap) failed to map 87031808 bytes for committing reserved memory.
# Possible reasons:
#   The system is out of physical RAM or swap space
#   In 32 bit mode, the process size limit was hit
# Possible solutions:
#   Reduce memory load on the system
#   Increase physical memory or swap space
#   Check if swap backing store is full
#   Use 64 bit Java on a 64 bit OS
#   Decrease Java heap size (-Xmx/-Xms)
#   Decrease number of Java threads
#   Decrease Java thread stack sizes (-Xss)
#   Set larger code cache with -XX:ReservedCodeCacheSize=
# This output file may be truncated or incomplete.
#
#  Out of Memory Error (os_linux.cpp:2627), pid=22418, tid=0x00007fc4711e2700
#
# JRE version:  (8.0_92-b14) (build )
# Java VM: OpenJDK 64-Bit Server VM (25.92-b14 mixed mode linux-amd64 compressed oops)
# Core dump written. Default location: /home/lifka/Workspace/githubProjects/Servicio-reserva-en-farmacias/Android/SisFarmaApp/app/core or core.22418
#

---------------  T H R E A D  ---------------

Current thread (0x00007fc468008800):  JavaThread "Unknown thread" [_thread_in_vm, id=22427, stack(0x00007fc4710e2000,0x00007fc4711e3000)]

Stack: [0x00007fc4710e2000,0x00007fc4711e3000],  sp=0x00007fc4711e1650,  free space=1021k
Native frames: (J=compiled Java code, j=interpreted, Vv=VM code, C=native code)
V  [libjvm.so+0xa596cb]
V  [libjvm.so+0x4c344c]
V  [libjvm.so+0x8aa3f0]
V  [libjvm.so+0x8a491e]
V  [libjvm.so+0x91e90b]
V  [libjvm.so+0x90f413]
V  [libjvm.so+0x2ae931]
V  [libjvm.so+0x8cf3e9]
V  [libjvm.so+0xa1d199]
V  [libjvm.so+0xa1d3e2]
V  [libjvm.so+0x60cc5f]
V  [libjvm.so+0xa02b2a]
V  [libjvm.so+0x681e1f]  JNI_CreateJavaVM+0x5f
C  [libjli.so+0x2d1f]
C  [libpthread.so.0+0x7424]  start_thread+0xc4


---------------  P R O C E S S  ---------------

Java Threads: ( => current thread )

Other Threads:

=>0x00007fc468008800 (exited) JavaThread "Unknown thread" [_thread_in_vm, id=22427, stack(0x00007fc4710e2000,0x00007fc4711e3000)]

VM state:not at safepoint (not fully initialized)

VM Mutex/Monitor currently owned by a thread: None

GC Heap History (0 events):
No events

Deoptimization events (0 events):
No events

Internal exceptions (0 events):
No events

Events (0 events):
No events


Dynamic libraries:
00400000-00401000 r-xp 00000000 08:03 3294483                            /usr/lib/jvm/java-8-openjdk/jre/bin/java
00600000-00601000 rw-p 00000000 08:03 3294483                            /usr/lib/jvm/java-8-openjdk/jre/bin/java
023c1000-023e2000 rw-p 00000000 00:00 0                                  [heap]
c5300000-eab00000 ---p 00000000 00:00 0 
eab00000-ed400000 rw-p 00000000 00:00 0 
ed400000-100000000 ---p 00000000 00:00 0 
7fc459000000-7fc459270000 rwxp 00000000 00:00 0 
7fc459270000-7fc468000000 ---p 00000000 00:00 0 
7fc468000000-7fc468032000 rw-p 00000000 00:00 0 
7fc468032000-7fc46c000000 ---p 00000000 00:00 0 
7fc46e1ab000-7fc46e300000 ---p 00000000 00:00 0 
7fc46e300000-7fc46e315000 rw-p 00000000 00:00 0 
7fc46e315000-7fc46e3ab000 ---p 00000000 00:00 0 
7fc46e3ab000-7fc46e3b6000 rw-p 00000000 00:00 0 
7fc46e3b6000-7fc46e76c000 ---p 00000000 00:00 0 
7fc46e76c000-7fc46e774000 r-xp 00000000 08:03 3286437                    /usr/lib/jvm/java-8-openjdk/jre/lib/amd64/libzip.so
7fc46e774000-7fc46e973000 ---p 00008000 08:03 3286437                    /usr/lib/jvm/java-8-openjdk/jre/lib/amd64/libzip.so
7fc46e973000-7fc46e974000 rw-p 00007000 08:03 3286437                    /usr/lib/jvm/java-8-openjdk/jre/lib/amd64/libzip.so
7fc46e974000-7fc46e97f000 r-xp 00000000 08:03 3148989                    /usr/lib/libnss_files-2.23.so
7fc46e97f000-7fc46eb7e000 ---p 0000b000 08:03 3148989                    /usr/lib/libnss_files-2.23.so
7fc46eb7e000-7fc46eb7f000 r--p 0000a000 08:03 3148989                    /usr/lib/libnss_files-2.23.so
7fc46eb7f000-7fc46eb80000 rw-p 0000b000 08:03 3148989                    /usr/lib/libnss_files-2.23.so
7fc46eb80000-7fc46eb86000 rw-p 00000000 00:00 0 
7fc46eb86000-7fc46ebb2000 r-xp 00000000 08:03 3286436                    /usr/lib/jvm/java-8-openjdk/jre/lib/amd64/libjava.so
7fc46ebb2000-7fc46edb2000 ---p 0002c000 08:03 3286436                    /usr/lib/jvm/java-8-openjdk/jre/lib/amd64/libjava.so
7fc46edb2000-7fc46edb4000 rw-p 0002c000 08:03 3286436                    /usr/lib/jvm/java-8-openjdk/jre/lib/amd64/libjava.so
7fc46edb4000-7fc46edc1000 r-xp 00000000 08:03 3286425                    /usr/lib/jvm/java-8-openjdk/jre/lib/amd64/libverify.so
7fc46edc1000-7fc46efc0000 ---p 0000d000 08:03 3286425                    /usr/lib/jvm/java-8-openjdk/jre/lib/amd64/libverify.so
7fc46efc0000-7fc46efc2000 rw-p 0000c000 08:03 3286425                    /usr/lib/jvm/java-8-openjdk/jre/lib/amd64/libverify.so
7fc46efc2000-7fc46efc9000 r-xp 00000000 08:03 3148997                    /usr/lib/librt-2.23.so
7fc46efc9000-7fc46f1c8000 ---p 00007000 08:03 3148997                    /usr/lib/librt-2.23.so
7fc46f1c8000-7fc46f1c9000 r--p 00006000 08:03 3148997                    /usr/lib/librt-2.23.so
7fc46f1c9000-7fc46f1ca000 rw-p 00007000 08:03 3148997                    /usr/lib/librt-2.23.so
7fc46f1ca000-7fc46f2cd000 r-xp 00000000 08:03 3148994                    /usr/lib/libm-2.23.so
7fc46f2cd000-7fc46f4cd000 ---p 00103000 08:03 3148994                    /usr/lib/libm-2.23.so
7fc46f4cd000-7fc46f4ce000 r--p 00103000 08:03 3148994                    /usr/lib/libm-2.23.so
7fc46f4ce000-7fc46f4cf000 rw-p 00104000 08:03 3148994                    /usr/lib/libm-2.23.so
7fc46f4cf000-7fc470124000 r-xp 00000000 08:03 3294474                    /usr/lib/jvm/java-8-openjdk/jre/lib/amd64/server/libjvm.so
7fc470124000-7fc470324000 ---p 00c55000 08:03 3294474                    /usr/lib/jvm/java-8-openjdk/jre/lib/amd64/server/libjvm.so
7fc470324000-7fc4703e0000 rw-p 00c55000 08:03 3294474                    /usr/lib/jvm/java-8-openjdk/jre/lib/amd64/server/libjvm.so
7fc4703e0000-7fc470410000 rw-p 00000000 00:00 0 
7fc470410000-7fc4705a8000 r-xp 00000000 08:03 3148927                    /usr/lib/libc-2.23.so
7fc4705a8000-7fc4707a7000 ---p 00198000 08:03 3148927                    /usr/lib/libc-2.23.so
7fc4707a7000-7fc4707ab000 r--p 00197000 08:03 3148927                    /usr/lib/libc-2.23.so
7fc4707ab000-7fc4707ad000 rw-p 0019b000 08:03 3148927                    /usr/lib/libc-2.23.so
7fc4707ad000-7fc4707b1000 rw-p 00000000 00:00 0 
7fc4707b1000-7fc4707b3000 r-xp 00000000 08:03 3148993                    /usr/lib/libdl-2.23.so
7fc4707b3000-7fc4709b3000 ---p 00002000 08:03 3148993                    /usr/lib/libdl-2.23.so
7fc4709b3000-7fc4709b4000 r--p 00002000 08:03 3148993                    /usr/lib/libdl-2.23.so
7fc4709b4000-7fc4709b5000 rw-p 00003000 08:03 3148993                    /usr/lib/libdl-2.23.so
7fc4709b5000-7fc4709c2000 r-xp 00000000 08:03 3294471                    /usr/lib/jvm/java-8-openjdk/jre/lib/amd64/jli/libjli.so
7fc4709c2000-7fc470bc1000 ---p 0000d000 08:03 3294471                    /usr/lib/jvm/java-8-openjdk/jre/lib/amd64/jli/libjli.so
7fc470bc1000-7fc470bc2000 rw-p 0000c000 08:03 3294471                    /usr/lib/jvm/java-8-openjdk/jre/lib/amd64/jli/libjli.so
7fc470bc2000-7fc470bd7000 r-xp 00000000 08:03 3152232                    /usr/lib/libz.so.1.2.8
7fc470bd7000-7fc470dd6000 ---p 00015000 08:03 3152232                    /usr/lib/libz.so.1.2.8
7fc470dd6000-7fc470dd7000 r--p 00014000 08:03 3152232                    /usr/lib/libz.so.1.2.8
7fc470dd7000-7fc470dd8000 rw-p 00015000 08:03 3152232                    /usr/lib/libz.so.1.2.8
7fc470dd8000-7fc470df0000 r-xp 00000000 08:03 3148904                    /usr/lib/libpthread-2.23.so
7fc470df0000-7fc470fef000 ---p 00018000 08:03 3148904                    /usr/lib/libpthread-2.23.so
7fc470fef000-7fc470ff0000 r--p 00017000 08:03 3148904                    /usr/lib/libpthread-2.23.so
7fc470ff0000-7fc470ff1000 rw-p 00018000 08:03 3148904                    /usr/lib/libpthread-2.23.so
7fc470ff1000-7fc470ff5000 rw-p 00000000 00:00 0 
7fc470ff5000-7fc471018000 r-xp 00000000 08:03 3148926                    /usr/lib/ld-2.23.so
7fc4710e2000-7fc4710e5000 ---p 00000000 00:00 0 
7fc4710e5000-7fc4711e7000 rw-p 00000000 00:00 0 
7fc47120d000-7fc471215000 rw-s 00000000 00:22 2469125                    /tmp/hsperfdata_lifka/22418
7fc471215000-7fc471216000 rw-p 00000000 00:00 0 
7fc471216000-7fc471217000 r--p 00000000 00:00 0 
7fc471217000-7fc471218000 rw-p 00000000 00:00 0 
7fc471218000-7fc471219000 r--p 00023000 08:03 3148926                    /usr/lib/ld-2.23.so
7fc471219000-7fc47121a000 rw-p 00024000 08:03 3148926                    /usr/lib/ld-2.23.so
7fc47121a000-7fc47121b000 rw-p 00000000 00:00 0 
7fffc72a5000-7fffc72c6000 rw-p 00000000 00:00 0                          [stack]
7fffc7376000-7fffc7379000 r--p 00000000 00:00 0                          [vvar]
7fffc7379000-7fffc737b000 r-xp 00000000 00:00 0                          [vdso]
ffffffffff600000-ffffffffff601000 r-xp 00000000 00:00 0                  [vsyscall]

VM Arguments:
jvm_args: -Djava.awt.headless=true -Xmx1024M -Dfile.encoding=UTF-8 -Duser.country=ES -Duser.language=es -Duser.variant 
java_command: com.android.dx.command.Main --dex --force-jumbo --num-threads=4 --multi-dex --output /home/lifka/Workspace/githubProjects/Servicio-reserva-en-farmacias/Android/SisFarmaApp/app/build/intermediates/transforms/dex/debug/folders/1000/5/slice_5 /home/lifka/Workspace/githubProjects/Servicio-reserva-en-farmacias/Android/SisFarmaApp/app/build/intermediates/transforms/instantRunSlicer/debug/folders/1/5/slice_5
java_class_path (initial): /home/lifka/Android/Sdk/build-tools/23.0.2/lib/dx.jar
Launcher Type: SUN_STANDARD

Environment Variables:
PATH=/usr/local/sbin:/usr/local/bin:/usr/bin:/opt/android-sdk/tools:/usr/lib/jvm/default/bin:/usr/bin/site_perl:/usr/bin/vendor_perl:/usr/bin/core_perl
USERNAME=lifka
LD_LIBRARY_PATH=/opt/android-studio/bin:
SHELL=/bin/bash
DISPLAY=:0

Signal Handlers:
SIGSEGV: [libjvm.so+0xa5a220], sa_mask[0]=11111111011111111101111111111110, sa_flags=SA_RESTART|SA_SIGINFO
SIGBUS: [libjvm.so+0xa5a220], sa_mask[0]=11111111011111111101111111111110, sa_flags=SA_RESTART|SA_SIGINFO
SIGFPE: [libjvm.so+0x8a5a90], sa_mask[0]=11111111011111111101111111111110, sa_flags=SA_RESTART|SA_SIGINFO
SIGPIPE: [libjvm.so+0x8a5a90], sa_mask[0]=11111111011111111101111111111110, sa_flags=SA_RESTART|SA_SIGINFO
SIGXFSZ: [libjvm.so+0x8a5a90], sa_mask[0]=11111111011111111101111111111110, sa_flags=SA_RESTART|SA_SIGINFO
SIGILL: [libjvm.so+0x8a5a90], sa_mask[0]=11111111011111111101111111111110, sa_flags=SA_RESTART|SA_SIGINFO
SIGUSR1: SIG_DFL, sa_mask[0]=00000000000000000000000000000000, sa_flags=none
SIGUSR2: [libjvm.so+0x8a5940], sa_mask[0]=00100000000000000000000000000000, sa_flags=SA_RESTART|SA_SIGINFO
SIGHUP: SIG_DFL, sa_mask[0]=00000000000000000000000000000000, sa_flags=none
SIGINT: SIG_DFL, sa_mask[0]=00000000000000000000000000000000, sa_flags=none
SIGTERM: SIG_DFL, sa_mask[0]=00000000000000000000000000000000, sa_flags=none
SIGQUIT: SIG_DFL, sa_mask[0]=00000000000000000000000000000000, sa_flags=none


---------------  S Y S T E M  ---------------

OS:NAME="Arch Linux"
ID=arch
PRETTY_NAME="Arch Linux"
ANSI_COLOR="0;36"
HOME_URL="https://www.archlinux.org/"
SUPPORT_URL="https://bbs.archlinux.org/"
BUG_REPORT_URL="https://bugs.archlinux.org/"


uname:Linux 4.5.1-1-ARCH #1 SMP PREEMPT Thu Apr 14 19:19:32 CEST 2016 x86_64
libc:glibc 2.23 NPTL 2.23 
rlimit: STACK 8192k, CORE infinity, NPROC 31439, NOFILE 4096, AS infinity
load average:4.24 3.57 2.16

/proc/meminfo:
MemTotal:        8110432 kB
MemFree:           54196 kB
MemAvailable:      56680 kB
Buffers:            1100 kB
Cached:          1395780 kB
SwapCached:         2644 kB
Active:          6665680 kB
Inactive:        1106060 kB
Active(anon):    6643036 kB
Inactive(anon):  1090336 kB
Active(file):      22644 kB
Inactive(file):    15724 kB
Unevictable:         784 kB
Mlocked:             784 kB
SwapTotal:       2097148 kB
SwapFree:              0 kB
Dirty:                 8 kB
Writeback:             0 kB
AnonPages:       6371100 kB
Mapped:           464760 kB
Shmem:           1358508 kB
Slab:              96972 kB
SReclaimable:      47100 kB
SUnreclaim:        49872 kB
KernelStack:       15584 kB
PageTables:        72388 kB
NFS_Unstable:          0 kB
Bounce:                0 kB
WritebackTmp:          0 kB
CommitLimit:     6152364 kB
Committed_AS:   17694868 kB
VmallocTotal:   34359738367 kB
VmallocUsed:           0 kB
VmallocChunk:          0 kB
HardwareCorrupted:     0 kB
AnonHugePages:   2467840 kB
HugePages_Total:       0
HugePages_Free:        0
HugePages_Rsvd:        0
HugePages_Surp:        0
Hugepagesize:       2048 kB
DirectMap4k:      196928 kB
DirectMap2M:     7073792 kB
DirectMap1G:     2097152 kB


CPU:total 4 (2 cores per cpu, 2 threads per core) family 6 model 69 stepping 1, cmov, cx8, fxsr, mmx, sse, sse2, sse3, ssse3, sse4.1, sse4.2, popcnt, avx, avx2, aes, clmul, erms, lzcnt, ht, tsc, tscinvbit, bmi1, bmi2

/proc/cpuinfo:
processor	: 0
vendor_id	: GenuineIntel
cpu family	: 6
model		: 69
model name	: Intel(R) Core(TM) i5-4210U CPU @ 1.70GHz
stepping	: 1
microcode	: 0x1d
cpu MHz		: 2342.625
cache size	: 3072 KB
physical id	: 0
siblings	: 4
core id		: 0
cpu cores	: 2
apicid		: 0
initial apicid	: 0
fpu		: yes
fpu_exception	: yes
cpuid level	: 13
wp		: yes
flags		: fpu vme de pse tsc msr pae mce cx8 apic sep mtrr pge mca cmov pat pse36 clflush dts acpi mmx fxsr sse sse2 ss ht tm pbe syscall nx pdpe1gb rdtscp lm constant_tsc arch_perfmon pebs bts rep_good nopl xtopology nonstop_tsc aperfmperf eagerfpu pni pclmulqdq dtes64 monitor ds_cpl vmx est tm2 ssse3 sdbg fma cx16 xtpr pdcm pcid sse4_1 sse4_2 movbe popcnt tsc_deadline_timer aes xsave avx f16c rdrand lahf_lm abm epb tpr_shadow vnmi flexpriority ept vpid fsgsbase tsc_adjust bmi1 avx2 smep bmi2 erms invpcid xsaveopt dtherm ida arat pln pts
bugs		:
bogomips	: 4790.45
clflush size	: 64
cache_alignment	: 64
address sizes	: 39 bits physical, 48 bits virtual
power management:

processor	: 1
vendor_id	: GenuineIntel
cpu family	: 6
model		: 69
model name	: Intel(R) Core(TM) i5-4210U CPU @ 1.70GHz
stepping	: 1
microcode	: 0x1d
cpu MHz		: 2337.937
cache size	: 3072 KB
physical id	: 0
siblings	: 4
core id		: 0
cpu cores	: 2
apicid		: 1
initial apicid	: 1
fpu		: yes
fpu_exception	: yes
cpuid level	: 13
wp		: yes
flags		: fpu vme de pse tsc msr pae mce cx8 apic sep mtrr pge mca cmov pat pse36 clflush dts acpi mmx fxsr sse sse2 ss ht tm pbe syscall nx pdpe1gb rdtscp lm constant_tsc arch_perfmon pebs bts rep_good nopl xtopology nonstop_tsc aperfmperf eagerfpu pni pclmulqdq dtes64 monitor ds_cpl vmx est tm2 ssse3 sdbg fma cx16 xtpr pdcm pcid sse4_1 sse4_2 movbe popcnt tsc_deadline_timer aes xsave avx f16c rdrand lahf_lm abm epb tpr_shadow vnmi flexpriority ept vpid fsgsbase tsc_adjust bmi1 avx2 smep bmi2 erms invpcid xsaveopt dtherm ida arat pln pts
bugs		:
bogomips	: 4790.45
clflush size	: 64
cache_alignment	: 64
address sizes	: 39 bits physical, 48 bits virtual
power management:

processor	: 2
vendor_id	: GenuineIntel
cpu family	: 6
model		: 69
model name	: Intel(R) Core(TM) i5-4210U CPU @ 1.70GHz
stepping	: 1
microcode	: 0x1d
cpu MHz		: 2399.906
cache size	: 3072 KB
physical id	: 0
siblings	: 4
core id		: 1
cpu cores	: 2
apicid		: 2
initial apicid	: 2
fpu		: yes
fpu_exception	: yes
cpuid level	: 13
wp		: yes
flags		: fpu vme de pse tsc msr pae mce cx8 apic sep mtrr pge mca cmov pat pse36 clflush dts acpi mmx fxsr sse sse2 ss ht tm pbe syscall nx pdpe1gb rdtscp lm constant_tsc arch_perfmon pebs bts rep_good nopl xtopology nonstop_tsc aperfmperf eagerfpu pni pclmulqdq dtes64 monitor ds_cpl vmx est tm2 ssse3 sdbg fma cx16 xtpr pdcm pcid sse4_1 sse4_2 movbe popcnt tsc_deadline_timer aes xsave avx f16c rdrand lahf_lm abm epb tpr_shadow vnmi flexpriority ept vpid fsgsbase tsc_adjust bmi1 avx2 smep bmi2 erms invpcid xsaveopt dtherm ida arat pln pts
bugs		:
bogomips	: 4790.45
clflush size	: 64
cache_alignment	: 64
address sizes	: 39 bits physical, 48 bits virtual
power management:

processor	: 3
vendor_id	: GenuineIntel
cpu family	: 6
model		: 69
model name	: Intel(R) Core(TM) i5-4210U CPU @ 1.70GHz
stepping	: 1
microcode	: 0x1d
cpu MHz		: 2399.812
cache size	: 3072 KB
physical id	: 0
siblings	: 4
core id		: 1
cpu cores	: 2
apicid		: 3
initial apicid	: 3
fpu		: yes
fpu_exception	: yes
cpuid level	: 13
wp		: yes
flags		: fpu vme de pse tsc msr pae mce cx8 apic sep mtrr pge mca cmov pat pse36 clflush dts acpi mmx fxsr sse sse2 ss ht tm pbe syscall nx pdpe1gb rdtscp lm constant_tsc arch_perfmon pebs bts rep_good nopl xtopology nonstop_tsc aperfmperf eagerfpu pni pclmulqdq dtes64 monitor ds_cpl vmx est tm2 ssse3 sdbg fma cx16 xtpr pdcm pcid sse4_1 sse4_2 movbe popcnt tsc_deadline_timer aes xsave avx f16c rdrand lahf_lm abm epb tpr_shadow vnmi flexpriority ept vpid fsgsbase tsc_adjust bmi1 avx2 smep bmi2 erms invpcid xsaveopt dtherm ida arat pln pts
bugs		:
bogomips	: 4790.45
clflush size	: 64
cache_alignment	: 64
address sizes	: 39 bits physical, 48 bits virtual
power management:



Memory: 4k page, physical 8110432k(53948k free), swap 2097148k(0k free)

vm_info: OpenJDK 64-Bit Server VM (25.92-b14) for linux-amd64 JRE (1.8.0_92-b14), built on Apr 24 2016 15:02:36 by "builduser" with gcc 5.3.0

time: Sun May  8 02:47:54 2016
elapsed time: 0 seconds (0d 0h 0m 0s)

