#
# There is insufficient memory for the Java Runtime Environment to continue.
# Native memory allocation (mmap) failed to map 163577856 bytes for committing reserved memory.
# Possible reasons:
#   The system is out of physical RAM or swap space
#   In 32 bit mode, the process size limit was hit
# Possible solutions:
#   Reduce memory load on the system
#   Increase physical memory or swap space
#   Check if swap backing store is full
#   Use 64 bit Java on a 64 bit OS
#   Decrease Java heap size (-Xmx/-Xms)
#   Decrease number of Java threads
#   Decrease Java thread stack sizes (-Xss)
#   Set larger code cache with -XX:ReservedCodeCacheSize=
# This output file may be truncated or incomplete.
#
#  Out of Memory Error (os_linux.cpp:2627), pid=9000, tid=0x00007f9d487f7700
#
# JRE version: OpenJDK Runtime Environment (8.0_92-b14) (build 1.8.0_92-b14)
# Java VM: OpenJDK 64-Bit Server VM (25.92-b14 mixed mode linux-amd64 compressed oops)
# Core dump written. Default location: /home/lifka/Workspace/githubProjects/Servicio-reserva-en-farmacias/Android/SisFarmaApp/app/core or core.9000
#

---------------  T H R E A D  ---------------

Current thread (0x00007f9d58076000):  VMThread [stack: 0x00007f9d486f7000,0x00007f9d487f8000] [id=9009]

Stack: [0x00007f9d486f7000,0x00007f9d487f8000],  sp=0x00007f9d487f64c0,  free space=1021k
Native frames: (J=compiled Java code, j=interpreted, Vv=VM code, C=native code)
V  [libjvm.so+0xa596cb]
V  [libjvm.so+0x4c344c]
V  [libjvm.so+0x8aa3f0]
V  [libjvm.so+0x8a491e]
V  [libjvm.so+0x91e90b]
V  [libjvm.so+0x91fc43]
V  [libjvm.so+0x91c31b]
V  [libjvm.so+0x91c5cc]
V  [libjvm.so+0x8ce953]
V  [libjvm.so+0xa5b312]
V  [libjvm.so+0xa602e7]
V  [libjvm.so+0xa5db2c]
V  [libjvm.so+0xa5ef0f]
V  [libjvm.so+0xa5f401]
V  [libjvm.so+0x8a7902]

VM_Operation (0x00007f9d418f7060): ParallelGCFailedAllocation, mode: safepoint, requested by thread 0x00007f9d5814b800


---------------  P R O C E S S  ---------------

Java Threads: ( => current thread )
  0x00007f9d5814b800 JavaThread "pool-2-thread-4" [_thread_blocked, id=9046, stack(0x00007f9d417f8000,0x00007f9d418f9000)]
  0x00007f9d5814a000 JavaThread "pool-2-thread-3" [_thread_blocked, id=9045, stack(0x00007f9d418f9000,0x00007f9d419fa000)]
  0x00007f9d58146000 JavaThread "pool-2-thread-2" [_thread_blocked, id=9044, stack(0x00007f9d419fa000,0x00007f9d41afb000)]
  0x00007f9d58144000 JavaThread "pool-3-thread-1" [_thread_blocked, id=9042, stack(0x00007f9d41afb000,0x00007f9d41bfc000)]
  0x00007f9d58142800 JavaThread "pool-2-thread-1" [_thread_blocked, id=9041, stack(0x00007f9d41bfc000,0x00007f9d41cfd000)]
  0x00007f9d580be800 JavaThread "Service Thread" daemon [_thread_blocked, id=9016, stack(0x00007f9d41dfe000,0x00007f9d41eff000)]
  0x00007f9d580bb800 JavaThread "C1 CompilerThread2" daemon [_thread_blocked, id=9015, stack(0x00007f9d41eff000,0x00007f9d42000000)]
  0x00007f9d580b9800 JavaThread "C2 CompilerThread1" daemon [_thread_blocked, id=9014, stack(0x00007f9d4805a000,0x00007f9d4815b000)]
  0x00007f9d580b7000 JavaThread "C2 CompilerThread0" daemon [_thread_blocked, id=9013, stack(0x00007f9d4815b000,0x00007f9d4825c000)]
  0x00007f9d580b5800 JavaThread "Signal Dispatcher" daemon [_thread_blocked, id=9012, stack(0x00007f9d4825c000,0x00007f9d4835d000)]
  0x00007f9d58082800 JavaThread "Finalizer" daemon [_thread_blocked, id=9011, stack(0x00007f9d484f5000,0x00007f9d485f6000)]
  0x00007f9d5807d800 JavaThread "Reference Handler" daemon [_thread_blocked, id=9010, stack(0x00007f9d485f6000,0x00007f9d486f7000)]
  0x00007f9d58008800 JavaThread "main" [_thread_blocked, id=9002, stack(0x00007f9d60922000,0x00007f9d60a23000)]

Other Threads:
=>0x00007f9d58076000 VMThread [stack: 0x00007f9d486f7000,0x00007f9d487f8000] [id=9009]
  0x00007f9d580c1000 WatcherThread [stack: 0x00007f9d41cfd000,0x00007f9d41dfe000] [id=9017]

VM state:at safepoint (normal execution)

VM Mutex/Monitor currently owned by a thread:  ([mutex/lock_event])
[0x00007f9d58006580] Threads_lock - owner thread: 0x00007f9d58076000
[0x00007f9d58006a80] Heap_lock - owner thread: 0x00007f9d5814b800

Heap:
 PSYoungGen      total 132096K, used 5118K [0x00000000eab00000, 0x00000000f3100000, 0x0000000100000000)
  eden space 126976K, 0% used [0x00000000eab00000,0x00000000eab00000,0x00000000f2700000)
  from space 5120K, 99% used [0x00000000f2700000,0x00000000f2bffba8,0x00000000f2c00000)
  to   space 5120K, 0% used [0x00000000f2c00000,0x00000000f2c00000,0x00000000f3100000)
 ParOldGen       total 117760K, used 68930K [0x00000000c0000000, 0x00000000c7300000, 0x00000000eab00000)
  object space 117760K, 58% used [0x00000000c0000000,0x00000000c4350ba0,0x00000000c7300000)
 Metaspace       used 5707K, capacity 6960K, committed 7040K, reserved 1056768K
  class space    used 552K, capacity 616K, committed 640K, reserved 1048576K

Card table byte_map: [0x00007f9d5d9eb000,0x00007f9d5dbec000] byte_map_base: 0x00007f9d5d3eb000

Marking Bits: (ParMarkBitMap*) 0x00007f9d5fc33540
 Begin Bits: [0x00007f9d42000000, 0x00007f9d43000000)
 End Bits:   [0x00007f9d43000000, 0x00007f9d44000000)

Polling page: 0x00007f9d60a56000

CodeCache: size=245760Kb used=5703Kb max_used=5703Kb free=240056Kb
 bounds [0x00007f9d49000000, 0x00007f9d495a0000, 0x00007f9d58000000]
 total_blobs=1642 nmethods=1381 adapters=175
 compilation: enabled

Compilation events (10 events):
Event: 12.914 Thread 0x00007f9d580bb800 1695       2       com.android.dx.rop.type.StdTypeList::getType (6 bytes)
Event: 12.915 Thread 0x00007f9d580bb800 nmethod 1695 0x00007f9d495666d0 code [0x00007f9d49566840, 0x00007f9d495669e8]
Event: 13.057 Thread 0x00007f9d580bb800 1699       2       com.android.dx.ssa.ConstCollector$1::compare (13 bytes)
Event: 13.057 Thread 0x00007f9d580bb800 nmethod 1699 0x00007f9d495662d0 code [0x00007f9d49566440, 0x00007f9d49566608]
Event: 13.082 Thread 0x00007f9d580b9800 nmethod 1545% 0x00007f9d4958e6d0 code [0x00007f9d4958ea40, 0x00007f9d49590ca0]
Event: 13.082 Thread 0x00007f9d580b9800 1698       4       com.android.dx.ssa.SsaBasicBlock::newFromRop (183 bytes)
Event: 13.082 Thread 0x00007f9d580bb800 1703 %     3       com.android.dx.ssa.ConstCollector::updateConstUses @ 183 (248 bytes)
Event: 13.085 Thread 0x00007f9d580bb800 nmethod 1703% 0x00007f9d4957a450 code [0x00007f9d4957a800, 0x00007f9d4957cfb8]
Event: 13.085 Thread 0x00007f9d580bb800 1704       3       com.android.dx.ssa.ConstCollector::updateConstUses (248 bytes)
Event: 13.088 Thread 0x00007f9d580bb800 nmethod 1704 0x00007f9d49593290 code [0x00007f9d49593640, 0x00007f9d49595af8]

GC Heap History (10 events):
Event: 3.679 GC heap after
Heap after GC invocations=1 (full 0):
 PSYoungGen      total 36864K, used 5089K [0x00000000eab00000, 0x00000000ef300000, 0x0000000100000000)
  eden space 31744K, 0% used [0x00000000eab00000,0x00000000eab00000,0x00000000eca00000)
  from space 5120K, 99% used [0x00000000eca00000,0x00000000ecef8648,0x00000000ecf00000)
  to   space 5120K, 0% used [0x00000000eee00000,0x00000000eee00000,0x00000000ef300000)
 ParOldGen       total 84992K, used 1227K [0x00000000c0000000, 0x00000000c5300000, 0x00000000eab00000)
  object space 84992K, 1% used [0x00000000c0000000,0x00000000c0132c20,0x00000000c5300000)
 Metaspace       used 5438K, capacity 6704K, committed 6784K, reserved 1056768K
  class space    used 546K, capacity 616K, committed 640K, reserved 1048576K
}
Event: 5.546 GC heap before
{Heap before GC invocations=2 (full 0):
 PSYoungGen      total 36864K, used 36833K [0x00000000eab00000, 0x00000000ef300000, 0x0000000100000000)
  eden space 31744K, 100% used [0x00000000eab00000,0x00000000eca00000,0x00000000eca00000)
  from space 5120K, 99% used [0x00000000eca00000,0x00000000ecef8648,0x00000000ecf00000)
  to   space 5120K, 0% used [0x00000000eee00000,0x00000000eee00000,0x00000000ef300000)
 ParOldGen       total 84992K, used 1227K [0x00000000c0000000, 0x00000000c5300000, 0x00000000eab00000)
  object space 84992K, 1% used [0x00000000c0000000,0x00000000c0132c20,0x00000000c5300000)
 Metaspace       used 5526K, capacity 6832K, committed 7040K, reserved 1056768K
  class space    used 547K, capacity 616K, committed 640K, reserved 1048576K
Event: 5.837 GC heap after
Heap after GC invocations=2 (full 0):
 PSYoungGen      total 68608K, used 5112K [0x00000000eab00000, 0x00000000ef300000, 0x0000000100000000)
  eden space 63488K, 0% used [0x00000000eab00000,0x00000000eab00000,0x00000000ee900000)
  from space 5120K, 99% used [0x00000000eee00000,0x00000000ef2fe018,0x00000000ef300000)
  to   space 5120K, 0% used [0x00000000ee900000,0x00000000ee900000,0x00000000eee00000)
 ParOldGen       total 84992K, used 13981K [0x00000000c0000000, 0x00000000c5300000, 0x00000000eab00000)
  object space 84992K, 16% used [0x00000000c0000000,0x00000000c0da7570,0x00000000c5300000)
 Metaspace       used 5526K, capacity 6832K, committed 7040K, reserved 1056768K
  class space    used 547K, capacity 616K, committed 640K, reserved 1048576K
}
Event: 7.023 GC heap before
{Heap before GC invocations=3 (full 0):
 PSYoungGen      total 68608K, used 68600K [0x00000000eab00000, 0x00000000ef300000, 0x0000000100000000)
  eden space 63488K, 100% used [0x00000000eab00000,0x00000000ee900000,0x00000000ee900000)
  from space 5120K, 99% used [0x00000000eee00000,0x00000000ef2fe018,0x00000000ef300000)
  to   space 5120K, 0% used [0x00000000ee900000,0x00000000ee900000,0x00000000eee00000)
 ParOldGen       total 84992K, used 13981K [0x00000000c0000000, 0x00000000c5300000, 0x00000000eab00000)
  object space 84992K, 16% used [0x00000000c0000000,0x00000000c0da7570,0x00000000c5300000)
 Metaspace       used 5572K, capacity 6832K, committed 7040K, reserved 1056768K
  class space    used 548K, capacity 616K, committed 640K, reserved 1048576K
Event: 7.212 GC heap after
Heap after GC invocations=3 (full 0):
 PSYoungGen      total 68608K, used 5088K [0x00000000eab00000, 0x00000000f3100000, 0x0000000100000000)
  eden space 63488K, 0% used [0x00000000eab00000,0x00000000eab00000,0x00000000ee900000)
  from space 5120K, 99% used [0x00000000ee900000,0x00000000eedf83c8,0x00000000eee00000)
  to   space 5120K, 0% used [0x00000000f2c00000,0x00000000f2c00000,0x00000000f3100000)
 ParOldGen       total 84992K, used 39360K [0x00000000c0000000, 0x00000000c5300000, 0x00000000eab00000)
  object space 84992K, 46% used [0x00000000c0000000,0x00000000c26703b8,0x00000000c5300000)
 Metaspace       used 5572K, capacity 6832K, committed 7040K, reserved 1056768K
  class space    used 548K, capacity 616K, committed 640K, reserved 1048576K
}
Event: 8.784 GC heap before
{Heap before GC invocations=4 (full 0):
 PSYoungGen      total 68608K, used 68576K [0x00000000eab00000, 0x00000000f3100000, 0x0000000100000000)
  eden space 63488K, 100% used [0x00000000eab00000,0x00000000ee900000,0x00000000ee900000)
  from space 5120K, 99% used [0x00000000ee900000,0x00000000eedf83c8,0x00000000eee00000)
  to   space 5120K, 0% used [0x00000000f2c00000,0x00000000f2c00000,0x00000000f3100000)
 ParOldGen       total 84992K, used 39360K [0x00000000c0000000, 0x00000000c5300000, 0x00000000eab00000)
  object space 84992K, 46% used [0x00000000c0000000,0x00000000c26703b8,0x00000000c5300000)
 Metaspace       used 5649K, capacity 6896K, committed 7040K, reserved 1056768K
  class space    used 552K, capacity 616K, committed 640K, reserved 1048576K
Event: 9.354 GC heap after
Heap after GC invocations=4 (full 0):
 PSYoungGen      total 132096K, used 5107K [0x00000000eab00000, 0x00000000f3100000, 0x0000000100000000)
  eden space 126976K, 0% used [0x00000000eab00000,0x00000000eab00000,0x00000000f2700000)
  from space 5120K, 99% used [0x00000000f2c00000,0x00000000f30fcc18,0x00000000f3100000)
  to   space 5120K, 0% used [0x00000000f2700000,0x00000000f2700000,0x00000000f2c00000)
 ParOldGen       total 84992K, used 66991K [0x00000000c0000000, 0x00000000c5300000, 0x00000000eab00000)
  object space 84992K, 78% used [0x00000000c0000000,0x00000000c416be78,0x00000000c5300000)
 Metaspace       used 5649K, capacity 6896K, committed 7040K, reserved 1056768K
  class space    used 552K, capacity 616K, committed 640K, reserved 1048576K
}
Event: 9.355 GC heap before
{Heap before GC invocations=5 (full 1):
 PSYoungGen      total 132096K, used 5107K [0x00000000eab00000, 0x00000000f3100000, 0x0000000100000000)
  eden space 126976K, 0% used [0x00000000eab00000,0x00000000eab00000,0x00000000f2700000)
  from space 5120K, 99% used [0x00000000f2c00000,0x00000000f30fcc18,0x00000000f3100000)
  to   space 5120K, 0% used [0x00000000f2700000,0x00000000f2700000,0x00000000f2c00000)
 ParOldGen       total 84992K, used 66991K [0x00000000c0000000, 0x00000000c5300000, 0x00000000eab00000)
  object space 84992K, 78% used [0x00000000c0000000,0x00000000c416be78,0x00000000c5300000)
 Metaspace       used 5649K, capacity 6896K, committed 7040K, reserved 1056768K
  class space    used 552K, capacity 616K, committed 640K, reserved 1048576K
Event: 10.447 GC heap after
Heap after GC invocations=5 (full 1):
 PSYoungGen      total 132096K, used 0K [0x00000000eab00000, 0x00000000f3100000, 0x0000000100000000)
  eden space 126976K, 0% used [0x00000000eab00000,0x00000000eab00000,0x00000000f2700000)
  from space 5120K, 0% used [0x00000000f2c00000,0x00000000f2c00000,0x00000000f3100000)
  to   space 5120K, 0% used [0x00000000f2700000,0x00000000f2700000,0x00000000f2c00000)
 ParOldGen       total 117760K, used 33197K [0x00000000c0000000, 0x00000000c7300000, 0x00000000eab00000)
  object space 117760K, 28% used [0x00000000c0000000,0x00000000c206b770,0x00000000c7300000)
 Metaspace       used 5649K, capacity 6896K, committed 7040K, reserved 1056768K
  class space    used 552K, capacity 616K, committed 640K, reserved 1048576K
}
Event: 13.127 GC heap before
{Heap before GC invocations=6 (full 1):
 PSYoungGen      total 132096K, used 126976K [0x00000000eab00000, 0x00000000f3100000, 0x0000000100000000)
  eden space 126976K, 100% used [0x00000000eab00000,0x00000000f2700000,0x00000000f2700000)
  from space 5120K, 0% used [0x00000000f2c00000,0x00000000f2c00000,0x00000000f3100000)
  to   space 5120K, 0% used [0x00000000f2700000,0x00000000f2700000,0x00000000f2c00000)
 ParOldGen       total 117760K, used 33197K [0x00000000c0000000, 0x00000000c7300000, 0x00000000eab00000)
  object space 117760K, 28% used [0x00000000c0000000,0x00000000c206b770,0x00000000c7300000)
 Metaspace       used 5707K, capacity 6960K, committed 7040K, reserved 1056768K
  class space    used 552K, capacity 616K, committed 640K, reserved 1048576K

Deoptimization events (10 events):
Event: 4.226 Thread 0x00007f9d58008800 Uncommon trap: reason=unstable_if action=reinterpret pc=0x00007f9d491d5d78 method=java.util.BitSet.ensureCapacity(I)V @ 6
Event: 4.234 Thread 0x00007f9d5814a000 Uncommon trap: reason=class_check action=maybe_recompile pc=0x00007f9d492a72b8 method=com.android.dx.rop.type.Type.equals(Ljava/lang/Object;)Z @ 8
Event: 4.234 Thread 0x00007f9d5814a000 Uncommon trap: reason=class_check action=maybe_recompile pc=0x00007f9d492a72b8 method=com.android.dx.rop.type.Type.equals(Ljava/lang/Object;)Z @ 8
Event: 4.260 Thread 0x00007f9d5814a000 Uncommon trap: reason=unloaded action=reinterpret pc=0x00007f9d492afb90 method=com.android.dx.ssa.SsaRenamer$BlockRenamer.visitMoveInsn(Lcom/android/dx/ssa/NormalSsaInsn;)V @ 208
Event: 4.261 Thread 0x00007f9d5814a000 Uncommon trap: reason=unloaded action=reinterpret pc=0x00007f9d49278484 method=com.android.dx.ssa.SsaRenamer$BlockRenamer.visitMoveInsn(Lcom/android/dx/ssa/NormalSsaInsn;)V @ 208
Event: 4.271 Thread 0x00007f9d58008800 Uncommon trap: reason=class_check action=maybe_recompile pc=0x00007f9d492a72b8 method=com.android.dx.rop.type.Type.equals(Ljava/lang/Object;)Z @ 8
Event: 4.271 Thread 0x00007f9d58008800 Uncommon trap: reason=class_check action=maybe_recompile pc=0x00007f9d492a72b8 method=com.android.dx.rop.type.Type.equals(Ljava/lang/Object;)Z @ 8
Event: 8.346 Thread 0x00007f9d58146000 Uncommon trap: reason=unstable_if action=reinterpret pc=0x00007f9d494948e8 method=com.android.dx.rop.code.RegisterSpec.equals(ILcom/android/dx/rop/type/TypeBearer;Lcom/android/dx/rop/code/LocalItem;)Z @ 16
Event: 11.509 Thread 0x00007f9d58146000 Uncommon trap: reason=null_check action=make_not_entrant pc=0x00007f9d494bed38 method=com.android.dx.ssa.SsaRenamer.getLocalForNewReg(I)Lcom/android/dx/rop/code/LocalItem; @ 19
Event: 11.521 Thread 0x00007f9d58146000 Uncommon trap: reason=unstable_if action=reinterpret pc=0x00007f9d49177a9c method=com.android.dx.rop.cst.Constant.compareTo(Lcom/android/dx/rop/cst/Constant;)I @ 12

Internal exceptions (3 events):
Event: 0.147 Thread 0x00007f9d58008800 Exception <a 'java/lang/NoSuchMethodError': Method sun.misc.Unsafe.defineClass(Ljava/lang/String;[BII)Ljava/lang/Class; name or signature does not match> (0x00000000eab07cc0) thrown at [/build/java8-openjdk/src/jdk8u-jdk8u92-b14/hotspot/src/share/vm/prims
Event: 0.147 Thread 0x00007f9d58008800 Exception <a 'java/lang/NoSuchMethodError': Method sun.misc.Unsafe.prefetchRead(Ljava/lang/Object;J)V name or signature does not match> (0x00000000eab07fa8) thrown at [/build/java8-openjdk/src/jdk8u-jdk8u92-b14/hotspot/src/share/vm/prims/jni.cpp, line 401
Event: 11.509 Thread 0x00007f9d58146000 Implicit null exception at 0x00007f9d494bc689 to 0x00007f9d494becf1

Events (10 events):
Event: 12.834 Thread 0x00007f9d5814b800 DEOPT UNPACKING pc=0x00007f9d49047373 sp=0x00007f9d418f6db8 mode 0
Event: 12.905 Thread 0x00007f9d5814a000 DEOPT PACKING pc=0x00007f9d493c98f4 sp=0x00007f9d419f7fd0
Event: 12.905 Thread 0x00007f9d5814a000 DEOPT UNPACKING pc=0x00007f9d49047373 sp=0x00007f9d419f7db8 mode 0
Event: 12.920 Thread 0x00007f9d5814b800 DEOPT PACKING pc=0x00007f9d493c98f4 sp=0x00007f9d418f6fd0
Event: 12.920 Thread 0x00007f9d5814b800 DEOPT UNPACKING pc=0x00007f9d49047373 sp=0x00007f9d418f6db8 mode 0
Event: 13.029 Thread 0x00007f9d5814b800 DEOPT PACKING pc=0x00007f9d493c98f4 sp=0x00007f9d418f6fd0
Event: 13.029 Thread 0x00007f9d5814b800 DEOPT UNPACKING pc=0x00007f9d49047373 sp=0x00007f9d418f6db8 mode 0
Event: 13.088 Thread 0x00007f9d5814a000 DEOPT PACKING pc=0x00007f9d494f2b57 sp=0x00007f9d419f80f0
Event: 13.088 Thread 0x00007f9d5814a000 DEOPT UNPACKING pc=0x00007f9d49047373 sp=0x00007f9d419f7ed8 mode 0
Event: 13.113 Executing VM operation: ParallelGCFailedAllocation


Dynamic libraries:
00400000-00401000 r-xp 00000000 08:03 3294483                            /usr/lib/jvm/java-8-openjdk/jre/bin/java
00600000-00601000 rw-p 00000000 08:03 3294483                            /usr/lib/jvm/java-8-openjdk/jre/bin/java
01fd3000-01ff4000 rw-p 00000000 00:00 0                                  [heap]
c0000000-c7300000 rw-p 00000000 00:00 0 
c7300000-eab00000 ---p 00000000 00:00 0 
eab00000-f3100000 rw-p 00000000 00:00 0 
fcd00000-100000000 ---p 00000000 00:00 0 
100000000-1000a0000 rw-p 00000000 00:00 0 
1000a0000-140000000 ---p 00000000 00:00 0 
7f9cf4000000-7f9cf4031000 rw-p 00000000 00:00 0 
7f9cf4031000-7f9cf8000000 ---p 00000000 00:00 0 
7f9cfc000000-7f9cfc025000 rw-p 00000000 00:00 0 
7f9cfc025000-7f9d00000000 ---p 00000000 00:00 0 
7f9d00000000-7f9d00021000 rw-p 00000000 00:00 0 
7f9d00021000-7f9d04000000 ---p 00000000 00:00 0 
7f9d04000000-7f9d0403f000 rw-p 00000000 00:00 0 
7f9d0403f000-7f9d08000000 ---p 00000000 00:00 0 
7f9d08000000-7f9d08021000 rw-p 00000000 00:00 0 
7f9d08021000-7f9d0c000000 ---p 00000000 00:00 0 
7f9d0c000000-7f9d0c021000 rw-p 00000000 00:00 0 
7f9d0c021000-7f9d10000000 ---p 00000000 00:00 0 
7f9d10000000-7f9d10021000 rw-p 00000000 00:00 0 
7f9d10021000-7f9d14000000 ---p 00000000 00:00 0 
7f9d14000000-7f9d146aa000 rw-p 00000000 00:00 0 
7f9d146aa000-7f9d18000000 ---p 00000000 00:00 0 
7f9d18000000-7f9d185d2000 rw-p 00000000 00:00 0 
7f9d185d2000-7f9d1c000000 ---p 00000000 00:00 0 
7f9d1c000000-7f9d1c021000 rw-p 00000000 00:00 0 
7f9d1c021000-7f9d20000000 ---p 00000000 00:00 0 
7f9d20000000-7f9d20a05000 rw-p 00000000 00:00 0 
7f9d20a05000-7f9d24000000 ---p 00000000 00:00 0 
7f9d24000000-7f9d24021000 rw-p 00000000 00:00 0 
7f9d24021000-7f9d28000000 ---p 00000000 00:00 0 
7f9d28000000-7f9d28021000 rw-p 00000000 00:00 0 
7f9d28021000-7f9d2c000000 ---p 00000000 00:00 0 
7f9d2c000000-7f9d2c021000 rw-p 00000000 00:00 0 
7f9d2c021000-7f9d30000000 ---p 00000000 00:00 0 
7f9d30000000-7f9d3003a000 rw-p 00000000 00:00 0 
7f9d3003a000-7f9d34000000 ---p 00000000 00:00 0 
7f9d34000000-7f9d34021000 rw-p 00000000 00:00 0 
7f9d34021000-7f9d38000000 ---p 00000000 00:00 0 
7f9d3c000000-7f9d3c021000 rw-p 00000000 00:00 0 
7f9d3c021000-7f9d40000000 ---p 00000000 00:00 0 
7f9d417f8000-7f9d417fb000 ---p 00000000 00:00 0 
7f9d417fb000-7f9d418f9000 rw-p 00000000 00:00 0 
7f9d418f9000-7f9d418fc000 ---p 00000000 00:00 0 
7f9d418fc000-7f9d419fa000 rw-p 00000000 00:00 0 
7f9d419fa000-7f9d419fd000 ---p 00000000 00:00 0 
7f9d419fd000-7f9d41afb000 rw-p 00000000 00:00 0 
7f9d41afb000-7f9d41afe000 ---p 00000000 00:00 0 
7f9d41afe000-7f9d41bfc000 rw-p 00000000 00:00 0 
7f9d41bfc000-7f9d41bff000 ---p 00000000 00:00 0 
7f9d41bff000-7f9d41cfd000 rw-p 00000000 00:00 0 
7f9d41cfd000-7f9d41cfe000 ---p 00000000 00:00 0 
7f9d41cfe000-7f9d41dfe000 rw-p 00000000 00:00 0 
7f9d41dfe000-7f9d41e01000 ---p 00000000 00:00 0 
7f9d41e01000-7f9d41eff000 rw-p 00000000 00:00 0 
7f9d41eff000-7f9d41f02000 ---p 00000000 00:00 0 
7f9d41f02000-7f9d44000000 rw-p 00000000 00:00 0 
7f9d44000000-7f9d44021000 rw-p 00000000 00:00 0 
7f9d44021000-7f9d48000000 ---p 00000000 00:00 0 
7f9d4805a000-7f9d4805d000 ---p 00000000 00:00 0 
7f9d4805d000-7f9d4815b000 rw-p 00000000 00:00 0 
7f9d4815b000-7f9d4815e000 ---p 00000000 00:00 0 
7f9d4815e000-7f9d4825c000 rw-p 00000000 00:00 0 
7f9d4825c000-7f9d4825f000 ---p 00000000 00:00 0 
7f9d4825f000-7f9d4835d000 rw-p 00000000 00:00 0 
7f9d4835d000-7f9d484f5000 r--p 00000000 08:03 3182868                    /usr/lib/locale/locale-archive
7f9d484f5000-7f9d484f8000 ---p 00000000 00:00 0 
7f9d484f8000-7f9d485f6000 rw-p 00000000 00:00 0 
7f9d485f6000-7f9d485f9000 ---p 00000000 00:00 0 
7f9d485f9000-7f9d486f7000 rw-p 00000000 00:00 0 
7f9d486f7000-7f9d486f8000 ---p 00000000 00:00 0 
7f9d486f8000-7f9d49000000 rw-p 00000000 00:00 0 
7f9d49000000-7f9d495a0000 rwxp 00000000 00:00 0 
7f9d495a0000-7f9d58000000 ---p 00000000 00:00 0 
7f9d58000000-7f9d5818b000 rw-p 00000000 00:00 0 
7f9d5818b000-7f9d5c000000 ---p 00000000 00:00 0 
7f9d5c054000-7f9d5c07a000 r--p 00000000 08:03 3147835                    /usr/share/locale/es/LC_MESSAGES/libc.mo
7f9d5c07a000-7f9d5c089000 r--s 000df000 08:03 7079310                    /home/lifka/Android/Sdk/build-tools/23.0.2/lib/dx.jar
7f9d5c089000-7f9d5c097000 r--s 00193000 08:03 3289265                    /usr/lib/jvm/java-8-openjdk/jre/lib/ext/j3dutils.jar
7f9d5c097000-7f9d5c84e000 rw-p 00000000 00:00 0 
7f9d5c84e000-7f9d5ca1b000 r--s 03bec000 08:03 3286197                    /usr/lib/jvm/java-8-openjdk/jre/lib/rt.jar
7f9d5ca1b000-7f9d5d0d1000 rw-p 00000000 00:00 0 
7f9d5d0d1000-7f9d5d291000 ---p 00000000 00:00 0 
7f9d5d291000-7f9d5d491000 rw-p 00000000 00:00 0 
7f9d5d491000-7f9d5d492000 ---p 00000000 00:00 0 
7f9d5d492000-7f9d5d592000 rw-p 00000000 00:00 0 
7f9d5d592000-7f9d5d593000 ---p 00000000 00:00 0 
7f9d5d593000-7f9d5d693000 rw-p 00000000 00:00 0 
7f9d5d693000-7f9d5d694000 ---p 00000000 00:00 0 
7f9d5d694000-7f9d5d794000 rw-p 00000000 00:00 0 
7f9d5d794000-7f9d5d795000 ---p 00000000 00:00 0 
7f9d5d795000-7f9d5d8cf000 rw-p 00000000 00:00 0 
7f9d5d8cf000-7f9d5d9eb000 ---p 00000000 00:00 0 
7f9d5d9eb000-7f9d5da25000 rw-p 00000000 00:00 0 
7f9d5da25000-7f9d5db40000 ---p 00000000 00:00 0 
7f9d5db40000-7f9d5db84000 rw-p 00000000 00:00 0 
7f9d5db84000-7f9d5dbeb000 ---p 00000000 00:00 0 
7f9d5dbeb000-7f9d5dc03000 rw-p 00000000 00:00 0 
7f9d5dc03000-7f9d5dfac000 ---p 00000000 00:00 0 
7f9d5dfac000-7f9d5dfb4000 r-xp 00000000 08:03 3286437                    /usr/lib/jvm/java-8-openjdk/jre/lib/amd64/libzip.so
7f9d5dfb4000-7f9d5e1b3000 ---p 00008000 08:03 3286437                    /usr/lib/jvm/java-8-openjdk/jre/lib/amd64/libzip.so
7f9d5e1b3000-7f9d5e1b4000 rw-p 00007000 08:03 3286437                    /usr/lib/jvm/java-8-openjdk/jre/lib/amd64/libzip.so
7f9d5e1b4000-7f9d5e1bf000 r-xp 00000000 08:03 3148989                    /usr/lib/libnss_files-2.23.so
7f9d5e1bf000-7f9d5e3be000 ---p 0000b000 08:03 3148989                    /usr/lib/libnss_files-2.23.so
7f9d5e3be000-7f9d5e3bf000 r--p 0000a000 08:03 3148989                    /usr/lib/libnss_files-2.23.so
7f9d5e3bf000-7f9d5e3c0000 rw-p 0000b000 08:03 3148989                    /usr/lib/libnss_files-2.23.so
7f9d5e3c0000-7f9d5e3c6000 rw-p 00000000 00:00 0 
7f9d5e3c6000-7f9d5e3f2000 r-xp 00000000 08:03 3286436                    /usr/lib/jvm/java-8-openjdk/jre/lib/amd64/libjava.so
7f9d5e3f2000-7f9d5e5f2000 ---p 0002c000 08:03 3286436                    /usr/lib/jvm/java-8-openjdk/jre/lib/amd64/libjava.so
7f9d5e5f2000-7f9d5e5f4000 rw-p 0002c000 08:03 3286436                    /usr/lib/jvm/java-8-openjdk/jre/lib/amd64/libjava.so
7f9d5e5f4000-7f9d5e601000 r-xp 00000000 08:03 3286425                    /usr/lib/jvm/java-8-openjdk/jre/lib/amd64/libverify.so
7f9d5e601000-7f9d5e800000 ---p 0000d000 08:03 3286425                    /usr/lib/jvm/java-8-openjdk/jre/lib/amd64/libverify.so
7f9d5e800000-7f9d5e802000 rw-p 0000c000 08:03 3286425                    /usr/lib/jvm/java-8-openjdk/jre/lib/amd64/libverify.so
7f9d5e802000-7f9d5e809000 r-xp 00000000 08:03 3148997                    /usr/lib/librt-2.23.so
7f9d5e809000-7f9d5ea08000 ---p 00007000 08:03 3148997                    /usr/lib/librt-2.23.so
7f9d5ea08000-7f9d5ea09000 r--p 00006000 08:03 3148997                    /usr/lib/librt-2.23.so
7f9d5ea09000-7f9d5ea0a000 rw-p 00007000 08:03 3148997                    /usr/lib/librt-2.23.so
7f9d5ea0a000-7f9d5eb0d000 r-xp 00000000 08:03 3148994                    /usr/lib/libm-2.23.so
7f9d5eb0d000-7f9d5ed0d000 ---p 00103000 08:03 3148994                    /usr/lib/libm-2.23.so
7f9d5ed0d000-7f9d5ed0e000 r--p 00103000 08:03 3148994                    /usr/lib/libm-2.23.so
7f9d5ed0e000-7f9d5ed0f000 rw-p 00104000 08:03 3148994                    /usr/lib/libm-2.23.so
7f9d5ed0f000-7f9d5f964000 r-xp 00000000 08:03 3294474                    /usr/lib/jvm/java-8-openjdk/jre/lib/amd64/server/libjvm.so
7f9d5f964000-7f9d5fb64000 ---p 00c55000 08:03 3294474                    /usr/lib/jvm/java-8-openjdk/jre/lib/amd64/server/libjvm.so
7f9d5fb64000-7f9d5fc20000 rw-p 00c55000 08:03 3294474                    /usr/lib/jvm/java-8-openjdk/jre/lib/amd64/server/libjvm.so
7f9d5fc20000-7f9d5fc50000 rw-p 00000000 00:00 0 
7f9d5fc50000-7f9d5fde8000 r-xp 00000000 08:03 3148927                    /usr/lib/libc-2.23.so
7f9d5fde8000-7f9d5ffe7000 ---p 00198000 08:03 3148927                    /usr/lib/libc-2.23.so
7f9d5ffe7000-7f9d5ffeb000 r--p 00197000 08:03 3148927                    /usr/lib/libc-2.23.so
7f9d5ffeb000-7f9d5ffed000 rw-p 0019b000 08:03 3148927                    /usr/lib/libc-2.23.so
7f9d5ffed000-7f9d5fff1000 rw-p 00000000 00:00 0 
7f9d5fff1000-7f9d5fff3000 r-xp 00000000 08:03 3148993                    /usr/lib/libdl-2.23.so
7f9d5fff3000-7f9d601f3000 ---p 00002000 08:03 3148993                    /usr/lib/libdl-2.23.so
7f9d601f3000-7f9d601f4000 r--p 00002000 08:03 3148993                    /usr/lib/libdl-2.23.so
7f9d601f4000-7f9d601f5000 rw-p 00003000 08:03 3148993                    /usr/lib/libdl-2.23.so
7f9d601f5000-7f9d60202000 r-xp 00000000 08:03 3294471                    /usr/lib/jvm/java-8-openjdk/jre/lib/amd64/jli/libjli.so
7f9d60202000-7f9d60401000 ---p 0000d000 08:03 3294471                    /usr/lib/jvm/java-8-openjdk/jre/lib/amd64/jli/libjli.so
7f9d60401000-7f9d60402000 rw-p 0000c000 08:03 3294471                    /usr/lib/jvm/java-8-openjdk/jre/lib/amd64/jli/libjli.so
7f9d60402000-7f9d60417000 r-xp 00000000 08:03 3152232                    /usr/lib/libz.so.1.2.8
7f9d60417000-7f9d60616000 ---p 00015000 08:03 3152232                    /usr/lib/libz.so.1.2.8
7f9d60616000-7f9d60617000 r--p 00014000 08:03 3152232                    /usr/lib/libz.so.1.2.8
7f9d60617000-7f9d60618000 rw-p 00015000 08:03 3152232                    /usr/lib/libz.so.1.2.8
7f9d60618000-7f9d60630000 r-xp 00000000 08:03 3148904                    /usr/lib/libpthread-2.23.so
7f9d60630000-7f9d6082f000 ---p 00018000 08:03 3148904                    /usr/lib/libpthread-2.23.so
7f9d6082f000-7f9d60830000 r--p 00017000 08:03 3148904                    /usr/lib/libpthread-2.23.so
7f9d60830000-7f9d60831000 rw-p 00018000 08:03 3148904                    /usr/lib/libpthread-2.23.so
7f9d60831000-7f9d60835000 rw-p 00000000 00:00 0 
7f9d60835000-7f9d60858000 r-xp 00000000 08:03 3148926                    /usr/lib/ld-2.23.so
7f9d6085d000-7f9d60922000 rw-p 00000000 00:00 0 
7f9d60922000-7f9d60925000 ---p 00000000 00:00 0 
7f9d60925000-7f9d60a27000 rw-p 00000000 00:00 0 
7f9d60a2b000-7f9d60a2d000 r--s 0004c000 08:03 3289264                    /usr/lib/jvm/java-8-openjdk/jre/lib/ext/vecmath.jar
7f9d60a2d000-7f9d60a39000 r--s 002c7000 08:03 3289266                    /usr/lib/jvm/java-8-openjdk/jre/lib/ext/j3dcore.jar
7f9d60a39000-7f9d60a4d000 rw-p 00000000 00:00 0 
7f9d60a4d000-7f9d60a55000 rw-s 00000000 00:23 617432                     /tmp/hsperfdata_lifka/9000
7f9d60a55000-7f9d60a56000 rw-p 00000000 00:00 0 
7f9d60a56000-7f9d60a57000 ---p 00000000 00:00 0 
7f9d60a57000-7f9d60a58000 rw-p 00000000 00:00 0 
7f9d60a58000-7f9d60a59000 r--p 00023000 08:03 3148926                    /usr/lib/ld-2.23.so
7f9d60a59000-7f9d60a5a000 rw-p 00024000 08:03 3148926                    /usr/lib/ld-2.23.so
7f9d60a5a000-7f9d60a5b000 rw-p 00000000 00:00 0 
7ffecce24000-7ffecce45000 rw-p 00000000 00:00 0                          [stack]
7ffecce76000-7ffecce79000 r--p 00000000 00:00 0                          [vvar]
7ffecce79000-7ffecce7b000 r-xp 00000000 00:00 0                          [vdso]
ffffffffff600000-ffffffffff601000 r-xp 00000000 00:00 0                  [vsyscall]

VM Arguments:
jvm_args: -Djava.awt.headless=true -Xmx1024M -Dfile.encoding=UTF-8 -Duser.country=ES -Duser.language=es -Duser.variant 
java_command: com.android.dx.command.Main --dex --force-jumbo --num-threads=4 --multi-dex --output /home/lifka/Workspace/githubProjects/Servicio-reserva-en-farmacias/Android/SisFarmaApp/app/build/intermediates/transforms/dex/debug/folders/1000/5/slice_6 /home/lifka/Workspace/githubProjects/Servicio-reserva-en-farmacias/Android/SisFarmaApp/app/build/intermediates/transforms/instantRunSlicer/debug/folders/1/5/slice_6
java_class_path (initial): /home/lifka/Android/Sdk/build-tools/23.0.2/lib/dx.jar
Launcher Type: SUN_STANDARD

Environment Variables:
PATH=/usr/local/sbin:/usr/local/bin:/usr/bin:/opt/android-sdk/tools:/usr/lib/jvm/default/bin:/usr/bin/site_perl:/usr/bin/vendor_perl:/usr/bin/core_perl
USERNAME=lifka
LD_LIBRARY_PATH=/opt/android-studio/bin:
SHELL=/bin/bash
DISPLAY=:0

Signal Handlers:
SIGSEGV: [libjvm.so+0xa5a220], sa_mask[0]=11111111011111111101111111111110, sa_flags=SA_RESTART|SA_SIGINFO
SIGBUS: [libjvm.so+0xa5a220], sa_mask[0]=11111111011111111101111111111110, sa_flags=SA_RESTART|SA_SIGINFO
SIGFPE: [libjvm.so+0x8a5a90], sa_mask[0]=11111111011111111101111111111110, sa_flags=SA_RESTART|SA_SIGINFO
SIGPIPE: [libjvm.so+0x8a5a90], sa_mask[0]=11111111011111111101111111111110, sa_flags=SA_RESTART|SA_SIGINFO
SIGXFSZ: [libjvm.so+0x8a5a90], sa_mask[0]=11111111011111111101111111111110, sa_flags=SA_RESTART|SA_SIGINFO
SIGILL: [libjvm.so+0x8a5a90], sa_mask[0]=11111111011111111101111111111110, sa_flags=SA_RESTART|SA_SIGINFO
SIGUSR1: SIG_DFL, sa_mask[0]=00000000000000000000000000000000, sa_flags=none
SIGUSR2: [libjvm.so+0x8a5940], sa_mask[0]=00100000000000000000000000000000, sa_flags=SA_RESTART|SA_SIGINFO
SIGHUP: [libjvm.so+0x8a5e10], sa_mask[0]=11111111011111111101111111111110, sa_flags=SA_RESTART|SA_SIGINFO
SIGINT: [libjvm.so+0x8a5e10], sa_mask[0]=11111111011111111101111111111110, sa_flags=SA_RESTART|SA_SIGINFO
SIGTERM: [libjvm.so+0x8a5e10], sa_mask[0]=11111111011111111101111111111110, sa_flags=SA_RESTART|SA_SIGINFO
SIGQUIT: [libjvm.so+0x8a5e10], sa_mask[0]=11111111011111111101111111111110, sa_flags=SA_RESTART|SA_SIGINFO


---------------  S Y S T E M  ---------------

OS:NAME="Arch Linux"
ID=arch
PRETTY_NAME="Arch Linux"
ANSI_COLOR="0;36"
HOME_URL="https://www.archlinux.org/"
SUPPORT_URL="https://bbs.archlinux.org/"
BUG_REPORT_URL="https://bugs.archlinux.org/"


uname:Linux 4.5.1-1-ARCH #1 SMP PREEMPT Thu Apr 14 19:19:32 CEST 2016 x86_64
libc:glibc 2.23 NPTL 2.23 
rlimit: STACK 8192k, CORE infinity, NPROC 31439, NOFILE 4096, AS infinity
load average:15.34 4.69 2.22

/proc/meminfo:
MemTotal:        8110432 kB
MemFree:           55084 kB
MemAvailable:      99284 kB
Buffers:            1352 kB
Cached:          1142004 kB
SwapCached:         3744 kB
Active:          6547924 kB
Inactive:        1239924 kB
Active(anon):    6507364 kB
Inactive(anon):  1200308 kB
Active(file):      40560 kB
Inactive(file):    39616 kB
Unevictable:         392 kB
Mlocked:             392 kB
SwapTotal:       2097148 kB
SwapFree:              0 kB
Dirty:                20 kB
Writeback:             0 kB
AnonPages:       6641600 kB
Mapped:           760560 kB
Shmem:           1062868 kB
Slab:              90744 kB
SReclaimable:      47008 kB
SUnreclaim:        43736 kB
KernelStack:       15632 kB
PageTables:        65960 kB
NFS_Unstable:          0 kB
Bounce:                0 kB
WritebackTmp:          0 kB
CommitLimit:     6152364 kB
Committed_AS:   16921912 kB
VmallocTotal:   34359738367 kB
VmallocUsed:           0 kB
VmallocChunk:          0 kB
HardwareCorrupted:     0 kB
AnonHugePages:   3430400 kB
HugePages_Total:       0
HugePages_Free:        0
HugePages_Rsvd:        0
HugePages_Surp:        0
Hugepagesize:       2048 kB
DirectMap4k:      170304 kB
DirectMap2M:     6051840 kB
DirectMap1G:     3145728 kB


CPU:total 4 (2 cores per cpu, 2 threads per core) family 6 model 69 stepping 1, cmov, cx8, fxsr, mmx, sse, sse2, sse3, ssse3, sse4.1, sse4.2, popcnt, avx, avx2, aes, clmul, erms, lzcnt, ht, tsc, tscinvbit, bmi1, bmi2

/proc/cpuinfo:
processor	: 0
vendor_id	: GenuineIntel
cpu family	: 6
model		: 69
model name	: Intel(R) Core(TM) i5-4210U CPU @ 1.70GHz
stepping	: 1
microcode	: 0x1d
cpu MHz		: 2399.906
cache size	: 3072 KB
physical id	: 0
siblings	: 4
core id		: 0
cpu cores	: 2
apicid		: 0
initial apicid	: 0
fpu		: yes
fpu_exception	: yes
cpuid level	: 13
wp		: yes
flags		: fpu vme de pse tsc msr pae mce cx8 apic sep mtrr pge mca cmov pat pse36 clflush dts acpi mmx fxsr sse sse2 ss ht tm pbe syscall nx pdpe1gb rdtscp lm constant_tsc arch_perfmon pebs bts rep_good nopl xtopology nonstop_tsc aperfmperf eagerfpu pni pclmulqdq dtes64 monitor ds_cpl vmx est tm2 ssse3 sdbg fma cx16 xtpr pdcm pcid sse4_1 sse4_2 movbe popcnt tsc_deadline_timer aes xsave avx f16c rdrand lahf_lm abm epb tpr_shadow vnmi flexpriority ept vpid fsgsbase tsc_adjust bmi1 avx2 smep bmi2 erms invpcid xsaveopt dtherm ida arat pln pts
bugs		:
bogomips	: 4791.77
clflush size	: 64
cache_alignment	: 64
address sizes	: 39 bits physical, 48 bits virtual
power management:

processor	: 1
vendor_id	: GenuineIntel
cpu family	: 6
model		: 69
model name	: Intel(R) Core(TM) i5-4210U CPU @ 1.70GHz
stepping	: 1
microcode	: 0x1d
cpu MHz		: 2399.906
cache size	: 3072 KB
physical id	: 0
siblings	: 4
core id		: 0
cpu cores	: 2
apicid		: 1
initial apicid	: 1
fpu		: yes
fpu_exception	: yes
cpuid level	: 13
wp		: yes
flags		: fpu vme de pse tsc msr pae mce cx8 apic sep mtrr pge mca cmov pat pse36 clflush dts acpi mmx fxsr sse sse2 ss ht tm pbe syscall nx pdpe1gb rdtscp lm constant_tsc arch_perfmon pebs bts rep_good nopl xtopology nonstop_tsc aperfmperf eagerfpu pni pclmulqdq dtes64 monitor ds_cpl vmx est tm2 ssse3 sdbg fma cx16 xtpr pdcm pcid sse4_1 sse4_2 movbe popcnt tsc_deadline_timer aes xsave avx f16c rdrand lahf_lm abm epb tpr_shadow vnmi flexpriority ept vpid fsgsbase tsc_adjust bmi1 avx2 smep bmi2 erms invpcid xsaveopt dtherm ida arat pln pts
bugs		:
bogomips	: 4791.77
clflush size	: 64
cache_alignment	: 64
address sizes	: 39 bits physical, 48 bits virtual
power management:

processor	: 2
vendor_id	: GenuineIntel
cpu family	: 6
model		: 69
model name	: Intel(R) Core(TM) i5-4210U CPU @ 1.70GHz
stepping	: 1
microcode	: 0x1d
cpu MHz		: 2400.000
cache size	: 3072 KB
physical id	: 0
siblings	: 4
core id		: 1
cpu cores	: 2
apicid		: 2
initial apicid	: 2
fpu		: yes
fpu_exception	: yes
cpuid level	: 13
wp		: yes
flags		: fpu vme de pse tsc msr pae mce cx8 apic sep mtrr pge mca cmov pat pse36 clflush dts acpi mmx fxsr sse sse2 ss ht tm pbe syscall nx pdpe1gb rdtscp lm constant_tsc arch_perfmon pebs bts rep_good nopl xtopology nonstop_tsc aperfmperf eagerfpu pni pclmulqdq dtes64 monitor ds_cpl vmx est tm2 ssse3 sdbg fma cx16 xtpr pdcm pcid sse4_1 sse4_2 movbe popcnt tsc_deadline_timer aes xsave avx f16c rdrand lahf_lm abm epb tpr_shadow vnmi flexpriority ept vpid fsgsbase tsc_adjust bmi1 avx2 smep bmi2 erms invpcid xsaveopt dtherm ida arat pln pts
bugs		:
bogomips	: 4791.77
clflush size	: 64
cache_alignment	: 64
address sizes	: 39 bits physical, 48 bits virtual
power management:

processor	: 3
vendor_id	: GenuineIntel
cpu family	: 6
model		: 69
model name	: Intel(R) Core(TM) i5-4210U CPU @ 1.70GHz
stepping	: 1
microcode	: 0x1d
cpu MHz		: 2400.000
cache size	: 3072 KB
physical id	: 0
siblings	: 4
core id		: 1
cpu cores	: 2
apicid		: 3
initial apicid	: 3
fpu		: yes
fpu_exception	: yes
cpuid level	: 13
wp		: yes
flags		: fpu vme de pse tsc msr pae mce cx8 apic sep mtrr pge mca cmov pat pse36 clflush dts acpi mmx fxsr sse sse2 ss ht tm pbe syscall nx pdpe1gb rdtscp lm constant_tsc arch_perfmon pebs bts rep_good nopl xtopology nonstop_tsc aperfmperf eagerfpu pni pclmulqdq dtes64 monitor ds_cpl vmx est tm2 ssse3 sdbg fma cx16 xtpr pdcm pcid sse4_1 sse4_2 movbe popcnt tsc_deadline_timer aes xsave avx f16c rdrand lahf_lm abm epb tpr_shadow vnmi flexpriority ept vpid fsgsbase tsc_adjust bmi1 avx2 smep bmi2 erms invpcid xsaveopt dtherm ida arat pln pts
bugs		:
bogomips	: 4791.77
clflush size	: 64
cache_alignment	: 64
address sizes	: 39 bits physical, 48 bits virtual
power management:



Memory: 4k page, physical 8110432k(55084k free), swap 2097148k(0k free)

vm_info: OpenJDK 64-Bit Server VM (25.92-b14) for linux-amd64 JRE (1.8.0_92-b14), built on Apr 24 2016 15:02:36 by "builduser" with gcc 5.3.0

time: Wed May 11 17:19:31 2016
elapsed time: 13 seconds (0d 0h 0m 13s)

