#
# There is insufficient memory for the Java Runtime Environment to continue.
# Native memory allocation (mmap) failed to map 112197632 bytes for committing reserved memory.
# Possible reasons:
#   The system is out of physical RAM or swap space
#   In 32 bit mode, the process size limit was hit
# Possible solutions:
#   Reduce memory load on the system
#   Increase physical memory or swap space
#   Check if swap backing store is full
#   Use 64 bit Java on a 64 bit OS
#   Decrease Java heap size (-Xmx/-Xms)
#   Decrease number of Java threads
#   Decrease Java thread stack sizes (-Xss)
#   Set larger code cache with -XX:ReservedCodeCacheSize=
# This output file may be truncated or incomplete.
#
#  Out of Memory Error (os_linux.cpp:2627), pid=19928, tid=0x00007f485caa6700
#
# JRE version: OpenJDK Runtime Environment (8.0_92-b14) (build 1.8.0_92-b14)
# Java VM: OpenJDK 64-Bit Server VM (25.92-b14 mixed mode linux-amd64 compressed oops)
# Core dump written. Default location: /home/lifka/Workspace/githubProjects/Servicio-reserva-en-farmacias/Android/SisFarmaApp/app/core or core.19928
#

---------------  T H R E A D  ---------------

Current thread (0x00007f4870076000):  VMThread [stack: 0x00007f485c9a6000,0x00007f485caa7000] [id=19937]

Stack: [0x00007f485c9a6000,0x00007f485caa7000],  sp=0x00007f485caa5480,  free space=1021k
Native frames: (J=compiled Java code, j=interpreted, Vv=VM code, C=native code)
V  [libjvm.so+0xa596cb]
V  [libjvm.so+0x4c344c]
V  [libjvm.so+0x8aa3f0]
V  [libjvm.so+0x8a491e]
V  [libjvm.so+0x91e90b]
V  [libjvm.so+0x90df9a]
V  [libjvm.so+0x90e1a3]
V  [libjvm.so+0x90eb08]
V  [libjvm.so+0x914dce]
V  [libjvm.so+0x91c78d]
V  [libjvm.so+0x8ce953]
V  [libjvm.so+0xa5b312]
V  [libjvm.so+0xa602e7]
V  [libjvm.so+0xa5db2c]
V  [libjvm.so+0xa5ef0f]
V  [libjvm.so+0xa5f401]
V  [libjvm.so+0x8a7902]

VM_Operation (0x00007f4827dc6e30): ParallelGCFailedAllocation, mode: safepoint, requested by thread 0x00007f487015f000


---------------  P R O C E S S  ---------------

Java Threads: ( => current thread )
  0x00007f4870162800 JavaThread "pool-2-thread-4" [_thread_blocked, id=19951, stack(0x00007f4827ac6000,0x00007f4827bc7000)]
  0x00007f4870160800 JavaThread "pool-2-thread-3" [_thread_blocked, id=19950, stack(0x00007f4827bc7000,0x00007f4827cc8000)]
  0x00007f487015f000 JavaThread "pool-2-thread-2" [_thread_blocked, id=19949, stack(0x00007f4827cc8000,0x00007f4827dc9000)]
  0x00007f487015c000 JavaThread "pool-3-thread-1" [_thread_blocked, id=19948, stack(0x00007f4827dc9000,0x00007f4827eca000)]
  0x00007f487015a000 JavaThread "pool-2-thread-1" [_thread_blocked, id=19947, stack(0x00007f4827eca000,0x00007f4827fcb000)]
  0x00007f48700be800 JavaThread "Service Thread" daemon [_thread_blocked, id=19944, stack(0x00007f485c107000,0x00007f485c208000)]
  0x00007f48700bb800 JavaThread "C1 CompilerThread2" daemon [_thread_blocked, id=19943, stack(0x00007f485c208000,0x00007f485c309000)]
  0x00007f48700b9800 JavaThread "C2 CompilerThread1" daemon [_thread_blocked, id=19942, stack(0x00007f485c309000,0x00007f485c40a000)]
  0x00007f48700b7000 JavaThread "C2 CompilerThread0" daemon [_thread_blocked, id=19941, stack(0x00007f485c40a000,0x00007f485c50b000)]
  0x00007f48700b5800 JavaThread "Signal Dispatcher" daemon [_thread_blocked, id=19940, stack(0x00007f485c50b000,0x00007f485c60c000)]
  0x00007f4870082800 JavaThread "Finalizer" daemon [_thread_blocked, id=19939, stack(0x00007f485c7a4000,0x00007f485c8a5000)]
  0x00007f487007e000 JavaThread "Reference Handler" daemon [_thread_blocked, id=19938, stack(0x00007f485c8a5000,0x00007f485c9a6000)]
  0x00007f4870008800 JavaThread "main" [_thread_blocked, id=19930, stack(0x00007f4876b3c000,0x00007f4876c3d000)]

Other Threads:
=>0x00007f4870076000 VMThread [stack: 0x00007f485c9a6000,0x00007f485caa7000] [id=19937]
  0x00007f48700c1000 WatcherThread [stack: 0x00007f485c006000,0x00007f485c107000] [id=19945]

VM state:at safepoint (normal execution)

VM Mutex/Monitor currently owned by a thread:  ([mutex/lock_event])
[0x00007f4870005fe0] ExpandHeap_lock - owner thread: 0x00007f4870076000
[0x00007f4870006660] Threads_lock - owner thread: 0x00007f4870076000
[0x00007f4870006b60] Heap_lock - owner thread: 0x00007f487015f000

Heap:
 PSYoungGen      total 284672K, used 26491K [0x00000000eab00000, 0x0000000100000000, 0x0000000100000000)
  eden space 241664K, 0% used [0x00000000eab00000,0x00000000eab00000,0x00000000f9700000)
  from space 43008K, 61% used [0x00000000f9700000,0x00000000fb0def90,0x00000000fc100000)
  to   space 64512K, 0% used [0x00000000fc100000,0x00000000fc100000,0x0000000100000000)
 ParOldGen       total 158208K, used 157785K [0x00000000c0000000, 0x00000000c9a80000, 0x00000000eab00000)
  object space 158208K, 99% used [0x00000000c0000000,0x00000000c9a16610,0x00000000c9a80000)
 Metaspace       used 6402K, capacity 7216K, committed 7296K, reserved 1056768K
  class space    used 593K, capacity 616K, committed 640K, reserved 1048576K

Card table byte_map: [0x00007f4860a3f000,0x00007f4860c40000] byte_map_base: 0x00007f486043f000

Marking Bits: (ParMarkBitMap*) 0x00007f4875e4d540
 Begin Bits: [0x00007f485e63b000, 0x00007f485f63b000)
 End Bits:   [0x00007f485f63b000, 0x00007f486063b000)

Polling page: 0x00007f4876c70000

CodeCache: size=245760Kb used=8078Kb max_used=8098Kb free=237681Kb
 bounds [0x00007f4861000000, 0x00007f48617f0000, 0x00007f4870000000]
 total_blobs=2330 nmethods=2062 adapters=182
 compilation: enabled

Compilation events (10 events):
Event: 18.945 Thread 0x00007f48700bb800 2396       2       com.android.dx.ssa.DomFront::calcDomFronts (154 bytes)
Event: 18.946 Thread 0x00007f48700bb800 nmethod 2396 0x00007f48617d7250 code [0x00007f48617d7440, 0x00007f48617d7988]
Event: 18.954 Thread 0x00007f48700bb800 2397       2       com.android.dx.ssa.InterferenceRegisterMapper::interferes (78 bytes)
Event: 18.955 Thread 0x00007f48700bb800 nmethod 2397 0x00007f48617d6990 code [0x00007f48617d6b40, 0x00007f48617d6f08]
Event: 18.955 Thread 0x00007f48700bb800 2399       2       com.android.dx.ssa.InterferenceRegisterMapper::addInterfence (62 bytes)
Event: 18.956 Thread 0x00007f48700bb800 nmethod 2399 0x00007f48617d5710 code [0x00007f48617d5920, 0x00007f48617d60a8]
Event: 18.956 Thread 0x00007f48700bb800 2398       2       com.android.dx.ssa.back.InterferenceGraph::mergeInterferenceSet (29 bytes)
Event: 18.956 Thread 0x00007f48700bb800 nmethod 2398 0x00007f48617d4fd0 code [0x00007f48617d5160, 0x00007f48617d5448]
Event: 18.969 Thread 0x00007f48700bb800 2400       2       com.android.dx.util.BitIntSet::merge (148 bytes)
Event: 18.970 Thread 0x00007f48700bb800 nmethod 2400 0x00007f48617d4250 code [0x00007f48617d4460, 0x00007f48617d4a48]

GC Heap History (10 events):
Event: 6.257 GC heap after
Heap after GC invocations=5 (full 0):
 PSYoungGen      total 68608K, used 5120K [0x00000000eab00000, 0x00000000f4700000, 0x0000000100000000)
  eden space 63488K, 0% used [0x00000000eab00000,0x00000000eab00000,0x00000000ee900000)
  from space 5120K, 100% used [0x00000000ee900000,0x00000000eee00000,0x00000000eee00000)
  to   space 16384K, 0% used [0x00000000f3700000,0x00000000f3700000,0x00000000f4700000)
 ParOldGen       total 84992K, used 19886K [0x00000000c0000000, 0x00000000c5300000, 0x00000000eab00000)
  object space 84992K, 23% used [0x00000000c0000000,0x00000000c136bb20,0x00000000c5300000)
 Metaspace       used 6023K, capacity 6960K, committed 7040K, reserved 1056768K
  class space    used 592K, capacity 616K, committed 640K, reserved 1048576K
}
Event: 6.930 GC heap before
{Heap before GC invocations=6 (full 0):
 PSYoungGen      total 68608K, used 68608K [0x00000000eab00000, 0x00000000f4700000, 0x0000000100000000)
  eden space 63488K, 100% used [0x00000000eab00000,0x00000000ee900000,0x00000000ee900000)
  from space 5120K, 100% used [0x00000000ee900000,0x00000000eee00000,0x00000000eee00000)
  to   space 16384K, 0% used [0x00000000f3700000,0x00000000f3700000,0x00000000f4700000)
 ParOldGen       total 84992K, used 19886K [0x00000000c0000000, 0x00000000c5300000, 0x00000000eab00000)
  object space 84992K, 23% used [0x00000000c0000000,0x00000000c136bb20,0x00000000c5300000)
 Metaspace       used 6071K, capacity 7024K, committed 7296K, reserved 1056768K
  class space    used 592K, capacity 616K, committed 640K, reserved 1048576K
Event: 7.062 GC heap after
Heap after GC invocations=6 (full 0):
 PSYoungGen      total 141312K, used 14789K [0x00000000eab00000, 0x00000000f4b00000, 0x0000000100000000)
  eden space 124928K, 0% used [0x00000000eab00000,0x00000000eab00000,0x00000000f2500000)
  from space 16384K, 90% used [0x00000000f3700000,0x00000000f45714a8,0x00000000f4700000)
  to   space 18432K, 0% used [0x00000000f2500000,0x00000000f2500000,0x00000000f3700000)
 ParOldGen       total 84992K, used 19886K [0x00000000c0000000, 0x00000000c5300000, 0x00000000eab00000)
  object space 84992K, 23% used [0x00000000c0000000,0x00000000c136bb20,0x00000000c5300000)
 Metaspace       used 6071K, capacity 7024K, committed 7296K, reserved 1056768K
  class space    used 592K, capacity 616K, committed 640K, reserved 1048576K
}
Event: 10.857 GC heap before
{Heap before GC invocations=7 (full 0):
 PSYoungGen      total 141312K, used 139717K [0x00000000eab00000, 0x00000000f4b00000, 0x0000000100000000)
  eden space 124928K, 100% used [0x00000000eab00000,0x00000000f2500000,0x00000000f2500000)
  from space 16384K, 90% used [0x00000000f3700000,0x00000000f45714a8,0x00000000f4700000)
  to   space 18432K, 0% used [0x00000000f2500000,0x00000000f2500000,0x00000000f3700000)
 ParOldGen       total 84992K, used 19886K [0x00000000c0000000, 0x00000000c5300000, 0x00000000eab00000)
  object space 84992K, 23% used [0x00000000c0000000,0x00000000c136bb20,0x00000000c5300000)
 Metaspace       used 6345K, capacity 7216K, committed 7296K, reserved 1056768K
  class space    used 592K, capacity 616K, committed 640K, reserved 1048576K
Event: 11.150 GC heap after
Heap after GC invocations=7 (full 0):
 PSYoungGen      total 143360K, used 18418K [0x00000000eab00000, 0x00000000fe300000, 0x0000000100000000)
  eden space 124928K, 0% used [0x00000000eab00000,0x00000000eab00000,0x00000000f2500000)
  from space 18432K, 99% used [0x00000000f2500000,0x00000000f36fc960,0x00000000f3700000)
  to   space 34816K, 0% used [0x00000000fc100000,0x00000000fc100000,0x00000000fe300000)
 ParOldGen       total 84992K, used 45760K [0x00000000c0000000, 0x00000000c5300000, 0x00000000eab00000)
  object space 84992K, 53% used [0x00000000c0000000,0x00000000c2cb03f0,0x00000000c5300000)
 Metaspace       used 6345K, capacity 7216K, committed 7296K, reserved 1056768K
  class space    used 592K, capacity 616K, committed 640K, reserved 1048576K
}
Event: 15.695 GC heap before
{Heap before GC invocations=8 (full 0):
 PSYoungGen      total 143360K, used 143346K [0x00000000eab00000, 0x00000000fe300000, 0x0000000100000000)
  eden space 124928K, 100% used [0x00000000eab00000,0x00000000f2500000,0x00000000f2500000)
  from space 18432K, 99% used [0x00000000f2500000,0x00000000f36fc960,0x00000000f3700000)
  to   space 34816K, 0% used [0x00000000fc100000,0x00000000fc100000,0x00000000fe300000)
 ParOldGen       total 84992K, used 45760K [0x00000000c0000000, 0x00000000c5300000, 0x00000000eab00000)
  object space 84992K, 53% used [0x00000000c0000000,0x00000000c2cb03f0,0x00000000c5300000)
 Metaspace       used 6391K, capacity 7216K, committed 7296K, reserved 1056768K
  class space    used 592K, capacity 616K, committed 640K, reserved 1048576K
Event: 16.097 GC heap after
Heap after GC invocations=8 (full 0):
 PSYoungGen      total 276480K, used 34806K [0x00000000eab00000, 0x00000000ff300000, 0x0000000100000000)
  eden space 241664K, 0% used [0x00000000eab00000,0x00000000eab00000,0x00000000f9700000)
  from space 34816K, 99% used [0x00000000fc100000,0x00000000fe2fd810,0x00000000fe300000)
  to   space 43008K, 0% used [0x00000000f9700000,0x00000000f9700000,0x00000000fc100000)
 ParOldGen       total 84992K, used 49807K [0x00000000c0000000, 0x00000000c5300000, 0x00000000eab00000)
  object space 84992K, 58% used [0x00000000c0000000,0x00000000c30a3d70,0x00000000c5300000)
 Metaspace       used 6391K, capacity 7216K, committed 7296K, reserved 1056768K
  class space    used 592K, capacity 616K, committed 640K, reserved 1048576K
}
Event: 19.002 GC heap before
{Heap before GC invocations=9 (full 0):
 PSYoungGen      total 276480K, used 276470K [0x00000000eab00000, 0x00000000ff300000, 0x0000000100000000)
  eden space 241664K, 100% used [0x00000000eab00000,0x00000000f9700000,0x00000000f9700000)
  from space 34816K, 99% used [0x00000000fc100000,0x00000000fe2fd810,0x00000000fe300000)
  to   space 43008K, 0% used [0x00000000f9700000,0x00000000f9700000,0x00000000fc100000)
 ParOldGen       total 84992K, used 49807K [0x00000000c0000000, 0x00000000c5300000, 0x00000000eab00000)
  object space 84992K, 58% used [0x00000000c0000000,0x00000000c30a3d70,0x00000000c5300000)
 Metaspace       used 6402K, capacity 7216K, committed 7296K, reserved 1056768K
  class space    used 593K, capacity 616K, committed 640K, reserved 1048576K
Event: 24.939 GC heap after
Heap after GC invocations=9 (full 0):
 PSYoungGen      total 284672K, used 42976K [0x00000000eab00000, 0x0000000100000000, 0x0000000100000000)
  eden space 241664K, 0% used [0x00000000eab00000,0x00000000eab00000,0x00000000f9700000)
  from space 43008K, 99% used [0x00000000f9700000,0x00000000fc0f8358,0x00000000fc100000)
  to   space 64512K, 0% used [0x00000000fc100000,0x00000000fc100000,0x0000000100000000)
 ParOldGen       total 158208K, used 158029K [0x00000000c0000000, 0x00000000c9a80000, 0x00000000eab00000)
  object space 158208K, 99% used [0x00000000c0000000,0x00000000c9a53488,0x00000000c9a80000)
 Metaspace       used 6402K, capacity 7216K, committed 7296K, reserved 1056768K
  class space    used 593K, capacity 616K, committed 640K, reserved 1048576K
}
Event: 28.173 GC heap before
{Heap before GC invocations=10 (full 1):
 PSYoungGen      total 284672K, used 42976K [0x00000000eab00000, 0x0000000100000000, 0x0000000100000000)
  eden space 241664K, 0% used [0x00000000eab00000,0x00000000eab00000,0x00000000f9700000)
  from space 43008K, 99% used [0x00000000f9700000,0x00000000fc0f8358,0x00000000fc100000)
  to   space 64512K, 0% used [0x00000000fc100000,0x00000000fc100000,0x0000000100000000)
 ParOldGen       total 158208K, used 158029K [0x00000000c0000000, 0x00000000c9a80000, 0x00000000eab00000)
  object space 158208K, 99% used [0x00000000c0000000,0x00000000c9a53488,0x00000000c9a80000)
 Metaspace       used 6402K, capacity 7216K, committed 7296K, reserved 1056768K
  class space    used 593K, capacity 616K, committed 640K, reserved 1048576K

Deoptimization events (10 events):
Event: 5.242 Thread 0x00007f487015a000 Uncommon trap: reason=unstable_if action=reinterpret pc=0x00007f48611e5a80 method=java.util.HashMap.getNode(ILjava/lang/Object;)Ljava/util/HashMap$Node; @ 84
Event: 8.837 Thread 0x00007f4870008800 Uncommon trap: reason=bimorphic action=maybe_recompile pc=0x00007f486162be78 method=com.android.dx.cf.code.BytecodeArray.parseInstruction(ILcom/android/dx/cf/code/BytecodeArray$Visitor;)I @ 2281
Event: 8.848 Thread 0x00007f4870008800 Uncommon trap: reason=bimorphic action=maybe_recompile pc=0x00007f486162be78 method=com.android.dx.cf.code.BytecodeArray.parseInstruction(ILcom/android/dx/cf/code/BytecodeArray$Visitor;)I @ 2281
Event: 8.850 Thread 0x00007f4870008800 Uncommon trap: reason=bimorphic action=maybe_recompile pc=0x00007f486162be78 method=com.android.dx.cf.code.BytecodeArray.parseInstruction(ILcom/android/dx/cf/code/BytecodeArray$Visitor;)I @ 2281
Event: 8.858 Thread 0x00007f4870008800 Uncommon trap: reason=bimorphic action=maybe_recompile pc=0x00007f486162be78 method=com.android.dx.cf.code.BytecodeArray.parseInstruction(ILcom/android/dx/cf/code/BytecodeArray$Visitor;)I @ 2281
Event: 8.918 Thread 0x00007f4870008800 Uncommon trap: reason=unstable_if action=reinterpret pc=0x00007f486155e3fc method=com.android.dx.ssa.SCCP.simulateStmt(Lcom/android/dx/ssa/SsaInsn;)V @ 59
Event: 14.501 Thread 0x00007f4870008800 Uncommon trap: reason=bimorphic action=maybe_recompile pc=0x00007f4861716170 method=com.android.dx.cf.code.BytecodeArray.parseInstruction(ILcom/android/dx/cf/code/BytecodeArray$Visitor;)I @ 1597
Event: 14.501 Thread 0x00007f4870008800 Uncommon trap: reason=bimorphic action=maybe_recompile pc=0x00007f4861716f0c method=com.android.dx.cf.code.BytecodeArray.parseInstruction(ILcom/android/dx/cf/code/BytecodeArray$Visitor;)I @ 1357
Event: 14.501 Thread 0x00007f4870008800 Uncommon trap: reason=bimorphic action=maybe_recompile pc=0x00007f4861716170 method=com.android.dx.cf.code.BytecodeArray.parseInstruction(ILcom/android/dx/cf/code/BytecodeArray$Visitor;)I @ 1597
Event: 16.512 Thread 0x00007f4870008800 Uncommon trap: reason=unstable_if action=reinterpret pc=0x00007f486128d974 method=java.util.HashMap.getNode(ILjava/lang/Object;)Ljava/util/HashMap$Node; @ 84

Internal exceptions (6 events):
Event: 0.179 Thread 0x00007f4870008800 Exception <a 'java/lang/NoSuchMethodError': Method sun.misc.Unsafe.defineClass(Ljava/lang/String;[BII)Ljava/lang/Class; name or signature does not match> (0x00000000eab07cc0) thrown at [/build/java8-openjdk/src/jdk8u-jdk8u92-b14/hotspot/src/share/vm/prims
Event: 0.179 Thread 0x00007f4870008800 Exception <a 'java/lang/NoSuchMethodError': Method sun.misc.Unsafe.prefetchRead(Ljava/lang/Object;J)V name or signature does not match> (0x00000000eab07fa8) thrown at [/build/java8-openjdk/src/jdk8u-jdk8u92-b14/hotspot/src/share/vm/prims/jni.cpp, line 401
Event: 3.020 Thread 0x00007f487015a000 Implicit null exception at 0x00007f4861277e22 to 0x00007f4861277f1b
Event: 5.240 Thread 0x00007f487015a000 Exception <a 'java/lang/ArrayIndexOutOfBoundsException': 18> (0x00000000ead4a090) thrown at [/build/java8-openjdk/src/jdk8u-jdk8u92-b14/hotspot/src/share/vm/interpreter/interpreterRuntime.cpp, line 366]
Event: 5.241 Thread 0x00007f487015a000 Exception <a 'java/lang/ArrayIndexOutOfBoundsException': 145> (0x00000000ead4bc10) thrown at [/build/java8-openjdk/src/jdk8u-jdk8u92-b14/hotspot/src/share/vm/interpreter/interpreterRuntime.cpp, line 366]
Event: 5.241 Thread 0x00007f487015a000 Exception <a 'java/lang/ArrayIndexOutOfBoundsException': 40> (0x00000000ead4cef8) thrown at [/build/java8-openjdk/src/jdk8u-jdk8u92-b14/hotspot/src/share/vm/interpreter/interpreterRuntime.cpp, line 366]

Events (10 events):
Event: 18.859 Thread 0x00007f487015a000 DEOPT UNPACKING pc=0x00007f4861047373 sp=0x00007f4827fc8e58 mode 0
Event: 18.887 loading class com/android/dx/util/ListIntSet
Event: 18.887 loading class com/android/dx/util/ListIntSet done
Event: 18.898 Executing VM operation: Deoptimize
Event: 18.921 Executing VM operation: Deoptimize done
Event: 18.951 Thread 0x00007f4870160800 DEOPT PACKING pc=0x00007f4861430e7c sp=0x00007f4827cc60b0
Event: 18.952 Thread 0x00007f4870160800 DEOPT UNPACKING pc=0x00007f4861047373 sp=0x00007f4827cc5f00 mode 0
Event: 18.982 Executing VM operation: ParallelGCFailedAllocation
Event: 18.982 loading class com/android/dx/util/ListIntSet$1
Event: 18.988 loading class com/android/dx/util/ListIntSet$1 done


Dynamic libraries:
00400000-00401000 r-xp 00000000 08:03 3294483                            /usr/lib/jvm/java-8-openjdk/jre/bin/java
00600000-00601000 rw-p 00000000 08:03 3294483                            /usr/lib/jvm/java-8-openjdk/jre/bin/java
02007000-02028000 rw-p 00000000 00:00 0                                  [heap]
c0000000-c9a80000 rw-p 00000000 00:00 0 
d0580000-eab00000 ---p 00000000 00:00 0 
eab00000-100000000 rw-p 00000000 00:00 0 
100000000-1000a0000 rw-p 00000000 00:00 0 
1000a0000-140000000 ---p 00000000 00:00 0 
7f4810000000-7f4810177000 rw-p 00000000 00:00 0 
7f4810177000-7f4814000000 ---p 00000000 00:00 0 
7f4814000000-7f48140f8000 rw-p 00000000 00:00 0 
7f48140f8000-7f4818000000 ---p 00000000 00:00 0 
7f4818000000-7f4818021000 rw-p 00000000 00:00 0 
7f4818021000-7f481c000000 ---p 00000000 00:00 0 
7f481c000000-7f481c0ef000 rw-p 00000000 00:00 0 
7f481c0ef000-7f4820000000 ---p 00000000 00:00 0 
7f4820000000-7f482014e000 rw-p 00000000 00:00 0 
7f482014e000-7f4824000000 ---p 00000000 00:00 0 
7f4827889000-7f48278af000 r--p 00000000 08:03 3147835                    /usr/share/locale/es/LC_MESSAGES/libc.mo
7f4827ac6000-7f4827ac9000 ---p 00000000 00:00 0 
7f4827ac9000-7f4827bc7000 rw-p 00000000 00:00 0 
7f4827bc7000-7f4827bca000 ---p 00000000 00:00 0 
7f4827bca000-7f4827cc8000 rw-p 00000000 00:00 0 
7f4827cc8000-7f4827ccb000 ---p 00000000 00:00 0 
7f4827ccb000-7f4827dc9000 rw-p 00000000 00:00 0 
7f4827dc9000-7f4827dcc000 ---p 00000000 00:00 0 
7f4827dcc000-7f4827eca000 rw-p 00000000 00:00 0 
7f4827eca000-7f4827ecd000 ---p 00000000 00:00 0 
7f4827ecd000-7f4827fcb000 rw-p 00000000 00:00 0 
7f4827fcb000-7f4827fe3000 r--s 000f5000 08:03 11272381                   /home/lifka/Workspace/githubProjects/Servicio-reserva-en-farmacias/Android/SisFarmaApp/app/build/intermediates/exploded-aar/com.google.android.gms/play-services-ads/8.4.0/jars/classes.jar
7f4827fe3000-7f4827ff2000 r--s 000df000 08:03 7079310                    /home/lifka/Android/Sdk/build-tools/23.0.2/lib/dx.jar
7f4827ff2000-7f4828000000 r--s 00193000 08:03 3289265                    /usr/lib/jvm/java-8-openjdk/jre/lib/ext/j3dutils.jar
7f4828000000-7f4828021000 rw-p 00000000 00:00 0 
7f4828021000-7f482c000000 ---p 00000000 00:00 0 
7f482c000000-7f482c021000 rw-p 00000000 00:00 0 
7f482c021000-7f4830000000 ---p 00000000 00:00 0 
7f4830000000-7f483156d000 rw-p 00000000 00:00 0 
7f483156d000-7f4834000000 ---p 00000000 00:00 0 
7f4834000000-7f48348b4000 rw-p 00000000 00:00 0 
7f48348b4000-7f4838000000 ---p 00000000 00:00 0 
7f4838000000-7f4838021000 rw-p 00000000 00:00 0 
7f4838021000-7f483c000000 ---p 00000000 00:00 0 
7f483c000000-7f483ce6a000 rw-p 00000000 00:00 0 
7f483ce6a000-7f4840000000 ---p 00000000 00:00 0 
7f4840000000-7f4840021000 rw-p 00000000 00:00 0 
7f4840021000-7f4844000000 ---p 00000000 00:00 0 
7f4844000000-7f4844021000 rw-p 00000000 00:00 0 
7f4844021000-7f4848000000 ---p 00000000 00:00 0 
7f4848000000-7f4848021000 rw-p 00000000 00:00 0 
7f4848021000-7f484c000000 ---p 00000000 00:00 0 
7f484c000000-7f484c03a000 rw-p 00000000 00:00 0 
7f484c03a000-7f4850000000 ---p 00000000 00:00 0 
7f4850000000-7f4850021000 rw-p 00000000 00:00 0 
7f4850021000-7f4854000000 ---p 00000000 00:00 0 
7f4854000000-7f4854021000 rw-p 00000000 00:00 0 
7f4854021000-7f4858000000 ---p 00000000 00:00 0 
7f4858000000-7f4858021000 rw-p 00000000 00:00 0 
7f4858021000-7f485c000000 ---p 00000000 00:00 0 
7f485c006000-7f485c007000 ---p 00000000 00:00 0 
7f485c007000-7f485c107000 rw-p 00000000 00:00 0 
7f485c107000-7f485c10a000 ---p 00000000 00:00 0 
7f485c10a000-7f485c208000 rw-p 00000000 00:00 0 
7f485c208000-7f485c20b000 ---p 00000000 00:00 0 
7f485c20b000-7f485c309000 rw-p 00000000 00:00 0 
7f485c309000-7f485c30c000 ---p 00000000 00:00 0 
7f485c30c000-7f485c40a000 rw-p 00000000 00:00 0 
7f485c40a000-7f485c40d000 ---p 00000000 00:00 0 
7f485c40d000-7f485c50b000 rw-p 00000000 00:00 0 
7f485c50b000-7f485c50e000 ---p 00000000 00:00 0 
7f485c50e000-7f485c60c000 rw-p 00000000 00:00 0 
7f485c60c000-7f485c7a4000 r--p 00000000 08:03 3182868                    /usr/lib/locale/locale-archive
7f485c7a4000-7f485c7a7000 ---p 00000000 00:00 0 
7f485c7a7000-7f485c8a5000 rw-p 00000000 00:00 0 
7f485c8a5000-7f485c8a8000 ---p 00000000 00:00 0 
7f485c8a8000-7f485c9a6000 rw-p 00000000 00:00 0 
7f485c9a6000-7f485c9a7000 ---p 00000000 00:00 0 
7f485c9a7000-7f485d9f8000 rw-p 00000000 00:00 0 
7f485d9f8000-7f485dbc5000 r--s 03bec000 08:03 3286197                    /usr/lib/jvm/java-8-openjdk/jre/lib/rt.jar
7f485dbc5000-7f485e2bb000 rw-p 00000000 00:00 0 
7f485e2bb000-7f485e43b000 ---p 00000000 00:00 0 
7f485e43b000-7f486063b000 rw-p 00000000 00:00 0 
7f486063b000-7f486063c000 ---p 00000000 00:00 0 
7f486063c000-7f486073c000 rw-p 00000000 00:00 0 
7f486073c000-7f486073d000 ---p 00000000 00:00 0 
7f486073d000-7f486083d000 rw-p 00000000 00:00 0 
7f486083d000-7f486083e000 ---p 00000000 00:00 0 
7f486083e000-7f486093e000 rw-p 00000000 00:00 0 
7f486093e000-7f486093f000 ---p 00000000 00:00 0 
7f486093f000-7f4860a8d000 rw-p 00000000 00:00 0 
7f4860a8d000-7f4860b94000 ---p 00000000 00:00 0 
7f4860b94000-7f4860c3f000 rw-p 00000000 00:00 0 
7f4860c3f000-7f4860c60000 rw-p 00000000 00:00 0 
7f4860c60000-7f4861000000 ---p 00000000 00:00 0 
7f4861000000-7f48617f0000 rwxp 00000000 00:00 0 
7f48617f0000-7f4870000000 ---p 00000000 00:00 0 
7f4870000000-7f48701b2000 rw-p 00000000 00:00 0 
7f48701b2000-7f4874000000 ---p 00000000 00:00 0 
7f4874002000-7f48740be000 rw-p 00000000 00:00 0 
7f48740be000-7f48741c6000 ---p 00000000 00:00 0 
7f48741c6000-7f48741ce000 r-xp 00000000 08:03 3286437                    /usr/lib/jvm/java-8-openjdk/jre/lib/amd64/libzip.so
7f48741ce000-7f48743cd000 ---p 00008000 08:03 3286437                    /usr/lib/jvm/java-8-openjdk/jre/lib/amd64/libzip.so
7f48743cd000-7f48743ce000 rw-p 00007000 08:03 3286437                    /usr/lib/jvm/java-8-openjdk/jre/lib/amd64/libzip.so
7f48743ce000-7f48743d9000 r-xp 00000000 08:03 3148989                    /usr/lib/libnss_files-2.23.so
7f48743d9000-7f48745d8000 ---p 0000b000 08:03 3148989                    /usr/lib/libnss_files-2.23.so
7f48745d8000-7f48745d9000 r--p 0000a000 08:03 3148989                    /usr/lib/libnss_files-2.23.so
7f48745d9000-7f48745da000 rw-p 0000b000 08:03 3148989                    /usr/lib/libnss_files-2.23.so
7f48745da000-7f48745e0000 rw-p 00000000 00:00 0 
7f48745e0000-7f487460c000 r-xp 00000000 08:03 3286436                    /usr/lib/jvm/java-8-openjdk/jre/lib/amd64/libjava.so
7f487460c000-7f487480c000 ---p 0002c000 08:03 3286436                    /usr/lib/jvm/java-8-openjdk/jre/lib/amd64/libjava.so
7f487480c000-7f487480e000 rw-p 0002c000 08:03 3286436                    /usr/lib/jvm/java-8-openjdk/jre/lib/amd64/libjava.so
7f487480e000-7f487481b000 r-xp 00000000 08:03 3286425                    /usr/lib/jvm/java-8-openjdk/jre/lib/amd64/libverify.so
7f487481b000-7f4874a1a000 ---p 0000d000 08:03 3286425                    /usr/lib/jvm/java-8-openjdk/jre/lib/amd64/libverify.so
7f4874a1a000-7f4874a1c000 rw-p 0000c000 08:03 3286425                    /usr/lib/jvm/java-8-openjdk/jre/lib/amd64/libverify.so
7f4874a1c000-7f4874a23000 r-xp 00000000 08:03 3148997                    /usr/lib/librt-2.23.so
7f4874a23000-7f4874c22000 ---p 00007000 08:03 3148997                    /usr/lib/librt-2.23.so
7f4874c22000-7f4874c23000 r--p 00006000 08:03 3148997                    /usr/lib/librt-2.23.so
7f4874c23000-7f4874c24000 rw-p 00007000 08:03 3148997                    /usr/lib/librt-2.23.so
7f4874c24000-7f4874d27000 r-xp 00000000 08:03 3148994                    /usr/lib/libm-2.23.so
7f4874d27000-7f4874f27000 ---p 00103000 08:03 3148994                    /usr/lib/libm-2.23.so
7f4874f27000-7f4874f28000 r--p 00103000 08:03 3148994                    /usr/lib/libm-2.23.so
7f4874f28000-7f4874f29000 rw-p 00104000 08:03 3148994                    /usr/lib/libm-2.23.so
7f4874f29000-7f4875b7e000 r-xp 00000000 08:03 3294474                    /usr/lib/jvm/java-8-openjdk/jre/lib/amd64/server/libjvm.so
7f4875b7e000-7f4875d7e000 ---p 00c55000 08:03 3294474                    /usr/lib/jvm/java-8-openjdk/jre/lib/amd64/server/libjvm.so
7f4875d7e000-7f4875e3a000 rw-p 00c55000 08:03 3294474                    /usr/lib/jvm/java-8-openjdk/jre/lib/amd64/server/libjvm.so
7f4875e3a000-7f4875e6a000 rw-p 00000000 00:00 0 
7f4875e6a000-7f4876002000 r-xp 00000000 08:03 3148927                    /usr/lib/libc-2.23.so
7f4876002000-7f4876201000 ---p 00198000 08:03 3148927                    /usr/lib/libc-2.23.so
7f4876201000-7f4876205000 r--p 00197000 08:03 3148927                    /usr/lib/libc-2.23.so
7f4876205000-7f4876207000 rw-p 0019b000 08:03 3148927                    /usr/lib/libc-2.23.so
7f4876207000-7f487620b000 rw-p 00000000 00:00 0 
7f487620b000-7f487620d000 r-xp 00000000 08:03 3148993                    /usr/lib/libdl-2.23.so
7f487620d000-7f487640d000 ---p 00002000 08:03 3148993                    /usr/lib/libdl-2.23.so
7f487640d000-7f487640e000 r--p 00002000 08:03 3148993                    /usr/lib/libdl-2.23.so
7f487640e000-7f487640f000 rw-p 00003000 08:03 3148993                    /usr/lib/libdl-2.23.so
7f487640f000-7f487641c000 r-xp 00000000 08:03 3294471                    /usr/lib/jvm/java-8-openjdk/jre/lib/amd64/jli/libjli.so
7f487641c000-7f487661b000 ---p 0000d000 08:03 3294471                    /usr/lib/jvm/java-8-openjdk/jre/lib/amd64/jli/libjli.so
7f487661b000-7f487661c000 rw-p 0000c000 08:03 3294471                    /usr/lib/jvm/java-8-openjdk/jre/lib/amd64/jli/libjli.so
7f487661c000-7f4876631000 r-xp 00000000 08:03 3152232                    /usr/lib/libz.so.1.2.8
7f4876631000-7f4876830000 ---p 00015000 08:03 3152232                    /usr/lib/libz.so.1.2.8
7f4876830000-7f4876831000 r--p 00014000 08:03 3152232                    /usr/lib/libz.so.1.2.8
7f4876831000-7f4876832000 rw-p 00015000 08:03 3152232                    /usr/lib/libz.so.1.2.8
7f4876832000-7f487684a000 r-xp 00000000 08:03 3148904                    /usr/lib/libpthread-2.23.so
7f487684a000-7f4876a49000 ---p 00018000 08:03 3148904                    /usr/lib/libpthread-2.23.so
7f4876a49000-7f4876a4a000 r--p 00017000 08:03 3148904                    /usr/lib/libpthread-2.23.so
7f4876a4a000-7f4876a4b000 rw-p 00018000 08:03 3148904                    /usr/lib/libpthread-2.23.so
7f4876a4b000-7f4876a4f000 rw-p 00000000 00:00 0 
7f4876a4f000-7f4876a72000 r-xp 00000000 08:03 3148926                    /usr/lib/ld-2.23.so
7f4876a77000-7f4876b3c000 rw-p 00000000 00:00 0 
7f4876b3c000-7f4876b3f000 ---p 00000000 00:00 0 
7f4876b3f000-7f4876c41000 rw-p 00000000 00:00 0 
7f4876c45000-7f4876c47000 r--s 0004c000 08:03 3289264                    /usr/lib/jvm/java-8-openjdk/jre/lib/ext/vecmath.jar
7f4876c47000-7f4876c53000 r--s 002c7000 08:03 3289266                    /usr/lib/jvm/java-8-openjdk/jre/lib/ext/j3dcore.jar
7f4876c53000-7f4876c67000 rw-p 00000000 00:00 0 
7f4876c67000-7f4876c6f000 rw-s 00000000 00:23 1135344                    /tmp/hsperfdata_lifka/19928
7f4876c6f000-7f4876c70000 rw-p 00000000 00:00 0 
7f4876c70000-7f4876c71000 ---p 00000000 00:00 0 
7f4876c71000-7f4876c72000 rw-p 00000000 00:00 0 
7f4876c72000-7f4876c73000 r--p 00023000 08:03 3148926                    /usr/lib/ld-2.23.so
7f4876c73000-7f4876c74000 rw-p 00024000 08:03 3148926                    /usr/lib/ld-2.23.so
7f4876c74000-7f4876c75000 rw-p 00000000 00:00 0 
7fff8ebec000-7fff8ec0d000 rw-p 00000000 00:00 0                          [stack]
7fff8eca6000-7fff8eca9000 r--p 00000000 00:00 0                          [vvar]
7fff8eca9000-7fff8ecab000 r-xp 00000000 00:00 0                          [vdso]
ffffffffff600000-ffffffffff601000 r-xp 00000000 00:00 0                  [vsyscall]

VM Arguments:
jvm_args: -Djava.awt.headless=true -Xmx1024M -Dfile.encoding=UTF-8 -Duser.country=ES -Duser.language=es -Duser.variant 
java_command: com.android.dx.command.Main --dex --force-jumbo --num-threads=4 --multi-dex --output /home/lifka/Workspace/githubProjects/Servicio-reserva-en-farmacias/Android/SisFarmaApp/app/build/intermediates/transforms/dex/debug/folders/1000/10/com.google.android.gms-play-services-ads-8.4.0_2ef798db5cd44b4327d0f749250d1677efbd5a27 /home/lifka/Workspace/githubProjects/Servicio-reserva-en-farmacias/Android/SisFarmaApp/app/build/intermediates/exploded-aar/com.google.android.gms/play-services-ads/8.4.0/jars/classes.jar
java_class_path (initial): /home/lifka/Android/Sdk/build-tools/23.0.2/lib/dx.jar
Launcher Type: SUN_STANDARD

Environment Variables:
PATH=/usr/local/sbin:/usr/local/bin:/usr/bin:/opt/android-sdk/tools:/usr/lib/jvm/default/bin:/usr/bin/site_perl:/usr/bin/vendor_perl:/usr/bin/core_perl
USERNAME=lifka
LD_LIBRARY_PATH=/opt/android-studio/bin:
SHELL=/bin/bash
DISPLAY=:0

Signal Handlers:
SIGSEGV: [libjvm.so+0xa5a220], sa_mask[0]=11111111011111111101111111111110, sa_flags=SA_RESTART|SA_SIGINFO
SIGBUS: [libjvm.so+0xa5a220], sa_mask[0]=11111111011111111101111111111110, sa_flags=SA_RESTART|SA_SIGINFO
SIGFPE: [libjvm.so+0x8a5a90], sa_mask[0]=11111111011111111101111111111110, sa_flags=SA_RESTART|SA_SIGINFO
SIGPIPE: [libjvm.so+0x8a5a90], sa_mask[0]=11111111011111111101111111111110, sa_flags=SA_RESTART|SA_SIGINFO
SIGXFSZ: [libjvm.so+0x8a5a90], sa_mask[0]=11111111011111111101111111111110, sa_flags=SA_RESTART|SA_SIGINFO
SIGILL: [libjvm.so+0x8a5a90], sa_mask[0]=11111111011111111101111111111110, sa_flags=SA_RESTART|SA_SIGINFO
SIGUSR1: SIG_DFL, sa_mask[0]=00000000000000000000000000000000, sa_flags=none
SIGUSR2: [libjvm.so+0x8a5940], sa_mask[0]=00100000000000000000000000000000, sa_flags=SA_RESTART|SA_SIGINFO
SIGHUP: [libjvm.so+0x8a5e10], sa_mask[0]=11111111011111111101111111111110, sa_flags=SA_RESTART|SA_SIGINFO
SIGINT: [libjvm.so+0x8a5e10], sa_mask[0]=11111111011111111101111111111110, sa_flags=SA_RESTART|SA_SIGINFO
SIGTERM: [libjvm.so+0x8a5e10], sa_mask[0]=11111111011111111101111111111110, sa_flags=SA_RESTART|SA_SIGINFO
SIGQUIT: [libjvm.so+0x8a5e10], sa_mask[0]=11111111011111111101111111111110, sa_flags=SA_RESTART|SA_SIGINFO


---------------  S Y S T E M  ---------------

OS:NAME="Arch Linux"
ID=arch
PRETTY_NAME="Arch Linux"
ANSI_COLOR="0;36"
HOME_URL="https://www.archlinux.org/"
SUPPORT_URL="https://bbs.archlinux.org/"
BUG_REPORT_URL="https://bugs.archlinux.org/"


uname:Linux 4.5.1-1-ARCH #1 SMP PREEMPT Thu Apr 14 19:19:32 CEST 2016 x86_64
libc:glibc 2.23 NPTL 2.23 
rlimit: STACK 8192k, CORE infinity, NPROC 31439, NOFILE 4096, AS infinity
load average:39.69 16.04 8.99

/proc/meminfo:
MemTotal:        8110432 kB
MemFree:           51024 kB
MemAvailable:      37608 kB
Buffers:             260 kB
Cached:          2304192 kB
SwapCached:         3392 kB
Active:          6657400 kB
Inactive:        1161968 kB
Active(anon):    6650864 kB
Inactive(anon):  1155628 kB
Active(file):       6536 kB
Inactive(file):     6340 kB
Unevictable:         948 kB
Mlocked:             948 kB
SwapTotal:       2097148 kB
SwapFree:              0 kB
Dirty:               116 kB
Writeback:           580 kB
AnonPages:       5512856 kB
Mapped:           515268 kB
Shmem:           2291508 kB
Slab:              92564 kB
SReclaimable:      48992 kB
SUnreclaim:        43572 kB
KernelStack:       12400 kB
PageTables:        46436 kB
NFS_Unstable:          0 kB
Bounce:                0 kB
WritebackTmp:          0 kB
CommitLimit:     6152364 kB
Committed_AS:   14342284 kB
VmallocTotal:   34359738367 kB
VmallocUsed:           0 kB
VmallocChunk:          0 kB
HardwareCorrupted:     0 kB
AnonHugePages:   3182592 kB
HugePages_Total:       0
HugePages_Free:        0
HugePages_Rsvd:        0
HugePages_Surp:        0
Hugepagesize:       2048 kB
DirectMap4k:      235840 kB
DirectMap2M:     7034880 kB
DirectMap1G:     2097152 kB


CPU:total 4 (2 cores per cpu, 2 threads per core) family 6 model 69 stepping 1, cmov, cx8, fxsr, mmx, sse, sse2, sse3, ssse3, sse4.1, sse4.2, popcnt, avx, avx2, aes, clmul, erms, lzcnt, ht, tsc, tscinvbit, bmi1, bmi2

/proc/cpuinfo:
processor	: 0
vendor_id	: GenuineIntel
cpu family	: 6
model		: 69
model name	: Intel(R) Core(TM) i5-4210U CPU @ 1.70GHz
stepping	: 1
microcode	: 0x1d
cpu MHz		: 2400.000
cache size	: 3072 KB
physical id	: 0
siblings	: 4
core id		: 0
cpu cores	: 2
apicid		: 0
initial apicid	: 0
fpu		: yes
fpu_exception	: yes
cpuid level	: 13
wp		: yes
flags		: fpu vme de pse tsc msr pae mce cx8 apic sep mtrr pge mca cmov pat pse36 clflush dts acpi mmx fxsr sse sse2 ss ht tm pbe syscall nx pdpe1gb rdtscp lm constant_tsc arch_perfmon pebs bts rep_good nopl xtopology nonstop_tsc aperfmperf eagerfpu pni pclmulqdq dtes64 monitor ds_cpl vmx est tm2 ssse3 sdbg fma cx16 xtpr pdcm pcid sse4_1 sse4_2 movbe popcnt tsc_deadline_timer aes xsave avx f16c rdrand lahf_lm abm epb tpr_shadow vnmi flexpriority ept vpid fsgsbase tsc_adjust bmi1 avx2 smep bmi2 erms invpcid xsaveopt dtherm ida arat pln pts
bugs		:
bogomips	: 4791.66
clflush size	: 64
cache_alignment	: 64
address sizes	: 39 bits physical, 48 bits virtual
power management:

processor	: 1
vendor_id	: GenuineIntel
cpu family	: 6
model		: 69
model name	: Intel(R) Core(TM) i5-4210U CPU @ 1.70GHz
stepping	: 1
microcode	: 0x1d
cpu MHz		: 2400.000
cache size	: 3072 KB
physical id	: 0
siblings	: 4
core id		: 0
cpu cores	: 2
apicid		: 1
initial apicid	: 1
fpu		: yes
fpu_exception	: yes
cpuid level	: 13
wp		: yes
flags		: fpu vme de pse tsc msr pae mce cx8 apic sep mtrr pge mca cmov pat pse36 clflush dts acpi mmx fxsr sse sse2 ss ht tm pbe syscall nx pdpe1gb rdtscp lm constant_tsc arch_perfmon pebs bts rep_good nopl xtopology nonstop_tsc aperfmperf eagerfpu pni pclmulqdq dtes64 monitor ds_cpl vmx est tm2 ssse3 sdbg fma cx16 xtpr pdcm pcid sse4_1 sse4_2 movbe popcnt tsc_deadline_timer aes xsave avx f16c rdrand lahf_lm abm epb tpr_shadow vnmi flexpriority ept vpid fsgsbase tsc_adjust bmi1 avx2 smep bmi2 erms invpcid xsaveopt dtherm ida arat pln pts
bugs		:
bogomips	: 4791.66
clflush size	: 64
cache_alignment	: 64
address sizes	: 39 bits physical, 48 bits virtual
power management:

processor	: 2
vendor_id	: GenuineIntel
cpu family	: 6
model		: 69
model name	: Intel(R) Core(TM) i5-4210U CPU @ 1.70GHz
stepping	: 1
microcode	: 0x1d
cpu MHz		: 2399.906
cache size	: 3072 KB
physical id	: 0
siblings	: 4
core id		: 1
cpu cores	: 2
apicid		: 2
initial apicid	: 2
fpu		: yes
fpu_exception	: yes
cpuid level	: 13
wp		: yes
flags		: fpu vme de pse tsc msr pae mce cx8 apic sep mtrr pge mca cmov pat pse36 clflush dts acpi mmx fxsr sse sse2 ss ht tm pbe syscall nx pdpe1gb rdtscp lm constant_tsc arch_perfmon pebs bts rep_good nopl xtopology nonstop_tsc aperfmperf eagerfpu pni pclmulqdq dtes64 monitor ds_cpl vmx est tm2 ssse3 sdbg fma cx16 xtpr pdcm pcid sse4_1 sse4_2 movbe popcnt tsc_deadline_timer aes xsave avx f16c rdrand lahf_lm abm epb tpr_shadow vnmi flexpriority ept vpid fsgsbase tsc_adjust bmi1 avx2 smep bmi2 erms invpcid xsaveopt dtherm ida arat pln pts
bugs		:
bogomips	: 4791.66
clflush size	: 64
cache_alignment	: 64
address sizes	: 39 bits physical, 48 bits virtual
power management:

processor	: 3
vendor_id	: GenuineIntel
cpu family	: 6
model		: 69
model name	: Intel(R) Core(TM) i5-4210U CPU @ 1.70GHz
stepping	: 1
microcode	: 0x1d
cpu MHz		: 2399.812
cache size	: 3072 KB
physical id	: 0
siblings	: 4
core id		: 1
cpu cores	: 2
apicid		: 3
initial apicid	: 3
fpu		: yes
fpu_exception	: yes
cpuid level	: 13
wp		: yes
flags		: fpu vme de pse tsc msr pae mce cx8 apic sep mtrr pge mca cmov pat pse36 clflush dts acpi mmx fxsr sse sse2 ss ht tm pbe syscall nx pdpe1gb rdtscp lm constant_tsc arch_perfmon pebs bts rep_good nopl xtopology nonstop_tsc aperfmperf eagerfpu pni pclmulqdq dtes64 monitor ds_cpl vmx est tm2 ssse3 sdbg fma cx16 xtpr pdcm pcid sse4_1 sse4_2 movbe popcnt tsc_deadline_timer aes xsave avx f16c rdrand lahf_lm abm epb tpr_shadow vnmi flexpriority ept vpid fsgsbase tsc_adjust bmi1 avx2 smep bmi2 erms invpcid xsaveopt dtherm ida arat pln pts
bugs		:
bogomips	: 4791.66
clflush size	: 64
cache_alignment	: 64
address sizes	: 39 bits physical, 48 bits virtual
power management:



Memory: 4k page, physical 8110432k(53488k free), swap 2097148k(0k free)

vm_info: OpenJDK 64-Bit Server VM (25.92-b14) for linux-amd64 JRE (1.8.0_92-b14), built on Apr 24 2016 15:02:36 by "builduser" with gcc 5.3.0

time: Wed May 11 13:59:55 2016
elapsed time: 83 seconds (0d 0h 1m 23s)

