#
# There is insufficient memory for the Java Runtime Environment to continue.
# Native memory allocation (mmap) failed to map 105906176 bytes for committing reserved memory.
# Possible reasons:
#   The system is out of physical RAM or swap space
#   In 32 bit mode, the process size limit was hit
# Possible solutions:
#   Reduce memory load on the system
#   Increase physical memory or swap space
#   Check if swap backing store is full
#   Use 64 bit Java on a 64 bit OS
#   Decrease Java heap size (-Xmx/-Xms)
#   Decrease number of Java threads
#   Decrease Java thread stack sizes (-Xss)
#   Set larger code cache with -XX:ReservedCodeCacheSize=
# This output file may be truncated or incomplete.
#
#  Out of Memory Error (os_linux.cpp:2627), pid=11856, tid=0x00007f4ac506f700
#
# JRE version: OpenJDK Runtime Environment (8.0_92-b14) (build 1.8.0_92-b14)
# Java VM: OpenJDK 64-Bit Server VM (25.92-b14 mixed mode linux-amd64 compressed oops)
# Core dump written. Default location: /home/lifka/Workspace/githubProjects/Servicio-reserva-en-farmacias/Android/SisFarmaApp/app/core or core.11856
#

---------------  T H R E A D  ---------------

Current thread (0x00007f4ad8076000):  VMThread [stack: 0x00007f4ac4f6f000,0x00007f4ac5070000] [id=11865]

Stack: [0x00007f4ac4f6f000,0x00007f4ac5070000],  sp=0x00007f4ac506e480,  free space=1021k
Native frames: (J=compiled Java code, j=interpreted, Vv=VM code, C=native code)
V  [libjvm.so+0xa596cb]
V  [libjvm.so+0x4c344c]
V  [libjvm.so+0x8aa3f0]
V  [libjvm.so+0x8a491e]
V  [libjvm.so+0x91e90b]
V  [libjvm.so+0x90df9a]
V  [libjvm.so+0x90e1a3]
V  [libjvm.so+0x90eb08]
V  [libjvm.so+0x914dce]
V  [libjvm.so+0x91c78d]
V  [libjvm.so+0x8ce953]
V  [libjvm.so+0xa5b312]
V  [libjvm.so+0xa602e7]
V  [libjvm.so+0xa5db2c]
V  [libjvm.so+0xa5ef0f]
V  [libjvm.so+0xa5f401]
V  [libjvm.so+0x8a7902]

VM_Operation (0x00007f4ac42a2ea0): ParallelGCFailedAllocation, mode: safepoint, requested by thread 0x00007f4ad8172800


---------------  P R O C E S S  ---------------

Java Threads: ( => current thread )
  0x00007f4ad8174800 JavaThread "pool-2-thread-4" [_thread_blocked, id=11880, stack(0x00007f4ac40a3000,0x00007f4ac41a4000)]
  0x00007f4ad8172800 JavaThread "pool-2-thread-3" [_thread_blocked, id=11879, stack(0x00007f4ac41a4000,0x00007f4ac42a5000)]
  0x00007f4ad8171000 JavaThread "pool-2-thread-2" [_thread_blocked, id=11878, stack(0x00007f4ac42a5000,0x00007f4ac43a6000)]
  0x00007f4ad8164000 JavaThread "pool-3-thread-1" [_thread_blocked, id=11877, stack(0x00007f4ac43a6000,0x00007f4ac44a7000)]
  0x00007f4ad8162000 JavaThread "pool-2-thread-1" [_thread_blocked, id=11876, stack(0x00007f4ac44a7000,0x00007f4ac45a8000)]
  0x00007f4ad80be800 JavaThread "Service Thread" daemon [_thread_blocked, id=11872, stack(0x00007f4ac46d0000,0x00007f4ac47d1000)]
  0x00007f4ad80bb800 JavaThread "C1 CompilerThread2" daemon [_thread_blocked, id=11871, stack(0x00007f4ac47d1000,0x00007f4ac48d2000)]
  0x00007f4ad80b9800 JavaThread "C2 CompilerThread1" daemon [_thread_blocked, id=11870, stack(0x00007f4ac48d2000,0x00007f4ac49d3000)]
  0x00007f4ad80b7000 JavaThread "C2 CompilerThread0" daemon [_thread_blocked, id=11869, stack(0x00007f4ac49d3000,0x00007f4ac4ad4000)]
  0x00007f4ad80b5800 JavaThread "Signal Dispatcher" daemon [_thread_blocked, id=11868, stack(0x00007f4ac4ad4000,0x00007f4ac4bd5000)]
  0x00007f4ad8082800 JavaThread "Finalizer" daemon [_thread_blocked, id=11867, stack(0x00007f4ac4d6d000,0x00007f4ac4e6e000)]
  0x00007f4ad807e000 JavaThread "Reference Handler" daemon [_thread_blocked, id=11866, stack(0x00007f4ac4e6e000,0x00007f4ac4f6f000)]
  0x00007f4ad8008800 JavaThread "main" [_thread_blocked, id=11859, stack(0x00007f4adf11b000,0x00007f4adf21c000)]

Other Threads:
=>0x00007f4ad8076000 VMThread [stack: 0x00007f4ac4f6f000,0x00007f4ac5070000] [id=11865]
  0x00007f4ad80c1000 WatcherThread [stack: 0x00007f4ac45cf000,0x00007f4ac46d0000] [id=11873]

VM state:at safepoint (normal execution)

VM Mutex/Monitor currently owned by a thread:  ([mutex/lock_event])
[0x00007f4ad8005fe0] ExpandHeap_lock - owner thread: 0x00007f4ad8076000
[0x00007f4ad8006660] Threads_lock - owner thread: 0x00007f4ad8076000
[0x00007f4ad8006b60] Heap_lock - owner thread: 0x00007f4ad8172800

Heap:
 PSYoungGen      total 284672K, used 29090K [0x00000000eab00000, 0x0000000100000000, 0x0000000100000000)
  eden space 240640K, 0% used [0x00000000eab00000,0x00000000eab00000,0x00000000f9600000)
  from space 44032K, 66% used [0x00000000f9600000,0x00000000fb2688f8,0x00000000fc100000)
  to   space 64512K, 0% used [0x00000000fc100000,0x00000000fc100000,0x0000000100000000)
 ParOldGen       total 161280K, used 160875K [0x00000000c0000000, 0x00000000c9d80000, 0x00000000eab00000)
  object space 161280K, 99% used [0x00000000c0000000,0x00000000c9d1ac58,0x00000000c9d80000)
 Metaspace       used 6416K, capacity 7216K, committed 7296K, reserved 1056768K
  class space    used 593K, capacity 616K, committed 640K, reserved 1048576K

Card table byte_map: [0x00007f4adc1e4000,0x00007f4adc3e5000] byte_map_base: 0x00007f4adbbe4000

Marking Bits: (ParMarkBitMap*) 0x00007f4ade42c540
 Begin Bits: [0x00007f4ac6bfc000, 0x00007f4ac7bfc000)
 End Bits:   [0x00007f4ac7bfc000, 0x00007f4ac8bfc000)

Polling page: 0x00007f4adf24f000

CodeCache: size=245760Kb used=8383Kb max_used=8409Kb free=237376Kb
 bounds [0x00007f4ac9000000, 0x00007f4ac9840000, 0x00007f4ad8000000]
 total_blobs=2386 nmethods=2118 adapters=182
 compilation: enabled

Compilation events (10 events):
Event: 24.616 Thread 0x00007f4ad80b7000 nmethod 2373 0x00007f4ac9819150 code [0x00007f4ac98192c0, 0x00007f4ac9819528]
Event: 24.616 Thread 0x00007f4ad80b7000 1539   !   4       java.util.BitSet::clone (49 bytes)
Event: 24.621 Thread 0x00007f4ad80b7000 nmethod 1539 0x00007f4ac9818a10 code [0x00007f4ac9818b80, 0x00007f4ac9818f38]
Event: 24.621 Thread 0x00007f4ad80b7000 1663       4       com.android.dx.rop.code.ThrowingCstInsn::accept (8 bytes)
Event: 24.622 Thread 0x00007f4ad80b7000 nmethod 1663 0x00007f4ac962a610 code [0x00007f4ac962a760, 0x00007f4ac962a7d8]
Event: 24.622 Thread 0x00007f4ad80b7000 1528       4       com.android.dx.ssa.back.FirstFitLocalCombiningAllocator$1::visitNonMoveInsn (6 bytes)
Event: 24.622 Thread 0x00007f4ad80b7000 nmethod 1528 0x00007f4ac97c46d0 code [0x00007f4ac97c4820, 0x00007f4ac97c48a8]
Event: 24.622 Thread 0x00007f4ad80b7000 1483       4       com.android.dx.ssa.back.RegisterAllocator::getDefinitionSpecForSsaReg (22 bytes)
Event: 24.680 Thread 0x00007f4ad80b9800 nmethod 2400% 0x00007f4ac981aa50 code [0x00007f4ac981ac20, 0x00007f4ac981b5b8]
Event: 24.680 Thread 0x00007f4ad80b9800 1887       4       com.android.dx.cf.code.BaseMachine::getLocalTarget (151 bytes)

GC Heap History (10 events):
Event: 14.177 GC heap after
Heap after GC invocations=5 (full 0):
 PSYoungGen      total 68608K, used 5104K [0x00000000eab00000, 0x00000000f4700000, 0x0000000100000000)
  eden space 63488K, 0% used [0x00000000eab00000,0x00000000eab00000,0x00000000ee900000)
  from space 5120K, 99% used [0x00000000ee900000,0x00000000eedfc038,0x00000000eee00000)
  to   space 16384K, 0% used [0x00000000f3700000,0x00000000f3700000,0x00000000f4700000)
 ParOldGen       total 84992K, used 19995K [0x00000000c0000000, 0x00000000c5300000, 0x00000000eab00000)
  object space 84992K, 23% used [0x00000000c0000000,0x00000000c1386c58,0x00000000c5300000)
 Metaspace       used 5974K, capacity 6896K, committed 7040K, reserved 1056768K
  class space    used 592K, capacity 616K, committed 640K, reserved 1048576K
}
Event: 15.026 GC heap before
{Heap before GC invocations=6 (full 0):
 PSYoungGen      total 68608K, used 68592K [0x00000000eab00000, 0x00000000f4700000, 0x0000000100000000)
  eden space 63488K, 100% used [0x00000000eab00000,0x00000000ee900000,0x00000000ee900000)
  from space 5120K, 99% used [0x00000000ee900000,0x00000000eedfc038,0x00000000eee00000)
  to   space 16384K, 0% used [0x00000000f3700000,0x00000000f3700000,0x00000000f4700000)
 ParOldGen       total 84992K, used 19995K [0x00000000c0000000, 0x00000000c5300000, 0x00000000eab00000)
  object space 84992K, 23% used [0x00000000c0000000,0x00000000c1386c58,0x00000000c5300000)
 Metaspace       used 6081K, capacity 6960K, committed 7040K, reserved 1056768K
  class space    used 592K, capacity 616K, committed 640K, reserved 1048576K
Event: 15.178 GC heap after
Heap after GC invocations=6 (full 0):
 PSYoungGen      total 141312K, used 14679K [0x00000000eab00000, 0x00000000f4b00000, 0x0000000100000000)
  eden space 124928K, 0% used [0x00000000eab00000,0x00000000eab00000,0x00000000f2500000)
  from space 16384K, 89% used [0x00000000f3700000,0x00000000f4555da0,0x00000000f4700000)
  to   space 18432K, 0% used [0x00000000f2500000,0x00000000f2500000,0x00000000f3700000)
 ParOldGen       total 84992K, used 19995K [0x00000000c0000000, 0x00000000c5300000, 0x00000000eab00000)
  object space 84992K, 23% used [0x00000000c0000000,0x00000000c1386c58,0x00000000c5300000)
 Metaspace       used 6081K, capacity 6960K, committed 7040K, reserved 1056768K
  class space    used 592K, capacity 616K, committed 640K, reserved 1048576K
}
Event: 18.853 GC heap before
{Heap before GC invocations=7 (full 0):
 PSYoungGen      total 141312K, used 139607K [0x00000000eab00000, 0x00000000f4b00000, 0x0000000100000000)
  eden space 124928K, 100% used [0x00000000eab00000,0x00000000f2500000,0x00000000f2500000)
  from space 16384K, 89% used [0x00000000f3700000,0x00000000f4555da0,0x00000000f4700000)
  to   space 18432K, 0% used [0x00000000f2500000,0x00000000f2500000,0x00000000f3700000)
 ParOldGen       total 84992K, used 19995K [0x00000000c0000000, 0x00000000c5300000, 0x00000000eab00000)
  object space 84992K, 23% used [0x00000000c0000000,0x00000000c1386c58,0x00000000c5300000)
 Metaspace       used 6359K, capacity 7152K, committed 7296K, reserved 1056768K
  class space    used 592K, capacity 616K, committed 640K, reserved 1048576K
Event: 19.158 GC heap after
Heap after GC invocations=7 (full 0):
 PSYoungGen      total 143360K, used 18422K [0x00000000eab00000, 0x00000000fe300000, 0x0000000100000000)
  eden space 124928K, 0% used [0x00000000eab00000,0x00000000eab00000,0x00000000f2500000)
  from space 18432K, 99% used [0x00000000f2500000,0x00000000f36fdad8,0x00000000f3700000)
  to   space 34816K, 0% used [0x00000000fc100000,0x00000000fc100000,0x00000000fe300000)
 ParOldGen       total 84992K, used 46205K [0x00000000c0000000, 0x00000000c5300000, 0x00000000eab00000)
  object space 84992K, 54% used [0x00000000c0000000,0x00000000c2d1f720,0x00000000c5300000)
 Metaspace       used 6359K, capacity 7152K, committed 7296K, reserved 1056768K
  class space    used 592K, capacity 616K, committed 640K, reserved 1048576K
}
Event: 23.199 GC heap before
{Heap before GC invocations=8 (full 0):
 PSYoungGen      total 143360K, used 143350K [0x00000000eab00000, 0x00000000fe300000, 0x0000000100000000)
  eden space 124928K, 100% used [0x00000000eab00000,0x00000000f2500000,0x00000000f2500000)
  from space 18432K, 99% used [0x00000000f2500000,0x00000000f36fdad8,0x00000000f3700000)
  to   space 34816K, 0% used [0x00000000fc100000,0x00000000fc100000,0x00000000fe300000)
 ParOldGen       total 84992K, used 46205K [0x00000000c0000000, 0x00000000c5300000, 0x00000000eab00000)
  object space 84992K, 54% used [0x00000000c0000000,0x00000000c2d1f720,0x00000000c5300000)
 Metaspace       used 6405K, capacity 7216K, committed 7296K, reserved 1056768K
  class space    used 592K, capacity 616K, committed 640K, reserved 1048576K
Event: 23.475 GC heap after
Heap after GC invocations=8 (full 0):
 PSYoungGen      total 275456K, used 34796K [0x00000000eab00000, 0x00000000ff500000, 0x0000000100000000)
  eden space 240640K, 0% used [0x00000000eab00000,0x00000000eab00000,0x00000000f9600000)
  from space 34816K, 99% used [0x00000000fc100000,0x00000000fe2fb208,0x00000000fe300000)
  to   space 44032K, 0% used [0x00000000f9600000,0x00000000f9600000,0x00000000fc100000)
 ParOldGen       total 84992K, used 52281K [0x00000000c0000000, 0x00000000c5300000, 0x00000000eab00000)
  object space 84992K, 61% used [0x00000000c0000000,0x00000000c330e728,0x00000000c5300000)
 Metaspace       used 6405K, capacity 7216K, committed 7296K, reserved 1056768K
  class space    used 592K, capacity 616K, committed 640K, reserved 1048576K
}
Event: 24.768 GC heap before
{Heap before GC invocations=9 (full 0):
 PSYoungGen      total 275456K, used 275436K [0x00000000eab00000, 0x00000000ff500000, 0x0000000100000000)
  eden space 240640K, 100% used [0x00000000eab00000,0x00000000f9600000,0x00000000f9600000)
  from space 34816K, 99% used [0x00000000fc100000,0x00000000fe2fb208,0x00000000fe300000)
  to   space 44032K, 0% used [0x00000000f9600000,0x00000000f9600000,0x00000000fc100000)
 ParOldGen       total 84992K, used 52281K [0x00000000c0000000, 0x00000000c5300000, 0x00000000eab00000)
  object space 84992K, 61% used [0x00000000c0000000,0x00000000c330e728,0x00000000c5300000)
 Metaspace       used 6416K, capacity 7216K, committed 7296K, reserved 1056768K
  class space    used 593K, capacity 616K, committed 640K, reserved 1048576K
Event: 25.436 GC heap after
Heap after GC invocations=9 (full 0):
 PSYoungGen      total 284672K, used 44014K [0x00000000eab00000, 0x0000000100000000, 0x0000000100000000)
  eden space 240640K, 0% used [0x00000000eab00000,0x00000000eab00000,0x00000000f9600000)
  from space 44032K, 99% used [0x00000000f9600000,0x00000000fc0fb920,0x00000000fc100000)
  to   space 64512K, 0% used [0x00000000fc100000,0x00000000fc100000,0x0000000100000000)
 ParOldGen       total 161280K, used 160797K [0x00000000c0000000, 0x00000000c9d80000, 0x00000000eab00000)
  object space 161280K, 99% used [0x00000000c0000000,0x00000000c9d07438,0x00000000c9d80000)
 Metaspace       used 6416K, capacity 7216K, committed 7296K, reserved 1056768K
  class space    used 593K, capacity 616K, committed 640K, reserved 1048576K
}
Event: 25.436 GC heap before
{Heap before GC invocations=10 (full 1):
 PSYoungGen      total 284672K, used 44014K [0x00000000eab00000, 0x0000000100000000, 0x0000000100000000)
  eden space 240640K, 0% used [0x00000000eab00000,0x00000000eab00000,0x00000000f9600000)
  from space 44032K, 99% used [0x00000000f9600000,0x00000000fc0fb920,0x00000000fc100000)
  to   space 64512K, 0% used [0x00000000fc100000,0x00000000fc100000,0x0000000100000000)
 ParOldGen       total 161280K, used 160797K [0x00000000c0000000, 0x00000000c9d80000, 0x00000000eab00000)
  object space 161280K, 99% used [0x00000000c0000000,0x00000000c9d07438,0x00000000c9d80000)
 Metaspace       used 6416K, capacity 7216K, committed 7296K, reserved 1056768K
  class space    used 593K, capacity 616K, committed 640K, reserved 1048576K

Deoptimization events (10 events):
Event: 4.210 Thread 0x00007f4ad8174800 Uncommon trap: reason=bimorphic action=maybe_recompile pc=0x00007f4ac9235818 method=java.util.HashMap.getNode(ILjava/lang/Object;)Ljava/util/HashMap$Node; @ 126
Event: 12.223 Thread 0x00007f4ad8174800 Uncommon trap: reason=unstable_if action=reinterpret pc=0x00007f4ac93823fc method=com.android.dx.ssa.SsaMethod.updateOneDefinition(Lcom/android/dx/ssa/SsaInsn;Lcom/android/dx/rop/code/RegisterSpec;)V @ 4
Event: 13.016 Thread 0x00007f4ad8174800 Uncommon trap: reason=unstable_if action=reinterpret pc=0x00007f4ac92ae848 method=java.util.HashMap.putVal(ILjava/lang/Object;Ljava/lang/Object;ZZ)Ljava/lang/Object; @ 162
Event: 13.027 Thread 0x00007f4ad8174800 Uncommon trap: reason=unstable_if action=reinterpret pc=0x00007f4ac9235800 method=java.util.HashMap.getNode(ILjava/lang/Object;)Ljava/util/HashMap$Node; @ 84
Event: 13.027 Thread 0x00007f4ad8174800 Uncommon trap: reason=unstable_if action=reinterpret pc=0x00007f4ac9233024 method=java.util.HashMap.getNode(ILjava/lang/Object;)Ljava/util/HashMap$Node; @ 84
Event: 14.806 Thread 0x00007f4ad8174800 Uncommon trap: reason=unstable_if action=reinterpret pc=0x00007f4ac94ebed0 method=java.util.HashMap.putVal(ILjava/lang/Object;Ljava/lang/Object;ZZ)Ljava/lang/Object; @ 109
Event: 15.436 Thread 0x00007f4ad8008800 Uncommon trap: reason=bimorphic action=maybe_recompile pc=0x00007f4ac95e9090 method=com.android.dx.cf.code.BytecodeArray.parseInstruction(ILcom/android/dx/cf/code/BytecodeArray$Visitor;)I @ 1130
Event: 15.437 Thread 0x00007f4ad8008800 Uncommon trap: reason=bimorphic action=maybe_recompile pc=0x00007f4ac95e9090 method=com.android.dx.cf.code.BytecodeArray.parseInstruction(ILcom/android/dx/cf/code/BytecodeArray$Visitor;)I @ 1130
Event: 15.681 Thread 0x00007f4ad8008800 Uncommon trap: reason=unstable_if action=reinterpret pc=0x00007f4ac95ec2f8 method=com.android.dx.cf.code.ByteCatchList.listFor(I)Lcom/android/dx/cf/code/ByteCatchList; @ 47
Event: 16.670 Thread 0x00007f4ad8008800 Uncommon trap: reason=unstable_if action=reinterpret pc=0x00007f4ac94c00a0 method=com.android.dx.ssa.SCCP.simulateStmt(Lcom/android/dx/ssa/SsaInsn;)V @ 59

Internal exceptions (5 events):
Event: 0.092 Thread 0x00007f4ad8008800 Exception <a 'java/lang/NoSuchMethodError': Method sun.misc.Unsafe.defineClass(Ljava/lang/String;[BII)Ljava/lang/Class; name or signature does not match> (0x00000000eab07cc0) thrown at [/build/java8-openjdk/src/jdk8u-jdk8u92-b14/hotspot/src/share/vm/prims
Event: 0.092 Thread 0x00007f4ad8008800 Exception <a 'java/lang/NoSuchMethodError': Method sun.misc.Unsafe.prefetchRead(Ljava/lang/Object;J)V name or signature does not match> (0x00000000eab07fa8) thrown at [/build/java8-openjdk/src/jdk8u-jdk8u92-b14/hotspot/src/share/vm/prims/jni.cpp, line 401
Event: 13.020 Thread 0x00007f4ad8174800 Exception <a 'java/lang/ArrayIndexOutOfBoundsException': 18> (0x00000000eb355190) thrown at [/build/java8-openjdk/src/jdk8u-jdk8u92-b14/hotspot/src/share/vm/interpreter/interpreterRuntime.cpp, line 366]
Event: 13.025 Thread 0x00007f4ad8174800 Exception <a 'java/lang/ArrayIndexOutOfBoundsException': 145> (0x00000000eb356d10) thrown at [/build/java8-openjdk/src/jdk8u-jdk8u92-b14/hotspot/src/share/vm/interpreter/interpreterRuntime.cpp, line 366]
Event: 13.026 Thread 0x00007f4ad8174800 Exception <a 'java/lang/ArrayIndexOutOfBoundsException': 40> (0x00000000eb357ff8) thrown at [/build/java8-openjdk/src/jdk8u-jdk8u92-b14/hotspot/src/share/vm/interpreter/interpreterRuntime.cpp, line 366]

Events (10 events):
Event: 24.556 Thread 0x00007f4ad8172800 DEOPT UNPACKING pc=0x00007f4ac9047373 sp=0x00007f4ac42a2b78 mode 0
Event: 24.557 Thread 0x00007f4ad8172800 DEOPT PACKING pc=0x00007f4ac92a482d sp=0x00007f4ac42a2df0
Event: 24.557 Thread 0x00007f4ad8172800 DEOPT UNPACKING pc=0x00007f4ac9047373 sp=0x00007f4ac42a2b78 mode 0
Event: 24.557 Thread 0x00007f4ad8172800 DEOPT PACKING pc=0x00007f4ac92a482d sp=0x00007f4ac42a2df0
Event: 24.557 Thread 0x00007f4ad8172800 DEOPT UNPACKING pc=0x00007f4ac9047373 sp=0x00007f4ac42a2b78 mode 0
Event: 24.560 Thread 0x00007f4ad8172800 DEOPT PACKING pc=0x00007f4ac938852c sp=0x00007f4ac42a3090
Event: 24.560 Thread 0x00007f4ad8172800 DEOPT UNPACKING pc=0x00007f4ac9047373 sp=0x00007f4ac42a2d90 mode 0
Event: 24.579 Thread 0x00007f4ad8162000 DEOPT PACKING pc=0x00007f4ac92f0238 sp=0x00007f4ac45a6040
Event: 24.579 Thread 0x00007f4ad8162000 DEOPT UNPACKING pc=0x00007f4ac9047373 sp=0x00007f4ac45a5e40 mode 0
Event: 24.680 Executing VM operation: ParallelGCFailedAllocation


Dynamic libraries:
00400000-00401000 r-xp 00000000 08:03 3294483                            /usr/lib/jvm/java-8-openjdk/jre/bin/java
00600000-00601000 rw-p 00000000 08:03 3294483                            /usr/lib/jvm/java-8-openjdk/jre/bin/java
009f6000-00a17000 rw-p 00000000 00:00 0                                  [heap]
c0000000-c9d80000 rw-p 00000000 00:00 0 
d0280000-eab00000 ---p 00000000 00:00 0 
eab00000-100000000 rw-p 00000000 00:00 0 
100000000-1000a0000 rw-p 00000000 00:00 0 
1000a0000-140000000 ---p 00000000 00:00 0 
7f4a78000000-7f4a780aa000 rw-p 00000000 00:00 0 
7f4a780aa000-7f4a7c000000 ---p 00000000 00:00 0 
7f4a80000000-7f4a800b5000 rw-p 00000000 00:00 0 
7f4a800b5000-7f4a84000000 ---p 00000000 00:00 0 
7f4a84000000-7f4a8411a000 rw-p 00000000 00:00 0 
7f4a8411a000-7f4a88000000 ---p 00000000 00:00 0 
7f4a88000000-7f4a880c9000 rw-p 00000000 00:00 0 
7f4a880c9000-7f4a8c000000 ---p 00000000 00:00 0 
7f4a8c000000-7f4a8c021000 rw-p 00000000 00:00 0 
7f4a8c021000-7f4a90000000 ---p 00000000 00:00 0 
7f4a90000000-7f4a90021000 rw-p 00000000 00:00 0 
7f4a90021000-7f4a94000000 ---p 00000000 00:00 0 
7f4a94000000-7f4a94021000 rw-p 00000000 00:00 0 
7f4a94021000-7f4a98000000 ---p 00000000 00:00 0 
7f4a98000000-7f4a9943a000 rw-p 00000000 00:00 0 
7f4a9943a000-7f4a9c000000 ---p 00000000 00:00 0 
7f4a9c000000-7f4a9cab1000 rw-p 00000000 00:00 0 
7f4a9cab1000-7f4aa0000000 ---p 00000000 00:00 0 
7f4aa0000000-7f4aa0021000 rw-p 00000000 00:00 0 
7f4aa0021000-7f4aa4000000 ---p 00000000 00:00 0 
7f4aa4000000-7f4aa4cf7000 rw-p 00000000 00:00 0 
7f4aa4cf7000-7f4aa8000000 ---p 00000000 00:00 0 
7f4aa8000000-7f4aa8021000 rw-p 00000000 00:00 0 
7f4aa8021000-7f4aac000000 ---p 00000000 00:00 0 
7f4aac000000-7f4aac021000 rw-p 00000000 00:00 0 
7f4aac021000-7f4ab0000000 ---p 00000000 00:00 0 
7f4ab0000000-7f4ab0021000 rw-p 00000000 00:00 0 
7f4ab0021000-7f4ab4000000 ---p 00000000 00:00 0 
7f4ab4000000-7f4ab4031000 rw-p 00000000 00:00 0 
7f4ab4031000-7f4ab8000000 ---p 00000000 00:00 0 
7f4ab8000000-7f4ab8021000 rw-p 00000000 00:00 0 
7f4ab8021000-7f4abc000000 ---p 00000000 00:00 0 
7f4abc000000-7f4abc021000 rw-p 00000000 00:00 0 
7f4abc021000-7f4ac0000000 ---p 00000000 00:00 0 
7f4ac0000000-7f4ac0021000 rw-p 00000000 00:00 0 
7f4ac0021000-7f4ac4000000 ---p 00000000 00:00 0 
7f4ac407d000-7f4ac40a3000 r--p 00000000 08:03 3147835                    /usr/share/locale/es/LC_MESSAGES/libc.mo
7f4ac40a3000-7f4ac40a6000 ---p 00000000 00:00 0 
7f4ac40a6000-7f4ac41a4000 rw-p 00000000 00:00 0 
7f4ac41a4000-7f4ac41a7000 ---p 00000000 00:00 0 
7f4ac41a7000-7f4ac42a5000 rw-p 00000000 00:00 0 
7f4ac42a5000-7f4ac42a8000 ---p 00000000 00:00 0 
7f4ac42a8000-7f4ac43a6000 rw-p 00000000 00:00 0 
7f4ac43a6000-7f4ac43a9000 ---p 00000000 00:00 0 
7f4ac43a9000-7f4ac44a7000 rw-p 00000000 00:00 0 
7f4ac44a7000-7f4ac44aa000 ---p 00000000 00:00 0 
7f4ac44aa000-7f4ac45a8000 rw-p 00000000 00:00 0 
7f4ac45a8000-7f4ac45c0000 r--s 000f5000 08:03 11797929                   /home/lifka/Workspace/githubProjects/Servicio-reserva-en-farmacias/Android/SisFarmaApp/app/build/intermediates/exploded-aar/com.google.android.gms/play-services-ads/8.4.0/jars/classes.jar
7f4ac45c0000-7f4ac45cf000 r--s 000df000 08:03 7079310                    /home/lifka/Android/Sdk/build-tools/23.0.2/lib/dx.jar
7f4ac45cf000-7f4ac45d0000 ---p 00000000 00:00 0 
7f4ac45d0000-7f4ac46d0000 rw-p 00000000 00:00 0 
7f4ac46d0000-7f4ac46d3000 ---p 00000000 00:00 0 
7f4ac46d3000-7f4ac47d1000 rw-p 00000000 00:00 0 
7f4ac47d1000-7f4ac47d4000 ---p 00000000 00:00 0 
7f4ac47d4000-7f4ac48d2000 rw-p 00000000 00:00 0 
7f4ac48d2000-7f4ac48d5000 ---p 00000000 00:00 0 
7f4ac48d5000-7f4ac49d3000 rw-p 00000000 00:00 0 
7f4ac49d3000-7f4ac49d6000 ---p 00000000 00:00 0 
7f4ac49d6000-7f4ac4ad4000 rw-p 00000000 00:00 0 
7f4ac4ad4000-7f4ac4ad7000 ---p 00000000 00:00 0 
7f4ac4ad7000-7f4ac4bd5000 rw-p 00000000 00:00 0 
7f4ac4bd5000-7f4ac4d6d000 r--p 00000000 08:03 3182868                    /usr/lib/locale/locale-archive
7f4ac4d6d000-7f4ac4d70000 ---p 00000000 00:00 0 
7f4ac4d70000-7f4ac4e6e000 rw-p 00000000 00:00 0 
7f4ac4e6e000-7f4ac4e71000 ---p 00000000 00:00 0 
7f4ac4e71000-7f4ac4f6f000 rw-p 00000000 00:00 0 
7f4ac4f6f000-7f4ac4f70000 ---p 00000000 00:00 0 
7f4ac4f70000-7f4ac602f000 rw-p 00000000 00:00 0 
7f4ac602f000-7f4ac61fc000 r--s 03bec000 08:03 3286197                    /usr/lib/jvm/java-8-openjdk/jre/lib/rt.jar
7f4ac61fc000-7f4ac687c000 rw-p 00000000 00:00 0 
7f4ac687c000-7f4ac69fc000 ---p 00000000 00:00 0 
7f4ac69fc000-7f4ac8bfc000 rw-p 00000000 00:00 0 
7f4ac8bfc000-7f4ac8bfd000 ---p 00000000 00:00 0 
7f4ac8bfd000-7f4ac8cfd000 rw-p 00000000 00:00 0 
7f4ac8cfd000-7f4ac8cfe000 ---p 00000000 00:00 0 
7f4ac8cfe000-7f4ac8dfe000 rw-p 00000000 00:00 0 
7f4ac8dfe000-7f4ac8dff000 ---p 00000000 00:00 0 
7f4ac8dff000-7f4ac8eff000 rw-p 00000000 00:00 0 
7f4ac8eff000-7f4ac8f00000 ---p 00000000 00:00 0 
7f4ac8f00000-7f4ac9000000 rw-p 00000000 00:00 0 
7f4ac9000000-7f4ac9840000 rwxp 00000000 00:00 0 
7f4ac9840000-7f4ad8000000 ---p 00000000 00:00 0 
7f4ad8000000-7f4ad81d7000 rw-p 00000000 00:00 0 
7f4ad81d7000-7f4adc000000 ---p 00000000 00:00 0 
7f4adc00a000-7f4adc018000 r--s 00193000 08:03 3289265                    /usr/lib/jvm/java-8-openjdk/jre/lib/ext/j3dutils.jar
7f4adc018000-7f4adc0dd000 rw-p 00000000 00:00 0 
7f4adc0dd000-7f4adc1e4000 ---p 00000000 00:00 0 
7f4adc1e4000-7f4adc233000 rw-p 00000000 00:00 0 
7f4adc233000-7f4adc339000 ---p 00000000 00:00 0 
7f4adc339000-7f4adc3e4000 rw-p 00000000 00:00 0 
7f4adc3e4000-7f4adc406000 rw-p 00000000 00:00 0 
7f4adc406000-7f4adc7a5000 ---p 00000000 00:00 0 
7f4adc7a5000-7f4adc7ad000 r-xp 00000000 08:03 3286437                    /usr/lib/jvm/java-8-openjdk/jre/lib/amd64/libzip.so
7f4adc7ad000-7f4adc9ac000 ---p 00008000 08:03 3286437                    /usr/lib/jvm/java-8-openjdk/jre/lib/amd64/libzip.so
7f4adc9ac000-7f4adc9ad000 rw-p 00007000 08:03 3286437                    /usr/lib/jvm/java-8-openjdk/jre/lib/amd64/libzip.so
7f4adc9ad000-7f4adc9b8000 r-xp 00000000 08:03 3148989                    /usr/lib/libnss_files-2.23.so
7f4adc9b8000-7f4adcbb7000 ---p 0000b000 08:03 3148989                    /usr/lib/libnss_files-2.23.so
7f4adcbb7000-7f4adcbb8000 r--p 0000a000 08:03 3148989                    /usr/lib/libnss_files-2.23.so
7f4adcbb8000-7f4adcbb9000 rw-p 0000b000 08:03 3148989                    /usr/lib/libnss_files-2.23.so
7f4adcbb9000-7f4adcbbf000 rw-p 00000000 00:00 0 
7f4adcbbf000-7f4adcbeb000 r-xp 00000000 08:03 3286436                    /usr/lib/jvm/java-8-openjdk/jre/lib/amd64/libjava.so
7f4adcbeb000-7f4adcdeb000 ---p 0002c000 08:03 3286436                    /usr/lib/jvm/java-8-openjdk/jre/lib/amd64/libjava.so
7f4adcdeb000-7f4adcded000 rw-p 0002c000 08:03 3286436                    /usr/lib/jvm/java-8-openjdk/jre/lib/amd64/libjava.so
7f4adcded000-7f4adcdfa000 r-xp 00000000 08:03 3286425                    /usr/lib/jvm/java-8-openjdk/jre/lib/amd64/libverify.so
7f4adcdfa000-7f4adcff9000 ---p 0000d000 08:03 3286425                    /usr/lib/jvm/java-8-openjdk/jre/lib/amd64/libverify.so
7f4adcff9000-7f4adcffb000 rw-p 0000c000 08:03 3286425                    /usr/lib/jvm/java-8-openjdk/jre/lib/amd64/libverify.so
7f4adcffb000-7f4add002000 r-xp 00000000 08:03 3148997                    /usr/lib/librt-2.23.so
7f4add002000-7f4add201000 ---p 00007000 08:03 3148997                    /usr/lib/librt-2.23.so
7f4add201000-7f4add202000 r--p 00006000 08:03 3148997                    /usr/lib/librt-2.23.so
7f4add202000-7f4add203000 rw-p 00007000 08:03 3148997                    /usr/lib/librt-2.23.so
7f4add203000-7f4add306000 r-xp 00000000 08:03 3148994                    /usr/lib/libm-2.23.so
7f4add306000-7f4add506000 ---p 00103000 08:03 3148994                    /usr/lib/libm-2.23.so
7f4add506000-7f4add507000 r--p 00103000 08:03 3148994                    /usr/lib/libm-2.23.so
7f4add507000-7f4add508000 rw-p 00104000 08:03 3148994                    /usr/lib/libm-2.23.so
7f4add508000-7f4ade15d000 r-xp 00000000 08:03 3294474                    /usr/lib/jvm/java-8-openjdk/jre/lib/amd64/server/libjvm.so
7f4ade15d000-7f4ade35d000 ---p 00c55000 08:03 3294474                    /usr/lib/jvm/java-8-openjdk/jre/lib/amd64/server/libjvm.so
7f4ade35d000-7f4ade419000 rw-p 00c55000 08:03 3294474                    /usr/lib/jvm/java-8-openjdk/jre/lib/amd64/server/libjvm.so
7f4ade419000-7f4ade449000 rw-p 00000000 00:00 0 
7f4ade449000-7f4ade5e1000 r-xp 00000000 08:03 3148927                    /usr/lib/libc-2.23.so
7f4ade5e1000-7f4ade7e0000 ---p 00198000 08:03 3148927                    /usr/lib/libc-2.23.so
7f4ade7e0000-7f4ade7e4000 r--p 00197000 08:03 3148927                    /usr/lib/libc-2.23.so
7f4ade7e4000-7f4ade7e6000 rw-p 0019b000 08:03 3148927                    /usr/lib/libc-2.23.so
7f4ade7e6000-7f4ade7ea000 rw-p 00000000 00:00 0 
7f4ade7ea000-7f4ade7ec000 r-xp 00000000 08:03 3148993                    /usr/lib/libdl-2.23.so
7f4ade7ec000-7f4ade9ec000 ---p 00002000 08:03 3148993                    /usr/lib/libdl-2.23.so
7f4ade9ec000-7f4ade9ed000 r--p 00002000 08:03 3148993                    /usr/lib/libdl-2.23.so
7f4ade9ed000-7f4ade9ee000 rw-p 00003000 08:03 3148993                    /usr/lib/libdl-2.23.so
7f4ade9ee000-7f4ade9fb000 r-xp 00000000 08:03 3294471                    /usr/lib/jvm/java-8-openjdk/jre/lib/amd64/jli/libjli.so
7f4ade9fb000-7f4adebfa000 ---p 0000d000 08:03 3294471                    /usr/lib/jvm/java-8-openjdk/jre/lib/amd64/jli/libjli.so
7f4adebfa000-7f4adebfb000 rw-p 0000c000 08:03 3294471                    /usr/lib/jvm/java-8-openjdk/jre/lib/amd64/jli/libjli.so
7f4adebfb000-7f4adec10000 r-xp 00000000 08:03 3152232                    /usr/lib/libz.so.1.2.8
7f4adec10000-7f4adee0f000 ---p 00015000 08:03 3152232                    /usr/lib/libz.so.1.2.8
7f4adee0f000-7f4adee10000 r--p 00014000 08:03 3152232                    /usr/lib/libz.so.1.2.8
7f4adee10000-7f4adee11000 rw-p 00015000 08:03 3152232                    /usr/lib/libz.so.1.2.8
7f4adee11000-7f4adee29000 r-xp 00000000 08:03 3148904                    /usr/lib/libpthread-2.23.so
7f4adee29000-7f4adf028000 ---p 00018000 08:03 3148904                    /usr/lib/libpthread-2.23.so
7f4adf028000-7f4adf029000 r--p 00017000 08:03 3148904                    /usr/lib/libpthread-2.23.so
7f4adf029000-7f4adf02a000 rw-p 00018000 08:03 3148904                    /usr/lib/libpthread-2.23.so
7f4adf02a000-7f4adf02e000 rw-p 00000000 00:00 0 
7f4adf02e000-7f4adf051000 r-xp 00000000 08:03 3148926                    /usr/lib/ld-2.23.so
7f4adf056000-7f4adf11b000 rw-p 00000000 00:00 0 
7f4adf11b000-7f4adf11e000 ---p 00000000 00:00 0 
7f4adf11e000-7f4adf220000 rw-p 00000000 00:00 0 
7f4adf224000-7f4adf226000 r--s 0004c000 08:03 3289264                    /usr/lib/jvm/java-8-openjdk/jre/lib/ext/vecmath.jar
7f4adf226000-7f4adf232000 r--s 002c7000 08:03 3289266                    /usr/lib/jvm/java-8-openjdk/jre/lib/ext/j3dcore.jar
7f4adf232000-7f4adf246000 rw-p 00000000 00:00 0 
7f4adf246000-7f4adf24e000 rw-s 00000000 00:23 818607                     /tmp/hsperfdata_lifka/11856
7f4adf24e000-7f4adf24f000 rw-p 00000000 00:00 0 
7f4adf24f000-7f4adf250000 ---p 00000000 00:00 0 
7f4adf250000-7f4adf251000 rw-p 00000000 00:00 0 
7f4adf251000-7f4adf252000 r--p 00023000 08:03 3148926                    /usr/lib/ld-2.23.so
7f4adf252000-7f4adf253000 rw-p 00024000 08:03 3148926                    /usr/lib/ld-2.23.so
7f4adf253000-7f4adf254000 rw-p 00000000 00:00 0 
7ffcd758c000-7ffcd75ad000 rw-p 00000000 00:00 0                          [stack]
7ffcd75df000-7ffcd75e2000 r--p 00000000 00:00 0                          [vvar]
7ffcd75e2000-7ffcd75e4000 r-xp 00000000 00:00 0                          [vdso]
ffffffffff600000-ffffffffff601000 r-xp 00000000 00:00 0                  [vsyscall]

VM Arguments:
jvm_args: -Djava.awt.headless=true -Xmx1024M -Dfile.encoding=UTF-8 -Duser.country=ES -Duser.language=es -Duser.variant 
java_command: com.android.dx.command.Main --dex --force-jumbo --num-threads=4 --multi-dex --output /home/lifka/Workspace/githubProjects/Servicio-reserva-en-farmacias/Android/SisFarmaApp/app/build/intermediates/transforms/dex/debug/folders/1000/10/com.google.android.gms-play-services-ads-8.4.0_2ef798db5cd44b4327d0f749250d1677efbd5a27 /home/lifka/Workspace/githubProjects/Servicio-reserva-en-farmacias/Android/SisFarmaApp/app/build/intermediates/exploded-aar/com.google.android.gms/play-services-ads/8.4.0/jars/classes.jar
java_class_path (initial): /home/lifka/Android/Sdk/build-tools/23.0.2/lib/dx.jar
Launcher Type: SUN_STANDARD

Environment Variables:
PATH=/usr/local/sbin:/usr/local/bin:/usr/bin:/opt/android-sdk/tools:/usr/lib/jvm/default/bin:/usr/bin/site_perl:/usr/bin/vendor_perl:/usr/bin/core_perl
USERNAME=lifka
LD_LIBRARY_PATH=/opt/android-studio/bin:
SHELL=/bin/bash
DISPLAY=:0

Signal Handlers:
SIGSEGV: [libjvm.so+0xa5a220], sa_mask[0]=11111111011111111101111111111110, sa_flags=SA_RESTART|SA_SIGINFO
SIGBUS: [libjvm.so+0xa5a220], sa_mask[0]=11111111011111111101111111111110, sa_flags=SA_RESTART|SA_SIGINFO
SIGFPE: [libjvm.so+0x8a5a90], sa_mask[0]=11111111011111111101111111111110, sa_flags=SA_RESTART|SA_SIGINFO
SIGPIPE: [libjvm.so+0x8a5a90], sa_mask[0]=11111111011111111101111111111110, sa_flags=SA_RESTART|SA_SIGINFO
SIGXFSZ: [libjvm.so+0x8a5a90], sa_mask[0]=11111111011111111101111111111110, sa_flags=SA_RESTART|SA_SIGINFO
SIGILL: [libjvm.so+0x8a5a90], sa_mask[0]=11111111011111111101111111111110, sa_flags=SA_RESTART|SA_SIGINFO
SIGUSR1: SIG_DFL, sa_mask[0]=00000000000000000000000000000000, sa_flags=none
SIGUSR2: [libjvm.so+0x8a5940], sa_mask[0]=00100000000000000000000000000000, sa_flags=SA_RESTART|SA_SIGINFO
SIGHUP: [libjvm.so+0x8a5e10], sa_mask[0]=11111111011111111101111111111110, sa_flags=SA_RESTART|SA_SIGINFO
SIGINT: [libjvm.so+0x8a5e10], sa_mask[0]=11111111011111111101111111111110, sa_flags=SA_RESTART|SA_SIGINFO
SIGTERM: [libjvm.so+0x8a5e10], sa_mask[0]=11111111011111111101111111111110, sa_flags=SA_RESTART|SA_SIGINFO
SIGQUIT: [libjvm.so+0x8a5e10], sa_mask[0]=11111111011111111101111111111110, sa_flags=SA_RESTART|SA_SIGINFO


---------------  S Y S T E M  ---------------

OS:NAME="Arch Linux"
ID=arch
PRETTY_NAME="Arch Linux"
ANSI_COLOR="0;36"
HOME_URL="https://www.archlinux.org/"
SUPPORT_URL="https://bbs.archlinux.org/"
BUG_REPORT_URL="https://bugs.archlinux.org/"


uname:Linux 4.5.1-1-ARCH #1 SMP PREEMPT Thu Apr 14 19:19:32 CEST 2016 x86_64
libc:glibc 2.23 NPTL 2.23 
rlimit: STACK 8192k, CORE infinity, NPROC 31439, NOFILE 4096, AS infinity
load average:46.47 15.15 6.71

/proc/meminfo:
MemTotal:        8110432 kB
MemFree:           77540 kB
MemAvailable:     129144 kB
Buffers:            1452 kB
Cached:          1388748 kB
SwapCached:         2352 kB
Active:          6590576 kB
Inactive:        1154220 kB
Active(anon):    6583164 kB
Inactive(anon):  1076004 kB
Active(file):       7412 kB
Inactive(file):    78216 kB
Unevictable:         784 kB
Mlocked:             784 kB
SwapTotal:       2097148 kB
SwapFree:            108 kB
Dirty:                48 kB
Writeback:           140 kB
AnonPages:       6353520 kB
Mapped:           653512 kB
Shmem:           1304096 kB
Slab:              96824 kB
SReclaimable:      48960 kB
SUnreclaim:        47864 kB
KernelStack:       16720 kB
PageTables:        75044 kB
NFS_Unstable:          0 kB
Bounce:                0 kB
WritebackTmp:          0 kB
CommitLimit:     6152364 kB
Committed_AS:   18228488 kB
VmallocTotal:   34359738367 kB
VmallocUsed:           0 kB
VmallocChunk:          0 kB
HardwareCorrupted:     0 kB
AnonHugePages:   3252224 kB
HugePages_Total:       0
HugePages_Free:        0
HugePages_Rsvd:        0
HugePages_Surp:        0
Hugepagesize:       2048 kB
DirectMap4k:      233792 kB
DirectMap2M:     7036928 kB
DirectMap1G:     2097152 kB


CPU:total 4 (2 cores per cpu, 2 threads per core) family 6 model 69 stepping 1, cmov, cx8, fxsr, mmx, sse, sse2, sse3, ssse3, sse4.1, sse4.2, popcnt, avx, avx2, aes, clmul, erms, lzcnt, ht, tsc, tscinvbit, bmi1, bmi2

/proc/cpuinfo:
processor	: 0
vendor_id	: GenuineIntel
cpu family	: 6
model		: 69
model name	: Intel(R) Core(TM) i5-4210U CPU @ 1.70GHz
stepping	: 1
microcode	: 0x1d
cpu MHz		: 2399.906
cache size	: 3072 KB
physical id	: 0
siblings	: 4
core id		: 0
cpu cores	: 2
apicid		: 0
initial apicid	: 0
fpu		: yes
fpu_exception	: yes
cpuid level	: 13
wp		: yes
flags		: fpu vme de pse tsc msr pae mce cx8 apic sep mtrr pge mca cmov pat pse36 clflush dts acpi mmx fxsr sse sse2 ss ht tm pbe syscall nx pdpe1gb rdtscp lm constant_tsc arch_perfmon pebs bts rep_good nopl xtopology nonstop_tsc aperfmperf eagerfpu pni pclmulqdq dtes64 monitor ds_cpl vmx est tm2 ssse3 sdbg fma cx16 xtpr pdcm pcid sse4_1 sse4_2 movbe popcnt tsc_deadline_timer aes xsave avx f16c rdrand lahf_lm abm epb tpr_shadow vnmi flexpriority ept vpid fsgsbase tsc_adjust bmi1 avx2 smep bmi2 erms invpcid xsaveopt dtherm ida arat pln pts
bugs		:
bogomips	: 4791.66
clflush size	: 64
cache_alignment	: 64
address sizes	: 39 bits physical, 48 bits virtual
power management:

processor	: 1
vendor_id	: GenuineIntel
cpu family	: 6
model		: 69
model name	: Intel(R) Core(TM) i5-4210U CPU @ 1.70GHz
stepping	: 1
microcode	: 0x1d
cpu MHz		: 2399.906
cache size	: 3072 KB
physical id	: 0
siblings	: 4
core id		: 0
cpu cores	: 2
apicid		: 1
initial apicid	: 1
fpu		: yes
fpu_exception	: yes
cpuid level	: 13
wp		: yes
flags		: fpu vme de pse tsc msr pae mce cx8 apic sep mtrr pge mca cmov pat pse36 clflush dts acpi mmx fxsr sse sse2 ss ht tm pbe syscall nx pdpe1gb rdtscp lm constant_tsc arch_perfmon pebs bts rep_good nopl xtopology nonstop_tsc aperfmperf eagerfpu pni pclmulqdq dtes64 monitor ds_cpl vmx est tm2 ssse3 sdbg fma cx16 xtpr pdcm pcid sse4_1 sse4_2 movbe popcnt tsc_deadline_timer aes xsave avx f16c rdrand lahf_lm abm epb tpr_shadow vnmi flexpriority ept vpid fsgsbase tsc_adjust bmi1 avx2 smep bmi2 erms invpcid xsaveopt dtherm ida arat pln pts
bugs		:
bogomips	: 4791.66
clflush size	: 64
cache_alignment	: 64
address sizes	: 39 bits physical, 48 bits virtual
power management:

processor	: 2
vendor_id	: GenuineIntel
cpu family	: 6
model		: 69
model name	: Intel(R) Core(TM) i5-4210U CPU @ 1.70GHz
stepping	: 1
microcode	: 0x1d
cpu MHz		: 2399.906
cache size	: 3072 KB
physical id	: 0
siblings	: 4
core id		: 1
cpu cores	: 2
apicid		: 2
initial apicid	: 2
fpu		: yes
fpu_exception	: yes
cpuid level	: 13
wp		: yes
flags		: fpu vme de pse tsc msr pae mce cx8 apic sep mtrr pge mca cmov pat pse36 clflush dts acpi mmx fxsr sse sse2 ss ht tm pbe syscall nx pdpe1gb rdtscp lm constant_tsc arch_perfmon pebs bts rep_good nopl xtopology nonstop_tsc aperfmperf eagerfpu pni pclmulqdq dtes64 monitor ds_cpl vmx est tm2 ssse3 sdbg fma cx16 xtpr pdcm pcid sse4_1 sse4_2 movbe popcnt tsc_deadline_timer aes xsave avx f16c rdrand lahf_lm abm epb tpr_shadow vnmi flexpriority ept vpid fsgsbase tsc_adjust bmi1 avx2 smep bmi2 erms invpcid xsaveopt dtherm ida arat pln pts
bugs		:
bogomips	: 4791.66
clflush size	: 64
cache_alignment	: 64
address sizes	: 39 bits physical, 48 bits virtual
power management:

processor	: 3
vendor_id	: GenuineIntel
cpu family	: 6
model		: 69
model name	: Intel(R) Core(TM) i5-4210U CPU @ 1.70GHz
stepping	: 1
microcode	: 0x1d
cpu MHz		: 2399.906
cache size	: 3072 KB
physical id	: 0
siblings	: 4
core id		: 1
cpu cores	: 2
apicid		: 3
initial apicid	: 3
fpu		: yes
fpu_exception	: yes
cpuid level	: 13
wp		: yes
flags		: fpu vme de pse tsc msr pae mce cx8 apic sep mtrr pge mca cmov pat pse36 clflush dts acpi mmx fxsr sse sse2 ss ht tm pbe syscall nx pdpe1gb rdtscp lm constant_tsc arch_perfmon pebs bts rep_good nopl xtopology nonstop_tsc aperfmperf eagerfpu pni pclmulqdq dtes64 monitor ds_cpl vmx est tm2 ssse3 sdbg fma cx16 xtpr pdcm pcid sse4_1 sse4_2 movbe popcnt tsc_deadline_timer aes xsave avx f16c rdrand lahf_lm abm epb tpr_shadow vnmi flexpriority ept vpid fsgsbase tsc_adjust bmi1 avx2 smep bmi2 erms invpcid xsaveopt dtherm ida arat pln pts
bugs		:
bogomips	: 4791.66
clflush size	: 64
cache_alignment	: 64
address sizes	: 39 bits physical, 48 bits virtual
power management:



Memory: 4k page, physical 8110432k(77540k free), swap 2097148k(108k free)

vm_info: OpenJDK 64-Bit Server VM (25.92-b14) for linux-amd64 JRE (1.8.0_92-b14), built on Apr 24 2016 15:02:36 by "builduser" with gcc 5.3.0

time: Wed May 11 13:23:47 2016
elapsed time: 75 seconds (0d 0h 1m 15s)

