#
# There is insufficient memory for the Java Runtime Environment to continue.
# Native memory allocation (mmap) failed to map 87031808 bytes for committing reserved memory.
# Possible reasons:
#   The system is out of physical RAM or swap space
#   In 32 bit mode, the process size limit was hit
# Possible solutions:
#   Reduce memory load on the system
#   Increase physical memory or swap space
#   Check if swap backing store is full
#   Use 64 bit Java on a 64 bit OS
#   Decrease Java heap size (-Xmx/-Xms)
#   Decrease number of Java threads
#   Decrease Java thread stack sizes (-Xss)
#   Set larger code cache with -XX:ReservedCodeCacheSize=
# This output file may be truncated or incomplete.
#
#  Out of Memory Error (os_linux.cpp:2627), pid=27404, tid=0x00007f81209d9700
#
# JRE version:  (8.0_92-b14) (build )
# Java VM: OpenJDK 64-Bit Server VM (25.92-b14 mixed mode linux-amd64 compressed oops)
# Core dump written. Default location: /home/lifka/Workspace/githubProjects/Servicio-reserva-en-farmacias/Android/SisFarmaApp/app/core or core.27404
#

---------------  T H R E A D  ---------------

Current thread (0x00007f8118008800):  JavaThread "Unknown thread" [_thread_in_vm, id=27405, stack(0x00007f81208d9000,0x00007f81209da000)]

Stack: [0x00007f81208d9000,0x00007f81209da000],  sp=0x00007f81209d8650,  free space=1021k
Native frames: (J=compiled Java code, j=interpreted, Vv=VM code, C=native code)
V  [libjvm.so+0xa596cb]
V  [libjvm.so+0x4c344c]
V  [libjvm.so+0x8aa3f0]
V  [libjvm.so+0x8a491e]
V  [libjvm.so+0x91e90b]
V  [libjvm.so+0x90f413]
V  [libjvm.so+0x2ae931]
V  [libjvm.so+0x8cf3e9]
V  [libjvm.so+0xa1d199]
V  [libjvm.so+0xa1d3e2]
V  [libjvm.so+0x60cc5f]
V  [libjvm.so+0xa02b2a]
V  [libjvm.so+0x681e1f]  JNI_CreateJavaVM+0x5f
C  [libjli.so+0x2d1f]
C  [libpthread.so.0+0x7424]  start_thread+0xc4


---------------  P R O C E S S  ---------------

Java Threads: ( => current thread )

Other Threads:

=>0x00007f8118008800 (exited) JavaThread "Unknown thread" [_thread_in_vm, id=27405, stack(0x00007f81208d9000,0x00007f81209da000)]

VM state:not at safepoint (not fully initialized)

VM Mutex/Monitor currently owned by a thread: None

GC Heap History (0 events):
No events

Deoptimization events (0 events):
No events

Internal exceptions (0 events):
No events

Events (0 events):
No events


Dynamic libraries:
00400000-00401000 r-xp 00000000 08:03 3294483                            /usr/lib/jvm/java-8-openjdk/jre/bin/java
00600000-00601000 rw-p 00000000 08:03 3294483                            /usr/lib/jvm/java-8-openjdk/jre/bin/java
01688000-016a9000 rw-p 00000000 00:00 0                                  [heap]
c5300000-eab00000 ---p 00000000 00:00 0 
eab00000-ed400000 rw-p 00000000 00:00 0 
ed400000-100000000 ---p 00000000 00:00 0 
7f8109000000-7f8109270000 rwxp 00000000 00:00 0 
7f8109270000-7f8118000000 ---p 00000000 00:00 0 
7f8118000000-7f8118032000 rw-p 00000000 00:00 0 
7f8118032000-7f811c000000 ---p 00000000 00:00 0 
7f811d9a2000-7f811daf7000 ---p 00000000 00:00 0 
7f811daf7000-7f811db0c000 rw-p 00000000 00:00 0 
7f811db0c000-7f811dba2000 ---p 00000000 00:00 0 
7f811dba2000-7f811dbad000 rw-p 00000000 00:00 0 
7f811dbad000-7f811df63000 ---p 00000000 00:00 0 
7f811df63000-7f811df6b000 r-xp 00000000 08:03 3286437                    /usr/lib/jvm/java-8-openjdk/jre/lib/amd64/libzip.so
7f811df6b000-7f811e16a000 ---p 00008000 08:03 3286437                    /usr/lib/jvm/java-8-openjdk/jre/lib/amd64/libzip.so
7f811e16a000-7f811e16b000 rw-p 00007000 08:03 3286437                    /usr/lib/jvm/java-8-openjdk/jre/lib/amd64/libzip.so
7f811e16b000-7f811e176000 r-xp 00000000 08:03 3148989                    /usr/lib/libnss_files-2.23.so
7f811e176000-7f811e375000 ---p 0000b000 08:03 3148989                    /usr/lib/libnss_files-2.23.so
7f811e375000-7f811e376000 r--p 0000a000 08:03 3148989                    /usr/lib/libnss_files-2.23.so
7f811e376000-7f811e377000 rw-p 0000b000 08:03 3148989                    /usr/lib/libnss_files-2.23.so
7f811e377000-7f811e37d000 rw-p 00000000 00:00 0 
7f811e37d000-7f811e3a9000 r-xp 00000000 08:03 3286436                    /usr/lib/jvm/java-8-openjdk/jre/lib/amd64/libjava.so
7f811e3a9000-7f811e5a9000 ---p 0002c000 08:03 3286436                    /usr/lib/jvm/java-8-openjdk/jre/lib/amd64/libjava.so
7f811e5a9000-7f811e5ab000 rw-p 0002c000 08:03 3286436                    /usr/lib/jvm/java-8-openjdk/jre/lib/amd64/libjava.so
7f811e5ab000-7f811e5b8000 r-xp 00000000 08:03 3286425                    /usr/lib/jvm/java-8-openjdk/jre/lib/amd64/libverify.so
7f811e5b8000-7f811e7b7000 ---p 0000d000 08:03 3286425                    /usr/lib/jvm/java-8-openjdk/jre/lib/amd64/libverify.so
7f811e7b7000-7f811e7b9000 rw-p 0000c000 08:03 3286425                    /usr/lib/jvm/java-8-openjdk/jre/lib/amd64/libverify.so
7f811e7b9000-7f811e7c0000 r-xp 00000000 08:03 3148997                    /usr/lib/librt-2.23.so
7f811e7c0000-7f811e9bf000 ---p 00007000 08:03 3148997                    /usr/lib/librt-2.23.so
7f811e9bf000-7f811e9c0000 r--p 00006000 08:03 3148997                    /usr/lib/librt-2.23.so
7f811e9c0000-7f811e9c1000 rw-p 00007000 08:03 3148997                    /usr/lib/librt-2.23.so
7f811e9c1000-7f811eac4000 r-xp 00000000 08:03 3148994                    /usr/lib/libm-2.23.so
7f811eac4000-7f811ecc4000 ---p 00103000 08:03 3148994                    /usr/lib/libm-2.23.so
7f811ecc4000-7f811ecc5000 r--p 00103000 08:03 3148994                    /usr/lib/libm-2.23.so
7f811ecc5000-7f811ecc6000 rw-p 00104000 08:03 3148994                    /usr/lib/libm-2.23.so
7f811ecc6000-7f811f91b000 r-xp 00000000 08:03 3294474                    /usr/lib/jvm/java-8-openjdk/jre/lib/amd64/server/libjvm.so
7f811f91b000-7f811fb1b000 ---p 00c55000 08:03 3294474                    /usr/lib/jvm/java-8-openjdk/jre/lib/amd64/server/libjvm.so
7f811fb1b000-7f811fbd7000 rw-p 00c55000 08:03 3294474                    /usr/lib/jvm/java-8-openjdk/jre/lib/amd64/server/libjvm.so
7f811fbd7000-7f811fc07000 rw-p 00000000 00:00 0 
7f811fc07000-7f811fd9f000 r-xp 00000000 08:03 3148927                    /usr/lib/libc-2.23.so
7f811fd9f000-7f811ff9e000 ---p 00198000 08:03 3148927                    /usr/lib/libc-2.23.so
7f811ff9e000-7f811ffa2000 r--p 00197000 08:03 3148927                    /usr/lib/libc-2.23.so
7f811ffa2000-7f811ffa4000 rw-p 0019b000 08:03 3148927                    /usr/lib/libc-2.23.so
7f811ffa4000-7f811ffa8000 rw-p 00000000 00:00 0 
7f811ffa8000-7f811ffaa000 r-xp 00000000 08:03 3148993                    /usr/lib/libdl-2.23.so
7f811ffaa000-7f81201aa000 ---p 00002000 08:03 3148993                    /usr/lib/libdl-2.23.so
7f81201aa000-7f81201ab000 r--p 00002000 08:03 3148993                    /usr/lib/libdl-2.23.so
7f81201ab000-7f81201ac000 rw-p 00003000 08:03 3148993                    /usr/lib/libdl-2.23.so
7f81201ac000-7f81201b9000 r-xp 00000000 08:03 3294471                    /usr/lib/jvm/java-8-openjdk/jre/lib/amd64/jli/libjli.so
7f81201b9000-7f81203b8000 ---p 0000d000 08:03 3294471                    /usr/lib/jvm/java-8-openjdk/jre/lib/amd64/jli/libjli.so
7f81203b8000-7f81203b9000 rw-p 0000c000 08:03 3294471                    /usr/lib/jvm/java-8-openjdk/jre/lib/amd64/jli/libjli.so
7f81203b9000-7f81203ce000 r-xp 00000000 08:03 3152232                    /usr/lib/libz.so.1.2.8
7f81203ce000-7f81205cd000 ---p 00015000 08:03 3152232                    /usr/lib/libz.so.1.2.8
7f81205cd000-7f81205ce000 r--p 00014000 08:03 3152232                    /usr/lib/libz.so.1.2.8
7f81205ce000-7f81205cf000 rw-p 00015000 08:03 3152232                    /usr/lib/libz.so.1.2.8
7f81205cf000-7f81205e7000 r-xp 00000000 08:03 3148904                    /usr/lib/libpthread-2.23.so
7f81205e7000-7f81207e6000 ---p 00018000 08:03 3148904                    /usr/lib/libpthread-2.23.so
7f81207e6000-7f81207e7000 r--p 00017000 08:03 3148904                    /usr/lib/libpthread-2.23.so
7f81207e7000-7f81207e8000 rw-p 00018000 08:03 3148904                    /usr/lib/libpthread-2.23.so
7f81207e8000-7f81207ec000 rw-p 00000000 00:00 0 
7f81207ec000-7f812080f000 r-xp 00000000 08:03 3148926                    /usr/lib/ld-2.23.so
7f81208d9000-7f81208dc000 ---p 00000000 00:00 0 
7f81208dc000-7f81209de000 rw-p 00000000 00:00 0 
7f8120a04000-7f8120a0c000 rw-s 00000000 00:21 1764338                    /tmp/hsperfdata_lifka/27404
7f8120a0c000-7f8120a0d000 rw-p 00000000 00:00 0 
7f8120a0d000-7f8120a0e000 r--p 00000000 00:00 0 
7f8120a0e000-7f8120a0f000 rw-p 00000000 00:00 0 
7f8120a0f000-7f8120a10000 r--p 00023000 08:03 3148926                    /usr/lib/ld-2.23.so
7f8120a10000-7f8120a11000 rw-p 00024000 08:03 3148926                    /usr/lib/ld-2.23.so
7f8120a11000-7f8120a12000 rw-p 00000000 00:00 0 
7ffe33480000-7ffe334a1000 rw-p 00000000 00:00 0                          [stack]
7ffe33551000-7ffe33554000 r--p 00000000 00:00 0                          [vvar]
7ffe33554000-7ffe33556000 r-xp 00000000 00:00 0                          [vdso]
ffffffffff600000-ffffffffff601000 r-xp 00000000 00:00 0                  [vsyscall]

VM Arguments:
jvm_args: -Djava.awt.headless=true -Xmx1024M -Dfile.encoding=UTF-8 -Duser.country=ES -Duser.language=es -Duser.variant 
java_command: com.android.dx.command.Main --dex --force-jumbo --num-threads=4 --multi-dex --output /home/lifka/Workspace/githubProjects/Servicio-reserva-en-farmacias/Android/SisFarmaApp/app/build/intermediates/transforms/dex/debug/folders/1000/5/slice_8 /home/lifka/Workspace/githubProjects/Servicio-reserva-en-farmacias/Android/SisFarmaApp/app/build/intermediates/transforms/instantRunSlicer/debug/folders/1/5/slice_8
java_class_path (initial): /home/lifka/Android/Sdk/build-tools/23.0.2/lib/dx.jar
Launcher Type: SUN_STANDARD

Environment Variables:
PATH=/usr/local/sbin:/usr/local/bin:/usr/bin:/opt/android-sdk/tools:/usr/lib/jvm/default/bin:/usr/bin/site_perl:/usr/bin/vendor_perl:/usr/bin/core_perl
USERNAME=lifka
LD_LIBRARY_PATH=/opt/android-studio/bin:
SHELL=/bin/bash
DISPLAY=:0

Signal Handlers:
SIGSEGV: [libjvm.so+0xa5a220], sa_mask[0]=11111111011111111101111111111110, sa_flags=SA_RESTART|SA_SIGINFO
SIGBUS: [libjvm.so+0xa5a220], sa_mask[0]=11111111011111111101111111111110, sa_flags=SA_RESTART|SA_SIGINFO
SIGFPE: [libjvm.so+0x8a5a90], sa_mask[0]=11111111011111111101111111111110, sa_flags=SA_RESTART|SA_SIGINFO
SIGPIPE: [libjvm.so+0x8a5a90], sa_mask[0]=11111111011111111101111111111110, sa_flags=SA_RESTART|SA_SIGINFO
SIGXFSZ: [libjvm.so+0x8a5a90], sa_mask[0]=11111111011111111101111111111110, sa_flags=SA_RESTART|SA_SIGINFO
SIGILL: [libjvm.so+0x8a5a90], sa_mask[0]=11111111011111111101111111111110, sa_flags=SA_RESTART|SA_SIGINFO
SIGUSR1: SIG_DFL, sa_mask[0]=00000000000000000000000000000000, sa_flags=none
SIGUSR2: [libjvm.so+0x8a5940], sa_mask[0]=00100000000000000000000000000000, sa_flags=SA_RESTART|SA_SIGINFO
SIGHUP: SIG_DFL, sa_mask[0]=00000000000000000000000000000000, sa_flags=none
SIGINT: SIG_DFL, sa_mask[0]=00000000000000000000000000000000, sa_flags=none
SIGTERM: SIG_DFL, sa_mask[0]=00000000000000000000000000000000, sa_flags=none
SIGQUIT: SIG_DFL, sa_mask[0]=00000000000000000000000000000000, sa_flags=none


---------------  S Y S T E M  ---------------

OS:NAME="Arch Linux"
ID=arch
PRETTY_NAME="Arch Linux"
ANSI_COLOR="0;36"
HOME_URL="https://www.archlinux.org/"
SUPPORT_URL="https://bbs.archlinux.org/"
BUG_REPORT_URL="https://bugs.archlinux.org/"


uname:Linux 4.5.1-1-ARCH #1 SMP PREEMPT Thu Apr 14 19:19:32 CEST 2016 x86_64
libc:glibc 2.23 NPTL 2.23 
rlimit: STACK 8192k, CORE infinity, NPROC 31439, NOFILE 4096, AS infinity
load average:63.69 34.92 16.40

/proc/meminfo:
MemTotal:        8110432 kB
MemFree:           51976 kB
MemAvailable:      53012 kB
Buffers:            1396 kB
Cached:          2095332 kB
SwapCached:         2276 kB
Active:          6735832 kB
Inactive:        1067448 kB
Active(anon):    6718428 kB
Inactive(anon):  1051080 kB
Active(file):      17404 kB
Inactive(file):    16368 kB
Unevictable:         556 kB
Mlocked:             556 kB
SwapTotal:       2097148 kB
SwapFree:              0 kB
Dirty:                 0 kB
Writeback:             0 kB
AnonPages:       5705844 kB
Mapped:           238516 kB
Shmem:           2062564 kB
Slab:              98744 kB
SReclaimable:      50248 kB
SUnreclaim:        48496 kB
KernelStack:       13200 kB
PageTables:        51476 kB
NFS_Unstable:          0 kB
Bounce:                0 kB
WritebackTmp:          0 kB
CommitLimit:     6152364 kB
Committed_AS:   15085628 kB
VmallocTotal:   34359738367 kB
VmallocUsed:           0 kB
VmallocChunk:          0 kB
HardwareCorrupted:     0 kB
AnonHugePages:   3448832 kB
HugePages_Total:       0
HugePages_Free:        0
HugePages_Rsvd:        0
HugePages_Surp:        0
Hugepagesize:       2048 kB
DirectMap4k:      196928 kB
DirectMap2M:     7073792 kB
DirectMap1G:     2097152 kB


CPU:total 4 (2 cores per cpu, 2 threads per core) family 6 model 69 stepping 1, cmov, cx8, fxsr, mmx, sse, sse2, sse3, ssse3, sse4.1, sse4.2, popcnt, avx, avx2, aes, clmul, erms, lzcnt, ht, tsc, tscinvbit, bmi1, bmi2

/proc/cpuinfo:
processor	: 0
vendor_id	: GenuineIntel
cpu family	: 6
model		: 69
model name	: Intel(R) Core(TM) i5-4210U CPU @ 1.70GHz
stepping	: 1
microcode	: 0x1d
cpu MHz		: 2400.000
cache size	: 3072 KB
physical id	: 0
siblings	: 4
core id		: 0
cpu cores	: 2
apicid		: 0
initial apicid	: 0
fpu		: yes
fpu_exception	: yes
cpuid level	: 13
wp		: yes
flags		: fpu vme de pse tsc msr pae mce cx8 apic sep mtrr pge mca cmov pat pse36 clflush dts acpi mmx fxsr sse sse2 ss ht tm pbe syscall nx pdpe1gb rdtscp lm constant_tsc arch_perfmon pebs bts rep_good nopl xtopology nonstop_tsc aperfmperf eagerfpu pni pclmulqdq dtes64 monitor ds_cpl vmx est tm2 ssse3 sdbg fma cx16 xtpr pdcm pcid sse4_1 sse4_2 movbe popcnt tsc_deadline_timer aes xsave avx f16c rdrand lahf_lm abm epb tpr_shadow vnmi flexpriority ept vpid fsgsbase tsc_adjust bmi1 avx2 smep bmi2 erms invpcid xsaveopt dtherm ida arat pln pts
bugs		:
bogomips	: 4790.40
clflush size	: 64
cache_alignment	: 64
address sizes	: 39 bits physical, 48 bits virtual
power management:

processor	: 1
vendor_id	: GenuineIntel
cpu family	: 6
model		: 69
model name	: Intel(R) Core(TM) i5-4210U CPU @ 1.70GHz
stepping	: 1
microcode	: 0x1d
cpu MHz		: 2399.906
cache size	: 3072 KB
physical id	: 0
siblings	: 4
core id		: 0
cpu cores	: 2
apicid		: 1
initial apicid	: 1
fpu		: yes
fpu_exception	: yes
cpuid level	: 13
wp		: yes
flags		: fpu vme de pse tsc msr pae mce cx8 apic sep mtrr pge mca cmov pat pse36 clflush dts acpi mmx fxsr sse sse2 ss ht tm pbe syscall nx pdpe1gb rdtscp lm constant_tsc arch_perfmon pebs bts rep_good nopl xtopology nonstop_tsc aperfmperf eagerfpu pni pclmulqdq dtes64 monitor ds_cpl vmx est tm2 ssse3 sdbg fma cx16 xtpr pdcm pcid sse4_1 sse4_2 movbe popcnt tsc_deadline_timer aes xsave avx f16c rdrand lahf_lm abm epb tpr_shadow vnmi flexpriority ept vpid fsgsbase tsc_adjust bmi1 avx2 smep bmi2 erms invpcid xsaveopt dtherm ida arat pln pts
bugs		:
bogomips	: 4790.40
clflush size	: 64
cache_alignment	: 64
address sizes	: 39 bits physical, 48 bits virtual
power management:

processor	: 2
vendor_id	: GenuineIntel
cpu family	: 6
model		: 69
model name	: Intel(R) Core(TM) i5-4210U CPU @ 1.70GHz
stepping	: 1
microcode	: 0x1d
cpu MHz		: 2399.906
cache size	: 3072 KB
physical id	: 0
siblings	: 4
core id		: 1
cpu cores	: 2
apicid		: 2
initial apicid	: 2
fpu		: yes
fpu_exception	: yes
cpuid level	: 13
wp		: yes
flags		: fpu vme de pse tsc msr pae mce cx8 apic sep mtrr pge mca cmov pat pse36 clflush dts acpi mmx fxsr sse sse2 ss ht tm pbe syscall nx pdpe1gb rdtscp lm constant_tsc arch_perfmon pebs bts rep_good nopl xtopology nonstop_tsc aperfmperf eagerfpu pni pclmulqdq dtes64 monitor ds_cpl vmx est tm2 ssse3 sdbg fma cx16 xtpr pdcm pcid sse4_1 sse4_2 movbe popcnt tsc_deadline_timer aes xsave avx f16c rdrand lahf_lm abm epb tpr_shadow vnmi flexpriority ept vpid fsgsbase tsc_adjust bmi1 avx2 smep bmi2 erms invpcid xsaveopt dtherm ida arat pln pts
bugs		:
bogomips	: 4790.40
clflush size	: 64
cache_alignment	: 64
address sizes	: 39 bits physical, 48 bits virtual
power management:

processor	: 3
vendor_id	: GenuineIntel
cpu family	: 6
model		: 69
model name	: Intel(R) Core(TM) i5-4210U CPU @ 1.70GHz
stepping	: 1
microcode	: 0x1d
cpu MHz		: 2399.906
cache size	: 3072 KB
physical id	: 0
siblings	: 4
core id		: 1
cpu cores	: 2
apicid		: 3
initial apicid	: 3
fpu		: yes
fpu_exception	: yes
cpuid level	: 13
wp		: yes
flags		: fpu vme de pse tsc msr pae mce cx8 apic sep mtrr pge mca cmov pat pse36 clflush dts acpi mmx fxsr sse sse2 ss ht tm pbe syscall nx pdpe1gb rdtscp lm constant_tsc arch_perfmon pebs bts rep_good nopl xtopology nonstop_tsc aperfmperf eagerfpu pni pclmulqdq dtes64 monitor ds_cpl vmx est tm2 ssse3 sdbg fma cx16 xtpr pdcm pcid sse4_1 sse4_2 movbe popcnt tsc_deadline_timer aes xsave avx f16c rdrand lahf_lm abm epb tpr_shadow vnmi flexpriority ept vpid fsgsbase tsc_adjust bmi1 avx2 smep bmi2 erms invpcid xsaveopt dtherm ida arat pln pts
bugs		:
bogomips	: 4790.40
clflush size	: 64
cache_alignment	: 64
address sizes	: 39 bits physical, 48 bits virtual
power management:



Memory: 4k page, physical 8110432k(52148k free), swap 2097148k(0k free)

vm_info: OpenJDK 64-Bit Server VM (25.92-b14) for linux-amd64 JRE (1.8.0_92-b14), built on Apr 24 2016 15:02:36 by "builduser" with gcc 5.3.0

time: Tue May 10 19:06:22 2016
elapsed time: 0 seconds (0d 0h 0m 0s)

