#
# There is insufficient memory for the Java Runtime Environment to continue.
# Native memory allocation (mmap) failed to map 87031808 bytes for committing reserved memory.
# Possible reasons:
#   The system is out of physical RAM or swap space
#   In 32 bit mode, the process size limit was hit
# Possible solutions:
#   Reduce memory load on the system
#   Increase physical memory or swap space
#   Check if swap backing store is full
#   Use 64 bit Java on a 64 bit OS
#   Decrease Java heap size (-Xmx/-Xms)
#   Decrease number of Java threads
#   Decrease Java thread stack sizes (-Xss)
#   Set larger code cache with -XX:ReservedCodeCacheSize=
# This output file may be truncated or incomplete.
#
#  Out of Memory Error (os_linux.cpp:2627), pid=20878, tid=0x00007f41677f7700
#
# JRE version: OpenJDK Runtime Environment (8.0_92-b14) (build 1.8.0_92-b14)
# Java VM: OpenJDK 64-Bit Server VM (25.92-b14 mixed mode linux-amd64 compressed oops)
# Core dump written. Default location: /home/lifka/Workspace/githubProjects/Servicio-reserva-en-farmacias/Android/SisFarmaApp/app/core or core.20878
#

---------------  T H R E A D  ---------------

Current thread (0x00007f4184076000):  VMThread [stack: 0x00007f41676f7000,0x00007f41677f8000] [id=20887]

Stack: [0x00007f41676f7000,0x00007f41677f8000],  sp=0x00007f41677f64c0,  free space=1021k
Native frames: (J=compiled Java code, j=interpreted, Vv=VM code, C=native code)
V  [libjvm.so+0xa596cb]
V  [libjvm.so+0x4c344c]
V  [libjvm.so+0x8aa3f0]
V  [libjvm.so+0x8a491e]
V  [libjvm.so+0x91e90b]
V  [libjvm.so+0x91fc43]
V  [libjvm.so+0x91c31b]
V  [libjvm.so+0x91c5cc]
V  [libjvm.so+0x8ce953]
V  [libjvm.so+0xa5b312]
V  [libjvm.so+0xa602e7]
V  [libjvm.so+0xa5db2c]
V  [libjvm.so+0xa5ef0f]
V  [libjvm.so+0xa5f401]
V  [libjvm.so+0x8a7902]

VM_Operation (0x00007f4166a51d10): ParallelGCFailedAllocation, mode: safepoint, requested by thread 0x00007f418416b000


---------------  P R O C E S S  ---------------

Java Threads: ( => current thread )
  0x00007f418416d000 JavaThread "pool-2-thread-4" [_thread_blocked, id=20902, stack(0x00007f4166852000,0x00007f4166953000)]
  0x00007f418416b000 JavaThread "pool-2-thread-3" [_thread_blocked, id=20901, stack(0x00007f4166953000,0x00007f4166a54000)]
  0x00007f4184169800 JavaThread "pool-2-thread-2" [_thread_blocked, id=20900, stack(0x00007f4166a54000,0x00007f4166b55000)]
  0x00007f418415c800 JavaThread "pool-3-thread-1" [_thread_blocked, id=20899, stack(0x00007f4166b55000,0x00007f4166c56000)]
  0x00007f418415a800 JavaThread "pool-2-thread-1" [_thread_blocked, id=20898, stack(0x00007f4166c56000,0x00007f4166d57000)]
  0x00007f41840be800 JavaThread "Service Thread" daemon [_thread_blocked, id=20894, stack(0x00007f4166e58000,0x00007f4166f59000)]
  0x00007f41840bb800 JavaThread "C1 CompilerThread2" daemon [_thread_blocked, id=20893, stack(0x00007f4166f59000,0x00007f416705a000)]
  0x00007f41840b9800 JavaThread "C2 CompilerThread1" daemon [_thread_blocked, id=20892, stack(0x00007f416705a000,0x00007f416715b000)]
  0x00007f41840b7000 JavaThread "C2 CompilerThread0" daemon [_thread_blocked, id=20891, stack(0x00007f416715b000,0x00007f416725c000)]
  0x00007f41840b5800 JavaThread "Signal Dispatcher" daemon [_thread_blocked, id=20890, stack(0x00007f416725c000,0x00007f416735d000)]
  0x00007f4184082800 JavaThread "Finalizer" daemon [_thread_blocked, id=20889, stack(0x00007f41674f5000,0x00007f41675f6000)]
  0x00007f418407e000 JavaThread "Reference Handler" daemon [_thread_blocked, id=20888, stack(0x00007f41675f6000,0x00007f41676f7000)]
  0x00007f4184008800 JavaThread "main" [_thread_blocked, id=20882, stack(0x00007f418d90c000,0x00007f418da0d000)]

Other Threads:
=>0x00007f4184076000 VMThread [stack: 0x00007f41676f7000,0x00007f41677f8000] [id=20887]
  0x00007f41840c1000 WatcherThread [stack: 0x00007f4166d57000,0x00007f4166e58000] [id=20895]

VM state:at safepoint (normal execution)

VM Mutex/Monitor currently owned by a thread:  ([mutex/lock_event])
[0x00007f4184006660] Threads_lock - owner thread: 0x00007f4184076000
[0x00007f4184006b60] Heap_lock - owner thread: 0x00007f418416b000

Heap:
 PSYoungGen      total 68608K, used 5088K [0x00000000eab00000, 0x00000000ef300000, 0x0000000100000000)
  eden space 63488K, 0% used [0x00000000eab00000,0x00000000eab00000,0x00000000ee900000)
  from space 5120K, 99% used [0x00000000ee900000,0x00000000eedf8038,0x00000000eee00000)
  to   space 5120K, 0% used [0x00000000eee00000,0x00000000eee00000,0x00000000ef300000)
 ParOldGen       total 84992K, used 19315K [0x00000000c0000000, 0x00000000c5300000, 0x00000000eab00000)
  object space 84992K, 22% used [0x00000000c0000000,0x00000000c12dcf28,0x00000000c5300000)
 Metaspace       used 5979K, capacity 6896K, committed 7040K, reserved 1056768K
  class space    used 592K, capacity 616K, committed 640K, reserved 1048576K

Card table byte_map: [0x00007f418a9d5000,0x00007f418abd6000] byte_map_base: 0x00007f418a3d5000

Marking Bits: (ParMarkBitMap*) 0x00007f418cc1d540
 Begin Bits: [0x00007f418847b000, 0x00007f418947b000)
 End Bits:   [0x00007f418947b000, 0x00007f418a47b000)

Polling page: 0x00007f418da40000

CodeCache: size=245760Kb used=5189Kb max_used=5189Kb free=240570Kb
 bounds [0x00007f4175000000, 0x00007f4175520000, 0x00007f4184000000]
 total_blobs=1591 nmethods=1324 adapters=182
 compilation: enabled

Compilation events (10 events):
Event: 9.721 Thread 0x00007f41840bb800 nmethod 1606% 0x00007f417550d250 code [0x00007f417550d4e0, 0x00007f417550e6e8]
Event: 9.721 Thread 0x00007f41840bb800 1607 %     3       com.android.dx.util.FixedSizeList::shrinkToFit @ 54 (103 bytes)
Event: 9.722 Thread 0x00007f41840bb800 nmethod 1607% 0x00007f41754f3990 code [0x00007f41754f3b60, 0x00007f41754f44a8]
Event: 9.722 Thread 0x00007f41840bb800 1602       3       com.android.dx.cf.code.Merger::mergeLocals (122 bytes)
Event: 9.730 Thread 0x00007f41840b9800 nmethod 1527 0x00007f41754f3450 code [0x00007f41754f35a0, 0x00007f41754f3778]
Event: 9.730 Thread 0x00007f41840b9800 1615       4       com.android.dx.ssa.back.FirstFitLocalCombiningAllocator$1::processInsn (169 bytes)
Event: 9.772 Thread 0x00007f41840bb800 nmethod 1602 0x00007f417550fd50 code [0x00007f417550ffe0, 0x00007f4175511108]
Event: 9.772 Thread 0x00007f41840bb800 1617 %     3       com.android.dx.dex.code.RopTranslator::pickOrder @ 33 (400 bytes)
Event: 9.786 Thread 0x00007f41840bb800 nmethod 1617% 0x00007f4175511d50 code [0x00007f41755120c0, 0x00007f41755143f8]
Event: 9.786 Thread 0x00007f41840bb800 1619 %     3       com.android.dx.cf.code.BaseMachine::popArgs @ 34 (62 bytes)

GC Heap History (9 events):
Event: 2.496 GC heap before
{Heap before GC invocations=1 (full 0):
 PSYoungGen      total 36864K, used 31744K [0x00000000eab00000, 0x00000000ed400000, 0x0000000100000000)
  eden space 31744K, 100% used [0x00000000eab00000,0x00000000eca00000,0x00000000eca00000)
  from space 5120K, 0% used [0x00000000ecf00000,0x00000000ecf00000,0x00000000ed400000)
  to   space 5120K, 0% used [0x00000000eca00000,0x00000000eca00000,0x00000000ecf00000)
 ParOldGen       total 84992K, used 0K [0x00000000c0000000, 0x00000000c5300000, 0x00000000eab00000)
  object space 84992K, 0% used [0x00000000c0000000,0x00000000c0000000,0x00000000c5300000)
 Metaspace       used 5432K, capacity 6512K, committed 6784K, reserved 1056768K
  class space    used 565K, capacity 616K, committed 640K, reserved 1048576K
Event: 2.511 GC heap after
Heap after GC invocations=1 (full 0):
 PSYoungGen      total 36864K, used 3760K [0x00000000eab00000, 0x00000000ed400000, 0x0000000100000000)
  eden space 31744K, 0% used [0x00000000eab00000,0x00000000eab00000,0x00000000eca00000)
  from space 5120K, 73% used [0x00000000eca00000,0x00000000ecdac320,0x00000000ecf00000)
  to   space 5120K, 0% used [0x00000000ecf00000,0x00000000ecf00000,0x00000000ed400000)
 ParOldGen       total 84992K, used 8K [0x00000000c0000000, 0x00000000c5300000, 0x00000000eab00000)
  object space 84992K, 0% used [0x00000000c0000000,0x00000000c0002000,0x00000000c5300000)
 Metaspace       used 5432K, capacity 6512K, committed 6784K, reserved 1056768K
  class space    used 565K, capacity 616K, committed 640K, reserved 1048576K
}
Event: 4.035 GC heap before
{Heap before GC invocations=2 (full 0):
 PSYoungGen      total 36864K, used 35504K [0x00000000eab00000, 0x00000000ed400000, 0x0000000100000000)
  eden space 31744K, 100% used [0x00000000eab00000,0x00000000eca00000,0x00000000eca00000)
  from space 5120K, 73% used [0x00000000eca00000,0x00000000ecdac320,0x00000000ecf00000)
  to   space 5120K, 0% used [0x00000000ecf00000,0x00000000ecf00000,0x00000000ed400000)
 ParOldGen       total 84992K, used 8K [0x00000000c0000000, 0x00000000c5300000, 0x00000000eab00000)
  object space 84992K, 0% used [0x00000000c0000000,0x00000000c0002000,0x00000000c5300000)
 Metaspace       used 5768K, capacity 6768K, committed 7040K, reserved 1056768K
  class space    used 573K, capacity 616K, committed 640K, reserved 1048576K
Event: 4.079 GC heap after
Heap after GC invocations=2 (full 0):
 PSYoungGen      total 36864K, used 5095K [0x00000000eab00000, 0x00000000ef300000, 0x0000000100000000)
  eden space 31744K, 0% used [0x00000000eab00000,0x00000000eab00000,0x00000000eca00000)
  from space 5120K, 99% used [0x00000000ecf00000,0x00000000ed3f9c98,0x00000000ed400000)
  to   space 5120K, 0% used [0x00000000eca00000,0x00000000eca00000,0x00000000ecf00000)
 ParOldGen       total 84992K, used 1763K [0x00000000c0000000, 0x00000000c5300000, 0x00000000eab00000)
  object space 84992K, 2% used [0x00000000c0000000,0x00000000c01b8e10,0x00000000c5300000)
 Metaspace       used 5768K, capacity 6768K, committed 7040K, reserved 1056768K
  class space    used 573K, capacity 616K, committed 640K, reserved 1048576K
}
Event: 5.051 GC heap before
{Heap before GC invocations=3 (full 0):
 PSYoungGen      total 36864K, used 36839K [0x00000000eab00000, 0x00000000ef300000, 0x0000000100000000)
  eden space 31744K, 100% used [0x00000000eab00000,0x00000000eca00000,0x00000000eca00000)
  from space 5120K, 99% used [0x00000000ecf00000,0x00000000ed3f9c98,0x00000000ed400000)
  to   space 5120K, 0% used [0x00000000eca00000,0x00000000eca00000,0x00000000ecf00000)
 ParOldGen       total 84992K, used 1763K [0x00000000c0000000, 0x00000000c5300000, 0x00000000eab00000)
  object space 84992K, 2% used [0x00000000c0000000,0x00000000c01b8e10,0x00000000c5300000)
 Metaspace       used 5801K, capacity 6832K, committed 7040K, reserved 1056768K
  class space    used 573K, capacity 616K, committed 640K, reserved 1048576K
Event: 5.128 GC heap after
Heap after GC invocations=3 (full 0):
 PSYoungGen      total 36864K, used 5095K [0x00000000eab00000, 0x00000000ef300000, 0x0000000100000000)
  eden space 31744K, 0% used [0x00000000eab00000,0x00000000eab00000,0x00000000eca00000)
  from space 5120K, 99% used [0x00000000eca00000,0x00000000ecef9c78,0x00000000ecf00000)
  to   space 5120K, 0% used [0x00000000eee00000,0x00000000eee00000,0x00000000ef300000)
 ParOldGen       total 84992K, used 6152K [0x00000000c0000000, 0x00000000c5300000, 0x00000000eab00000)
  object space 84992K, 7% used [0x00000000c0000000,0x00000000c06021d0,0x00000000c5300000)
 Metaspace       used 5801K, capacity 6832K, committed 7040K, reserved 1056768K
  class space    used 573K, capacity 616K, committed 640K, reserved 1048576K
}
Event: 8.366 GC heap before
{Heap before GC invocations=4 (full 0):
 PSYoungGen      total 36864K, used 36839K [0x00000000eab00000, 0x00000000ef300000, 0x0000000100000000)
  eden space 31744K, 100% used [0x00000000eab00000,0x00000000eca00000,0x00000000eca00000)
  from space 5120K, 99% used [0x00000000eca00000,0x00000000ecef9c78,0x00000000ecf00000)
  to   space 5120K, 0% used [0x00000000eee00000,0x00000000eee00000,0x00000000ef300000)
 ParOldGen       total 84992K, used 6152K [0x00000000c0000000, 0x00000000c5300000, 0x00000000eab00000)
  object space 84992K, 7% used [0x00000000c0000000,0x00000000c06021d0,0x00000000c5300000)
 Metaspace       used 5879K, capacity 6896K, committed 7040K, reserved 1056768K
  class space    used 574K, capacity 616K, committed 640K, reserved 1048576K
Event: 8.539 GC heap after
Heap after GC invocations=4 (full 0):
 PSYoungGen      total 68608K, used 5088K [0x00000000eab00000, 0x00000000ef300000, 0x0000000100000000)
  eden space 63488K, 0% used [0x00000000eab00000,0x00000000eab00000,0x00000000ee900000)
  from space 5120K, 99% used [0x00000000eee00000,0x00000000ef2f8038,0x00000000ef300000)
  to   space 5120K, 0% used [0x00000000ee900000,0x00000000ee900000,0x00000000eee00000)
 ParOldGen       total 84992K, used 10787K [0x00000000c0000000, 0x00000000c5300000, 0x00000000eab00000)
  object space 84992K, 12% used [0x00000000c0000000,0x00000000c0a88d98,0x00000000c5300000)
 Metaspace       used 5879K, capacity 6896K, committed 7040K, reserved 1056768K
  class space    used 574K, capacity 616K, committed 640K, reserved 1048576K
}
Event: 9.790 GC heap before
{Heap before GC invocations=5 (full 0):
 PSYoungGen      total 68608K, used 68576K [0x00000000eab00000, 0x00000000ef300000, 0x0000000100000000)
  eden space 63488K, 100% used [0x00000000eab00000,0x00000000ee900000,0x00000000ee900000)
  from space 5120K, 99% used [0x00000000eee00000,0x00000000ef2f8038,0x00000000ef300000)
  to   space 5120K, 0% used [0x00000000ee900000,0x00000000ee900000,0x00000000eee00000)
 ParOldGen       total 84992K, used 10787K [0x00000000c0000000, 0x00000000c5300000, 0x00000000eab00000)
  object space 84992K, 12% used [0x00000000c0000000,0x00000000c0a88d98,0x00000000c5300000)
 Metaspace       used 5979K, capacity 6896K, committed 7040K, reserved 1056768K
  class space    used 592K, capacity 616K, committed 640K, reserved 1048576K

Deoptimization events (10 events):
Event: 3.327 Thread 0x00007f4184169800 Uncommon trap: reason=class_check action=maybe_recompile pc=0x00007f4175211dd0 method=com.android.dx.ssa.NormalSsaInsn.accept(Lcom/android/dx/ssa/SsaInsn$Visitor;)V @ 9
Event: 3.352 Thread 0x00007f4184169800 Uncommon trap: reason=class_check action=maybe_recompile pc=0x00007f41752b0d58 method=com.android.dx.ssa.NormalSsaInsn.accept(Lcom/android/dx/ssa/SsaInsn$Visitor;)V @ 9
Event: 3.688 Thread 0x00007f4184008800 Uncommon trap: reason=unstable_if action=reinterpret pc=0x00007f41752cb71c method=com.android.dx.rop.code.RegisterSpecSet.<init>(I)V @ 2
Event: 4.572 Thread 0x00007f418416d000 Uncommon trap: reason=unstable_if action=reinterpret pc=0x00007f417531c3c4 method=com.android.dx.util.IntList.binarysearch(I)I @ 105
Event: 4.794 Thread 0x00007f418415a800 Uncommon trap: reason=bimorphic action=maybe_recompile pc=0x00007f417521e0dc method=java.util.HashMap.getNode(ILjava/lang/Object;)Ljava/util/HashMap$Node; @ 126
Event: 4.879 Thread 0x00007f4184169800 Uncommon trap: reason=bimorphic action=maybe_recompile pc=0x00007f417521e0dc method=java.util.HashMap.getNode(ILjava/lang/Object;)Ljava/util/HashMap$Node; @ 126
Event: 5.157 Thread 0x00007f4184169800 Uncommon trap: reason=unstable_if action=reinterpret pc=0x00007f417530157c method=com.android.dx.ssa.SsaMethod.updateOneDefinition(Lcom/android/dx/ssa/SsaInsn;Lcom/android/dx/rop/code/RegisterSpec;)V @ 4
Event: 8.586 Thread 0x00007f418416b000 Uncommon trap: reason=unstable_if action=reinterpret pc=0x00007f41752ac0cc method=java.util.HashMap.putVal(ILjava/lang/Object;Ljava/lang/Object;ZZ)Ljava/lang/Object; @ 162
Event: 8.627 Thread 0x00007f418416b000 Uncommon trap: reason=unstable_if action=reinterpret pc=0x00007f417521e0c4 method=java.util.HashMap.getNode(ILjava/lang/Object;)Ljava/util/HashMap$Node; @ 84
Event: 8.627 Thread 0x00007f418416b000 Uncommon trap: reason=unstable_if action=reinterpret pc=0x00007f4175200f44 method=java.util.HashMap.getNode(ILjava/lang/Object;)Ljava/util/HashMap$Node; @ 84

Internal exceptions (6 events):
Event: 0.161 Thread 0x00007f4184008800 Exception <a 'java/lang/NoSuchMethodError': Method sun.misc.Unsafe.defineClass(Ljava/lang/String;[BII)Ljava/lang/Class; name or signature does not match> (0x00000000eab07cc0) thrown at [/build/java8-openjdk/src/jdk8u-jdk8u92-b14/hotspot/src/share/vm/prims
Event: 0.161 Thread 0x00007f4184008800 Exception <a 'java/lang/NoSuchMethodError': Method sun.misc.Unsafe.prefetchRead(Ljava/lang/Object;J)V name or signature does not match> (0x00000000eab07fa8) thrown at [/build/java8-openjdk/src/jdk8u-jdk8u92-b14/hotspot/src/share/vm/prims/jni.cpp, line 401
Event: 3.003 Thread 0x00007f4184008800 Implicit null exception at 0x00007f4175255ea2 to 0x00007f4175255f9b
Event: 8.603 Thread 0x00007f418416b000 Exception <a 'java/lang/ArrayIndexOutOfBoundsException': 18> (0x00000000eab53548) thrown at [/build/java8-openjdk/src/jdk8u-jdk8u92-b14/hotspot/src/share/vm/interpreter/interpreterRuntime.cpp, line 366]
Event: 8.604 Thread 0x00007f418416b000 Exception <a 'java/lang/ArrayIndexOutOfBoundsException': 145> (0x00000000eab550c8) thrown at [/build/java8-openjdk/src/jdk8u-jdk8u92-b14/hotspot/src/share/vm/interpreter/interpreterRuntime.cpp, line 366]
Event: 8.608 Thread 0x00007f418416b000 Exception <a 'java/lang/ArrayIndexOutOfBoundsException': 40> (0x00000000eab563b0) thrown at [/build/java8-openjdk/src/jdk8u-jdk8u92-b14/hotspot/src/share/vm/interpreter/interpreterRuntime.cpp, line 366]

Events (10 events):
Event: 9.591 Thread 0x00007f418416d000 DEOPT UNPACKING pc=0x00007f4175047373 sp=0x00007f4166950cd0 mode 0
Event: 9.612 Thread 0x00007f418416b000 DEOPT PACKING pc=0x00007f41752889c7 sp=0x00007f4166a51d70
Event: 9.612 Thread 0x00007f418416b000 DEOPT UNPACKING pc=0x00007f4175047373 sp=0x00007f4166a51ad8 mode 0
Event: 9.627 Thread 0x00007f418415a800 DEOPT PACKING pc=0x00007f41752889c7 sp=0x00007f4166d54da0
Event: 9.627 Thread 0x00007f418415a800 DEOPT UNPACKING pc=0x00007f4175047373 sp=0x00007f4166d54b08 mode 0
Event: 9.710 Thread 0x00007f4184008800 DEOPT PACKING pc=0x00007f41752798ad sp=0x00007f418da0a710
Event: 9.710 Thread 0x00007f4184008800 DEOPT UNPACKING pc=0x00007f4175047373 sp=0x00007f418da0a498 mode 0
Event: 9.754 Thread 0x00007f418416b000 DEOPT PACKING pc=0x00007f41752e84b8 sp=0x00007f4166a52150
Event: 9.754 Thread 0x00007f418416b000 DEOPT UNPACKING pc=0x00007f4175047373 sp=0x00007f4166a51f60 mode 0
Event: 9.789 Executing VM operation: ParallelGCFailedAllocation


Dynamic libraries:
00400000-00401000 r-xp 00000000 08:03 3294483                            /usr/lib/jvm/java-8-openjdk/jre/bin/java
00600000-00601000 rw-p 00000000 08:03 3294483                            /usr/lib/jvm/java-8-openjdk/jre/bin/java
02108000-02129000 rw-p 00000000 00:00 0                                  [heap]
c0000000-c5300000 rw-p 00000000 00:00 0 
c5300000-eab00000 ---p 00000000 00:00 0 
eab00000-ef300000 rw-p 00000000 00:00 0 
f4600000-100000000 ---p 00000000 00:00 0 
100000000-1000a0000 rw-p 00000000 00:00 0 
1000a0000-140000000 ---p 00000000 00:00 0 
7f4124000000-7f4124024000 rw-p 00000000 00:00 0 
7f4124024000-7f4128000000 ---p 00000000 00:00 0 
7f412c000000-7f412c02b000 rw-p 00000000 00:00 0 
7f412c02b000-7f4130000000 ---p 00000000 00:00 0 
7f4130000000-7f4130022000 rw-p 00000000 00:00 0 
7f4130022000-7f4134000000 ---p 00000000 00:00 0 
7f4134000000-7f4134021000 rw-p 00000000 00:00 0 
7f4134021000-7f4138000000 ---p 00000000 00:00 0 
7f4138000000-7f4138021000 rw-p 00000000 00:00 0 
7f4138021000-7f413c000000 ---p 00000000 00:00 0 
7f413c000000-7f413c021000 rw-p 00000000 00:00 0 
7f413c021000-7f4140000000 ---p 00000000 00:00 0 
7f4140000000-7f4140021000 rw-p 00000000 00:00 0 
7f4140021000-7f4144000000 ---p 00000000 00:00 0 
7f4144000000-7f41445ee000 rw-p 00000000 00:00 0 
7f41445ee000-7f4148000000 ---p 00000000 00:00 0 
7f4148000000-7f4148828000 rw-p 00000000 00:00 0 
7f4148828000-7f414c000000 ---p 00000000 00:00 0 
7f414c000000-7f414c021000 rw-p 00000000 00:00 0 
7f414c021000-7f4150000000 ---p 00000000 00:00 0 
7f4150000000-7f4150758000 rw-p 00000000 00:00 0 
7f4150758000-7f4154000000 ---p 00000000 00:00 0 
7f4154000000-7f4154021000 rw-p 00000000 00:00 0 
7f4154021000-7f4158000000 ---p 00000000 00:00 0 
7f4158000000-7f4158021000 rw-p 00000000 00:00 0 
7f4158021000-7f415c000000 ---p 00000000 00:00 0 
7f415c000000-7f415c031000 rw-p 00000000 00:00 0 
7f415c031000-7f4160000000 ---p 00000000 00:00 0 
7f4160000000-7f4160021000 rw-p 00000000 00:00 0 
7f4160021000-7f4164000000 ---p 00000000 00:00 0 
7f4166852000-7f4166855000 ---p 00000000 00:00 0 
7f4166855000-7f4166953000 rw-p 00000000 00:00 0 
7f4166953000-7f4166956000 ---p 00000000 00:00 0 
7f4166956000-7f4166a54000 rw-p 00000000 00:00 0 
7f4166a54000-7f4166a57000 ---p 00000000 00:00 0 
7f4166a57000-7f4166b55000 rw-p 00000000 00:00 0 
7f4166b55000-7f4166b58000 ---p 00000000 00:00 0 
7f4166b58000-7f4166c56000 rw-p 00000000 00:00 0 
7f4166c56000-7f4166c59000 ---p 00000000 00:00 0 
7f4166c59000-7f4166d57000 rw-p 00000000 00:00 0 
7f4166d57000-7f4166d58000 ---p 00000000 00:00 0 
7f4166d58000-7f4166e58000 rw-p 00000000 00:00 0 
7f4166e58000-7f4166e5b000 ---p 00000000 00:00 0 
7f4166e5b000-7f4166f59000 rw-p 00000000 00:00 0 
7f4166f59000-7f4166f5c000 ---p 00000000 00:00 0 
7f4166f5c000-7f416705a000 rw-p 00000000 00:00 0 
7f416705a000-7f416705d000 ---p 00000000 00:00 0 
7f416705d000-7f416715b000 rw-p 00000000 00:00 0 
7f416715b000-7f416715e000 ---p 00000000 00:00 0 
7f416715e000-7f416725c000 rw-p 00000000 00:00 0 
7f416725c000-7f416725f000 ---p 00000000 00:00 0 
7f416725f000-7f416735d000 rw-p 00000000 00:00 0 
7f416735d000-7f41674f5000 r--p 00000000 08:03 3182868                    /usr/lib/locale/locale-archive
7f41674f5000-7f41674f8000 ---p 00000000 00:00 0 
7f41674f8000-7f41675f6000 rw-p 00000000 00:00 0 
7f41675f6000-7f41675f9000 ---p 00000000 00:00 0 
7f41675f9000-7f41676f7000 rw-p 00000000 00:00 0 
7f41676f7000-7f41676f8000 ---p 00000000 00:00 0 
7f41676f8000-7f4168000000 rw-p 00000000 00:00 0 
7f4168000000-7f4168021000 rw-p 00000000 00:00 0 
7f4168021000-7f416c000000 ---p 00000000 00:00 0 
7f416c000000-7f416c021000 rw-p 00000000 00:00 0 
7f416c021000-7f4170000000 ---p 00000000 00:00 0 
7f4170000000-7f4170021000 rw-p 00000000 00:00 0 
7f4170021000-7f4174000000 ---p 00000000 00:00 0 
7f417401d000-7f4174043000 r--p 00000000 08:03 3147835                    /usr/share/locale/es/LC_MESSAGES/libc.mo
7f4174043000-7f417405b000 r--s 000f5000 08:03 11272326                   /home/lifka/Workspace/githubProjects/Servicio-reserva-en-farmacias/Android/SisFarmaApp/app/build/intermediates/exploded-aar/com.google.android.gms/play-services-ads/8.4.0/jars/classes.jar
7f417405b000-7f417406a000 r--s 000df000 08:03 7079310                    /home/lifka/Android/Sdk/build-tools/23.0.2/lib/dx.jar
7f417406a000-7f4174e40000 rw-p 00000000 00:00 0 
7f4174e40000-7f4175000000 ---p 00000000 00:00 0 
7f4175000000-7f4175520000 rwxp 00000000 00:00 0 
7f4175520000-7f4184000000 ---p 00000000 00:00 0 
7f4184000000-7f41841ab000 rw-p 00000000 00:00 0 
7f41841ab000-7f4188000000 ---p 00000000 00:00 0 
7f4188009000-7f4188017000 r--s 00193000 08:03 3289265                    /usr/lib/jvm/java-8-openjdk/jre/lib/ext/j3dutils.jar
7f4188017000-7f4188038000 rw-p 00000000 00:00 0 
7f4188038000-7f4188205000 r--s 03bec000 08:03 3286197                    /usr/lib/jvm/java-8-openjdk/jre/lib/rt.jar
7f4188205000-7f418a47b000 rw-p 00000000 00:00 0 
7f418a47b000-7f418a47c000 ---p 00000000 00:00 0 
7f418a47c000-7f418a57c000 rw-p 00000000 00:00 0 
7f418a57c000-7f418a57d000 ---p 00000000 00:00 0 
7f418a57d000-7f418a67d000 rw-p 00000000 00:00 0 
7f418a67d000-7f418a67e000 ---p 00000000 00:00 0 
7f418a67e000-7f418a77e000 rw-p 00000000 00:00 0 
7f418a77e000-7f418a77f000 ---p 00000000 00:00 0 
7f418a77f000-7f418a8a9000 rw-p 00000000 00:00 0 
7f418a8a9000-7f418a9d5000 ---p 00000000 00:00 0 
7f418a9d5000-7f418a9ff000 rw-p 00000000 00:00 0 
7f418a9ff000-7f418ab2a000 ---p 00000000 00:00 0 
7f418ab2a000-7f418ab4f000 rw-p 00000000 00:00 0 
7f418ab4f000-7f418abd5000 ---p 00000000 00:00 0 
7f418abd5000-7f418abeb000 rw-p 00000000 00:00 0 
7f418abeb000-7f418af96000 ---p 00000000 00:00 0 
7f418af96000-7f418af9e000 r-xp 00000000 08:03 3286437                    /usr/lib/jvm/java-8-openjdk/jre/lib/amd64/libzip.so
7f418af9e000-7f418b19d000 ---p 00008000 08:03 3286437                    /usr/lib/jvm/java-8-openjdk/jre/lib/amd64/libzip.so
7f418b19d000-7f418b19e000 rw-p 00007000 08:03 3286437                    /usr/lib/jvm/java-8-openjdk/jre/lib/amd64/libzip.so
7f418b19e000-7f418b1a9000 r-xp 00000000 08:03 3148989                    /usr/lib/libnss_files-2.23.so
7f418b1a9000-7f418b3a8000 ---p 0000b000 08:03 3148989                    /usr/lib/libnss_files-2.23.so
7f418b3a8000-7f418b3a9000 r--p 0000a000 08:03 3148989                    /usr/lib/libnss_files-2.23.so
7f418b3a9000-7f418b3aa000 rw-p 0000b000 08:03 3148989                    /usr/lib/libnss_files-2.23.so
7f418b3aa000-7f418b3b0000 rw-p 00000000 00:00 0 
7f418b3b0000-7f418b3dc000 r-xp 00000000 08:03 3286436                    /usr/lib/jvm/java-8-openjdk/jre/lib/amd64/libjava.so
7f418b3dc000-7f418b5dc000 ---p 0002c000 08:03 3286436                    /usr/lib/jvm/java-8-openjdk/jre/lib/amd64/libjava.so
7f418b5dc000-7f418b5de000 rw-p 0002c000 08:03 3286436                    /usr/lib/jvm/java-8-openjdk/jre/lib/amd64/libjava.so
7f418b5de000-7f418b5eb000 r-xp 00000000 08:03 3286425                    /usr/lib/jvm/java-8-openjdk/jre/lib/amd64/libverify.so
7f418b5eb000-7f418b7ea000 ---p 0000d000 08:03 3286425                    /usr/lib/jvm/java-8-openjdk/jre/lib/amd64/libverify.so
7f418b7ea000-7f418b7ec000 rw-p 0000c000 08:03 3286425                    /usr/lib/jvm/java-8-openjdk/jre/lib/amd64/libverify.so
7f418b7ec000-7f418b7f3000 r-xp 00000000 08:03 3148997                    /usr/lib/librt-2.23.so
7f418b7f3000-7f418b9f2000 ---p 00007000 08:03 3148997                    /usr/lib/librt-2.23.so
7f418b9f2000-7f418b9f3000 r--p 00006000 08:03 3148997                    /usr/lib/librt-2.23.so
7f418b9f3000-7f418b9f4000 rw-p 00007000 08:03 3148997                    /usr/lib/librt-2.23.so
7f418b9f4000-7f418baf7000 r-xp 00000000 08:03 3148994                    /usr/lib/libm-2.23.so
7f418baf7000-7f418bcf7000 ---p 00103000 08:03 3148994                    /usr/lib/libm-2.23.so
7f418bcf7000-7f418bcf8000 r--p 00103000 08:03 3148994                    /usr/lib/libm-2.23.so
7f418bcf8000-7f418bcf9000 rw-p 00104000 08:03 3148994                    /usr/lib/libm-2.23.so
7f418bcf9000-7f418c94e000 r-xp 00000000 08:03 3294474                    /usr/lib/jvm/java-8-openjdk/jre/lib/amd64/server/libjvm.so
7f418c94e000-7f418cb4e000 ---p 00c55000 08:03 3294474                    /usr/lib/jvm/java-8-openjdk/jre/lib/amd64/server/libjvm.so
7f418cb4e000-7f418cc0a000 rw-p 00c55000 08:03 3294474                    /usr/lib/jvm/java-8-openjdk/jre/lib/amd64/server/libjvm.so
7f418cc0a000-7f418cc3a000 rw-p 00000000 00:00 0 
7f418cc3a000-7f418cdd2000 r-xp 00000000 08:03 3148927                    /usr/lib/libc-2.23.so
7f418cdd2000-7f418cfd1000 ---p 00198000 08:03 3148927                    /usr/lib/libc-2.23.so
7f418cfd1000-7f418cfd5000 r--p 00197000 08:03 3148927                    /usr/lib/libc-2.23.so
7f418cfd5000-7f418cfd7000 rw-p 0019b000 08:03 3148927                    /usr/lib/libc-2.23.so
7f418cfd7000-7f418cfdb000 rw-p 00000000 00:00 0 
7f418cfdb000-7f418cfdd000 r-xp 00000000 08:03 3148993                    /usr/lib/libdl-2.23.so
7f418cfdd000-7f418d1dd000 ---p 00002000 08:03 3148993                    /usr/lib/libdl-2.23.so
7f418d1dd000-7f418d1de000 r--p 00002000 08:03 3148993                    /usr/lib/libdl-2.23.so
7f418d1de000-7f418d1df000 rw-p 00003000 08:03 3148993                    /usr/lib/libdl-2.23.so
7f418d1df000-7f418d1ec000 r-xp 00000000 08:03 3294471                    /usr/lib/jvm/java-8-openjdk/jre/lib/amd64/jli/libjli.so
7f418d1ec000-7f418d3eb000 ---p 0000d000 08:03 3294471                    /usr/lib/jvm/java-8-openjdk/jre/lib/amd64/jli/libjli.so
7f418d3eb000-7f418d3ec000 rw-p 0000c000 08:03 3294471                    /usr/lib/jvm/java-8-openjdk/jre/lib/amd64/jli/libjli.so
7f418d3ec000-7f418d401000 r-xp 00000000 08:03 3152232                    /usr/lib/libz.so.1.2.8
7f418d401000-7f418d600000 ---p 00015000 08:03 3152232                    /usr/lib/libz.so.1.2.8
7f418d600000-7f418d601000 r--p 00014000 08:03 3152232                    /usr/lib/libz.so.1.2.8
7f418d601000-7f418d602000 rw-p 00015000 08:03 3152232                    /usr/lib/libz.so.1.2.8
7f418d602000-7f418d61a000 r-xp 00000000 08:03 3148904                    /usr/lib/libpthread-2.23.so
7f418d61a000-7f418d819000 ---p 00018000 08:03 3148904                    /usr/lib/libpthread-2.23.so
7f418d819000-7f418d81a000 r--p 00017000 08:03 3148904                    /usr/lib/libpthread-2.23.so
7f418d81a000-7f418d81b000 rw-p 00018000 08:03 3148904                    /usr/lib/libpthread-2.23.so
7f418d81b000-7f418d81f000 rw-p 00000000 00:00 0 
7f418d81f000-7f418d842000 r-xp 00000000 08:03 3148926                    /usr/lib/ld-2.23.so
7f418d847000-7f418d90c000 rw-p 00000000 00:00 0 
7f418d90c000-7f418d90f000 ---p 00000000 00:00 0 
7f418d90f000-7f418da11000 rw-p 00000000 00:00 0 
7f418da15000-7f418da17000 r--s 0004c000 08:03 3289264                    /usr/lib/jvm/java-8-openjdk/jre/lib/ext/vecmath.jar
7f418da17000-7f418da23000 r--s 002c7000 08:03 3289266                    /usr/lib/jvm/java-8-openjdk/jre/lib/ext/j3dcore.jar
7f418da23000-7f418da37000 rw-p 00000000 00:00 0 
7f418da37000-7f418da3f000 rw-s 00000000 00:22 2211047                    /tmp/hsperfdata_lifka/20878
7f418da3f000-7f418da40000 rw-p 00000000 00:00 0 
7f418da40000-7f418da41000 ---p 00000000 00:00 0 
7f418da41000-7f418da42000 rw-p 00000000 00:00 0 
7f418da42000-7f418da43000 r--p 00023000 08:03 3148926                    /usr/lib/ld-2.23.so
7f418da43000-7f418da44000 rw-p 00024000 08:03 3148926                    /usr/lib/ld-2.23.so
7f418da44000-7f418da45000 rw-p 00000000 00:00 0 
7ffc1b544000-7ffc1b565000 rw-p 00000000 00:00 0                          [stack]
7ffc1b573000-7ffc1b576000 r--p 00000000 00:00 0                          [vvar]
7ffc1b576000-7ffc1b578000 r-xp 00000000 00:00 0                          [vdso]
ffffffffff600000-ffffffffff601000 r-xp 00000000 00:00 0                  [vsyscall]

VM Arguments:
jvm_args: -Djava.awt.headless=true -Xmx1024M -Dfile.encoding=UTF-8 -Duser.country=ES -Duser.language=es -Duser.variant 
java_command: com.android.dx.command.Main --dex --force-jumbo --num-threads=4 --multi-dex --output /home/lifka/Workspace/githubProjects/Servicio-reserva-en-farmacias/Android/SisFarmaApp/app/build/intermediates/transforms/dex/debug/folders/1000/10/com.google.android.gms-play-services-ads-8.4.0_2ef798db5cd44b4327d0f749250d1677efbd5a27 /home/lifka/Workspace/githubProjects/Servicio-reserva-en-farmacias/Android/SisFarmaApp/app/build/intermediates/exploded-aar/com.google.android.gms/play-services-ads/8.4.0/jars/classes.jar
java_class_path (initial): /home/lifka/Android/Sdk/build-tools/23.0.2/lib/dx.jar
Launcher Type: SUN_STANDARD

Environment Variables:
PATH=/usr/local/sbin:/usr/local/bin:/usr/bin:/opt/android-sdk/tools:/usr/lib/jvm/default/bin:/usr/bin/site_perl:/usr/bin/vendor_perl:/usr/bin/core_perl
USERNAME=lifka
LD_LIBRARY_PATH=/opt/android-studio/bin:
SHELL=/bin/bash
DISPLAY=:0

Signal Handlers:
SIGSEGV: [libjvm.so+0xa5a220], sa_mask[0]=11111111011111111101111111111110, sa_flags=SA_RESTART|SA_SIGINFO
SIGBUS: [libjvm.so+0xa5a220], sa_mask[0]=11111111011111111101111111111110, sa_flags=SA_RESTART|SA_SIGINFO
SIGFPE: [libjvm.so+0x8a5a90], sa_mask[0]=11111111011111111101111111111110, sa_flags=SA_RESTART|SA_SIGINFO
SIGPIPE: [libjvm.so+0x8a5a90], sa_mask[0]=11111111011111111101111111111110, sa_flags=SA_RESTART|SA_SIGINFO
SIGXFSZ: [libjvm.so+0x8a5a90], sa_mask[0]=11111111011111111101111111111110, sa_flags=SA_RESTART|SA_SIGINFO
SIGILL: [libjvm.so+0x8a5a90], sa_mask[0]=11111111011111111101111111111110, sa_flags=SA_RESTART|SA_SIGINFO
SIGUSR1: SIG_DFL, sa_mask[0]=00000000000000000000000000000000, sa_flags=none
SIGUSR2: [libjvm.so+0x8a5940], sa_mask[0]=00100000000000000000000000000000, sa_flags=SA_RESTART|SA_SIGINFO
SIGHUP: [libjvm.so+0x8a5e10], sa_mask[0]=11111111011111111101111111111110, sa_flags=SA_RESTART|SA_SIGINFO
SIGINT: [libjvm.so+0x8a5e10], sa_mask[0]=11111111011111111101111111111110, sa_flags=SA_RESTART|SA_SIGINFO
SIGTERM: [libjvm.so+0x8a5e10], sa_mask[0]=11111111011111111101111111111110, sa_flags=SA_RESTART|SA_SIGINFO
SIGQUIT: [libjvm.so+0x8a5e10], sa_mask[0]=11111111011111111101111111111110, sa_flags=SA_RESTART|SA_SIGINFO


---------------  S Y S T E M  ---------------

OS:NAME="Arch Linux"
ID=arch
PRETTY_NAME="Arch Linux"
ANSI_COLOR="0;36"
HOME_URL="https://www.archlinux.org/"
SUPPORT_URL="https://bbs.archlinux.org/"
BUG_REPORT_URL="https://bugs.archlinux.org/"


uname:Linux 4.5.1-1-ARCH #1 SMP PREEMPT Thu Apr 14 19:19:32 CEST 2016 x86_64
libc:glibc 2.23 NPTL 2.23 
rlimit: STACK 8192k, CORE infinity, NPROC 31439, NOFILE 4096, AS infinity
load average:7.66 3.09 2.52

/proc/meminfo:
MemTotal:        8110432 kB
MemFree:           98840 kB
MemAvailable:     100616 kB
Buffers:             824 kB
Cached:          1496220 kB
SwapCached:        14000 kB
Active:          6566232 kB
Inactive:        1185196 kB
Active(anon):    6561408 kB
Inactive(anon):  1155504 kB
Active(file):       4824 kB
Inactive(file):    29692 kB
Unevictable:         572 kB
Mlocked:             572 kB
SwapTotal:       2097148 kB
SwapFree:              0 kB
Dirty:                20 kB
Writeback:            88 kB
AnonPages:       6242136 kB
Mapped:           452400 kB
Shmem:           1461692 kB
Slab:              94564 kB
SReclaimable:      50244 kB
SUnreclaim:        44320 kB
KernelStack:       14128 kB
PageTables:        58464 kB
NFS_Unstable:          0 kB
Bounce:                0 kB
WritebackTmp:          0 kB
CommitLimit:     6152364 kB
Committed_AS:   15747196 kB
VmallocTotal:   34359738367 kB
VmallocUsed:           0 kB
VmallocChunk:          0 kB
HardwareCorrupted:     0 kB
AnonHugePages:   3708928 kB
HugePages_Total:       0
HugePages_Free:        0
HugePages_Rsvd:        0
HugePages_Surp:        0
Hugepagesize:       2048 kB
DirectMap4k:      221504 kB
DirectMap2M:     7049216 kB
DirectMap1G:     2097152 kB


CPU:total 4 (2 cores per cpu, 2 threads per core) family 6 model 69 stepping 1, cmov, cx8, fxsr, mmx, sse, sse2, sse3, ssse3, sse4.1, sse4.2, popcnt, avx, avx2, aes, clmul, erms, lzcnt, ht, tsc, tscinvbit, bmi1, bmi2

/proc/cpuinfo:
processor	: 0
vendor_id	: GenuineIntel
cpu family	: 6
model		: 69
model name	: Intel(R) Core(TM) i5-4210U CPU @ 1.70GHz
stepping	: 1
microcode	: 0x1d
cpu MHz		: 2400.000
cache size	: 3072 KB
physical id	: 0
siblings	: 4
core id		: 0
cpu cores	: 2
apicid		: 0
initial apicid	: 0
fpu		: yes
fpu_exception	: yes
cpuid level	: 13
wp		: yes
flags		: fpu vme de pse tsc msr pae mce cx8 apic sep mtrr pge mca cmov pat pse36 clflush dts acpi mmx fxsr sse sse2 ss ht tm pbe syscall nx pdpe1gb rdtscp lm constant_tsc arch_perfmon pebs bts rep_good nopl xtopology nonstop_tsc aperfmperf eagerfpu pni pclmulqdq dtes64 monitor ds_cpl vmx est tm2 ssse3 sdbg fma cx16 xtpr pdcm pcid sse4_1 sse4_2 movbe popcnt tsc_deadline_timer aes xsave avx f16c rdrand lahf_lm abm epb tpr_shadow vnmi flexpriority ept vpid fsgsbase tsc_adjust bmi1 avx2 smep bmi2 erms invpcid xsaveopt dtherm ida arat pln pts
bugs		:
bogomips	: 4790.62
clflush size	: 64
cache_alignment	: 64
address sizes	: 39 bits physical, 48 bits virtual
power management:

processor	: 1
vendor_id	: GenuineIntel
cpu family	: 6
model		: 69
model name	: Intel(R) Core(TM) i5-4210U CPU @ 1.70GHz
stepping	: 1
microcode	: 0x1d
cpu MHz		: 2400.000
cache size	: 3072 KB
physical id	: 0
siblings	: 4
core id		: 0
cpu cores	: 2
apicid		: 1
initial apicid	: 1
fpu		: yes
fpu_exception	: yes
cpuid level	: 13
wp		: yes
flags		: fpu vme de pse tsc msr pae mce cx8 apic sep mtrr pge mca cmov pat pse36 clflush dts acpi mmx fxsr sse sse2 ss ht tm pbe syscall nx pdpe1gb rdtscp lm constant_tsc arch_perfmon pebs bts rep_good nopl xtopology nonstop_tsc aperfmperf eagerfpu pni pclmulqdq dtes64 monitor ds_cpl vmx est tm2 ssse3 sdbg fma cx16 xtpr pdcm pcid sse4_1 sse4_2 movbe popcnt tsc_deadline_timer aes xsave avx f16c rdrand lahf_lm abm epb tpr_shadow vnmi flexpriority ept vpid fsgsbase tsc_adjust bmi1 avx2 smep bmi2 erms invpcid xsaveopt dtherm ida arat pln pts
bugs		:
bogomips	: 4790.62
clflush size	: 64
cache_alignment	: 64
address sizes	: 39 bits physical, 48 bits virtual
power management:

processor	: 2
vendor_id	: GenuineIntel
cpu family	: 6
model		: 69
model name	: Intel(R) Core(TM) i5-4210U CPU @ 1.70GHz
stepping	: 1
microcode	: 0x1d
cpu MHz		: 2399.906
cache size	: 3072 KB
physical id	: 0
siblings	: 4
core id		: 1
cpu cores	: 2
apicid		: 2
initial apicid	: 2
fpu		: yes
fpu_exception	: yes
cpuid level	: 13
wp		: yes
flags		: fpu vme de pse tsc msr pae mce cx8 apic sep mtrr pge mca cmov pat pse36 clflush dts acpi mmx fxsr sse sse2 ss ht tm pbe syscall nx pdpe1gb rdtscp lm constant_tsc arch_perfmon pebs bts rep_good nopl xtopology nonstop_tsc aperfmperf eagerfpu pni pclmulqdq dtes64 monitor ds_cpl vmx est tm2 ssse3 sdbg fma cx16 xtpr pdcm pcid sse4_1 sse4_2 movbe popcnt tsc_deadline_timer aes xsave avx f16c rdrand lahf_lm abm epb tpr_shadow vnmi flexpriority ept vpid fsgsbase tsc_adjust bmi1 avx2 smep bmi2 erms invpcid xsaveopt dtherm ida arat pln pts
bugs		:
bogomips	: 4790.62
clflush size	: 64
cache_alignment	: 64
address sizes	: 39 bits physical, 48 bits virtual
power management:

processor	: 3
vendor_id	: GenuineIntel
cpu family	: 6
model		: 69
model name	: Intel(R) Core(TM) i5-4210U CPU @ 1.70GHz
stepping	: 1
microcode	: 0x1d
cpu MHz		: 2399.906
cache size	: 3072 KB
physical id	: 0
siblings	: 4
core id		: 1
cpu cores	: 2
apicid		: 3
initial apicid	: 3
fpu		: yes
fpu_exception	: yes
cpuid level	: 13
wp		: yes
flags		: fpu vme de pse tsc msr pae mce cx8 apic sep mtrr pge mca cmov pat pse36 clflush dts acpi mmx fxsr sse sse2 ss ht tm pbe syscall nx pdpe1gb rdtscp lm constant_tsc arch_perfmon pebs bts rep_good nopl xtopology nonstop_tsc aperfmperf eagerfpu pni pclmulqdq dtes64 monitor ds_cpl vmx est tm2 ssse3 sdbg fma cx16 xtpr pdcm pcid sse4_1 sse4_2 movbe popcnt tsc_deadline_timer aes xsave avx f16c rdrand lahf_lm abm epb tpr_shadow vnmi flexpriority ept vpid fsgsbase tsc_adjust bmi1 avx2 smep bmi2 erms invpcid xsaveopt dtherm ida arat pln pts
bugs		:
bogomips	: 4790.62
clflush size	: 64
cache_alignment	: 64
address sizes	: 39 bits physical, 48 bits virtual
power management:



Memory: 4k page, physical 8110432k(98592k free), swap 2097148k(0k free)

vm_info: OpenJDK 64-Bit Server VM (25.92-b14) for linux-amd64 JRE (1.8.0_92-b14), built on Apr 24 2016 15:02:36 by "builduser" with gcc 5.3.0

time: Fri May 13 17:13:45 2016
elapsed time: 11 seconds (0d 0h 0m 11s)

