#
# There is insufficient memory for the Java Runtime Environment to continue.
# Native memory allocation (mmap) failed to map 87031808 bytes for committing reserved memory.
# Possible reasons:
#   The system is out of physical RAM or swap space
#   In 32 bit mode, the process size limit was hit
# Possible solutions:
#   Reduce memory load on the system
#   Increase physical memory or swap space
#   Check if swap backing store is full
#   Use 64 bit Java on a 64 bit OS
#   Decrease Java heap size (-Xmx/-Xms)
#   Decrease number of Java threads
#   Decrease Java thread stack sizes (-Xss)
#   Set larger code cache with -XX:ReservedCodeCacheSize=
# This output file may be truncated or incomplete.
#
#  Out of Memory Error (os_linux.cpp:2627), pid=22217, tid=0x00007f195df89700
#
# JRE version:  (8.0_92-b14) (build )
# Java VM: OpenJDK 64-Bit Server VM (25.92-b14 mixed mode linux-amd64 compressed oops)
# Core dump written. Default location: /home/lifka/Workspace/githubProjects/Servicio-reserva-en-farmacias/Android/SisFarmaApp/app/core or core.22217
#

---------------  T H R E A D  ---------------

Current thread (0x00007f1954008800):  JavaThread "Unknown thread" [_thread_in_vm, id=22222, stack(0x00007f195de89000,0x00007f195df8a000)]

Stack: [0x00007f195de89000,0x00007f195df8a000],  sp=0x00007f195df88650,  free space=1021k
Native frames: (J=compiled Java code, j=interpreted, Vv=VM code, C=native code)
V  [libjvm.so+0xa596cb]
V  [libjvm.so+0x4c344c]
V  [libjvm.so+0x8aa3f0]
V  [libjvm.so+0x8a491e]
V  [libjvm.so+0x91e90b]
V  [libjvm.so+0x90f413]
V  [libjvm.so+0x2ae931]
V  [libjvm.so+0x8cf3e9]
V  [libjvm.so+0xa1d199]
V  [libjvm.so+0xa1d3e2]
V  [libjvm.so+0x60cc5f]
V  [libjvm.so+0xa02b2a]
V  [libjvm.so+0x681e1f]  JNI_CreateJavaVM+0x5f
C  [libjli.so+0x2d1f]
C  [libpthread.so.0+0x7424]  start_thread+0xc4


---------------  P R O C E S S  ---------------

Java Threads: ( => current thread )

Other Threads:

=>0x00007f1954008800 (exited) JavaThread "Unknown thread" [_thread_in_vm, id=22222, stack(0x00007f195de89000,0x00007f195df8a000)]

VM state:not at safepoint (not fully initialized)

VM Mutex/Monitor currently owned by a thread: None

GC Heap History (0 events):
No events

Deoptimization events (0 events):
No events

Internal exceptions (0 events):
No events

Events (0 events):
No events


Dynamic libraries:
00400000-00401000 r-xp 00000000 08:03 3294483                            /usr/lib/jvm/java-8-openjdk/jre/bin/java
00600000-00601000 rw-p 00000000 08:03 3294483                            /usr/lib/jvm/java-8-openjdk/jre/bin/java
01bd6000-01bf7000 rw-p 00000000 00:00 0                                  [heap]
c5300000-eab00000 ---p 00000000 00:00 0 
eab00000-ed400000 rw-p 00000000 00:00 0 
ed400000-100000000 ---p 00000000 00:00 0 
7f1945000000-7f1945270000 rwxp 00000000 00:00 0 
7f1945270000-7f1954000000 ---p 00000000 00:00 0 
7f1954000000-7f1954032000 rw-p 00000000 00:00 0 
7f1954032000-7f1958000000 ---p 00000000 00:00 0 
7f195af52000-7f195b0a7000 ---p 00000000 00:00 0 
7f195b0a7000-7f195b0bc000 rw-p 00000000 00:00 0 
7f195b0bc000-7f195b152000 ---p 00000000 00:00 0 
7f195b152000-7f195b15d000 rw-p 00000000 00:00 0 
7f195b15d000-7f195b513000 ---p 00000000 00:00 0 
7f195b513000-7f195b51b000 r-xp 00000000 08:03 3286437                    /usr/lib/jvm/java-8-openjdk/jre/lib/amd64/libzip.so
7f195b51b000-7f195b71a000 ---p 00008000 08:03 3286437                    /usr/lib/jvm/java-8-openjdk/jre/lib/amd64/libzip.so
7f195b71a000-7f195b71b000 rw-p 00007000 08:03 3286437                    /usr/lib/jvm/java-8-openjdk/jre/lib/amd64/libzip.so
7f195b71b000-7f195b726000 r-xp 00000000 08:03 3148989                    /usr/lib/libnss_files-2.23.so
7f195b726000-7f195b925000 ---p 0000b000 08:03 3148989                    /usr/lib/libnss_files-2.23.so
7f195b925000-7f195b926000 r--p 0000a000 08:03 3148989                    /usr/lib/libnss_files-2.23.so
7f195b926000-7f195b927000 rw-p 0000b000 08:03 3148989                    /usr/lib/libnss_files-2.23.so
7f195b927000-7f195b92d000 rw-p 00000000 00:00 0 
7f195b92d000-7f195b959000 r-xp 00000000 08:03 3286436                    /usr/lib/jvm/java-8-openjdk/jre/lib/amd64/libjava.so
7f195b959000-7f195bb59000 ---p 0002c000 08:03 3286436                    /usr/lib/jvm/java-8-openjdk/jre/lib/amd64/libjava.so
7f195bb59000-7f195bb5b000 rw-p 0002c000 08:03 3286436                    /usr/lib/jvm/java-8-openjdk/jre/lib/amd64/libjava.so
7f195bb5b000-7f195bb68000 r-xp 00000000 08:03 3286425                    /usr/lib/jvm/java-8-openjdk/jre/lib/amd64/libverify.so
7f195bb68000-7f195bd67000 ---p 0000d000 08:03 3286425                    /usr/lib/jvm/java-8-openjdk/jre/lib/amd64/libverify.so
7f195bd67000-7f195bd69000 rw-p 0000c000 08:03 3286425                    /usr/lib/jvm/java-8-openjdk/jre/lib/amd64/libverify.so
7f195bd69000-7f195bd70000 r-xp 00000000 08:03 3148997                    /usr/lib/librt-2.23.so
7f195bd70000-7f195bf6f000 ---p 00007000 08:03 3148997                    /usr/lib/librt-2.23.so
7f195bf6f000-7f195bf70000 r--p 00006000 08:03 3148997                    /usr/lib/librt-2.23.so
7f195bf70000-7f195bf71000 rw-p 00007000 08:03 3148997                    /usr/lib/librt-2.23.so
7f195bf71000-7f195c074000 r-xp 00000000 08:03 3148994                    /usr/lib/libm-2.23.so
7f195c074000-7f195c274000 ---p 00103000 08:03 3148994                    /usr/lib/libm-2.23.so
7f195c274000-7f195c275000 r--p 00103000 08:03 3148994                    /usr/lib/libm-2.23.so
7f195c275000-7f195c276000 rw-p 00104000 08:03 3148994                    /usr/lib/libm-2.23.so
7f195c276000-7f195cecb000 r-xp 00000000 08:03 3294474                    /usr/lib/jvm/java-8-openjdk/jre/lib/amd64/server/libjvm.so
7f195cecb000-7f195d0cb000 ---p 00c55000 08:03 3294474                    /usr/lib/jvm/java-8-openjdk/jre/lib/amd64/server/libjvm.so
7f195d0cb000-7f195d187000 rw-p 00c55000 08:03 3294474                    /usr/lib/jvm/java-8-openjdk/jre/lib/amd64/server/libjvm.so
7f195d187000-7f195d1b7000 rw-p 00000000 00:00 0 
7f195d1b7000-7f195d34f000 r-xp 00000000 08:03 3148927                    /usr/lib/libc-2.23.so
7f195d34f000-7f195d54e000 ---p 00198000 08:03 3148927                    /usr/lib/libc-2.23.so
7f195d54e000-7f195d552000 r--p 00197000 08:03 3148927                    /usr/lib/libc-2.23.so
7f195d552000-7f195d554000 rw-p 0019b000 08:03 3148927                    /usr/lib/libc-2.23.so
7f195d554000-7f195d558000 rw-p 00000000 00:00 0 
7f195d558000-7f195d55a000 r-xp 00000000 08:03 3148993                    /usr/lib/libdl-2.23.so
7f195d55a000-7f195d75a000 ---p 00002000 08:03 3148993                    /usr/lib/libdl-2.23.so
7f195d75a000-7f195d75b000 r--p 00002000 08:03 3148993                    /usr/lib/libdl-2.23.so
7f195d75b000-7f195d75c000 rw-p 00003000 08:03 3148993                    /usr/lib/libdl-2.23.so
7f195d75c000-7f195d769000 r-xp 00000000 08:03 3294471                    /usr/lib/jvm/java-8-openjdk/jre/lib/amd64/jli/libjli.so
7f195d769000-7f195d968000 ---p 0000d000 08:03 3294471                    /usr/lib/jvm/java-8-openjdk/jre/lib/amd64/jli/libjli.so
7f195d968000-7f195d969000 rw-p 0000c000 08:03 3294471                    /usr/lib/jvm/java-8-openjdk/jre/lib/amd64/jli/libjli.so
7f195d969000-7f195d97e000 r-xp 00000000 08:03 3152232                    /usr/lib/libz.so.1.2.8
7f195d97e000-7f195db7d000 ---p 00015000 08:03 3152232                    /usr/lib/libz.so.1.2.8
7f195db7d000-7f195db7e000 r--p 00014000 08:03 3152232                    /usr/lib/libz.so.1.2.8
7f195db7e000-7f195db7f000 rw-p 00015000 08:03 3152232                    /usr/lib/libz.so.1.2.8
7f195db7f000-7f195db97000 r-xp 00000000 08:03 3148904                    /usr/lib/libpthread-2.23.so
7f195db97000-7f195dd96000 ---p 00018000 08:03 3148904                    /usr/lib/libpthread-2.23.so
7f195dd96000-7f195dd97000 r--p 00017000 08:03 3148904                    /usr/lib/libpthread-2.23.so
7f195dd97000-7f195dd98000 rw-p 00018000 08:03 3148904                    /usr/lib/libpthread-2.23.so
7f195dd98000-7f195dd9c000 rw-p 00000000 00:00 0 
7f195dd9c000-7f195ddbf000 r-xp 00000000 08:03 3148926                    /usr/lib/ld-2.23.so
7f195de89000-7f195de8c000 ---p 00000000 00:00 0 
7f195de8c000-7f195df8e000 rw-p 00000000 00:00 0 
7f195dfb4000-7f195dfbc000 rw-s 00000000 00:22 2460330                    /tmp/hsperfdata_lifka/22217
7f195dfbc000-7f195dfbd000 rw-p 00000000 00:00 0 
7f195dfbd000-7f195dfbe000 r--p 00000000 00:00 0 
7f195dfbe000-7f195dfbf000 rw-p 00000000 00:00 0 
7f195dfbf000-7f195dfc0000 r--p 00023000 08:03 3148926                    /usr/lib/ld-2.23.so
7f195dfc0000-7f195dfc1000 rw-p 00024000 08:03 3148926                    /usr/lib/ld-2.23.so
7f195dfc1000-7f195dfc2000 rw-p 00000000 00:00 0 
7ffc50f2a000-7ffc50f4b000 rw-p 00000000 00:00 0                          [stack]
7ffc50f60000-7ffc50f63000 r--p 00000000 00:00 0                          [vvar]
7ffc50f63000-7ffc50f65000 r-xp 00000000 00:00 0                          [vdso]
ffffffffff600000-ffffffffff601000 r-xp 00000000 00:00 0                  [vsyscall]

VM Arguments:
jvm_args: -Djava.awt.headless=true -Xmx1024M -Dfile.encoding=UTF-8 -Duser.country=ES -Duser.language=es -Duser.variant 
java_command: com.android.dx.command.Main --dex --force-jumbo --num-threads=4 --multi-dex --output /home/lifka/Workspace/githubProjects/Servicio-reserva-en-farmacias/Android/SisFarmaApp/app/build/intermediates/transforms/dex/debug/folders/1000/5/slice_9 /home/lifka/Workspace/githubProjects/Servicio-reserva-en-farmacias/Android/SisFarmaApp/app/build/intermediates/transforms/instantRunSlicer/debug/folders/1/5/slice_9
java_class_path (initial): /home/lifka/Android/Sdk/build-tools/23.0.2/lib/dx.jar
Launcher Type: SUN_STANDARD

Environment Variables:
PATH=/usr/local/sbin:/usr/local/bin:/usr/bin:/opt/android-sdk/tools:/usr/lib/jvm/default/bin:/usr/bin/site_perl:/usr/bin/vendor_perl:/usr/bin/core_perl
USERNAME=lifka
LD_LIBRARY_PATH=/opt/android-studio/bin:
SHELL=/bin/bash
DISPLAY=:0

Signal Handlers:
SIGSEGV: [libjvm.so+0xa5a220], sa_mask[0]=11111111011111111101111111111110, sa_flags=SA_RESTART|SA_SIGINFO
SIGBUS: [libjvm.so+0xa5a220], sa_mask[0]=11111111011111111101111111111110, sa_flags=SA_RESTART|SA_SIGINFO
SIGFPE: [libjvm.so+0x8a5a90], sa_mask[0]=11111111011111111101111111111110, sa_flags=SA_RESTART|SA_SIGINFO
SIGPIPE: [libjvm.so+0x8a5a90], sa_mask[0]=11111111011111111101111111111110, sa_flags=SA_RESTART|SA_SIGINFO
SIGXFSZ: [libjvm.so+0x8a5a90], sa_mask[0]=11111111011111111101111111111110, sa_flags=SA_RESTART|SA_SIGINFO
SIGILL: [libjvm.so+0x8a5a90], sa_mask[0]=11111111011111111101111111111110, sa_flags=SA_RESTART|SA_SIGINFO
SIGUSR1: SIG_DFL, sa_mask[0]=00000000000000000000000000000000, sa_flags=none
SIGUSR2: [libjvm.so+0x8a5940], sa_mask[0]=00100000000000000000000000000000, sa_flags=SA_RESTART|SA_SIGINFO
SIGHUP: SIG_DFL, sa_mask[0]=00000000000000000000000000000000, sa_flags=none
SIGINT: SIG_DFL, sa_mask[0]=00000000000000000000000000000000, sa_flags=none
SIGTERM: SIG_DFL, sa_mask[0]=00000000000000000000000000000000, sa_flags=none
SIGQUIT: SIG_DFL, sa_mask[0]=00000000000000000000000000000000, sa_flags=none


---------------  S Y S T E M  ---------------

OS:NAME="Arch Linux"
ID=arch
PRETTY_NAME="Arch Linux"
ANSI_COLOR="0;36"
HOME_URL="https://www.archlinux.org/"
SUPPORT_URL="https://bbs.archlinux.org/"
BUG_REPORT_URL="https://bugs.archlinux.org/"


uname:Linux 4.5.1-1-ARCH #1 SMP PREEMPT Thu Apr 14 19:19:32 CEST 2016 x86_64
libc:glibc 2.23 NPTL 2.23 
rlimit: STACK 8192k, CORE infinity, NPROC 31439, NOFILE 4096, AS infinity
load average:4.61 3.53 2.10

/proc/meminfo:
MemTotal:        8110432 kB
MemFree:           57072 kB
MemAvailable:      47848 kB
Buffers:            2084 kB
Cached:          1385172 kB
SwapCached:        10524 kB
Active:          6349452 kB
Inactive:        1419736 kB
Active(anon):    6334156 kB
Inactive(anon):  1409464 kB
Active(file):      15296 kB
Inactive(file):    10272 kB
Unevictable:         784 kB
Mlocked:             784 kB
SwapTotal:       2097148 kB
SwapFree:              0 kB
Dirty:               412 kB
Writeback:             0 kB
AnonPages:       6371156 kB
Mapped:           537252 kB
Shmem:           1360912 kB
Slab:              97540 kB
SReclaimable:      46840 kB
SUnreclaim:        50700 kB
KernelStack:       15536 kB
PageTables:        71888 kB
NFS_Unstable:          0 kB
Bounce:                0 kB
WritebackTmp:          0 kB
CommitLimit:     6152364 kB
Committed_AS:   17296780 kB
VmallocTotal:   34359738367 kB
VmallocUsed:           0 kB
VmallocChunk:          0 kB
HardwareCorrupted:     0 kB
AnonHugePages:   2471936 kB
HugePages_Total:       0
HugePages_Free:        0
HugePages_Rsvd:        0
HugePages_Surp:        0
Hugepagesize:       2048 kB
DirectMap4k:      196928 kB
DirectMap2M:     7073792 kB
DirectMap1G:     2097152 kB


CPU:total 4 (2 cores per cpu, 2 threads per core) family 6 model 69 stepping 1, cmov, cx8, fxsr, mmx, sse, sse2, sse3, ssse3, sse4.1, sse4.2, popcnt, avx, avx2, aes, clmul, erms, lzcnt, ht, tsc, tscinvbit, bmi1, bmi2

/proc/cpuinfo:
processor	: 0
vendor_id	: GenuineIntel
cpu family	: 6
model		: 69
model name	: Intel(R) Core(TM) i5-4210U CPU @ 1.70GHz
stepping	: 1
microcode	: 0x1d
cpu MHz		: 2399.906
cache size	: 3072 KB
physical id	: 0
siblings	: 4
core id		: 0
cpu cores	: 2
apicid		: 0
initial apicid	: 0
fpu		: yes
fpu_exception	: yes
cpuid level	: 13
wp		: yes
flags		: fpu vme de pse tsc msr pae mce cx8 apic sep mtrr pge mca cmov pat pse36 clflush dts acpi mmx fxsr sse sse2 ss ht tm pbe syscall nx pdpe1gb rdtscp lm constant_tsc arch_perfmon pebs bts rep_good nopl xtopology nonstop_tsc aperfmperf eagerfpu pni pclmulqdq dtes64 monitor ds_cpl vmx est tm2 ssse3 sdbg fma cx16 xtpr pdcm pcid sse4_1 sse4_2 movbe popcnt tsc_deadline_timer aes xsave avx f16c rdrand lahf_lm abm epb tpr_shadow vnmi flexpriority ept vpid fsgsbase tsc_adjust bmi1 avx2 smep bmi2 erms invpcid xsaveopt dtherm ida arat pln pts
bugs		:
bogomips	: 4790.45
clflush size	: 64
cache_alignment	: 64
address sizes	: 39 bits physical, 48 bits virtual
power management:

processor	: 1
vendor_id	: GenuineIntel
cpu family	: 6
model		: 69
model name	: Intel(R) Core(TM) i5-4210U CPU @ 1.70GHz
stepping	: 1
microcode	: 0x1d
cpu MHz		: 2400.000
cache size	: 3072 KB
physical id	: 0
siblings	: 4
core id		: 0
cpu cores	: 2
apicid		: 1
initial apicid	: 1
fpu		: yes
fpu_exception	: yes
cpuid level	: 13
wp		: yes
flags		: fpu vme de pse tsc msr pae mce cx8 apic sep mtrr pge mca cmov pat pse36 clflush dts acpi mmx fxsr sse sse2 ss ht tm pbe syscall nx pdpe1gb rdtscp lm constant_tsc arch_perfmon pebs bts rep_good nopl xtopology nonstop_tsc aperfmperf eagerfpu pni pclmulqdq dtes64 monitor ds_cpl vmx est tm2 ssse3 sdbg fma cx16 xtpr pdcm pcid sse4_1 sse4_2 movbe popcnt tsc_deadline_timer aes xsave avx f16c rdrand lahf_lm abm epb tpr_shadow vnmi flexpriority ept vpid fsgsbase tsc_adjust bmi1 avx2 smep bmi2 erms invpcid xsaveopt dtherm ida arat pln pts
bugs		:
bogomips	: 4790.45
clflush size	: 64
cache_alignment	: 64
address sizes	: 39 bits physical, 48 bits virtual
power management:

processor	: 2
vendor_id	: GenuineIntel
cpu family	: 6
model		: 69
model name	: Intel(R) Core(TM) i5-4210U CPU @ 1.70GHz
stepping	: 1
microcode	: 0x1d
cpu MHz		: 2400.000
cache size	: 3072 KB
physical id	: 0
siblings	: 4
core id		: 1
cpu cores	: 2
apicid		: 2
initial apicid	: 2
fpu		: yes
fpu_exception	: yes
cpuid level	: 13
wp		: yes
flags		: fpu vme de pse tsc msr pae mce cx8 apic sep mtrr pge mca cmov pat pse36 clflush dts acpi mmx fxsr sse sse2 ss ht tm pbe syscall nx pdpe1gb rdtscp lm constant_tsc arch_perfmon pebs bts rep_good nopl xtopology nonstop_tsc aperfmperf eagerfpu pni pclmulqdq dtes64 monitor ds_cpl vmx est tm2 ssse3 sdbg fma cx16 xtpr pdcm pcid sse4_1 sse4_2 movbe popcnt tsc_deadline_timer aes xsave avx f16c rdrand lahf_lm abm epb tpr_shadow vnmi flexpriority ept vpid fsgsbase tsc_adjust bmi1 avx2 smep bmi2 erms invpcid xsaveopt dtherm ida arat pln pts
bugs		:
bogomips	: 4790.45
clflush size	: 64
cache_alignment	: 64
address sizes	: 39 bits physical, 48 bits virtual
power management:

processor	: 3
vendor_id	: GenuineIntel
cpu family	: 6
model		: 69
model name	: Intel(R) Core(TM) i5-4210U CPU @ 1.70GHz
stepping	: 1
microcode	: 0x1d
cpu MHz		: 2400.000
cache size	: 3072 KB
physical id	: 0
siblings	: 4
core id		: 1
cpu cores	: 2
apicid		: 3
initial apicid	: 3
fpu		: yes
fpu_exception	: yes
cpuid level	: 13
wp		: yes
flags		: fpu vme de pse tsc msr pae mce cx8 apic sep mtrr pge mca cmov pat pse36 clflush dts acpi mmx fxsr sse sse2 ss ht tm pbe syscall nx pdpe1gb rdtscp lm constant_tsc arch_perfmon pebs bts rep_good nopl xtopology nonstop_tsc aperfmperf eagerfpu pni pclmulqdq dtes64 monitor ds_cpl vmx est tm2 ssse3 sdbg fma cx16 xtpr pdcm pcid sse4_1 sse4_2 movbe popcnt tsc_deadline_timer aes xsave avx f16c rdrand lahf_lm abm epb tpr_shadow vnmi flexpriority ept vpid fsgsbase tsc_adjust bmi1 avx2 smep bmi2 erms invpcid xsaveopt dtherm ida arat pln pts
bugs		:
bogomips	: 4790.45
clflush size	: 64
cache_alignment	: 64
address sizes	: 39 bits physical, 48 bits virtual
power management:



Memory: 4k page, physical 8110432k(57072k free), swap 2097148k(0k free)

vm_info: OpenJDK 64-Bit Server VM (25.92-b14) for linux-amd64 JRE (1.8.0_92-b14), built on Apr 24 2016 15:02:36 by "builduser" with gcc 5.3.0

time: Sun May  8 02:47:21 2016
elapsed time: 0 seconds (0d 0h 0m 0s)

