#
# There is insufficient memory for the Java Runtime Environment to continue.
# Native memory allocation (mmap) failed to map 169869312 bytes for committing reserved memory.
# Possible reasons:
#   The system is out of physical RAM or swap space
#   In 32 bit mode, the process size limit was hit
# Possible solutions:
#   Reduce memory load on the system
#   Increase physical memory or swap space
#   Check if swap backing store is full
#   Use 64 bit Java on a 64 bit OS
#   Decrease Java heap size (-Xmx/-Xms)
#   Decrease number of Java threads
#   Decrease Java thread stack sizes (-Xss)
#   Set larger code cache with -XX:ReservedCodeCacheSize=
# This output file may be truncated or incomplete.
#
#  Out of Memory Error (os_linux.cpp:2627), pid=28134, tid=0x00007f622c39b700
#
# JRE version: OpenJDK Runtime Environment (8.0_92-b14) (build 1.8.0_92-b14)
# Java VM: OpenJDK 64-Bit Server VM (25.92-b14 mixed mode linux-amd64 compressed oops)
# Core dump written. Default location: /home/lifka/Workspace/githubProjects/Servicio-reserva-en-farmacias/Android/SisFarmaApp/app/core or core.28134
#

---------------  T H R E A D  ---------------

Current thread (0x00007f6240076000):  VMThread [stack: 0x00007f622c29b000,0x00007f622c39c000] [id=28152]

Stack: [0x00007f622c29b000,0x00007f622c39c000],  sp=0x00007f622c39a4c0,  free space=1021k
Native frames: (J=compiled Java code, j=interpreted, Vv=VM code, C=native code)
V  [libjvm.so+0xa596cb]
V  [libjvm.so+0x4c344c]
V  [libjvm.so+0x8aa3f0]
V  [libjvm.so+0x8a491e]
V  [libjvm.so+0x91e90b]
V  [libjvm.so+0x91fc43]
V  [libjvm.so+0x91c31b]
V  [libjvm.so+0x91c5cc]
V  [libjvm.so+0x8ce953]
V  [libjvm.so+0xa5b312]
V  [libjvm.so+0xa602e7]
V  [libjvm.so+0xa5db2c]
V  [libjvm.so+0xa5ef0f]
V  [libjvm.so+0xa5f401]
V  [libjvm.so+0x8a7902]

VM_Operation (0x00007f621745bff0): ParallelGCFailedAllocation, mode: safepoint, requested by thread 0x00007f6240168000


---------------  P R O C E S S  ---------------

Java Threads: ( => current thread )
  0x00007f6240168000 JavaThread "pool-2-thread-4" [_thread_blocked, id=28228, stack(0x00007f621735d000,0x00007f621745e000)]
  0x00007f6240166800 JavaThread "pool-2-thread-3" [_thread_blocked, id=28227, stack(0x00007f621745e000,0x00007f621755f000)]
  0x00007f6240165800 JavaThread "pool-2-thread-2" [_thread_blocked, id=28226, stack(0x00007f621755f000,0x00007f6217660000)]
  0x00007f6240163800 JavaThread "pool-3-thread-1" [_thread_blocked, id=28224, stack(0x00007f6217660000,0x00007f6217761000)]
  0x00007f6240161800 JavaThread "pool-2-thread-1" [_thread_blocked, id=28223, stack(0x00007f6217761000,0x00007f6217862000)]
  0x00007f62400be800 JavaThread "Service Thread" daemon [_thread_blocked, id=28192, stack(0x00007f6217963000,0x00007f6217a64000)]
  0x00007f62400bb800 JavaThread "C1 CompilerThread2" daemon [_thread_blocked, id=28191, stack(0x00007f6217a64000,0x00007f6217b65000)]
  0x00007f62400b9800 JavaThread "C2 CompilerThread1" daemon [_thread_blocked, id=28189, stack(0x00007f6217b65000,0x00007f6217c66000)]
  0x00007f62400b7000 JavaThread "C2 CompilerThread0" daemon [_thread_blocked, id=28185, stack(0x00007f6217c66000,0x00007f6217d67000)]
  0x00007f62400b5800 JavaThread "Signal Dispatcher" daemon [_thread_blocked, id=28182, stack(0x00007f6217d67000,0x00007f6217e68000)]
  0x00007f6240082800 JavaThread "Finalizer" daemon [_thread_blocked, id=28158, stack(0x00007f622c099000,0x00007f622c19a000)]
  0x00007f624007e000 JavaThread "Reference Handler" daemon [_thread_blocked, id=28156, stack(0x00007f622c19a000,0x00007f622c29b000)]
  0x00007f6240008800 JavaThread "main" [_thread_blocked, id=28139, stack(0x00007f6246449000,0x00007f624654a000)]

Other Threads:
=>0x00007f6240076000 VMThread [stack: 0x00007f622c29b000,0x00007f622c39c000] [id=28152]
  0x00007f62400c1000 WatcherThread [stack: 0x00007f6217862000,0x00007f6217963000] [id=28193]

VM state:at safepoint (normal execution)

VM Mutex/Monitor currently owned by a thread:  ([mutex/lock_event])
[0x00007f6240006640] Threads_lock - owner thread: 0x00007f6240076000
[0x00007f6240006b40] Heap_lock - owner thread: 0x00007f6240168000

Heap:
 PSYoungGen      total 132096K, used 5090K [0x00000000eab00000, 0x00000000f3100000, 0x0000000100000000)
  eden space 126976K, 0% used [0x00000000eab00000,0x00000000eab00000,0x00000000f2700000)
  from space 5120K, 99% used [0x00000000f2700000,0x00000000f2bf8af8,0x00000000f2c00000)
  to   space 5120K, 0% used [0x00000000f2c00000,0x00000000f2c00000,0x00000000f3100000)
 ParOldGen       total 84992K, used 40406K [0x00000000c0000000, 0x00000000c5300000, 0x00000000eab00000)
  object space 84992K, 47% used [0x00000000c0000000,0x00000000c2775868,0x00000000c5300000)
 Metaspace       used 6221K, capacity 7088K, committed 7296K, reserved 1056768K
  class space    used 593K, capacity 616K, committed 640K, reserved 1048576K

Card table byte_map: [0x00007f62303f7000,0x00007f62305f8000] byte_map_base: 0x00007f622fdf7000

Marking Bits: (ParMarkBitMap*) 0x00007f624575a540
 Begin Bits: [0x00007f622df9e000, 0x00007f622ef9e000)
 End Bits:   [0x00007f622ef9e000, 0x00007f622ff9e000)

Polling page: 0x00007f624657d000

CodeCache: size=245760Kb used=6522Kb max_used=6522Kb free=239237Kb
 bounds [0x00007f62309b8000, 0x00007f6231028000, 0x00007f623f9b8000]
 total_blobs=1925 nmethods=1658 adapters=182
 compilation: enabled

Compilation events (10 events):
Event: 8.109 Thread 0x00007f62400bb800 nmethod 1995 0x00007f6231019690 code [0x00007f6231019800, 0x00007f6231019988]
Event: 8.109 Thread 0x00007f62400bb800 2016       2       com.android.dx.rop.cst.CstString::stringToUtf8Bytes (175 bytes)
Event: 8.110 Thread 0x00007f62400bb800 nmethod 2016 0x00007f6231019a50 code [0x00007f6231019c00, 0x00007f623101a138]
Event: 8.110 Thread 0x00007f62400bb800 2011       2       com.android.dx.cf.code.ExecutionStack::makeInitialized (51 bytes)
Event: 8.111 Thread 0x00007f62400bb800 nmethod 2011 0x00007f623101a4d0 code [0x00007f623101a660, 0x00007f623101a9f8]
Event: 8.111 Thread 0x00007f62400bb800 2012       2       com.android.dx.dex.code.RopTranslator::access$600 (6 bytes)
Event: 8.111 Thread 0x00007f62400bb800 nmethod 2012 0x00007f623101ac90 code [0x00007f623101ae00, 0x00007f623101af48]
Event: 8.111 Thread 0x00007f62400bb800 2017       1       com.android.dx.dex.file.DexFile::getTypeIds (5 bytes)
Event: 8.111 Thread 0x00007f62400bb800 nmethod 2017 0x00007f623101afd0 code [0x00007f623101b120, 0x00007f623101b230]
Event: 8.111 Thread 0x00007f62400bb800 2014       2       com.android.dx.rop.type.Type::asUninitialized (140 bytes)

GC Heap History (9 events):
Event: 2.699 GC heap before
{Heap before GC invocations=1 (full 0):
 PSYoungGen      total 36864K, used 31744K [0x00000000eab00000, 0x00000000ed400000, 0x0000000100000000)
  eden space 31744K, 100% used [0x00000000eab00000,0x00000000eca00000,0x00000000eca00000)
  from space 5120K, 0% used [0x00000000ecf00000,0x00000000ecf00000,0x00000000ed400000)
  to   space 5120K, 0% used [0x00000000eca00000,0x00000000eca00000,0x00000000ecf00000)
 ParOldGen       total 84992K, used 0K [0x00000000c0000000, 0x00000000c5300000, 0x00000000eab00000)
  object space 84992K, 0% used [0x00000000c0000000,0x00000000c0000000,0x00000000c5300000)
 Metaspace       used 5719K, capacity 6768K, committed 7040K, reserved 1056768K
  class space    used 573K, capacity 616K, committed 640K, reserved 1048576K
Event: 2.793 GC heap after
Heap after GC invocations=1 (full 0):
 PSYoungGen      total 36864K, used 5115K [0x00000000eab00000, 0x00000000ef300000, 0x0000000100000000)
  eden space 31744K, 0% used [0x00000000eab00000,0x00000000eab00000,0x00000000eca00000)
  from space 5120K, 99% used [0x00000000eca00000,0x00000000ecefecb0,0x00000000ecf00000)
  to   space 5120K, 0% used [0x00000000eee00000,0x00000000eee00000,0x00000000ef300000)
 ParOldGen       total 84992K, used 965K [0x00000000c0000000, 0x00000000c5300000, 0x00000000eab00000)
  object space 84992K, 1% used [0x00000000c0000000,0x00000000c00f14b8,0x00000000c5300000)
 Metaspace       used 5719K, capacity 6768K, committed 7040K, reserved 1056768K
  class space    used 573K, capacity 616K, committed 640K, reserved 1048576K
}
Event: 3.663 GC heap before
{Heap before GC invocations=2 (full 0):
 PSYoungGen      total 36864K, used 36859K [0x00000000eab00000, 0x00000000ef300000, 0x0000000100000000)
  eden space 31744K, 100% used [0x00000000eab00000,0x00000000eca00000,0x00000000eca00000)
  from space 5120K, 99% used [0x00000000eca00000,0x00000000ecefecb0,0x00000000ecf00000)
  to   space 5120K, 0% used [0x00000000eee00000,0x00000000eee00000,0x00000000ef300000)
 ParOldGen       total 84992K, used 965K [0x00000000c0000000, 0x00000000c5300000, 0x00000000eab00000)
  object space 84992K, 1% used [0x00000000c0000000,0x00000000c00f14b8,0x00000000c5300000)
 Metaspace       used 5782K, capacity 6832K, committed 7040K, reserved 1056768K
  class space    used 574K, capacity 616K, committed 640K, reserved 1048576K
Event: 3.711 GC heap after
Heap after GC invocations=2 (full 0):
 PSYoungGen      total 68608K, used 5119K [0x00000000eab00000, 0x00000000ef300000, 0x0000000100000000)
  eden space 63488K, 0% used [0x00000000eab00000,0x00000000eab00000,0x00000000ee900000)
  from space 5120K, 99% used [0x00000000eee00000,0x00000000ef2fff50,0x00000000ef300000)
  to   space 5120K, 0% used [0x00000000ee900000,0x00000000ee900000,0x00000000eee00000)
 ParOldGen       total 84992K, used 5066K [0x00000000c0000000, 0x00000000c5300000, 0x00000000eab00000)
  object space 84992K, 5% used [0x00000000c0000000,0x00000000c04f28a0,0x00000000c5300000)
 Metaspace       used 5782K, capacity 6832K, committed 7040K, reserved 1056768K
  class space    used 574K, capacity 616K, committed 640K, reserved 1048576K
}
Event: 4.896 GC heap before
{Heap before GC invocations=3 (full 0):
 PSYoungGen      total 68608K, used 68607K [0x00000000eab00000, 0x00000000ef300000, 0x0000000100000000)
  eden space 63488K, 100% used [0x00000000eab00000,0x00000000ee900000,0x00000000ee900000)
  from space 5120K, 99% used [0x00000000eee00000,0x00000000ef2fff50,0x00000000ef300000)
  to   space 5120K, 0% used [0x00000000ee900000,0x00000000ee900000,0x00000000eee00000)
 ParOldGen       total 84992K, used 5066K [0x00000000c0000000, 0x00000000c5300000, 0x00000000eab00000)
  object space 84992K, 5% used [0x00000000c0000000,0x00000000c04f28a0,0x00000000c5300000)
 Metaspace       used 5881K, capacity 6896K, committed 7040K, reserved 1056768K
  class space    used 574K, capacity 616K, committed 640K, reserved 1048576K
Event: 4.982 GC heap after
Heap after GC invocations=3 (full 0):
 PSYoungGen      total 68608K, used 5089K [0x00000000eab00000, 0x00000000f3100000, 0x0000000100000000)
  eden space 63488K, 0% used [0x00000000eab00000,0x00000000eab00000,0x00000000ee900000)
  from space 5120K, 99% used [0x00000000ee900000,0x00000000eedf8430,0x00000000eee00000)
  to   space 5120K, 0% used [0x00000000f2c00000,0x00000000f2c00000,0x00000000f3100000)
 ParOldGen       total 84992K, used 14180K [0x00000000c0000000, 0x00000000c5300000, 0x00000000eab00000)
  object space 84992K, 16% used [0x00000000c0000000,0x00000000c0dd9360,0x00000000c5300000)
 Metaspace       used 5881K, capacity 6896K, committed 7040K, reserved 1056768K
  class space    used 574K, capacity 616K, committed 640K, reserved 1048576K
}
Event: 5.992 GC heap before
{Heap before GC invocations=4 (full 0):
 PSYoungGen      total 68608K, used 68577K [0x00000000eab00000, 0x00000000f3100000, 0x0000000100000000)
  eden space 63488K, 100% used [0x00000000eab00000,0x00000000ee900000,0x00000000ee900000)
  from space 5120K, 99% used [0x00000000ee900000,0x00000000eedf8430,0x00000000eee00000)
  to   space 5120K, 0% used [0x00000000f2c00000,0x00000000f2c00000,0x00000000f3100000)
 ParOldGen       total 84992K, used 14180K [0x00000000c0000000, 0x00000000c5300000, 0x00000000eab00000)
  object space 84992K, 16% used [0x00000000c0000000,0x00000000c0dd9360,0x00000000c5300000)
 Metaspace       used 6090K, capacity 7024K, committed 7296K, reserved 1056768K
  class space    used 592K, capacity 616K, committed 640K, reserved 1048576K
Event: 6.158 GC heap after
Heap after GC invocations=4 (full 0):
 PSYoungGen      total 132096K, used 5094K [0x00000000eab00000, 0x00000000f3100000, 0x0000000100000000)
  eden space 126976K, 0% used [0x00000000eab00000,0x00000000eab00000,0x00000000f2700000)
  from space 5120K, 99% used [0x00000000f2c00000,0x00000000f30f9978,0x00000000f3100000)
  to   space 5120K, 0% used [0x00000000f2700000,0x00000000f2700000,0x00000000f2c00000)
 ParOldGen       total 84992K, used 22968K [0x00000000c0000000, 0x00000000c5300000, 0x00000000eab00000)
  object space 84992K, 27% used [0x00000000c0000000,0x00000000c166e2c0,0x00000000c5300000)
 Metaspace       used 6090K, capacity 7024K, committed 7296K, reserved 1056768K
  class space    used 592K, capacity 616K, committed 640K, reserved 1048576K
}
Event: 8.152 GC heap before
{Heap before GC invocations=5 (full 0):
 PSYoungGen      total 132096K, used 132070K [0x00000000eab00000, 0x00000000f3100000, 0x0000000100000000)
  eden space 126976K, 100% used [0x00000000eab00000,0x00000000f2700000,0x00000000f2700000)
  from space 5120K, 99% used [0x00000000f2c00000,0x00000000f30f9978,0x00000000f3100000)
  to   space 5120K, 0% used [0x00000000f2700000,0x00000000f2700000,0x00000000f2c00000)
 ParOldGen       total 84992K, used 22968K [0x00000000c0000000, 0x00000000c5300000, 0x00000000eab00000)
  object space 84992K, 27% used [0x00000000c0000000,0x00000000c166e2c0,0x00000000c5300000)
 Metaspace       used 6221K, capacity 7088K, committed 7296K, reserved 1056768K
  class space    used 593K, capacity 616K, committed 640K, reserved 1048576K

Deoptimization events (10 events):
Event: 3.539 Thread 0x00007f6240165800 Uncommon trap: reason=unstable_if action=reinterpret pc=0x00007f6230c5e99c method=com.android.dx.rop.cst.Constant.compareTo(Lcom/android/dx/rop/cst/Constant;)I @ 12
Event: 4.455 Thread 0x00007f6240161800 Uncommon trap: reason=unstable_if action=reinterpret pc=0x00007f6230d3d244 method=com.android.dx.util.IntList.binarysearch(I)I @ 105
Event: 4.645 Thread 0x00007f6240166800 Uncommon trap: reason=unstable_if action=reinterpret pc=0x00007f6230d51d7c method=com.android.dx.ssa.SsaMethod.updateOneDefinition(Lcom/android/dx/ssa/SsaInsn;Lcom/android/dx/rop/code/RegisterSpec;)V @ 4
Event: 5.194 Thread 0x00007f6240168000 Uncommon trap: reason=unstable_if action=reinterpret pc=0x00007f6230e1bdb0 method=com.android.dx.ssa.SCCP.simulateStmt(Lcom/android/dx/ssa/SsaInsn;)V @ 53
Event: 5.551 Thread 0x00007f6240008800 Uncommon trap: reason=unstable_if action=reinterpret pc=0x00007f6230c71470 method=java.util.HashMap.putVal(ILjava/lang/Object;Ljava/lang/Object;ZZ)Ljava/lang/Object; @ 162
Event: 5.577 Thread 0x00007f6240008800 Uncommon trap: reason=unstable_if action=reinterpret pc=0x00007f6230bdce6c method=java.util.HashMap.getNode(ILjava/lang/Object;)Ljava/util/HashMap$Node; @ 84
Event: 5.579 Thread 0x00007f6240008800 Uncommon trap: reason=unstable_if action=reinterpret pc=0x00007f6230bca134 method=java.util.HashMap.getNode(ILjava/lang/Object;)Ljava/util/HashMap$Node; @ 84
Event: 5.579 Thread 0x00007f6240008800 Uncommon trap: reason=unstable_if action=reinterpret pc=0x00007f6230db3118 method=java.util.HashMap.putVal(ILjava/lang/Object;Ljava/lang/Object;ZZ)Ljava/lang/Object; @ 109
Event: 7.194 Thread 0x00007f6240165800 Uncommon trap: reason=unstable_if action=reinterpret pc=0x00007f6230d4a788 method=com.android.dx.dex.code.OutputFinisher.hasLocalInfo(Lcom/android/dx/dex/code/DalvInsn;)Z @ 24
Event: 7.544 Thread 0x00007f6240165800 Uncommon trap: reason=unstable_if action=reinterpret pc=0x00007f6230f62c28 method=com.android.dx.ssa.SCCP.simulateBranch(Lcom/android/dx/ssa/SsaInsn;)V @ 548

Internal exceptions (6 events):
Event: 0.029 Thread 0x00007f6240008800 Exception <a 'java/lang/NoSuchMethodError': Method sun.misc.Unsafe.defineClass(Ljava/lang/String;[BII)Ljava/lang/Class; name or signature does not match> (0x00000000eab07cc0) thrown at [/build/java8-openjdk/src/jdk8u-jdk8u92-b14/hotspot/src/share/vm/prims
Event: 0.029 Thread 0x00007f6240008800 Exception <a 'java/lang/NoSuchMethodError': Method sun.misc.Unsafe.prefetchRead(Ljava/lang/Object;J)V name or signature does not match> (0x00000000eab07fa8) thrown at [/build/java8-openjdk/src/jdk8u-jdk8u92-b14/hotspot/src/share/vm/prims/jni.cpp, line 401
Event: 3.016 Thread 0x00007f6240165800 Implicit null exception at 0x00007f6230c6781d to 0x00007f6230c6a7c1
Event: 5.569 Thread 0x00007f6240008800 Exception <a 'java/lang/ArrayIndexOutOfBoundsException': 18> (0x00000000ed40c148) thrown at [/build/java8-openjdk/src/jdk8u-jdk8u92-b14/hotspot/src/share/vm/interpreter/interpreterRuntime.cpp, line 366]
Event: 5.569 Thread 0x00007f6240008800 Exception <a 'java/lang/ArrayIndexOutOfBoundsException': 145> (0x00000000ed40df10) thrown at [/build/java8-openjdk/src/jdk8u-jdk8u92-b14/hotspot/src/share/vm/interpreter/interpreterRuntime.cpp, line 366]
Event: 5.572 Thread 0x00007f6240008800 Exception <a 'java/lang/ArrayIndexOutOfBoundsException': 40> (0x00000000ed40f1f8) thrown at [/build/java8-openjdk/src/jdk8u-jdk8u92-b14/hotspot/src/share/vm/interpreter/interpreterRuntime.cpp, line 366]

Events (10 events):
Event: 7.889 Thread 0x00007f6240165800 DEOPT UNPACKING pc=0x00007f62309ff373 sp=0x00007f621765dcc0 mode 0
Event: 7.951 Thread 0x00007f6240008800 DEOPT PACKING pc=0x00007f6230e88289 sp=0x00007f6246547890
Event: 7.951 Thread 0x00007f6240008800 DEOPT UNPACKING pc=0x00007f62309ff373 sp=0x00007f6246547670 mode 0
Event: 7.957 Thread 0x00007f6240008800 DEOPT PACKING pc=0x00007f6230e966f7 sp=0x00007f62465475c0
Event: 7.957 Thread 0x00007f6240008800 DEOPT UNPACKING pc=0x00007f62309ff373 sp=0x00007f62465473e8 mode 0
Event: 8.030 Thread 0x00007f6240008800 DEOPT PACKING pc=0x00007f6230eb629f sp=0x00007f6246547780
Event: 8.030 Thread 0x00007f6240008800 DEOPT UNPACKING pc=0x00007f62309ff373 sp=0x00007f6246547518 mode 0
Event: 8.043 Thread 0x00007f6240168000 DEOPT PACKING pc=0x00007f6230d2fd2c sp=0x00007f621745c160
Event: 8.043 Thread 0x00007f6240168000 DEOPT UNPACKING pc=0x00007f62309ff373 sp=0x00007f621745be60 mode 0
Event: 8.133 Executing VM operation: ParallelGCFailedAllocation


Dynamic libraries:
00400000-00401000 r-xp 00000000 08:03 3294483                            /usr/lib/jvm/java-8-openjdk/jre/bin/java
00600000-00601000 rw-p 00000000 08:03 3294483                            /usr/lib/jvm/java-8-openjdk/jre/bin/java
00d58000-00d79000 rw-p 00000000 00:00 0                                  [heap]
c0000000-c5300000 rw-p 00000000 00:00 0 
c5300000-eab00000 ---p 00000000 00:00 0 
eab00000-f3100000 rw-p 00000000 00:00 0 
fd300000-100000000 ---p 00000000 00:00 0 
100000000-1000a0000 rw-p 00000000 00:00 0 
1000a0000-140000000 ---p 00000000 00:00 0 
7f61dc000000-7f61dc025000 rw-p 00000000 00:00 0 
7f61dc025000-7f61e0000000 ---p 00000000 00:00 0 
7f61e4000000-7f61e4021000 rw-p 00000000 00:00 0 
7f61e4021000-7f61e8000000 ---p 00000000 00:00 0 
7f61e8000000-7f61e8021000 rw-p 00000000 00:00 0 
7f61e8021000-7f61ec000000 ---p 00000000 00:00 0 
7f61ec000000-7f61ec021000 rw-p 00000000 00:00 0 
7f61ec021000-7f61f0000000 ---p 00000000 00:00 0 
7f61f0000000-7f61f0021000 rw-p 00000000 00:00 0 
7f61f0021000-7f61f4000000 ---p 00000000 00:00 0 
7f61f4000000-7f61f4021000 rw-p 00000000 00:00 0 
7f61f4021000-7f61f8000000 ---p 00000000 00:00 0 
7f61f8000000-7f61f8021000 rw-p 00000000 00:00 0 
7f61f8021000-7f61fc000000 ---p 00000000 00:00 0 
7f61fc000000-7f61fc99b000 rw-p 00000000 00:00 0 
7f61fc99b000-7f6200000000 ---p 00000000 00:00 0 
7f6200000000-7f6200a0a000 rw-p 00000000 00:00 0 
7f6200a0a000-7f6204000000 ---p 00000000 00:00 0 
7f6204000000-7f6204021000 rw-p 00000000 00:00 0 
7f6204021000-7f6208000000 ---p 00000000 00:00 0 
7f6208000000-7f620873e000 rw-p 00000000 00:00 0 
7f620873e000-7f620c000000 ---p 00000000 00:00 0 
7f620c000000-7f620c021000 rw-p 00000000 00:00 0 
7f620c021000-7f6210000000 ---p 00000000 00:00 0 
7f6210000000-7f6210021000 rw-p 00000000 00:00 0 
7f6210021000-7f6214000000 ---p 00000000 00:00 0 
7f621735d000-7f6217360000 ---p 00000000 00:00 0 
7f6217360000-7f621745e000 rw-p 00000000 00:00 0 
7f621745e000-7f6217461000 ---p 00000000 00:00 0 
7f6217461000-7f621755f000 rw-p 00000000 00:00 0 
7f621755f000-7f6217562000 ---p 00000000 00:00 0 
7f6217562000-7f6217660000 rw-p 00000000 00:00 0 
7f6217660000-7f6217663000 ---p 00000000 00:00 0 
7f6217663000-7f6217761000 rw-p 00000000 00:00 0 
7f6217761000-7f6217764000 ---p 00000000 00:00 0 
7f6217764000-7f6217862000 rw-p 00000000 00:00 0 
7f6217862000-7f6217863000 ---p 00000000 00:00 0 
7f6217863000-7f6217963000 rw-p 00000000 00:00 0 
7f6217963000-7f6217966000 ---p 00000000 00:00 0 
7f6217966000-7f6217a64000 rw-p 00000000 00:00 0 
7f6217a64000-7f6217a67000 ---p 00000000 00:00 0 
7f6217a67000-7f6217b65000 rw-p 00000000 00:00 0 
7f6217b65000-7f6217b68000 ---p 00000000 00:00 0 
7f6217b68000-7f6217c66000 rw-p 00000000 00:00 0 
7f6217c66000-7f6217c69000 ---p 00000000 00:00 0 
7f6217c69000-7f6217d67000 rw-p 00000000 00:00 0 
7f6217d67000-7f6217d6a000 ---p 00000000 00:00 0 
7f6217d6a000-7f6217e68000 rw-p 00000000 00:00 0 
7f6217e68000-7f6218000000 r--p 00000000 08:03 3182868                    /usr/lib/locale/locale-archive
7f6218000000-7f6218021000 rw-p 00000000 00:00 0 
7f6218021000-7f621c000000 ---p 00000000 00:00 0 
7f621c000000-7f621c031000 rw-p 00000000 00:00 0 
7f621c031000-7f6220000000 ---p 00000000 00:00 0 
7f6220000000-7f6220021000 rw-p 00000000 00:00 0 
7f6220021000-7f6224000000 ---p 00000000 00:00 0 
7f6224000000-7f6224021000 rw-p 00000000 00:00 0 
7f6224021000-7f6228000000 ---p 00000000 00:00 0 
7f6228000000-7f6228021000 rw-p 00000000 00:00 0 
7f6228021000-7f622c000000 ---p 00000000 00:00 0 
7f622c064000-7f622c08a000 r--p 00000000 08:03 3147835                    /usr/share/locale/es/LC_MESSAGES/libc.mo
7f622c08a000-7f622c099000 r--s 000df000 08:03 7079310                    /home/lifka/Android/Sdk/build-tools/23.0.2/lib/dx.jar
7f622c099000-7f622c09c000 ---p 00000000 00:00 0 
7f622c09c000-7f622c19a000 rw-p 00000000 00:00 0 
7f622c19a000-7f622c19d000 ---p 00000000 00:00 0 
7f622c19d000-7f622c29b000 rw-p 00000000 00:00 0 
7f622c29b000-7f622c29c000 ---p 00000000 00:00 0 
7f622c29c000-7f622d35b000 rw-p 00000000 00:00 0 
7f622d35b000-7f622d528000 r--s 03bec000 08:03 3286197                    /usr/lib/jvm/java-8-openjdk/jre/lib/rt.jar
7f622d528000-7f622dc1e000 rw-p 00000000 00:00 0 
7f622dc1e000-7f622dd9e000 ---p 00000000 00:00 0 
7f622dd9e000-7f622ff9e000 rw-p 00000000 00:00 0 
7f622ff9e000-7f622ff9f000 ---p 00000000 00:00 0 
7f622ff9f000-7f623009f000 rw-p 00000000 00:00 0 
7f623009f000-7f62300a0000 ---p 00000000 00:00 0 
7f62300a0000-7f62301a0000 rw-p 00000000 00:00 0 
7f62301a0000-7f62301a1000 ---p 00000000 00:00 0 
7f62301a1000-7f62302cb000 rw-p 00000000 00:00 0 
7f62302cb000-7f62303f7000 ---p 00000000 00:00 0 
7f62303f7000-7f6230421000 rw-p 00000000 00:00 0 
7f6230421000-7f623054c000 ---p 00000000 00:00 0 
7f623054c000-7f6230590000 rw-p 00000000 00:00 0 
7f6230590000-7f62305f7000 ---p 00000000 00:00 0 
7f62305f7000-7f6230612000 rw-p 00000000 00:00 0 
7f6230612000-7f62309b8000 ---p 00000000 00:00 0 
7f62309b8000-7f6231028000 rwxp 00000000 00:00 0 
7f6231028000-7f623f9b8000 ---p 00000000 00:00 0 
7f623f9b8000-7f623f9c0000 r-xp 00000000 08:03 3286437                    /usr/lib/jvm/java-8-openjdk/jre/lib/amd64/libzip.so
7f623f9c0000-7f623fbbf000 ---p 00008000 08:03 3286437                    /usr/lib/jvm/java-8-openjdk/jre/lib/amd64/libzip.so
7f623fbbf000-7f623fbc0000 rw-p 00007000 08:03 3286437                    /usr/lib/jvm/java-8-openjdk/jre/lib/amd64/libzip.so
7f623fbc0000-7f623fbcb000 r-xp 00000000 08:03 3148989                    /usr/lib/libnss_files-2.23.so
7f623fbcb000-7f623fdca000 ---p 0000b000 08:03 3148989                    /usr/lib/libnss_files-2.23.so
7f623fdca000-7f623fdcb000 r--p 0000a000 08:03 3148989                    /usr/lib/libnss_files-2.23.so
7f623fdcb000-7f623fdcc000 rw-p 0000b000 08:03 3148989                    /usr/lib/libnss_files-2.23.so
7f623fdcc000-7f623fdd2000 rw-p 00000000 00:00 0 
7f623fdd2000-7f623fdfe000 r-xp 00000000 08:03 3286436                    /usr/lib/jvm/java-8-openjdk/jre/lib/amd64/libjava.so
7f623fdfe000-7f623fffe000 ---p 0002c000 08:03 3286436                    /usr/lib/jvm/java-8-openjdk/jre/lib/amd64/libjava.so
7f623fffe000-7f6240000000 rw-p 0002c000 08:03 3286436                    /usr/lib/jvm/java-8-openjdk/jre/lib/amd64/libjava.so
7f6240000000-7f62401a9000 rw-p 00000000 00:00 0 
7f62401a9000-7f6244000000 ---p 00000000 00:00 0 
7f6244002000-7f624400c000 r--s 0008b000 08:03 11144587                   /home/lifka/Workspace/githubProjects/Servicio-reserva-en-farmacias/Android/SisFarmaApp/app/build/intermediates/exploded-aar/com.android.support/appcompat-v7/23.3.0/jars/classes.jar
7f624400c000-7f624401a000 r--s 00193000 08:03 3289265                    /usr/lib/jvm/java-8-openjdk/jre/lib/ext/j3dutils.jar
7f624401a000-7f624401b000 ---p 00000000 00:00 0 
7f624401b000-7f624411b000 rw-p 00000000 00:00 0 
7f624411b000-7f6244128000 r-xp 00000000 08:03 3286425                    /usr/lib/jvm/java-8-openjdk/jre/lib/amd64/libverify.so
7f6244128000-7f6244327000 ---p 0000d000 08:03 3286425                    /usr/lib/jvm/java-8-openjdk/jre/lib/amd64/libverify.so
7f6244327000-7f6244329000 rw-p 0000c000 08:03 3286425                    /usr/lib/jvm/java-8-openjdk/jre/lib/amd64/libverify.so
7f6244329000-7f6244330000 r-xp 00000000 08:03 3148997                    /usr/lib/librt-2.23.so
7f6244330000-7f624452f000 ---p 00007000 08:03 3148997                    /usr/lib/librt-2.23.so
7f624452f000-7f6244530000 r--p 00006000 08:03 3148997                    /usr/lib/librt-2.23.so
7f6244530000-7f6244531000 rw-p 00007000 08:03 3148997                    /usr/lib/librt-2.23.so
7f6244531000-7f6244634000 r-xp 00000000 08:03 3148994                    /usr/lib/libm-2.23.so
7f6244634000-7f6244834000 ---p 00103000 08:03 3148994                    /usr/lib/libm-2.23.so
7f6244834000-7f6244835000 r--p 00103000 08:03 3148994                    /usr/lib/libm-2.23.so
7f6244835000-7f6244836000 rw-p 00104000 08:03 3148994                    /usr/lib/libm-2.23.so
7f6244836000-7f624548b000 r-xp 00000000 08:03 3294474                    /usr/lib/jvm/java-8-openjdk/jre/lib/amd64/server/libjvm.so
7f624548b000-7f624568b000 ---p 00c55000 08:03 3294474                    /usr/lib/jvm/java-8-openjdk/jre/lib/amd64/server/libjvm.so
7f624568b000-7f6245747000 rw-p 00c55000 08:03 3294474                    /usr/lib/jvm/java-8-openjdk/jre/lib/amd64/server/libjvm.so
7f6245747000-7f6245777000 rw-p 00000000 00:00 0 
7f6245777000-7f624590f000 r-xp 00000000 08:03 3148927                    /usr/lib/libc-2.23.so
7f624590f000-7f6245b0e000 ---p 00198000 08:03 3148927                    /usr/lib/libc-2.23.so
7f6245b0e000-7f6245b12000 r--p 00197000 08:03 3148927                    /usr/lib/libc-2.23.so
7f6245b12000-7f6245b14000 rw-p 0019b000 08:03 3148927                    /usr/lib/libc-2.23.so
7f6245b14000-7f6245b18000 rw-p 00000000 00:00 0 
7f6245b18000-7f6245b1a000 r-xp 00000000 08:03 3148993                    /usr/lib/libdl-2.23.so
7f6245b1a000-7f6245d1a000 ---p 00002000 08:03 3148993                    /usr/lib/libdl-2.23.so
7f6245d1a000-7f6245d1b000 r--p 00002000 08:03 3148993                    /usr/lib/libdl-2.23.so
7f6245d1b000-7f6245d1c000 rw-p 00003000 08:03 3148993                    /usr/lib/libdl-2.23.so
7f6245d1c000-7f6245d29000 r-xp 00000000 08:03 3294471                    /usr/lib/jvm/java-8-openjdk/jre/lib/amd64/jli/libjli.so
7f6245d29000-7f6245f28000 ---p 0000d000 08:03 3294471                    /usr/lib/jvm/java-8-openjdk/jre/lib/amd64/jli/libjli.so
7f6245f28000-7f6245f29000 rw-p 0000c000 08:03 3294471                    /usr/lib/jvm/java-8-openjdk/jre/lib/amd64/jli/libjli.so
7f6245f29000-7f6245f3e000 r-xp 00000000 08:03 3152232                    /usr/lib/libz.so.1.2.8
7f6245f3e000-7f624613d000 ---p 00015000 08:03 3152232                    /usr/lib/libz.so.1.2.8
7f624613d000-7f624613e000 r--p 00014000 08:03 3152232                    /usr/lib/libz.so.1.2.8
7f624613e000-7f624613f000 rw-p 00015000 08:03 3152232                    /usr/lib/libz.so.1.2.8
7f624613f000-7f6246157000 r-xp 00000000 08:03 3148904                    /usr/lib/libpthread-2.23.so
7f6246157000-7f6246356000 ---p 00018000 08:03 3148904                    /usr/lib/libpthread-2.23.so
7f6246356000-7f6246357000 r--p 00017000 08:03 3148904                    /usr/lib/libpthread-2.23.so
7f6246357000-7f6246358000 rw-p 00018000 08:03 3148904                    /usr/lib/libpthread-2.23.so
7f6246358000-7f624635c000 rw-p 00000000 00:00 0 
7f624635c000-7f624637f000 r-xp 00000000 08:03 3148926                    /usr/lib/ld-2.23.so
7f6246384000-7f6246449000 rw-p 00000000 00:00 0 
7f6246449000-7f624644c000 ---p 00000000 00:00 0 
7f624644c000-7f624654e000 rw-p 00000000 00:00 0 
7f6246552000-7f6246554000 r--s 0004c000 08:03 3289264                    /usr/lib/jvm/java-8-openjdk/jre/lib/ext/vecmath.jar
7f6246554000-7f6246560000 r--s 002c7000 08:03 3289266                    /usr/lib/jvm/java-8-openjdk/jre/lib/ext/j3dcore.jar
7f6246560000-7f6246574000 rw-p 00000000 00:00 0 
7f6246574000-7f624657c000 rw-s 00000000 00:21 1793335                    /tmp/hsperfdata_lifka/28134
7f624657c000-7f624657d000 rw-p 00000000 00:00 0 
7f624657d000-7f624657e000 ---p 00000000 00:00 0 
7f624657e000-7f624657f000 rw-p 00000000 00:00 0 
7f624657f000-7f6246580000 r--p 00023000 08:03 3148926                    /usr/lib/ld-2.23.so
7f6246580000-7f6246581000 rw-p 00024000 08:03 3148926                    /usr/lib/ld-2.23.so
7f6246581000-7f6246582000 rw-p 00000000 00:00 0 
7ffefeec5000-7ffefeee6000 rw-p 00000000 00:00 0                          [stack]
7ffefefc4000-7ffefefc7000 r--p 00000000 00:00 0                          [vvar]
7ffefefc7000-7ffefefc9000 r-xp 00000000 00:00 0                          [vdso]
ffffffffff600000-ffffffffff601000 r-xp 00000000 00:00 0                  [vsyscall]

VM Arguments:
jvm_args: -Djava.awt.headless=true -Xmx1024M -Dfile.encoding=UTF-8 -Duser.country=ES -Duser.language=es -Duser.variant 
java_command: com.android.dx.command.Main --dex --force-jumbo --num-threads=4 --multi-dex --output /home/lifka/Workspace/githubProjects/Servicio-reserva-en-farmacias/Android/SisFarmaApp/app/build/intermediates/transforms/dex/debug/folders/1000/10/com.android.support-appcompat-v7-23.3.0_bb6be1bdcda295375449bb8069525c1f58952549 /home/lifka/Workspace/githubProjects/Servicio-reserva-en-farmacias/Android/SisFarmaApp/app/build/intermediates/exploded-aar/com.android.support/appcompat-v7/23.3.0/jars/classes.jar
java_class_path (initial): /home/lifka/Android/Sdk/build-tools/23.0.2/lib/dx.jar
Launcher Type: SUN_STANDARD

Environment Variables:
PATH=/usr/local/sbin:/usr/local/bin:/usr/bin:/opt/android-sdk/tools:/usr/lib/jvm/default/bin:/usr/bin/site_perl:/usr/bin/vendor_perl:/usr/bin/core_perl
USERNAME=lifka
LD_LIBRARY_PATH=/opt/android-studio/bin:
SHELL=/bin/bash
DISPLAY=:0

Signal Handlers:
SIGSEGV: [libjvm.so+0xa5a220], sa_mask[0]=11111111011111111101111111111110, sa_flags=SA_RESTART|SA_SIGINFO
SIGBUS: [libjvm.so+0xa5a220], sa_mask[0]=11111111011111111101111111111110, sa_flags=SA_RESTART|SA_SIGINFO
SIGFPE: [libjvm.so+0x8a5a90], sa_mask[0]=11111111011111111101111111111110, sa_flags=SA_RESTART|SA_SIGINFO
SIGPIPE: [libjvm.so+0x8a5a90], sa_mask[0]=11111111011111111101111111111110, sa_flags=SA_RESTART|SA_SIGINFO
SIGXFSZ: [libjvm.so+0x8a5a90], sa_mask[0]=11111111011111111101111111111110, sa_flags=SA_RESTART|SA_SIGINFO
SIGILL: [libjvm.so+0x8a5a90], sa_mask[0]=11111111011111111101111111111110, sa_flags=SA_RESTART|SA_SIGINFO
SIGUSR1: SIG_DFL, sa_mask[0]=00000000000000000000000000000000, sa_flags=none
SIGUSR2: [libjvm.so+0x8a5940], sa_mask[0]=00100000000000000000000000000000, sa_flags=SA_RESTART|SA_SIGINFO
SIGHUP: [libjvm.so+0x8a5e10], sa_mask[0]=11111111011111111101111111111110, sa_flags=SA_RESTART|SA_SIGINFO
SIGINT: [libjvm.so+0x8a5e10], sa_mask[0]=11111111011111111101111111111110, sa_flags=SA_RESTART|SA_SIGINFO
SIGTERM: [libjvm.so+0x8a5e10], sa_mask[0]=11111111011111111101111111111110, sa_flags=SA_RESTART|SA_SIGINFO
SIGQUIT: [libjvm.so+0x8a5e10], sa_mask[0]=11111111011111111101111111111110, sa_flags=SA_RESTART|SA_SIGINFO


---------------  S Y S T E M  ---------------

OS:NAME="Arch Linux"
ID=arch
PRETTY_NAME="Arch Linux"
ANSI_COLOR="0;36"
HOME_URL="https://www.archlinux.org/"
SUPPORT_URL="https://bbs.archlinux.org/"
BUG_REPORT_URL="https://bugs.archlinux.org/"


uname:Linux 4.5.1-1-ARCH #1 SMP PREEMPT Thu Apr 14 19:19:32 CEST 2016 x86_64
libc:glibc 2.23 NPTL 2.23 
rlimit: STACK 8192k, CORE infinity, NPROC 31439, NOFILE 4096, AS infinity
load average:13.23 26.35 16.57

/proc/meminfo:
MemTotal:        8110432 kB
MemFree:           54260 kB
MemAvailable:      58468 kB
Buffers:            2376 kB
Cached:          2057740 kB
SwapCached:         6620 kB
Active:          6561484 kB
Inactive:        1247576 kB
Active(anon):    6541716 kB
Inactive(anon):  1229672 kB
Active(file):      19768 kB
Inactive(file):    17904 kB
Unevictable:         556 kB
Mlocked:             556 kB
SwapTotal:       2097148 kB
SwapFree:              0 kB
Dirty:              1224 kB
Writeback:             0 kB
AnonPages:       5743384 kB
Mapped:           146640 kB
Shmem:           2022160 kB
Slab:              96844 kB
SReclaimable:      49520 kB
SUnreclaim:        47324 kB
KernelStack:       13264 kB
PageTables:        46896 kB
NFS_Unstable:          0 kB
Bounce:                0 kB
WritebackTmp:          0 kB
CommitLimit:     6152364 kB
Committed_AS:   14616884 kB
VmallocTotal:   34359738367 kB
VmallocUsed:           0 kB
VmallocChunk:          0 kB
HardwareCorrupted:     0 kB
AnonHugePages:   3477504 kB
HugePages_Total:       0
HugePages_Free:        0
HugePages_Rsvd:        0
HugePages_Surp:        0
Hugepagesize:       2048 kB
DirectMap4k:      196928 kB
DirectMap2M:     7073792 kB
DirectMap1G:     2097152 kB


CPU:total 4 (2 cores per cpu, 2 threads per core) family 6 model 69 stepping 1, cmov, cx8, fxsr, mmx, sse, sse2, sse3, ssse3, sse4.1, sse4.2, popcnt, avx, avx2, aes, clmul, erms, lzcnt, ht, tsc, tscinvbit, bmi1, bmi2

/proc/cpuinfo:
processor	: 0
vendor_id	: GenuineIntel
cpu family	: 6
model		: 69
model name	: Intel(R) Core(TM) i5-4210U CPU @ 1.70GHz
stepping	: 1
microcode	: 0x1d
cpu MHz		: 2400.000
cache size	: 3072 KB
physical id	: 0
siblings	: 4
core id		: 0
cpu cores	: 2
apicid		: 0
initial apicid	: 0
fpu		: yes
fpu_exception	: yes
cpuid level	: 13
wp		: yes
flags		: fpu vme de pse tsc msr pae mce cx8 apic sep mtrr pge mca cmov pat pse36 clflush dts acpi mmx fxsr sse sse2 ss ht tm pbe syscall nx pdpe1gb rdtscp lm constant_tsc arch_perfmon pebs bts rep_good nopl xtopology nonstop_tsc aperfmperf eagerfpu pni pclmulqdq dtes64 monitor ds_cpl vmx est tm2 ssse3 sdbg fma cx16 xtpr pdcm pcid sse4_1 sse4_2 movbe popcnt tsc_deadline_timer aes xsave avx f16c rdrand lahf_lm abm epb tpr_shadow vnmi flexpriority ept vpid fsgsbase tsc_adjust bmi1 avx2 smep bmi2 erms invpcid xsaveopt dtherm ida arat pln pts
bugs		:
bogomips	: 4790.40
clflush size	: 64
cache_alignment	: 64
address sizes	: 39 bits physical, 48 bits virtual
power management:

processor	: 1
vendor_id	: GenuineIntel
cpu family	: 6
model		: 69
model name	: Intel(R) Core(TM) i5-4210U CPU @ 1.70GHz
stepping	: 1
microcode	: 0x1d
cpu MHz		: 2400.000
cache size	: 3072 KB
physical id	: 0
siblings	: 4
core id		: 0
cpu cores	: 2
apicid		: 1
initial apicid	: 1
fpu		: yes
fpu_exception	: yes
cpuid level	: 13
wp		: yes
flags		: fpu vme de pse tsc msr pae mce cx8 apic sep mtrr pge mca cmov pat pse36 clflush dts acpi mmx fxsr sse sse2 ss ht tm pbe syscall nx pdpe1gb rdtscp lm constant_tsc arch_perfmon pebs bts rep_good nopl xtopology nonstop_tsc aperfmperf eagerfpu pni pclmulqdq dtes64 monitor ds_cpl vmx est tm2 ssse3 sdbg fma cx16 xtpr pdcm pcid sse4_1 sse4_2 movbe popcnt tsc_deadline_timer aes xsave avx f16c rdrand lahf_lm abm epb tpr_shadow vnmi flexpriority ept vpid fsgsbase tsc_adjust bmi1 avx2 smep bmi2 erms invpcid xsaveopt dtherm ida arat pln pts
bugs		:
bogomips	: 4790.40
clflush size	: 64
cache_alignment	: 64
address sizes	: 39 bits physical, 48 bits virtual
power management:

processor	: 2
vendor_id	: GenuineIntel
cpu family	: 6
model		: 69
model name	: Intel(R) Core(TM) i5-4210U CPU @ 1.70GHz
stepping	: 1
microcode	: 0x1d
cpu MHz		: 2399.906
cache size	: 3072 KB
physical id	: 0
siblings	: 4
core id		: 1
cpu cores	: 2
apicid		: 2
initial apicid	: 2
fpu		: yes
fpu_exception	: yes
cpuid level	: 13
wp		: yes
flags		: fpu vme de pse tsc msr pae mce cx8 apic sep mtrr pge mca cmov pat pse36 clflush dts acpi mmx fxsr sse sse2 ss ht tm pbe syscall nx pdpe1gb rdtscp lm constant_tsc arch_perfmon pebs bts rep_good nopl xtopology nonstop_tsc aperfmperf eagerfpu pni pclmulqdq dtes64 monitor ds_cpl vmx est tm2 ssse3 sdbg fma cx16 xtpr pdcm pcid sse4_1 sse4_2 movbe popcnt tsc_deadline_timer aes xsave avx f16c rdrand lahf_lm abm epb tpr_shadow vnmi flexpriority ept vpid fsgsbase tsc_adjust bmi1 avx2 smep bmi2 erms invpcid xsaveopt dtherm ida arat pln pts
bugs		:
bogomips	: 4790.40
clflush size	: 64
cache_alignment	: 64
address sizes	: 39 bits physical, 48 bits virtual
power management:

processor	: 3
vendor_id	: GenuineIntel
cpu family	: 6
model		: 69
model name	: Intel(R) Core(TM) i5-4210U CPU @ 1.70GHz
stepping	: 1
microcode	: 0x1d
cpu MHz		: 2399.906
cache size	: 3072 KB
physical id	: 0
siblings	: 4
core id		: 1
cpu cores	: 2
apicid		: 3
initial apicid	: 3
fpu		: yes
fpu_exception	: yes
cpuid level	: 13
wp		: yes
flags		: fpu vme de pse tsc msr pae mce cx8 apic sep mtrr pge mca cmov pat pse36 clflush dts acpi mmx fxsr sse sse2 ss ht tm pbe syscall nx pdpe1gb rdtscp lm constant_tsc arch_perfmon pebs bts rep_good nopl xtopology nonstop_tsc aperfmperf eagerfpu pni pclmulqdq dtes64 monitor ds_cpl vmx est tm2 ssse3 sdbg fma cx16 xtpr pdcm pcid sse4_1 sse4_2 movbe popcnt tsc_deadline_timer aes xsave avx f16c rdrand lahf_lm abm epb tpr_shadow vnmi flexpriority ept vpid fsgsbase tsc_adjust bmi1 avx2 smep bmi2 erms invpcid xsaveopt dtherm ida arat pln pts
bugs		:
bogomips	: 4790.40
clflush size	: 64
cache_alignment	: 64
address sizes	: 39 bits physical, 48 bits virtual
power management:



Memory: 4k page, physical 8110432k(53764k free), swap 2097148k(0k free)

vm_info: OpenJDK 64-Bit Server VM (25.92-b14) for linux-amd64 JRE (1.8.0_92-b14), built on Apr 24 2016 15:02:36 by "builduser" with gcc 5.3.0

time: Tue May 10 19:09:18 2016
elapsed time: 8 seconds (0d 0h 0m 8s)

